[2026-01-27T22:51:02.334+0000] {local_task_job_runner.py:120} INFO - ::group::Pre task execution logs
[2026-01-27T22:51:02.358+0000] {taskinstance.py:2076} INFO - Dependencies all met for dep_context=non-requeueable deps ti=<TaskInstance: minio_to_snowflake_banking.download_minio scheduled__2026-01-27T22:50:00+00:00 [queued]>
[2026-01-27T22:51:02.361+0000] {taskinstance.py:2076} INFO - Dependencies all met for dep_context=requeueable deps ti=<TaskInstance: minio_to_snowflake_banking.download_minio scheduled__2026-01-27T22:50:00+00:00 [queued]>
[2026-01-27T22:51:02.361+0000] {taskinstance.py:2306} INFO - Starting attempt 1 of 2
[2026-01-27T22:51:02.366+0000] {taskinstance.py:2330} INFO - Executing <Task(PythonOperator): download_minio> on 2026-01-27 22:50:00+00:00
[2026-01-27T22:51:02.372+0000] {logging_mixin.py:188} WARNING - /home/***/.local/lib/python3.12/site-packages/***/task/task_runner/standard_task_runner.py:62 DeprecationWarning: This process (pid=3332) is multi-threaded, use of fork() may lead to deadlocks in the child.
[2026-01-27T22:51:02.371+0000] {standard_task_runner.py:90} INFO - Running: ['***', 'tasks', 'run', 'minio_to_snowflake_banking', 'download_minio', 'scheduled__2026-01-27T22:50:00+00:00', '--job-id', '1130', '--raw', '--subdir', 'DAGS_FOLDER/minio_to_snowflake_dag.py', '--cfg-path', '/tmp/tmpqtrx1gcd']
[2026-01-27T22:51:02.374+0000] {standard_task_runner.py:64} INFO - Started process 3339 to run task
[2026-01-27T22:51:02.374+0000] {standard_task_runner.py:91} INFO - Job 1130: Subtask download_minio
[2026-01-27T22:51:02.405+0000] {task_command.py:426} INFO - Running <TaskInstance: minio_to_snowflake_banking.download_minio scheduled__2026-01-27T22:50:00+00:00 [running]> on host aa98137bd6c9
[2026-01-27T22:51:02.454+0000] {taskinstance.py:2648} INFO - Exporting env vars: AIRFLOW_CTX_DAG_OWNER='***' AIRFLOW_CTX_DAG_ID='minio_to_snowflake_banking' AIRFLOW_CTX_TASK_ID='download_minio' AIRFLOW_CTX_EXECUTION_DATE='2026-01-27T22:50:00+00:00' AIRFLOW_CTX_TRY_NUMBER='1' AIRFLOW_CTX_DAG_RUN_ID='scheduled__2026-01-27T22:50:00+00:00'
[2026-01-27T22:51:02.454+0000] {taskinstance.py:430} INFO - ::endgroup::
[2026-01-27T22:51:02.744+0000] {logging_mixin.py:188} INFO - Downloaded customers/date=2026-01-26/customers_215036692531.parquet -> /tmp/minio_downloads/customers_215036692531.parquet
[2026-01-27T22:51:02.749+0000] {logging_mixin.py:188} INFO - Downloaded customers/date=2026-01-26/customers_215046805845.parquet -> /tmp/minio_downloads/customers_215046805845.parquet
[2026-01-27T22:51:02.753+0000] {logging_mixin.py:188} INFO - Downloaded customers/date=2026-01-26/customers_215056955161.parquet -> /tmp/minio_downloads/customers_215056955161.parquet
[2026-01-27T22:51:02.757+0000] {logging_mixin.py:188} INFO - Downloaded customers/date=2026-01-26/customers_231527933510.parquet -> /tmp/minio_downloads/customers_231527933510.parquet
[2026-01-27T22:51:02.760+0000] {logging_mixin.py:188} INFO - Downloaded customers/date=2026-01-27/customers_155849738636.parquet -> /tmp/minio_downloads/customers_155849738636.parquet
[2026-01-27T22:51:02.764+0000] {logging_mixin.py:188} INFO - Downloaded customers/date=2026-01-27/customers_155849882767.parquet -> /tmp/minio_downloads/customers_155849882767.parquet
[2026-01-27T22:51:02.771+0000] {logging_mixin.py:188} INFO - Downloaded accounts/date=2026-01-26/accounts_215036748655.parquet -> /tmp/minio_downloads/accounts_215036748655.parquet
[2026-01-27T22:51:02.776+0000] {logging_mixin.py:188} INFO - Downloaded accounts/date=2026-01-26/accounts_215042772494.parquet -> /tmp/minio_downloads/accounts_215042772494.parquet
[2026-01-27T22:51:02.779+0000] {logging_mixin.py:188} INFO - Downloaded accounts/date=2026-01-26/accounts_215052938889.parquet -> /tmp/minio_downloads/accounts_215052938889.parquet
[2026-01-27T22:51:02.782+0000] {logging_mixin.py:188} INFO - Downloaded accounts/date=2026-01-27/accounts_155849895108.parquet -> /tmp/minio_downloads/accounts_155849895108.parquet
[2026-01-27T22:51:02.785+0000] {logging_mixin.py:188} INFO - Downloaded accounts/date=2026-01-27/accounts_155850399175.parquet -> /tmp/minio_downloads/accounts_155850399175.parquet
[2026-01-27T22:51:02.789+0000] {logging_mixin.py:188} INFO - Downloaded accounts/date=2026-01-27/accounts_155900598297.parquet -> /tmp/minio_downloads/accounts_155900598297.parquet
[2026-01-27T22:51:02.801+0000] {logging_mixin.py:188} INFO - Downloaded transactions/date=2026-01-26/transactions_215036756342.parquet -> /tmp/minio_downloads/transactions_215036756342.parquet
[2026-01-27T22:51:02.807+0000] {logging_mixin.py:188} INFO - Downloaded transactions/date=2026-01-26/transactions_215038694525.parquet -> /tmp/minio_downloads/transactions_215038694525.parquet
[2026-01-27T22:51:02.812+0000] {logging_mixin.py:188} INFO - Downloaded transactions/date=2026-01-26/transactions_215040746814.parquet -> /tmp/minio_downloads/transactions_215040746814.parquet
[2026-01-27T22:51:02.817+0000] {logging_mixin.py:188} INFO - Downloaded transactions/date=2026-01-26/transactions_215042801594.parquet -> /tmp/minio_downloads/transactions_215042801594.parquet
[2026-01-27T22:51:02.820+0000] {logging_mixin.py:188} INFO - Downloaded transactions/date=2026-01-26/transactions_215044831571.parquet -> /tmp/minio_downloads/transactions_215044831571.parquet
[2026-01-27T22:51:02.823+0000] {logging_mixin.py:188} INFO - Downloaded transactions/date=2026-01-26/transactions_215046920436.parquet -> /tmp/minio_downloads/transactions_215046920436.parquet
[2026-01-27T22:51:02.826+0000] {logging_mixin.py:188} INFO - Downloaded transactions/date=2026-01-27/transactions_155850338118.parquet -> /tmp/minio_downloads/transactions_155850338118.parquet
[2026-01-27T22:51:02.829+0000] {logging_mixin.py:188} INFO - Downloaded transactions/date=2026-01-27/transactions_155850425610.parquet -> /tmp/minio_downloads/transactions_155850425610.parquet
[2026-01-27T22:51:02.832+0000] {logging_mixin.py:188} INFO - Downloaded transactions/date=2026-01-27/transactions_155850484961.parquet -> /tmp/minio_downloads/transactions_155850484961.parquet
[2026-01-27T22:51:02.834+0000] {logging_mixin.py:188} INFO - Downloaded transactions/date=2026-01-27/transactions_155850517598.parquet -> /tmp/minio_downloads/transactions_155850517598.parquet
[2026-01-27T22:51:02.837+0000] {logging_mixin.py:188} INFO - Downloaded transactions/date=2026-01-27/transactions_155850559668.parquet -> /tmp/minio_downloads/transactions_155850559668.parquet
[2026-01-27T22:51:02.839+0000] {logging_mixin.py:188} INFO - Downloaded transactions/date=2026-01-27/transactions_155900640835.parquet -> /tmp/minio_downloads/transactions_155900640835.parquet
[2026-01-27T22:51:02.840+0000] {python.py:237} INFO - Done. Returned value was: {'customers': ['/tmp/minio_downloads/customers_215036692531.parquet', '/tmp/minio_downloads/customers_215046805845.parquet', '/tmp/minio_downloads/customers_215056955161.parquet', '/tmp/minio_downloads/customers_231527933510.parquet', '/tmp/minio_downloads/customers_155849738636.parquet', '/tmp/minio_downloads/customers_155849882767.parquet'], 'accounts': ['/tmp/minio_downloads/accounts_215036748655.parquet', '/tmp/minio_downloads/accounts_215042772494.parquet', '/tmp/minio_downloads/accounts_215052938889.parquet', '/tmp/minio_downloads/accounts_155849895108.parquet', '/tmp/minio_downloads/accounts_155850399175.parquet', '/tmp/minio_downloads/accounts_155900598297.parquet'], 'transactions': ['/tmp/minio_downloads/transactions_215036756342.parquet', '/tmp/minio_downloads/transactions_215038694525.parquet', '/tmp/minio_downloads/transactions_215040746814.parquet', '/tmp/minio_downloads/transactions_215042801594.parquet', '/tmp/minio_downloads/transactions_215044831571.parquet', '/tmp/minio_downloads/transactions_215046920436.parquet', '/tmp/minio_downloads/transactions_155850338118.parquet', '/tmp/minio_downloads/transactions_155850425610.parquet', '/tmp/minio_downloads/transactions_155850484961.parquet', '/tmp/minio_downloads/transactions_155850517598.parquet', '/tmp/minio_downloads/transactions_155850559668.parquet', '/tmp/minio_downloads/transactions_155900640835.parquet']}
[2026-01-27T22:51:02.840+0000] {taskinstance.py:441} INFO - ::group::Post task execution logs
[2026-01-27T22:51:02.870+0000] {taskinstance.py:1206} INFO - Marking task as SUCCESS. dag_id=minio_to_snowflake_banking, task_id=download_minio, run_id=scheduled__2026-01-27T22:50:00+00:00, execution_date=20260127T225000, start_date=20260127T225102, end_date=20260127T225102
[2026-01-27T22:51:02.884+0000] {local_task_job_runner.py:243} INFO - Task exited with return code 0
[2026-01-27T22:51:02.908+0000] {taskinstance.py:3503} INFO - 1 downstream tasks scheduled from follow-on schedule check
[2026-01-27T22:51:02.909+0000] {local_task_job_runner.py:222} INFO - ::endgroup::
