[2026-01-27T16:12:04.418+0000] {local_task_job_runner.py:120} INFO - ::group::Pre task execution logs
[2026-01-27T16:12:04.429+0000] {taskinstance.py:2076} INFO - Dependencies all met for dep_context=non-requeueable deps ti=<TaskInstance: minio_to_snowflake_banking.load_snowflake scheduled__2026-01-27T16:11:00+00:00 [queued]>
[2026-01-27T16:12:04.432+0000] {taskinstance.py:2076} INFO - Dependencies all met for dep_context=requeueable deps ti=<TaskInstance: minio_to_snowflake_banking.load_snowflake scheduled__2026-01-27T16:11:00+00:00 [queued]>
[2026-01-27T16:12:04.432+0000] {taskinstance.py:2306} INFO - Starting attempt 1 of 2
[2026-01-27T16:12:04.435+0000] {taskinstance.py:2330} INFO - Executing <Task(PythonOperator): load_snowflake> on 2026-01-27 16:11:00+00:00
[2026-01-27T16:12:04.444+0000] {logging_mixin.py:188} WARNING - /home/***/.local/lib/python3.12/site-packages/***/task/task_runner/standard_task_runner.py:62 DeprecationWarning: This process (pid=14004) is multi-threaded, use of fork() may lead to deadlocks in the child.
[2026-01-27T16:12:04.443+0000] {standard_task_runner.py:90} INFO - Running: ['***', 'tasks', 'run', 'minio_to_snowflake_banking', 'load_snowflake', 'scheduled__2026-01-27T16:11:00+00:00', '--job-id', '406', '--raw', '--subdir', 'DAGS_FOLDER/minio_to_snowflake_dag.py', '--cfg-path', '/tmp/tmpqkiy1de_']
[2026-01-27T16:12:04.444+0000] {standard_task_runner.py:64} INFO - Started process 14016 to run task
[2026-01-27T16:12:04.444+0000] {standard_task_runner.py:91} INFO - Job 406: Subtask load_snowflake
[2026-01-27T16:12:04.467+0000] {task_command.py:426} INFO - Running <TaskInstance: minio_to_snowflake_banking.load_snowflake scheduled__2026-01-27T16:11:00+00:00 [running]> on host f7e57c740e9e
[2026-01-27T16:12:04.497+0000] {taskinstance.py:2648} INFO - Exporting env vars: AIRFLOW_CTX_DAG_OWNER='***' AIRFLOW_CTX_DAG_ID='minio_to_snowflake_banking' AIRFLOW_CTX_TASK_ID='load_snowflake' AIRFLOW_CTX_EXECUTION_DATE='2026-01-27T16:11:00+00:00' AIRFLOW_CTX_TRY_NUMBER='1' AIRFLOW_CTX_DAG_RUN_ID='scheduled__2026-01-27T16:11:00+00:00'
[2026-01-27T16:12:04.498+0000] {taskinstance.py:430} INFO - ::endgroup::
[2026-01-27T16:12:04.506+0000] {connection.py:611} INFO - Snowflake Connector for Python Version: 4.2.0, Python Version: 3.12.4, Platform: Linux-6.10.14-linuxkit-aarch64-with-glibc2.36
[2026-01-27T16:12:04.507+0000] {connection.py:1695} INFO - Connecting to GLOBAL Snowflake domain
[2026-01-27T16:12:07.750+0000] {logging_mixin.py:188} INFO - Uploaded /tmp/minio_downloads/customers_215036692531.parquet -> @customers stage
[2026-01-27T16:12:08.008+0000] {logging_mixin.py:188} INFO - Uploaded /tmp/minio_downloads/customers_215046805845.parquet -> @customers stage
[2026-01-27T16:12:08.227+0000] {logging_mixin.py:188} INFO - Uploaded /tmp/minio_downloads/customers_215056955161.parquet -> @customers stage
[2026-01-27T16:12:08.467+0000] {logging_mixin.py:188} INFO - Uploaded /tmp/minio_downloads/customers_231527933510.parquet -> @customers stage
[2026-01-27T16:12:08.933+0000] {logging_mixin.py:188} INFO - Data loaded into customers
[2026-01-27T16:12:09.118+0000] {logging_mixin.py:188} INFO - Uploaded /tmp/minio_downloads/accounts_215036748655.parquet -> @accounts stage
[2026-01-27T16:12:09.302+0000] {logging_mixin.py:188} INFO - Uploaded /tmp/minio_downloads/accounts_215042772494.parquet -> @accounts stage
[2026-01-27T16:12:09.482+0000] {logging_mixin.py:188} INFO - Uploaded /tmp/minio_downloads/accounts_215052938889.parquet -> @accounts stage
[2026-01-27T16:12:09.958+0000] {logging_mixin.py:188} INFO - Data loaded into accounts
[2026-01-27T16:12:10.133+0000] {logging_mixin.py:188} INFO - Uploaded /tmp/minio_downloads/transactions_215036756342.parquet -> @transactions stage
[2026-01-27T16:12:10.367+0000] {logging_mixin.py:188} INFO - Uploaded /tmp/minio_downloads/transactions_215038694525.parquet -> @transactions stage
[2026-01-27T16:12:10.575+0000] {logging_mixin.py:188} INFO - Uploaded /tmp/minio_downloads/transactions_215040746814.parquet -> @transactions stage
[2026-01-27T16:12:10.722+0000] {logging_mixin.py:188} INFO - Uploaded /tmp/minio_downloads/transactions_215042801594.parquet -> @transactions stage
[2026-01-27T16:12:10.900+0000] {logging_mixin.py:188} INFO - Uploaded /tmp/minio_downloads/transactions_215044831571.parquet -> @transactions stage
[2026-01-27T16:12:11.112+0000] {logging_mixin.py:188} INFO - Uploaded /tmp/minio_downloads/transactions_215046920436.parquet -> @transactions stage
[2026-01-27T16:12:11.516+0000] {logging_mixin.py:188} INFO - Data loaded into transactions
[2026-01-27T16:12:11.683+0000] {python.py:237} INFO - Done. Returned value was: None
[2026-01-27T16:12:11.684+0000] {taskinstance.py:441} INFO - ::group::Post task execution logs
[2026-01-27T16:12:11.703+0000] {taskinstance.py:1206} INFO - Marking task as SUCCESS. dag_id=minio_to_snowflake_banking, task_id=load_snowflake, run_id=scheduled__2026-01-27T16:11:00+00:00, execution_date=20260127T161100, start_date=20260127T161204, end_date=20260127T161211
[2026-01-27T16:12:11.736+0000] {local_task_job_runner.py:243} INFO - Task exited with return code 0
[2026-01-27T16:12:11.748+0000] {taskinstance.py:3503} INFO - 0 downstream tasks scheduled from follow-on schedule check
[2026-01-27T16:12:11.748+0000] {local_task_job_runner.py:222} INFO - ::endgroup::
