[2026-01-27T01:33:04.989+0000] {local_task_job_runner.py:120} INFO - ::group::Pre task execution logs
[2026-01-27T01:33:05.001+0000] {taskinstance.py:2076} INFO - Dependencies all met for dep_context=non-requeueable deps ti=<TaskInstance: minio_to_snowflake_banking.load_snowflake scheduled__2026-01-27T01:32:00+00:00 [queued]>
[2026-01-27T01:33:05.004+0000] {taskinstance.py:2076} INFO - Dependencies all met for dep_context=requeueable deps ti=<TaskInstance: minio_to_snowflake_banking.load_snowflake scheduled__2026-01-27T01:32:00+00:00 [queued]>
[2026-01-27T01:33:05.004+0000] {taskinstance.py:2306} INFO - Starting attempt 1 of 2
[2026-01-27T01:33:05.008+0000] {taskinstance.py:2330} INFO - Executing <Task(PythonOperator): load_snowflake> on 2026-01-27 01:32:00+00:00
[2026-01-27T01:33:05.013+0000] {logging_mixin.py:188} WARNING - /home/***/.local/lib/python3.12/site-packages/***/task/task_runner/standard_task_runner.py:62 DeprecationWarning: This process (pid=13364) is multi-threaded, use of fork() may lead to deadlocks in the child.
[2026-01-27T01:33:05.012+0000] {standard_task_runner.py:90} INFO - Running: ['***', 'tasks', 'run', 'minio_to_snowflake_banking', 'load_snowflake', 'scheduled__2026-01-27T01:32:00+00:00', '--job-id', '169', '--raw', '--subdir', 'DAGS_FOLDER/minio_to_snowflake_dag.py', '--cfg-path', '/tmp/tmpnrvklmx8']
[2026-01-27T01:33:05.013+0000] {standard_task_runner.py:64} INFO - Started process 13371 to run task
[2026-01-27T01:33:05.013+0000] {standard_task_runner.py:91} INFO - Job 169: Subtask load_snowflake
[2026-01-27T01:33:05.034+0000] {task_command.py:426} INFO - Running <TaskInstance: minio_to_snowflake_banking.load_snowflake scheduled__2026-01-27T01:32:00+00:00 [running]> on host bac6151482a5
[2026-01-27T01:33:05.067+0000] {taskinstance.py:2648} INFO - Exporting env vars: AIRFLOW_CTX_DAG_OWNER='***' AIRFLOW_CTX_DAG_ID='minio_to_snowflake_banking' AIRFLOW_CTX_TASK_ID='load_snowflake' AIRFLOW_CTX_EXECUTION_DATE='2026-01-27T01:32:00+00:00' AIRFLOW_CTX_TRY_NUMBER='1' AIRFLOW_CTX_DAG_RUN_ID='scheduled__2026-01-27T01:32:00+00:00'
[2026-01-27T01:33:05.068+0000] {taskinstance.py:430} INFO - ::endgroup::
[2026-01-27T01:33:05.077+0000] {connection.py:611} INFO - Snowflake Connector for Python Version: 4.2.0, Python Version: 3.12.4, Platform: Linux-6.10.14-linuxkit-aarch64-with-glibc2.36
[2026-01-27T01:33:05.078+0000] {connection.py:1695} INFO - Connecting to GLOBAL Snowflake domain
[2026-01-27T01:33:09.211+0000] {logging_mixin.py:188} INFO - Uploaded /tmp/minio_downloads/customers_144103576074.parquet -> @customers stage
[2026-01-27T01:33:09.457+0000] {logging_mixin.py:188} INFO - Uploaded /tmp/minio_downloads/customers_144227218931.parquet -> @customers stage
[2026-01-27T01:33:09.638+0000] {logging_mixin.py:188} INFO - Uploaded /tmp/minio_downloads/customers_182509845138.parquet -> @customers stage
[2026-01-27T01:33:09.803+0000] {logging_mixin.py:188} INFO - Uploaded /tmp/minio_downloads/customers_185216126542.parquet -> @customers stage
[2026-01-27T01:33:09.979+0000] {logging_mixin.py:188} INFO - Uploaded /tmp/minio_downloads/customers_192313648895.parquet -> @customers stage
[2026-01-27T01:33:10.130+0000] {logging_mixin.py:188} INFO - Uploaded /tmp/minio_downloads/customers_192324367953.parquet -> @customers stage
[2026-01-27T01:33:10.319+0000] {logging_mixin.py:188} INFO - Uploaded /tmp/minio_downloads/customers_192445544451.parquet -> @customers stage
[2026-01-27T01:33:10.493+0000] {logging_mixin.py:188} INFO - Uploaded /tmp/minio_downloads/customers_192523795761.parquet -> @customers stage
[2026-01-27T01:33:10.769+0000] {logging_mixin.py:188} INFO - Uploaded /tmp/minio_downloads/customers_192534635947.parquet -> @customers stage
[2026-01-27T01:33:10.951+0000] {logging_mixin.py:188} INFO - Uploaded /tmp/minio_downloads/customers_192544882833.parquet -> @customers stage
[2026-01-27T01:33:11.096+0000] {logging_mixin.py:188} INFO - Uploaded /tmp/minio_downloads/customers_192549039267.parquet -> @customers stage
[2026-01-27T01:33:11.321+0000] {logging_mixin.py:188} INFO - Uploaded /tmp/minio_downloads/customers_192553094440.parquet -> @customers stage
[2026-01-27T01:33:11.481+0000] {logging_mixin.py:188} INFO - Uploaded /tmp/minio_downloads/customers_192559181148.parquet -> @customers stage
[2026-01-27T01:33:11.619+0000] {logging_mixin.py:188} INFO - Uploaded /tmp/minio_downloads/customers_192609880926.parquet -> @customers stage
[2026-01-27T01:33:12.518+0000] {logging_mixin.py:188} INFO - Data loaded into customers
[2026-01-27T01:33:12.735+0000] {logging_mixin.py:188} INFO - Uploaded /tmp/minio_downloads/accounts_144103643994.parquet -> @accounts stage
[2026-01-27T01:33:12.953+0000] {logging_mixin.py:188} INFO - Uploaded /tmp/minio_downloads/accounts_144103653564.parquet -> @accounts stage
[2026-01-27T01:33:13.128+0000] {logging_mixin.py:188} INFO - Uploaded /tmp/minio_downloads/accounts_144223151465.parquet -> @accounts stage
[2026-01-27T01:33:13.281+0000] {logging_mixin.py:188} INFO - Uploaded /tmp/minio_downloads/accounts_144227246704.parquet -> @accounts stage
[2026-01-27T01:33:13.477+0000] {logging_mixin.py:188} INFO - Uploaded /tmp/minio_downloads/accounts_182505783461.parquet -> @accounts stage
[2026-01-27T01:33:13.604+0000] {logging_mixin.py:188} INFO - Uploaded /tmp/minio_downloads/accounts_182509835534.parquet -> @accounts stage
[2026-01-27T01:33:13.754+0000] {logging_mixin.py:188} INFO - Uploaded /tmp/minio_downloads/accounts_185211951102.parquet -> @accounts stage
[2026-01-27T01:33:13.915+0000] {logging_mixin.py:188} INFO - Uploaded /tmp/minio_downloads/accounts_185216176088.parquet -> @accounts stage
[2026-01-27T01:33:14.082+0000] {logging_mixin.py:188} INFO - Uploaded /tmp/minio_downloads/accounts_192310101946.parquet -> @accounts stage
[2026-01-27T01:33:14.248+0000] {logging_mixin.py:188} INFO - Uploaded /tmp/minio_downloads/accounts_192313689393.parquet -> @accounts stage
[2026-01-27T01:33:14.405+0000] {logging_mixin.py:188} INFO - Uploaded /tmp/minio_downloads/accounts_192320305010.parquet -> @accounts stage
[2026-01-27T01:33:14.532+0000] {logging_mixin.py:188} INFO - Uploaded /tmp/minio_downloads/accounts_192324395547.parquet -> @accounts stage
[2026-01-27T01:33:14.666+0000] {logging_mixin.py:188} INFO - Uploaded /tmp/minio_downloads/accounts_192441480250.parquet -> @accounts stage
[2026-01-27T01:33:14.824+0000] {logging_mixin.py:188} INFO - Uploaded /tmp/minio_downloads/accounts_192445620078.parquet -> @accounts stage
[2026-01-27T01:33:15.054+0000] {logging_mixin.py:188} INFO - Uploaded /tmp/minio_downloads/accounts_192523616219.parquet -> @accounts stage
[2026-01-27T01:33:15.216+0000] {logging_mixin.py:188} INFO - Uploaded /tmp/minio_downloads/accounts_192523997918.parquet -> @accounts stage
[2026-01-27T01:33:15.353+0000] {logging_mixin.py:188} INFO - Uploaded /tmp/minio_downloads/accounts_192524206696.parquet -> @accounts stage
[2026-01-27T01:33:15.493+0000] {logging_mixin.py:188} INFO - Uploaded /tmp/minio_downloads/accounts_192542396098.parquet -> @accounts stage
[2026-01-27T01:33:15.690+0000] {logging_mixin.py:188} INFO - Uploaded /tmp/minio_downloads/accounts_192544981225.parquet -> @accounts stage
[2026-01-27T01:33:15.834+0000] {logging_mixin.py:188} INFO - Uploaded /tmp/minio_downloads/accounts_192547032657.parquet -> @accounts stage
[2026-01-27T01:33:15.986+0000] {logging_mixin.py:188} INFO - Uploaded /tmp/minio_downloads/accounts_192549085973.parquet -> @accounts stage
[2026-01-27T01:33:16.139+0000] {logging_mixin.py:188} INFO - Uploaded /tmp/minio_downloads/accounts_192553109967.parquet -> @accounts stage
[2026-01-27T01:33:16.284+0000] {logging_mixin.py:188} INFO - Uploaded /tmp/minio_downloads/accounts_192555127526.parquet -> @accounts stage
[2026-01-27T01:33:16.471+0000] {logging_mixin.py:188} INFO - Uploaded /tmp/minio_downloads/accounts_192559220011.parquet -> @accounts stage
[2026-01-27T01:33:16.607+0000] {logging_mixin.py:188} INFO - Uploaded /tmp/minio_downloads/accounts_192605245152.parquet -> @accounts stage
[2026-01-27T01:33:16.751+0000] {logging_mixin.py:188} INFO - Uploaded /tmp/minio_downloads/accounts_192609929824.parquet -> @accounts stage
[2026-01-27T01:33:17.691+0000] {logging_mixin.py:188} INFO - Data loaded into accounts
[2026-01-27T01:33:17.865+0000] {logging_mixin.py:188} INFO - Uploaded /tmp/minio_downloads/transactions_144103762925.parquet -> @transactions stage
[2026-01-27T01:33:18.040+0000] {logging_mixin.py:188} INFO - Uploaded /tmp/minio_downloads/transactions_144103775606.parquet -> @transactions stage
[2026-01-27T01:33:18.229+0000] {logging_mixin.py:188} INFO - Uploaded /tmp/minio_downloads/transactions_144103863430.parquet -> @transactions stage
[2026-01-27T01:33:18.381+0000] {logging_mixin.py:188} INFO - Uploaded /tmp/minio_downloads/transactions_144103871284.parquet -> @transactions stage
[2026-01-27T01:33:18.542+0000] {logging_mixin.py:188} INFO - Uploaded /tmp/minio_downloads/transactions_144103881590.parquet -> @transactions stage
[2026-01-27T01:33:18.724+0000] {logging_mixin.py:188} INFO - Uploaded /tmp/minio_downloads/transactions_144219122553.parquet -> @transactions stage
[2026-01-27T01:33:18.872+0000] {logging_mixin.py:188} INFO - Uploaded /tmp/minio_downloads/transactions_144220621553.parquet -> @transactions stage
[2026-01-27T01:33:19.004+0000] {logging_mixin.py:188} INFO - Uploaded /tmp/minio_downloads/transactions_144223166901.parquet -> @transactions stage
[2026-01-27T01:33:19.325+0000] {logging_mixin.py:188} INFO - Uploaded /tmp/minio_downloads/transactions_144225187405.parquet -> @transactions stage
[2026-01-27T01:33:19.470+0000] {logging_mixin.py:188} INFO - Uploaded /tmp/minio_downloads/transactions_144227254007.parquet -> @transactions stage
[2026-01-27T01:33:19.640+0000] {logging_mixin.py:188} INFO - Uploaded /tmp/minio_downloads/transactions_182502247603.parquet -> @transactions stage
[2026-01-27T01:33:19.819+0000] {logging_mixin.py:188} INFO - Uploaded /tmp/minio_downloads/transactions_182503745994.parquet -> @transactions stage
[2026-01-27T01:33:19.960+0000] {logging_mixin.py:188} INFO - Uploaded /tmp/minio_downloads/transactions_182505806158.parquet -> @transactions stage
[2026-01-27T01:33:20.100+0000] {logging_mixin.py:188} INFO - Uploaded /tmp/minio_downloads/transactions_182507820889.parquet -> @transactions stage
[2026-01-27T01:33:20.274+0000] {logging_mixin.py:188} INFO - Uploaded /tmp/minio_downloads/transactions_182509861044.parquet -> @transactions stage
[2026-01-27T01:33:20.439+0000] {logging_mixin.py:188} INFO - Uploaded /tmp/minio_downloads/transactions_184131730922.parquet -> @transactions stage
[2026-01-27T01:33:20.582+0000] {logging_mixin.py:188} INFO - Uploaded /tmp/minio_downloads/transactions_184132267556.parquet -> @transactions stage
[2026-01-27T01:33:20.741+0000] {logging_mixin.py:188} INFO - Uploaded /tmp/minio_downloads/transactions_185212015172.parquet -> @transactions stage
[2026-01-27T01:33:21.046+0000] {logging_mixin.py:188} INFO - Uploaded /tmp/minio_downloads/transactions_185214037206.parquet -> @transactions stage
[2026-01-27T01:33:21.373+0000] {logging_mixin.py:188} INFO - Uploaded /tmp/minio_downloads/transactions_185216168765.parquet -> @transactions stage
[2026-01-27T01:33:21.690+0000] {logging_mixin.py:188} INFO - Uploaded /tmp/minio_downloads/transactions_185218181017.parquet -> @transactions stage
[2026-01-27T01:33:21.925+0000] {logging_mixin.py:188} INFO - Uploaded /tmp/minio_downloads/transactions_192308087511.parquet -> @transactions stage
[2026-01-27T01:33:22.281+0000] {logging_mixin.py:188} INFO - Uploaded /tmp/minio_downloads/transactions_192310150822.parquet -> @transactions stage
[2026-01-27T01:33:22.636+0000] {logging_mixin.py:188} INFO - Uploaded /tmp/minio_downloads/transactions_192311699324.parquet -> @transactions stage
[2026-01-27T01:33:22.989+0000] {logging_mixin.py:188} INFO - Uploaded /tmp/minio_downloads/transactions_192313715075.parquet -> @transactions stage
[2026-01-27T01:33:23.271+0000] {logging_mixin.py:188} INFO - Uploaded /tmp/minio_downloads/transactions_192315760528.parquet -> @transactions stage
[2026-01-27T01:33:23.627+0000] {logging_mixin.py:188} INFO - Uploaded /tmp/minio_downloads/transactions_192318250248.parquet -> @transactions stage
[2026-01-27T01:33:23.931+0000] {logging_mixin.py:188} INFO - Uploaded /tmp/minio_downloads/transactions_192320324724.parquet -> @transactions stage
[2026-01-27T01:33:24.182+0000] {logging_mixin.py:188} INFO - Uploaded /tmp/minio_downloads/transactions_192322346912.parquet -> @transactions stage
[2026-01-27T01:33:24.435+0000] {logging_mixin.py:188} INFO - Uploaded /tmp/minio_downloads/transactions_192324413523.parquet -> @transactions stage
[2026-01-27T01:33:24.655+0000] {logging_mixin.py:188} INFO - Uploaded /tmp/minio_downloads/transactions_192326412538.parquet -> @transactions stage
[2026-01-27T01:33:24.802+0000] {logging_mixin.py:188} INFO - Uploaded /tmp/minio_downloads/transactions_192439476775.parquet -> @transactions stage
[2026-01-27T01:33:24.959+0000] {logging_mixin.py:188} INFO - Uploaded /tmp/minio_downloads/transactions_192441504549.parquet -> @transactions stage
[2026-01-27T01:33:25.185+0000] {logging_mixin.py:188} INFO - Uploaded /tmp/minio_downloads/transactions_192443654902.parquet -> @transactions stage
[2026-01-27T01:33:25.345+0000] {logging_mixin.py:188} INFO - Uploaded /tmp/minio_downloads/transactions_192445651224.parquet -> @transactions stage
[2026-01-27T01:33:25.489+0000] {logging_mixin.py:188} INFO - Uploaded /tmp/minio_downloads/transactions_192447624664.parquet -> @transactions stage
[2026-01-27T01:33:25.612+0000] {logging_mixin.py:188} INFO - Uploaded /tmp/minio_downloads/transactions_192523638154.parquet -> @transactions stage
[2026-01-27T01:33:25.736+0000] {logging_mixin.py:188} INFO - Uploaded /tmp/minio_downloads/transactions_192523813254.parquet -> @transactions stage
[2026-01-27T01:33:25.865+0000] {logging_mixin.py:188} INFO - Uploaded /tmp/minio_downloads/transactions_192524017367.parquet -> @transactions stage
[2026-01-27T01:33:26.006+0000] {logging_mixin.py:188} INFO - Uploaded /tmp/minio_downloads/transactions_192524074016.parquet -> @transactions stage
[2026-01-27T01:33:26.142+0000] {logging_mixin.py:188} INFO - Uploaded /tmp/minio_downloads/transactions_192524221737.parquet -> @transactions stage
[2026-01-27T01:33:26.877+0000] {logging_mixin.py:188} INFO - Uploaded /tmp/minio_downloads/transactions_192524338441.parquet -> @transactions stage
[2026-01-27T01:33:27.119+0000] {logging_mixin.py:188} INFO - Uploaded /tmp/minio_downloads/transactions_192524486049.parquet -> @transactions stage
[2026-01-27T01:33:27.499+0000] {logging_mixin.py:188} INFO - Uploaded /tmp/minio_downloads/transactions_192524570165.parquet -> @transactions stage
[2026-01-27T01:33:27.668+0000] {logging_mixin.py:188} INFO - Uploaded /tmp/minio_downloads/transactions_192542431388.parquet -> @transactions stage
[2026-01-27T01:33:27.846+0000] {logging_mixin.py:188} INFO - Uploaded /tmp/minio_downloads/transactions_192542884813.parquet -> @transactions stage
[2026-01-27T01:33:27.978+0000] {logging_mixin.py:188} INFO - Uploaded /tmp/minio_downloads/transactions_192544967429.parquet -> @transactions stage
[2026-01-27T01:33:28.155+0000] {logging_mixin.py:188} INFO - Uploaded /tmp/minio_downloads/transactions_192545094208.parquet -> @transactions stage
[2026-01-27T01:33:28.338+0000] {logging_mixin.py:188} INFO - Uploaded /tmp/minio_downloads/transactions_192546998789.parquet -> @transactions stage
[2026-01-27T01:33:28.470+0000] {logging_mixin.py:188} INFO - Uploaded /tmp/minio_downloads/transactions_192547032892.parquet -> @transactions stage
[2026-01-27T01:33:28.599+0000] {logging_mixin.py:188} INFO - Uploaded /tmp/minio_downloads/transactions_192549049974.parquet -> @transactions stage
[2026-01-27T01:33:28.773+0000] {logging_mixin.py:188} INFO - Uploaded /tmp/minio_downloads/transactions_192549104917.parquet -> @transactions stage
[2026-01-27T01:33:28.918+0000] {logging_mixin.py:188} INFO - Uploaded /tmp/minio_downloads/transactions_192551086967.parquet -> @transactions stage
[2026-01-27T01:33:29.071+0000] {logging_mixin.py:188} INFO - Uploaded /tmp/minio_downloads/transactions_192551112340.parquet -> @transactions stage
[2026-01-27T01:33:29.445+0000] {logging_mixin.py:188} INFO - Uploaded /tmp/minio_downloads/transactions_192553134776.parquet -> @transactions stage
[2026-01-27T01:33:29.638+0000] {logging_mixin.py:188} INFO - Uploaded /tmp/minio_downloads/transactions_192555159678.parquet -> @transactions stage
[2026-01-27T01:33:29.817+0000] {logging_mixin.py:188} INFO - Uploaded /tmp/minio_downloads/transactions_192557269820.parquet -> @transactions stage
[2026-01-27T01:33:29.999+0000] {logging_mixin.py:188} INFO - Uploaded /tmp/minio_downloads/transactions_192559228824.parquet -> @transactions stage
[2026-01-27T01:33:30.232+0000] {logging_mixin.py:188} INFO - Uploaded /tmp/minio_downloads/transactions_192601222669.parquet -> @transactions stage
[2026-01-27T01:33:30.423+0000] {logging_mixin.py:188} INFO - Uploaded /tmp/minio_downloads/transactions_192603240304.parquet -> @transactions stage
[2026-01-27T01:33:30.745+0000] {logging_mixin.py:188} INFO - Uploaded /tmp/minio_downloads/transactions_192605279573.parquet -> @transactions stage
[2026-01-27T01:33:30.957+0000] {logging_mixin.py:188} INFO - Uploaded /tmp/minio_downloads/transactions_192607283615.parquet -> @transactions stage
[2026-01-27T01:33:31.145+0000] {logging_mixin.py:188} INFO - Uploaded /tmp/minio_downloads/transactions_192609951269.parquet -> @transactions stage
[2026-01-27T01:33:31.299+0000] {logging_mixin.py:188} INFO - Uploaded /tmp/minio_downloads/transactions_192612023806.parquet -> @transactions stage
[2026-01-27T01:33:32.678+0000] {logging_mixin.py:188} INFO - Data loaded into transactions
[2026-01-27T01:33:33.257+0000] {python.py:237} INFO - Done. Returned value was: None
[2026-01-27T01:33:33.259+0000] {taskinstance.py:441} INFO - ::group::Post task execution logs
[2026-01-27T01:33:33.300+0000] {taskinstance.py:1206} INFO - Marking task as SUCCESS. dag_id=minio_to_snowflake_banking, task_id=load_snowflake, run_id=scheduled__2026-01-27T01:32:00+00:00, execution_date=20260127T013200, start_date=20260127T013305, end_date=20260127T013333
[2026-01-27T01:33:33.369+0000] {local_task_job_runner.py:243} INFO - Task exited with return code 0
[2026-01-27T01:33:33.408+0000] {taskinstance.py:3503} INFO - 0 downstream tasks scheduled from follow-on schedule check
[2026-01-27T01:33:33.410+0000] {local_task_job_runner.py:222} INFO - ::endgroup::
