[2026-01-27T02:29:03.722+0000] {local_task_job_runner.py:120} INFO - ::group::Pre task execution logs
[2026-01-27T02:29:03.736+0000] {taskinstance.py:2076} INFO - Dependencies all met for dep_context=non-requeueable deps ti=<TaskInstance: minio_to_snowflake_banking.load_snowflake scheduled__2026-01-27T02:28:00+00:00 [queued]>
[2026-01-27T02:29:03.739+0000] {taskinstance.py:2076} INFO - Dependencies all met for dep_context=requeueable deps ti=<TaskInstance: minio_to_snowflake_banking.load_snowflake scheduled__2026-01-27T02:28:00+00:00 [queued]>
[2026-01-27T02:29:03.739+0000] {taskinstance.py:2306} INFO - Starting attempt 1 of 2
[2026-01-27T02:29:03.743+0000] {taskinstance.py:2330} INFO - Executing <Task(PythonOperator): load_snowflake> on 2026-01-27 02:28:00+00:00
[2026-01-27T02:29:03.747+0000] {logging_mixin.py:188} WARNING - /home/***/.local/lib/python3.12/site-packages/***/task/task_runner/standard_task_runner.py:62 DeprecationWarning: This process (pid=2171) is multi-threaded, use of fork() may lead to deadlocks in the child.
[2026-01-27T02:29:03.748+0000] {standard_task_runner.py:64} INFO - Started process 2178 to run task
[2026-01-27T02:29:03.746+0000] {standard_task_runner.py:90} INFO - Running: ['***', 'tasks', 'run', 'minio_to_snowflake_banking', 'load_snowflake', 'scheduled__2026-01-27T02:28:00+00:00', '--job-id', '266', '--raw', '--subdir', 'DAGS_FOLDER/minio_to_snowflake_dag.py', '--cfg-path', '/tmp/tmpx0wb99wm']
[2026-01-27T02:29:03.748+0000] {standard_task_runner.py:91} INFO - Job 266: Subtask load_snowflake
[2026-01-27T02:29:03.772+0000] {task_command.py:426} INFO - Running <TaskInstance: minio_to_snowflake_banking.load_snowflake scheduled__2026-01-27T02:28:00+00:00 [running]> on host e566996476d9
[2026-01-27T02:29:03.809+0000] {taskinstance.py:2648} INFO - Exporting env vars: AIRFLOW_CTX_DAG_OWNER='***' AIRFLOW_CTX_DAG_ID='minio_to_snowflake_banking' AIRFLOW_CTX_TASK_ID='load_snowflake' AIRFLOW_CTX_EXECUTION_DATE='2026-01-27T02:28:00+00:00' AIRFLOW_CTX_TRY_NUMBER='1' AIRFLOW_CTX_DAG_RUN_ID='scheduled__2026-01-27T02:28:00+00:00'
[2026-01-27T02:29:03.810+0000] {taskinstance.py:430} INFO - ::endgroup::
[2026-01-27T02:29:03.821+0000] {connection.py:611} INFO - Snowflake Connector for Python Version: 4.2.0, Python Version: 3.12.4, Platform: Linux-6.10.14-linuxkit-aarch64-with-glibc2.36
[2026-01-27T02:29:03.821+0000] {connection.py:1695} INFO - Connecting to GLOBAL Snowflake domain
[2026-01-27T02:29:08.201+0000] {logging_mixin.py:188} INFO - Uploaded /tmp/minio_downloads/customers_195743096976.parquet -> @customers stage
[2026-01-27T02:29:08.548+0000] {logging_mixin.py:188} INFO - Uploaded /tmp/minio_downloads/customers_195753837058.parquet -> @customers stage
[2026-01-27T02:29:08.971+0000] {logging_mixin.py:188} INFO - Data loaded into customers
[2026-01-27T02:29:09.220+0000] {logging_mixin.py:188} INFO - Uploaded /tmp/minio_downloads/accounts_195743143348.parquet -> @accounts stage
[2026-01-27T02:29:09.470+0000] {logging_mixin.py:188} INFO - Uploaded /tmp/minio_downloads/accounts_195748712467.parquet -> @accounts stage
[2026-01-27T02:29:09.669+0000] {logging_mixin.py:188} INFO - Uploaded /tmp/minio_downloads/accounts_195758854697.parquet -> @accounts stage
[2026-01-27T02:29:10.323+0000] {logging_mixin.py:188} INFO - Data loaded into accounts
[2026-01-27T02:29:10.502+0000] {logging_mixin.py:188} INFO - Uploaded /tmp/minio_downloads/transactions_195743150534.parquet -> @transactions stage
[2026-01-27T02:29:10.711+0000] {logging_mixin.py:188} INFO - Uploaded /tmp/minio_downloads/transactions_195745131628.parquet -> @transactions stage
[2026-01-27T02:29:10.908+0000] {logging_mixin.py:188} INFO - Uploaded /tmp/minio_downloads/transactions_195747184746.parquet -> @transactions stage
[2026-01-27T02:29:11.110+0000] {logging_mixin.py:188} INFO - Uploaded /tmp/minio_downloads/transactions_195748747291.parquet -> @transactions stage
[2026-01-27T02:29:11.298+0000] {logging_mixin.py:188} INFO - Uploaded /tmp/minio_downloads/transactions_195750828298.parquet -> @transactions stage
[2026-01-27T02:29:12.233+0000] {logging_mixin.py:188} INFO - Data loaded into transactions
[2026-01-27T02:29:12.405+0000] {python.py:237} INFO - Done. Returned value was: None
[2026-01-27T02:29:12.407+0000] {taskinstance.py:441} INFO - ::group::Post task execution logs
[2026-01-27T02:29:12.458+0000] {taskinstance.py:1206} INFO - Marking task as SUCCESS. dag_id=minio_to_snowflake_banking, task_id=load_snowflake, run_id=scheduled__2026-01-27T02:28:00+00:00, execution_date=20260127T022800, start_date=20260127T022903, end_date=20260127T022912
[2026-01-27T02:29:12.504+0000] {local_task_job_runner.py:243} INFO - Task exited with return code 0
[2026-01-27T02:29:12.531+0000] {taskinstance.py:3503} INFO - 0 downstream tasks scheduled from follow-on schedule check
[2026-01-27T02:29:12.533+0000] {local_task_job_runner.py:222} INFO - ::endgroup::
