[2026-01-24T23:29:07.517+0000] {manager.py:470} INFO - Processing files using up to 2 processes at a time 
[2026-01-24T23:29:07.519+0000] {manager.py:471} INFO - Process each file at most once every 30 seconds
[2026-01-24T23:29:07.519+0000] {manager.py:472} INFO - Checking for new files in /opt/airflow/dags every 300 seconds
[2026-01-24T23:29:07.520+0000] {manager.py:737} INFO - Searching for files in /opt/airflow/dags
[2026-01-24T23:29:07.523+0000] {manager.py:740} INFO - There are 0 files in /opt/airflow/dags
[2026-01-24T23:34:08.267+0000] {manager.py:737} INFO - Searching for files in /opt/airflow/dags
[2026-01-24T23:34:08.269+0000] {manager.py:740} INFO - There are 0 files in /opt/airflow/dags
[2026-01-24T23:39:08.601+0000] {manager.py:737} INFO - Searching for files in /opt/airflow/dags
[2026-01-24T23:39:08.609+0000] {manager.py:740} INFO - There are 0 files in /opt/airflow/dags
[2026-01-24T23:44:08.644+0000] {manager.py:737} INFO - Searching for files in /opt/airflow/dags
[2026-01-24T23:44:08.651+0000] {manager.py:740} INFO - There are 0 files in /opt/airflow/dags
[2026-01-24T23:49:09.264+0000] {manager.py:737} INFO - Searching for files in /opt/airflow/dags
[2026-01-24T23:49:09.269+0000] {manager.py:740} INFO - There are 0 files in /opt/airflow/dags
[2026-01-24T23:54:09.688+0000] {manager.py:737} INFO - Searching for files in /opt/airflow/dags
[2026-01-24T23:54:09.696+0000] {manager.py:740} INFO - There are 0 files in /opt/airflow/dags
[2026-01-24T23:59:10.143+0000] {manager.py:737} INFO - Searching for files in /opt/airflow/dags
[2026-01-24T23:59:10.152+0000] {manager.py:740} INFO - There are 0 files in /opt/airflow/dags
[2026-01-25T00:04:10.574+0000] {manager.py:737} INFO - Searching for files in /opt/airflow/dags
[2026-01-25T00:04:10.581+0000] {manager.py:740} INFO - There are 0 files in /opt/airflow/dags
[2026-01-25T00:09:10.910+0000] {manager.py:737} INFO - Searching for files in /opt/airflow/dags
[2026-01-25T00:09:10.918+0000] {manager.py:740} INFO - There are 0 files in /opt/airflow/dags
[2026-01-25T00:14:11.278+0000] {manager.py:737} INFO - Searching for files in /opt/airflow/dags
[2026-01-25T00:14:11.286+0000] {manager.py:740} INFO - There are 0 files in /opt/airflow/dags
[2026-01-25T00:19:11.764+0000] {manager.py:737} INFO - Searching for files in /opt/airflow/dags
[2026-01-25T00:19:11.775+0000] {manager.py:740} INFO - There are 0 files in /opt/airflow/dags
[2026-01-25T00:24:12.432+0000] {manager.py:737} INFO - Searching for files in /opt/airflow/dags
[2026-01-25T00:24:12.440+0000] {manager.py:740} INFO - There are 0 files in /opt/airflow/dags
[2026-01-25T00:29:13.117+0000] {manager.py:737} INFO - Searching for files in /opt/airflow/dags
[2026-01-25T00:29:13.125+0000] {manager.py:740} INFO - There are 0 files in /opt/airflow/dags
[2026-01-25T00:34:13.761+0000] {manager.py:737} INFO - Searching for files in /opt/airflow/dags
[2026-01-25T00:34:13.770+0000] {manager.py:740} INFO - There are 0 files in /opt/airflow/dags
[2026-01-25T00:39:14.236+0000] {manager.py:737} INFO - Searching for files in /opt/airflow/dags
[2026-01-25T00:39:14.243+0000] {manager.py:740} INFO - There are 0 files in /opt/airflow/dags
[2026-01-25T00:44:14.813+0000] {manager.py:737} INFO - Searching for files in /opt/airflow/dags
[2026-01-25T00:44:14.817+0000] {manager.py:740} INFO - There are 0 files in /opt/airflow/dags
[2026-01-25T00:49:15.347+0000] {manager.py:737} INFO - Searching for files in /opt/airflow/dags
[2026-01-25T00:49:15.355+0000] {manager.py:740} INFO - There are 0 files in /opt/airflow/dags
[2026-01-25T00:54:15.879+0000] {manager.py:737} INFO - Searching for files in /opt/airflow/dags
[2026-01-25T00:54:15.885+0000] {manager.py:740} INFO - There are 0 files in /opt/airflow/dags
[2026-01-25T00:59:16.416+0000] {manager.py:737} INFO - Searching for files in /opt/airflow/dags
[2026-01-25T00:59:16.424+0000] {manager.py:740} INFO - There are 0 files in /opt/airflow/dags
[2026-01-25T01:04:16.832+0000] {manager.py:737} INFO - Searching for files in /opt/airflow/dags
[2026-01-25T01:04:16.837+0000] {manager.py:740} INFO - There are 0 files in /opt/airflow/dags
[2026-01-25T01:09:17.337+0000] {manager.py:737} INFO - Searching for files in /opt/airflow/dags
[2026-01-25T01:09:17.344+0000] {manager.py:740} INFO - There are 0 files in /opt/airflow/dags
[2026-01-25T01:14:18.019+0000] {manager.py:737} INFO - Searching for files in /opt/airflow/dags
[2026-01-25T01:14:18.027+0000] {manager.py:740} INFO - There are 0 files in /opt/airflow/dags
[2026-01-25T01:19:18.568+0000] {manager.py:737} INFO - Searching for files in /opt/airflow/dags
[2026-01-25T01:19:18.576+0000] {manager.py:740} INFO - There are 0 files in /opt/airflow/dags
[2026-01-25T01:24:19.127+0000] {manager.py:737} INFO - Searching for files in /opt/airflow/dags
[2026-01-25T01:24:19.137+0000] {manager.py:740} INFO - There are 0 files in /opt/airflow/dags
[2026-01-25T01:29:19.728+0000] {manager.py:737} INFO - Searching for files in /opt/airflow/dags
[2026-01-25T01:29:19.735+0000] {manager.py:740} INFO - There are 0 files in /opt/airflow/dags
[2026-01-25T01:34:20.327+0000] {manager.py:737} INFO - Searching for files in /opt/airflow/dags
[2026-01-25T01:34:20.333+0000] {manager.py:740} INFO - There are 0 files in /opt/airflow/dags
[2026-01-25T01:39:20.864+0000] {manager.py:737} INFO - Searching for files in /opt/airflow/dags
[2026-01-25T01:39:20.873+0000] {manager.py:740} INFO - There are 0 files in /opt/airflow/dags
[2026-01-25T01:44:21.397+0000] {manager.py:737} INFO - Searching for files in /opt/airflow/dags
[2026-01-25T01:44:21.403+0000] {manager.py:740} INFO - There are 0 files in /opt/airflow/dags
[2026-01-25T01:49:21.886+0000] {manager.py:737} INFO - Searching for files in /opt/airflow/dags
[2026-01-25T01:49:21.894+0000] {manager.py:740} INFO - There are 0 files in /opt/airflow/dags
[2026-01-25T01:54:22.517+0000] {manager.py:737} INFO - Searching for files in /opt/airflow/dags
[2026-01-25T01:54:22.523+0000] {manager.py:740} INFO - There are 0 files in /opt/airflow/dags
[2026-01-25T01:59:22.940+0000] {manager.py:737} INFO - Searching for files in /opt/airflow/dags
[2026-01-25T01:59:22.944+0000] {manager.py:740} INFO - There are 0 files in /opt/airflow/dags
[2026-01-25T02:04:23.475+0000] {manager.py:737} INFO - Searching for files in /opt/airflow/dags
[2026-01-25T02:04:23.480+0000] {manager.py:740} INFO - There are 0 files in /opt/airflow/dags
[2026-01-25T02:09:23.910+0000] {manager.py:737} INFO - Searching for files in /opt/airflow/dags
[2026-01-25T02:09:23.920+0000] {manager.py:740} INFO - There are 0 files in /opt/airflow/dags
[2026-01-25T02:14:24.493+0000] {manager.py:737} INFO - Searching for files in /opt/airflow/dags
[2026-01-25T02:14:24.503+0000] {manager.py:740} INFO - There are 0 files in /opt/airflow/dags
[2026-01-25T02:19:25.032+0000] {manager.py:737} INFO - Searching for files in /opt/airflow/dags
[2026-01-25T02:19:25.041+0000] {manager.py:740} INFO - There are 0 files in /opt/airflow/dags
[2026-01-25T02:24:25.635+0000] {manager.py:737} INFO - Searching for files in /opt/airflow/dags
[2026-01-25T02:24:25.639+0000] {manager.py:740} INFO - There are 0 files in /opt/airflow/dags
[2026-01-25T02:29:26.245+0000] {manager.py:737} INFO - Searching for files in /opt/airflow/dags
[2026-01-25T02:29:26.252+0000] {manager.py:740} INFO - There are 0 files in /opt/airflow/dags
[2026-01-25T02:34:26.844+0000] {manager.py:737} INFO - Searching for files in /opt/airflow/dags
[2026-01-25T02:34:26.854+0000] {manager.py:740} INFO - There are 0 files in /opt/airflow/dags
[2026-01-25T02:39:27.391+0000] {manager.py:737} INFO - Searching for files in /opt/airflow/dags
[2026-01-25T02:39:27.400+0000] {manager.py:740} INFO - There are 0 files in /opt/airflow/dags
[2026-01-25T02:44:27.930+0000] {manager.py:737} INFO - Searching for files in /opt/airflow/dags
[2026-01-25T02:44:27.938+0000] {manager.py:740} INFO - There are 0 files in /opt/airflow/dags
[2026-01-25T02:49:28.460+0000] {manager.py:737} INFO - Searching for files in /opt/airflow/dags
[2026-01-25T02:49:28.468+0000] {manager.py:740} INFO - There are 0 files in /opt/airflow/dags
[2026-01-25T02:54:28.978+0000] {manager.py:737} INFO - Searching for files in /opt/airflow/dags
[2026-01-25T02:54:28.984+0000] {manager.py:740} INFO - There are 0 files in /opt/airflow/dags
[2026-01-25T02:59:29.555+0000] {manager.py:737} INFO - Searching for files in /opt/airflow/dags
[2026-01-25T02:59:29.565+0000] {manager.py:740} INFO - There are 0 files in /opt/airflow/dags
[2026-01-25T03:04:30.103+0000] {manager.py:737} INFO - Searching for files in /opt/airflow/dags
[2026-01-25T03:04:30.117+0000] {manager.py:740} INFO - There are 0 files in /opt/airflow/dags
[2026-01-25T03:09:30.635+0000] {manager.py:737} INFO - Searching for files in /opt/airflow/dags
[2026-01-25T03:09:30.641+0000] {manager.py:740} INFO - There are 0 files in /opt/airflow/dags
[2026-01-25T03:14:31.145+0000] {manager.py:737} INFO - Searching for files in /opt/airflow/dags
[2026-01-25T03:14:31.153+0000] {manager.py:740} INFO - There are 0 files in /opt/airflow/dags
[2026-01-25T03:19:31.526+0000] {manager.py:737} INFO - Searching for files in /opt/airflow/dags
[2026-01-25T03:19:31.535+0000] {manager.py:740} INFO - There are 0 files in /opt/airflow/dags
[2026-01-25T03:24:32.166+0000] {manager.py:737} INFO - Searching for files in /opt/airflow/dags
[2026-01-25T03:24:32.178+0000] {manager.py:740} INFO - There are 0 files in /opt/airflow/dags
[2026-01-25T03:29:32.531+0000] {manager.py:737} INFO - Searching for files in /opt/airflow/dags
[2026-01-25T03:29:32.542+0000] {manager.py:740} INFO - There are 0 files in /opt/airflow/dags
[2026-01-25T03:34:32.874+0000] {manager.py:737} INFO - Searching for files in /opt/airflow/dags
[2026-01-25T03:34:32.881+0000] {manager.py:740} INFO - There are 0 files in /opt/airflow/dags
[2026-01-25T03:39:33.467+0000] {manager.py:737} INFO - Searching for files in /opt/airflow/dags
[2026-01-25T03:39:33.472+0000] {manager.py:740} INFO - There are 0 files in /opt/airflow/dags
[2026-01-25T03:44:33.998+0000] {manager.py:737} INFO - Searching for files in /opt/airflow/dags
[2026-01-25T03:44:34.003+0000] {manager.py:740} INFO - There are 0 files in /opt/airflow/dags
[2026-01-25T03:49:34.567+0000] {manager.py:737} INFO - Searching for files in /opt/airflow/dags
[2026-01-25T03:49:34.575+0000] {manager.py:740} INFO - There are 0 files in /opt/airflow/dags
[2026-01-25T03:54:34.869+0000] {manager.py:737} INFO - Searching for files in /opt/airflow/dags
[2026-01-25T03:54:34.893+0000] {manager.py:740} INFO - There are 0 files in /opt/airflow/dags
[2026-01-25T03:57:47.285+0000] {manager.py:452} INFO - Exiting gracefully upon receiving signal 15
[2026-01-25T03:58:17.745+0000] {manager.py:470} INFO - Processing files using up to 2 processes at a time 
[2026-01-25T03:58:17.745+0000] {manager.py:471} INFO - Process each file at most once every 30 seconds
[2026-01-25T03:58:17.746+0000] {manager.py:472} INFO - Checking for new files in /opt/airflow/dags every 300 seconds
[2026-01-25T03:58:17.746+0000] {manager.py:737} INFO - Searching for files in /opt/airflow/dags
[2026-01-25T03:58:17.746+0000] {manager.py:740} INFO - There are 0 files in /opt/airflow/dags
[2026-01-25T04:03:18.009+0000] {manager.py:737} INFO - Searching for files in /opt/airflow/dags
[2026-01-25T04:03:18.014+0000] {manager.py:740} INFO - There are 0 files in /opt/airflow/dags
[2026-01-25T04:08:18.339+0000] {manager.py:737} INFO - Searching for files in /opt/airflow/dags
[2026-01-25T04:08:18.345+0000] {manager.py:740} INFO - There are 0 files in /opt/airflow/dags
