[2026-01-27T01:30:04.324+0000] {local_task_job_runner.py:120} INFO - ::group::Pre task execution logs
[2026-01-27T01:30:04.337+0000] {taskinstance.py:2076} INFO - Dependencies all met for dep_context=non-requeueable deps ti=<TaskInstance: minio_to_snowflake_banking.load_snowflake scheduled__2026-01-27T01:29:00+00:00 [queued]>
[2026-01-27T01:30:04.340+0000] {taskinstance.py:2076} INFO - Dependencies all met for dep_context=requeueable deps ti=<TaskInstance: minio_to_snowflake_banking.load_snowflake scheduled__2026-01-27T01:29:00+00:00 [queued]>
[2026-01-27T01:30:04.340+0000] {taskinstance.py:2306} INFO - Starting attempt 1 of 2
[2026-01-27T01:30:04.344+0000] {taskinstance.py:2330} INFO - Executing <Task(PythonOperator): load_snowflake> on 2026-01-27 01:29:00+00:00
[2026-01-27T01:30:04.347+0000] {standard_task_runner.py:90} INFO - Running: ['***', 'tasks', 'run', 'minio_to_snowflake_banking', 'load_snowflake', 'scheduled__2026-01-27T01:29:00+00:00', '--job-id', '163', '--raw', '--subdir', 'DAGS_FOLDER/minio_to_snowflake_dag.py', '--cfg-path', '/tmp/tmpnfrg6u9s']
[2026-01-27T01:30:04.349+0000] {logging_mixin.py:188} WARNING - /home/***/.local/lib/python3.12/site-packages/***/task/task_runner/standard_task_runner.py:62 DeprecationWarning: This process (pid=12332) is multi-threaded, use of fork() may lead to deadlocks in the child.
[2026-01-27T01:30:04.350+0000] {standard_task_runner.py:91} INFO - Job 163: Subtask load_snowflake
[2026-01-27T01:30:04.350+0000] {standard_task_runner.py:64} INFO - Started process 12339 to run task
[2026-01-27T01:30:04.375+0000] {task_command.py:426} INFO - Running <TaskInstance: minio_to_snowflake_banking.load_snowflake scheduled__2026-01-27T01:29:00+00:00 [running]> on host bac6151482a5
[2026-01-27T01:30:04.415+0000] {taskinstance.py:2648} INFO - Exporting env vars: AIRFLOW_CTX_DAG_OWNER='***' AIRFLOW_CTX_DAG_ID='minio_to_snowflake_banking' AIRFLOW_CTX_TASK_ID='load_snowflake' AIRFLOW_CTX_EXECUTION_DATE='2026-01-27T01:29:00+00:00' AIRFLOW_CTX_TRY_NUMBER='1' AIRFLOW_CTX_DAG_RUN_ID='scheduled__2026-01-27T01:29:00+00:00'
[2026-01-27T01:30:04.416+0000] {taskinstance.py:430} INFO - ::endgroup::
[2026-01-27T01:30:04.426+0000] {connection.py:611} INFO - Snowflake Connector for Python Version: 4.2.0, Python Version: 3.12.4, Platform: Linux-6.10.14-linuxkit-aarch64-with-glibc2.36
[2026-01-27T01:30:04.427+0000] {connection.py:1695} INFO - Connecting to GLOBAL Snowflake domain
[2026-01-27T01:30:08.950+0000] {logging_mixin.py:188} INFO - Uploaded /tmp/minio_downloads/customers_144103576074.parquet -> @customers stage
[2026-01-27T01:30:09.188+0000] {logging_mixin.py:188} INFO - Uploaded /tmp/minio_downloads/customers_144227218931.parquet -> @customers stage
[2026-01-27T01:30:09.597+0000] {logging_mixin.py:188} INFO - Uploaded /tmp/minio_downloads/customers_182509845138.parquet -> @customers stage
[2026-01-27T01:30:09.793+0000] {logging_mixin.py:188} INFO - Uploaded /tmp/minio_downloads/customers_185216126542.parquet -> @customers stage
[2026-01-27T01:30:09.957+0000] {logging_mixin.py:188} INFO - Uploaded /tmp/minio_downloads/customers_192313648895.parquet -> @customers stage
[2026-01-27T01:30:10.121+0000] {logging_mixin.py:188} INFO - Uploaded /tmp/minio_downloads/customers_192324367953.parquet -> @customers stage
[2026-01-27T01:30:10.262+0000] {logging_mixin.py:188} INFO - Uploaded /tmp/minio_downloads/customers_192445544451.parquet -> @customers stage
[2026-01-27T01:30:10.489+0000] {logging_mixin.py:188} INFO - Uploaded /tmp/minio_downloads/customers_192523795761.parquet -> @customers stage
[2026-01-27T01:30:10.660+0000] {logging_mixin.py:188} INFO - Uploaded /tmp/minio_downloads/customers_192534635947.parquet -> @customers stage
[2026-01-27T01:30:10.843+0000] {logging_mixin.py:188} INFO - Uploaded /tmp/minio_downloads/customers_192544882833.parquet -> @customers stage
[2026-01-27T01:30:11.089+0000] {logging_mixin.py:188} INFO - Uploaded /tmp/minio_downloads/customers_192549039267.parquet -> @customers stage
[2026-01-27T01:30:11.810+0000] {logging_mixin.py:188} INFO - Uploaded /tmp/minio_downloads/customers_192553094440.parquet -> @customers stage
[2026-01-27T01:30:11.988+0000] {logging_mixin.py:188} INFO - Uploaded /tmp/minio_downloads/customers_192559181148.parquet -> @customers stage
[2026-01-27T01:30:12.166+0000] {logging_mixin.py:188} INFO - Uploaded /tmp/minio_downloads/customers_192609880926.parquet -> @customers stage
[2026-01-27T01:30:12.606+0000] {logging_mixin.py:188} INFO - Data loaded into customers
[2026-01-27T01:30:12.790+0000] {logging_mixin.py:188} INFO - Uploaded /tmp/minio_downloads/accounts_144103643994.parquet -> @accounts stage
[2026-01-27T01:30:12.980+0000] {logging_mixin.py:188} INFO - Uploaded /tmp/minio_downloads/accounts_144103653564.parquet -> @accounts stage
[2026-01-27T01:30:13.197+0000] {logging_mixin.py:188} INFO - Uploaded /tmp/minio_downloads/accounts_144223151465.parquet -> @accounts stage
[2026-01-27T01:30:13.484+0000] {logging_mixin.py:188} INFO - Uploaded /tmp/minio_downloads/accounts_144227246704.parquet -> @accounts stage
[2026-01-27T01:30:13.790+0000] {logging_mixin.py:188} INFO - Uploaded /tmp/minio_downloads/accounts_182505783461.parquet -> @accounts stage
[2026-01-27T01:30:13.977+0000] {logging_mixin.py:188} INFO - Uploaded /tmp/minio_downloads/accounts_182509835534.parquet -> @accounts stage
[2026-01-27T01:30:14.130+0000] {logging_mixin.py:188} INFO - Uploaded /tmp/minio_downloads/accounts_185211951102.parquet -> @accounts stage
[2026-01-27T01:30:14.305+0000] {logging_mixin.py:188} INFO - Uploaded /tmp/minio_downloads/accounts_185216176088.parquet -> @accounts stage
[2026-01-27T01:30:14.450+0000] {logging_mixin.py:188} INFO - Uploaded /tmp/minio_downloads/accounts_192310101946.parquet -> @accounts stage
[2026-01-27T01:30:14.653+0000] {logging_mixin.py:188} INFO - Uploaded /tmp/minio_downloads/accounts_192313689393.parquet -> @accounts stage
[2026-01-27T01:30:14.858+0000] {logging_mixin.py:188} INFO - Uploaded /tmp/minio_downloads/accounts_192320305010.parquet -> @accounts stage
[2026-01-27T01:30:15.099+0000] {logging_mixin.py:188} INFO - Uploaded /tmp/minio_downloads/accounts_192324395547.parquet -> @accounts stage
[2026-01-27T01:30:15.331+0000] {logging_mixin.py:188} INFO - Uploaded /tmp/minio_downloads/accounts_192441480250.parquet -> @accounts stage
[2026-01-27T01:30:15.535+0000] {logging_mixin.py:188} INFO - Uploaded /tmp/minio_downloads/accounts_192445620078.parquet -> @accounts stage
[2026-01-27T01:30:15.687+0000] {logging_mixin.py:188} INFO - Uploaded /tmp/minio_downloads/accounts_192523616219.parquet -> @accounts stage
[2026-01-27T01:30:15.850+0000] {logging_mixin.py:188} INFO - Uploaded /tmp/minio_downloads/accounts_192523997918.parquet -> @accounts stage
[2026-01-27T01:30:16.028+0000] {logging_mixin.py:188} INFO - Uploaded /tmp/minio_downloads/accounts_192524206696.parquet -> @accounts stage
[2026-01-27T01:30:16.207+0000] {logging_mixin.py:188} INFO - Uploaded /tmp/minio_downloads/accounts_192542396098.parquet -> @accounts stage
[2026-01-27T01:30:16.376+0000] {logging_mixin.py:188} INFO - Uploaded /tmp/minio_downloads/accounts_192544981225.parquet -> @accounts stage
[2026-01-27T01:30:16.563+0000] {logging_mixin.py:188} INFO - Uploaded /tmp/minio_downloads/accounts_192547032657.parquet -> @accounts stage
[2026-01-27T01:30:16.749+0000] {logging_mixin.py:188} INFO - Uploaded /tmp/minio_downloads/accounts_192549085973.parquet -> @accounts stage
[2026-01-27T01:30:16.946+0000] {logging_mixin.py:188} INFO - Uploaded /tmp/minio_downloads/accounts_192553109967.parquet -> @accounts stage
[2026-01-27T01:30:17.117+0000] {logging_mixin.py:188} INFO - Uploaded /tmp/minio_downloads/accounts_192555127526.parquet -> @accounts stage
[2026-01-27T01:30:17.277+0000] {logging_mixin.py:188} INFO - Uploaded /tmp/minio_downloads/accounts_192559220011.parquet -> @accounts stage
[2026-01-27T01:30:17.451+0000] {logging_mixin.py:188} INFO - Uploaded /tmp/minio_downloads/accounts_192605245152.parquet -> @accounts stage
[2026-01-27T01:30:17.589+0000] {logging_mixin.py:188} INFO - Uploaded /tmp/minio_downloads/accounts_192609929824.parquet -> @accounts stage
[2026-01-27T01:30:18.117+0000] {logging_mixin.py:188} INFO - Data loaded into accounts
[2026-01-27T01:30:18.327+0000] {logging_mixin.py:188} INFO - Uploaded /tmp/minio_downloads/transactions_144103762925.parquet -> @transactions stage
[2026-01-27T01:30:18.486+0000] {logging_mixin.py:188} INFO - Uploaded /tmp/minio_downloads/transactions_144103775606.parquet -> @transactions stage
[2026-01-27T01:30:18.634+0000] {logging_mixin.py:188} INFO - Uploaded /tmp/minio_downloads/transactions_144103863430.parquet -> @transactions stage
[2026-01-27T01:30:18.854+0000] {logging_mixin.py:188} INFO - Uploaded /tmp/minio_downloads/transactions_144103871284.parquet -> @transactions stage
[2026-01-27T01:30:19.031+0000] {logging_mixin.py:188} INFO - Uploaded /tmp/minio_downloads/transactions_144103881590.parquet -> @transactions stage
[2026-01-27T01:30:19.192+0000] {logging_mixin.py:188} INFO - Uploaded /tmp/minio_downloads/transactions_144219122553.parquet -> @transactions stage
[2026-01-27T01:30:19.400+0000] {logging_mixin.py:188} INFO - Uploaded /tmp/minio_downloads/transactions_144220621553.parquet -> @transactions stage
[2026-01-27T01:30:19.554+0000] {logging_mixin.py:188} INFO - Uploaded /tmp/minio_downloads/transactions_144223166901.parquet -> @transactions stage
[2026-01-27T01:30:19.688+0000] {logging_mixin.py:188} INFO - Uploaded /tmp/minio_downloads/transactions_144225187405.parquet -> @transactions stage
[2026-01-27T01:30:19.901+0000] {logging_mixin.py:188} INFO - Uploaded /tmp/minio_downloads/transactions_144227254007.parquet -> @transactions stage
[2026-01-27T01:30:20.157+0000] {logging_mixin.py:188} INFO - Uploaded /tmp/minio_downloads/transactions_182502247603.parquet -> @transactions stage
[2026-01-27T01:30:20.304+0000] {logging_mixin.py:188} INFO - Uploaded /tmp/minio_downloads/transactions_182503745994.parquet -> @transactions stage
[2026-01-27T01:30:20.441+0000] {logging_mixin.py:188} INFO - Uploaded /tmp/minio_downloads/transactions_182505806158.parquet -> @transactions stage
[2026-01-27T01:30:20.580+0000] {logging_mixin.py:188} INFO - Uploaded /tmp/minio_downloads/transactions_182507820889.parquet -> @transactions stage
[2026-01-27T01:30:20.745+0000] {logging_mixin.py:188} INFO - Uploaded /tmp/minio_downloads/transactions_182509861044.parquet -> @transactions stage
[2026-01-27T01:30:21.071+0000] {logging_mixin.py:188} INFO - Uploaded /tmp/minio_downloads/transactions_184131730922.parquet -> @transactions stage
[2026-01-27T01:30:21.478+0000] {logging_mixin.py:188} INFO - Uploaded /tmp/minio_downloads/transactions_184132267556.parquet -> @transactions stage
[2026-01-27T01:30:21.804+0000] {logging_mixin.py:188} INFO - Uploaded /tmp/minio_downloads/transactions_185212015172.parquet -> @transactions stage
[2026-01-27T01:30:22.264+0000] {logging_mixin.py:188} INFO - Uploaded /tmp/minio_downloads/transactions_185214037206.parquet -> @transactions stage
[2026-01-27T01:30:22.626+0000] {logging_mixin.py:188} INFO - Uploaded /tmp/minio_downloads/transactions_185216168765.parquet -> @transactions stage
[2026-01-27T01:30:22.967+0000] {logging_mixin.py:188} INFO - Uploaded /tmp/minio_downloads/transactions_185218181017.parquet -> @transactions stage
[2026-01-27T01:30:23.250+0000] {logging_mixin.py:188} INFO - Uploaded /tmp/minio_downloads/transactions_192308087511.parquet -> @transactions stage
[2026-01-27T01:30:23.602+0000] {logging_mixin.py:188} INFO - Uploaded /tmp/minio_downloads/transactions_192310150822.parquet -> @transactions stage
[2026-01-27T01:30:23.906+0000] {logging_mixin.py:188} INFO - Uploaded /tmp/minio_downloads/transactions_192311699324.parquet -> @transactions stage
[2026-01-27T01:30:24.155+0000] {logging_mixin.py:188} INFO - Uploaded /tmp/minio_downloads/transactions_192313715075.parquet -> @transactions stage
[2026-01-27T01:30:24.408+0000] {logging_mixin.py:188} INFO - Uploaded /tmp/minio_downloads/transactions_192315760528.parquet -> @transactions stage
[2026-01-27T01:30:24.627+0000] {logging_mixin.py:188} INFO - Uploaded /tmp/minio_downloads/transactions_192318250248.parquet -> @transactions stage
[2026-01-27T01:30:24.770+0000] {logging_mixin.py:188} INFO - Uploaded /tmp/minio_downloads/transactions_192320324724.parquet -> @transactions stage
[2026-01-27T01:30:24.985+0000] {logging_mixin.py:188} INFO - Uploaded /tmp/minio_downloads/transactions_192322346912.parquet -> @transactions stage
[2026-01-27T01:30:25.155+0000] {logging_mixin.py:188} INFO - Uploaded /tmp/minio_downloads/transactions_192324413523.parquet -> @transactions stage
[2026-01-27T01:30:25.343+0000] {logging_mixin.py:188} INFO - Uploaded /tmp/minio_downloads/transactions_192326412538.parquet -> @transactions stage
[2026-01-27T01:30:25.525+0000] {logging_mixin.py:188} INFO - Uploaded /tmp/minio_downloads/transactions_192439476775.parquet -> @transactions stage
[2026-01-27T01:30:25.872+0000] {logging_mixin.py:188} INFO - Uploaded /tmp/minio_downloads/transactions_192441504549.parquet -> @transactions stage
[2026-01-27T01:30:26.024+0000] {logging_mixin.py:188} INFO - Uploaded /tmp/minio_downloads/transactions_192443654902.parquet -> @transactions stage
[2026-01-27T01:30:26.316+0000] {logging_mixin.py:188} INFO - Uploaded /tmp/minio_downloads/transactions_192445651224.parquet -> @transactions stage
[2026-01-27T01:30:26.503+0000] {logging_mixin.py:188} INFO - Uploaded /tmp/minio_downloads/transactions_192447624664.parquet -> @transactions stage
[2026-01-27T01:30:26.702+0000] {logging_mixin.py:188} INFO - Uploaded /tmp/minio_downloads/transactions_192523638154.parquet -> @transactions stage
[2026-01-27T01:30:26.872+0000] {logging_mixin.py:188} INFO - Uploaded /tmp/minio_downloads/transactions_192523813254.parquet -> @transactions stage
[2026-01-27T01:30:27.039+0000] {logging_mixin.py:188} INFO - Uploaded /tmp/minio_downloads/transactions_192524017367.parquet -> @transactions stage
[2026-01-27T01:30:27.209+0000] {logging_mixin.py:188} INFO - Uploaded /tmp/minio_downloads/transactions_192524074016.parquet -> @transactions stage
[2026-01-27T01:30:27.470+0000] {logging_mixin.py:188} INFO - Uploaded /tmp/minio_downloads/transactions_192524221737.parquet -> @transactions stage
[2026-01-27T01:30:27.681+0000] {logging_mixin.py:188} INFO - Uploaded /tmp/minio_downloads/transactions_192524338441.parquet -> @transactions stage
[2026-01-27T01:30:27.840+0000] {logging_mixin.py:188} INFO - Uploaded /tmp/minio_downloads/transactions_192524486049.parquet -> @transactions stage
[2026-01-27T01:30:28.008+0000] {logging_mixin.py:188} INFO - Uploaded /tmp/minio_downloads/transactions_192524570165.parquet -> @transactions stage
[2026-01-27T01:30:28.253+0000] {logging_mixin.py:188} INFO - Uploaded /tmp/minio_downloads/transactions_192542431388.parquet -> @transactions stage
[2026-01-27T01:30:28.423+0000] {logging_mixin.py:188} INFO - Uploaded /tmp/minio_downloads/transactions_192542884813.parquet -> @transactions stage
[2026-01-27T01:30:28.638+0000] {logging_mixin.py:188} INFO - Uploaded /tmp/minio_downloads/transactions_192544967429.parquet -> @transactions stage
[2026-01-27T01:30:28.790+0000] {logging_mixin.py:188} INFO - Uploaded /tmp/minio_downloads/transactions_192545094208.parquet -> @transactions stage
[2026-01-27T01:30:28.965+0000] {logging_mixin.py:188} INFO - Uploaded /tmp/minio_downloads/transactions_192546998789.parquet -> @transactions stage
[2026-01-27T01:30:29.132+0000] {logging_mixin.py:188} INFO - Uploaded /tmp/minio_downloads/transactions_192547032892.parquet -> @transactions stage
[2026-01-27T01:30:29.311+0000] {logging_mixin.py:188} INFO - Uploaded /tmp/minio_downloads/transactions_192549049974.parquet -> @transactions stage
[2026-01-27T01:30:29.517+0000] {logging_mixin.py:188} INFO - Uploaded /tmp/minio_downloads/transactions_192549104917.parquet -> @transactions stage
[2026-01-27T01:30:29.815+0000] {logging_mixin.py:188} INFO - Uploaded /tmp/minio_downloads/transactions_192551086967.parquet -> @transactions stage
[2026-01-27T01:30:29.979+0000] {logging_mixin.py:188} INFO - Uploaded /tmp/minio_downloads/transactions_192551112340.parquet -> @transactions stage
[2026-01-27T01:30:30.171+0000] {logging_mixin.py:188} INFO - Uploaded /tmp/minio_downloads/transactions_192553134776.parquet -> @transactions stage
[2026-01-27T01:30:30.360+0000] {logging_mixin.py:188} INFO - Uploaded /tmp/minio_downloads/transactions_192555159678.parquet -> @transactions stage
[2026-01-27T01:30:30.518+0000] {logging_mixin.py:188} INFO - Uploaded /tmp/minio_downloads/transactions_192557269820.parquet -> @transactions stage
[2026-01-27T01:30:30.726+0000] {logging_mixin.py:188} INFO - Uploaded /tmp/minio_downloads/transactions_192559228824.parquet -> @transactions stage
[2026-01-27T01:30:30.941+0000] {logging_mixin.py:188} INFO - Uploaded /tmp/minio_downloads/transactions_192601222669.parquet -> @transactions stage
[2026-01-27T01:30:31.167+0000] {logging_mixin.py:188} INFO - Uploaded /tmp/minio_downloads/transactions_192603240304.parquet -> @transactions stage
[2026-01-27T01:30:31.582+0000] {logging_mixin.py:188} INFO - Uploaded /tmp/minio_downloads/transactions_192605279573.parquet -> @transactions stage
[2026-01-27T01:30:31.767+0000] {logging_mixin.py:188} INFO - Uploaded /tmp/minio_downloads/transactions_192607283615.parquet -> @transactions stage
[2026-01-27T01:30:32.021+0000] {logging_mixin.py:188} INFO - Uploaded /tmp/minio_downloads/transactions_192609951269.parquet -> @transactions stage
[2026-01-27T01:30:32.182+0000] {logging_mixin.py:188} INFO - Uploaded /tmp/minio_downloads/transactions_192612023806.parquet -> @transactions stage
[2026-01-27T01:30:32.595+0000] {logging_mixin.py:188} INFO - Data loaded into transactions
[2026-01-27T01:30:32.736+0000] {python.py:237} INFO - Done. Returned value was: None
[2026-01-27T01:30:32.740+0000] {taskinstance.py:441} INFO - ::group::Post task execution logs
[2026-01-27T01:30:32.765+0000] {taskinstance.py:1206} INFO - Marking task as SUCCESS. dag_id=minio_to_snowflake_banking, task_id=load_snowflake, run_id=scheduled__2026-01-27T01:29:00+00:00, execution_date=20260127T012900, start_date=20260127T013004, end_date=20260127T013032
[2026-01-27T01:30:32.816+0000] {local_task_job_runner.py:243} INFO - Task exited with return code 0
[2026-01-27T01:30:32.842+0000] {taskinstance.py:3503} INFO - 0 downstream tasks scheduled from follow-on schedule check
[2026-01-27T01:30:32.843+0000] {local_task_job_runner.py:222} INFO - ::endgroup::
