[2026-01-27T23:42:06.833+0000] {local_task_job_runner.py:120} INFO - ::group::Pre task execution logs
[2026-01-27T23:42:06.852+0000] {taskinstance.py:2076} INFO - Dependencies all met for dep_context=non-requeueable deps ti=<TaskInstance: minio_to_snowflake_banking.load_snowflake scheduled__2026-01-27T23:41:00+00:00 [queued]>
[2026-01-27T23:42:06.856+0000] {taskinstance.py:2076} INFO - Dependencies all met for dep_context=requeueable deps ti=<TaskInstance: minio_to_snowflake_banking.load_snowflake scheduled__2026-01-27T23:41:00+00:00 [queued]>
[2026-01-27T23:42:06.856+0000] {taskinstance.py:2306} INFO - Starting attempt 1 of 2
[2026-01-27T23:42:06.864+0000] {taskinstance.py:2330} INFO - Executing <Task(PythonOperator): load_snowflake> on 2026-01-27 23:41:00+00:00
[2026-01-27T23:42:06.874+0000] {standard_task_runner.py:90} INFO - Running: ['***', 'tasks', 'run', 'minio_to_snowflake_banking', 'load_snowflake', 'scheduled__2026-01-27T23:41:00+00:00', '--job-id', '1236', '--raw', '--subdir', 'DAGS_FOLDER/minio_to_snowflake_dag.py', '--cfg-path', '/tmp/tmpk3v1gznv']
[2026-01-27T23:42:06.876+0000] {logging_mixin.py:188} WARNING - /home/***/.local/lib/python3.12/site-packages/***/task/task_runner/standard_task_runner.py:62 DeprecationWarning: This process (pid=8917) is multi-threaded, use of fork() may lead to deadlocks in the child.
[2026-01-27T23:42:06.876+0000] {standard_task_runner.py:91} INFO - Job 1236: Subtask load_snowflake
[2026-01-27T23:42:06.876+0000] {standard_task_runner.py:64} INFO - Started process 8924 to run task
[2026-01-27T23:42:06.903+0000] {task_command.py:426} INFO - Running <TaskInstance: minio_to_snowflake_banking.load_snowflake scheduled__2026-01-27T23:41:00+00:00 [running]> on host aa98137bd6c9
[2026-01-27T23:42:07.007+0000] {taskinstance.py:2648} INFO - Exporting env vars: AIRFLOW_CTX_DAG_OWNER='***' AIRFLOW_CTX_DAG_ID='minio_to_snowflake_banking' AIRFLOW_CTX_TASK_ID='load_snowflake' AIRFLOW_CTX_EXECUTION_DATE='2026-01-27T23:41:00+00:00' AIRFLOW_CTX_TRY_NUMBER='1' AIRFLOW_CTX_DAG_RUN_ID='scheduled__2026-01-27T23:41:00+00:00'
[2026-01-27T23:42:07.009+0000] {taskinstance.py:430} INFO - ::endgroup::
[2026-01-27T23:42:07.029+0000] {connection.py:611} INFO - Snowflake Connector for Python Version: 4.2.0, Python Version: 3.12.4, Platform: Linux-6.10.14-linuxkit-aarch64-with-glibc2.36
[2026-01-27T23:42:07.030+0000] {connection.py:1695} INFO - Connecting to GLOBAL Snowflake domain
[2026-01-27T23:42:10.729+0000] {logging_mixin.py:188} INFO - Uploaded /tmp/minio_downloads/customers_215036692531.parquet -> @customers stage
[2026-01-27T23:42:10.974+0000] {logging_mixin.py:188} INFO - Uploaded /tmp/minio_downloads/customers_215046805845.parquet -> @customers stage
[2026-01-27T23:42:11.196+0000] {logging_mixin.py:188} INFO - Uploaded /tmp/minio_downloads/customers_215056955161.parquet -> @customers stage
[2026-01-27T23:42:11.410+0000] {logging_mixin.py:188} INFO - Uploaded /tmp/minio_downloads/customers_231527933510.parquet -> @customers stage
[2026-01-27T23:42:11.678+0000] {logging_mixin.py:188} INFO - Uploaded /tmp/minio_downloads/customers_155849738636.parquet -> @customers stage
[2026-01-27T23:42:11.874+0000] {logging_mixin.py:188} INFO - Uploaded /tmp/minio_downloads/customers_155849882767.parquet -> @customers stage
[2026-01-27T23:42:12.080+0000] {logging_mixin.py:188} INFO - Uploaded /tmp/minio_downloads/customers_174001095142.parquet -> @customers stage
[2026-01-27T23:42:12.281+0000] {logging_mixin.py:188} INFO - Uploaded /tmp/minio_downloads/customers_174011152580.parquet -> @customers stage
[2026-01-27T23:42:12.891+0000] {logging_mixin.py:188} INFO - Data loaded into customers
[2026-01-27T23:42:13.099+0000] {logging_mixin.py:188} INFO - Uploaded /tmp/minio_downloads/accounts_215036748655.parquet -> @accounts stage
[2026-01-27T23:42:13.281+0000] {logging_mixin.py:188} INFO - Uploaded /tmp/minio_downloads/accounts_215042772494.parquet -> @accounts stage
[2026-01-27T23:42:13.496+0000] {logging_mixin.py:188} INFO - Uploaded /tmp/minio_downloads/accounts_215052938889.parquet -> @accounts stage
[2026-01-27T23:42:13.653+0000] {logging_mixin.py:188} INFO - Uploaded /tmp/minio_downloads/accounts_155849895108.parquet -> @accounts stage
[2026-01-27T23:42:13.856+0000] {logging_mixin.py:188} INFO - Uploaded /tmp/minio_downloads/accounts_155850399175.parquet -> @accounts stage
[2026-01-27T23:42:14.100+0000] {logging_mixin.py:188} INFO - Uploaded /tmp/minio_downloads/accounts_155900598297.parquet -> @accounts stage
[2026-01-27T23:42:14.301+0000] {logging_mixin.py:188} INFO - Uploaded /tmp/minio_downloads/accounts_174001243696.parquet -> @accounts stage
[2026-01-27T23:42:14.481+0000] {logging_mixin.py:188} INFO - Uploaded /tmp/minio_downloads/accounts_174006554287.parquet -> @accounts stage
[2026-01-27T23:42:14.737+0000] {logging_mixin.py:188} INFO - Uploaded /tmp/minio_downloads/accounts_174017196537.parquet -> @accounts stage
[2026-01-27T23:42:15.307+0000] {logging_mixin.py:188} INFO - Data loaded into accounts
[2026-01-27T23:42:15.712+0000] {logging_mixin.py:188} INFO - Uploaded /tmp/minio_downloads/transactions_215036756342.parquet -> @transactions stage
[2026-01-27T23:42:16.159+0000] {logging_mixin.py:188} INFO - Uploaded /tmp/minio_downloads/transactions_215038694525.parquet -> @transactions stage
[2026-01-27T23:42:16.446+0000] {logging_mixin.py:188} INFO - Uploaded /tmp/minio_downloads/transactions_215040746814.parquet -> @transactions stage
[2026-01-27T23:42:16.841+0000] {logging_mixin.py:188} INFO - Uploaded /tmp/minio_downloads/transactions_215042801594.parquet -> @transactions stage
[2026-01-27T23:42:17.196+0000] {logging_mixin.py:188} INFO - Uploaded /tmp/minio_downloads/transactions_215044831571.parquet -> @transactions stage
[2026-01-27T23:42:17.553+0000] {logging_mixin.py:188} INFO - Uploaded /tmp/minio_downloads/transactions_215046920436.parquet -> @transactions stage
[2026-01-27T23:42:18.000+0000] {logging_mixin.py:188} INFO - Uploaded /tmp/minio_downloads/transactions_155850338118.parquet -> @transactions stage
[2026-01-27T23:42:18.225+0000] {logging_mixin.py:188} INFO - Uploaded /tmp/minio_downloads/transactions_155850425610.parquet -> @transactions stage
[2026-01-27T23:42:18.465+0000] {logging_mixin.py:188} INFO - Uploaded /tmp/minio_downloads/transactions_155850484961.parquet -> @transactions stage
[2026-01-27T23:42:18.720+0000] {logging_mixin.py:188} INFO - Uploaded /tmp/minio_downloads/transactions_155850517598.parquet -> @transactions stage
[2026-01-27T23:42:18.969+0000] {logging_mixin.py:188} INFO - Uploaded /tmp/minio_downloads/transactions_155850559668.parquet -> @transactions stage
[2026-01-27T23:42:19.191+0000] {logging_mixin.py:188} INFO - Uploaded /tmp/minio_downloads/transactions_155900640835.parquet -> @transactions stage
[2026-01-27T23:42:19.368+0000] {logging_mixin.py:188} INFO - Uploaded /tmp/minio_downloads/transactions_174001255061.parquet -> @transactions stage
[2026-01-27T23:42:19.575+0000] {logging_mixin.py:188} INFO - Uploaded /tmp/minio_downloads/transactions_174003043256.parquet -> @transactions stage
[2026-01-27T23:42:19.808+0000] {logging_mixin.py:188} INFO - Uploaded /tmp/minio_downloads/transactions_174004537184.parquet -> @transactions stage
[2026-01-27T23:42:19.995+0000] {logging_mixin.py:188} INFO - Uploaded /tmp/minio_downloads/transactions_174006634556.parquet -> @transactions stage
[2026-01-27T23:42:20.186+0000] {logging_mixin.py:188} INFO - Uploaded /tmp/minio_downloads/transactions_174009125643.parquet -> @transactions stage
[2026-01-27T23:42:20.747+0000] {logging_mixin.py:188} INFO - Data loaded into transactions
[2026-01-27T23:42:20.859+0000] {python.py:237} INFO - Done. Returned value was: None
[2026-01-27T23:42:20.860+0000] {taskinstance.py:441} INFO - ::group::Post task execution logs
[2026-01-27T23:42:20.903+0000] {taskinstance.py:1206} INFO - Marking task as SUCCESS. dag_id=minio_to_snowflake_banking, task_id=load_snowflake, run_id=scheduled__2026-01-27T23:41:00+00:00, execution_date=20260127T234100, start_date=20260127T234206, end_date=20260127T234220
[2026-01-27T23:42:20.936+0000] {local_task_job_runner.py:243} INFO - Task exited with return code 0
[2026-01-27T23:42:20.950+0000] {taskinstance.py:3503} INFO - 0 downstream tasks scheduled from follow-on schedule check
[2026-01-27T23:42:20.950+0000] {local_task_job_runner.py:222} INFO - ::endgroup::
