[2026-01-27T01:49:07.749+0000] {local_task_job_runner.py:120} INFO - ::group::Pre task execution logs
[2026-01-27T01:49:07.765+0000] {taskinstance.py:2076} INFO - Dependencies all met for dep_context=non-requeueable deps ti=<TaskInstance: minio_to_snowflake_banking.load_snowflake scheduled__2026-01-27T01:48:00+00:00 [queued]>
[2026-01-27T01:49:07.769+0000] {taskinstance.py:2076} INFO - Dependencies all met for dep_context=requeueable deps ti=<TaskInstance: minio_to_snowflake_banking.load_snowflake scheduled__2026-01-27T01:48:00+00:00 [queued]>
[2026-01-27T01:49:07.769+0000] {taskinstance.py:2306} INFO - Starting attempt 1 of 2
[2026-01-27T01:49:07.774+0000] {taskinstance.py:2330} INFO - Executing <Task(PythonOperator): load_snowflake> on 2026-01-27 01:48:00+00:00
[2026-01-27T01:49:07.781+0000] {logging_mixin.py:188} WARNING - /home/***/.local/lib/python3.12/site-packages/***/task/task_runner/standard_task_runner.py:62 DeprecationWarning: This process (pid=14762) is multi-threaded, use of fork() may lead to deadlocks in the child.
[2026-01-27T01:49:07.780+0000] {standard_task_runner.py:90} INFO - Running: ['***', 'tasks', 'run', 'minio_to_snowflake_banking', 'load_snowflake', 'scheduled__2026-01-27T01:48:00+00:00', '--job-id', '182', '--raw', '--subdir', 'DAGS_FOLDER/minio_to_snowflake_dag.py', '--cfg-path', '/tmp/tmp1f3ukl3y']
[2026-01-27T01:49:07.781+0000] {standard_task_runner.py:64} INFO - Started process 14769 to run task
[2026-01-27T01:49:07.782+0000] {standard_task_runner.py:91} INFO - Job 182: Subtask load_snowflake
[2026-01-27T01:49:07.807+0000] {task_command.py:426} INFO - Running <TaskInstance: minio_to_snowflake_banking.load_snowflake scheduled__2026-01-27T01:48:00+00:00 [running]> on host bac6151482a5
[2026-01-27T01:49:07.848+0000] {taskinstance.py:2648} INFO - Exporting env vars: AIRFLOW_CTX_DAG_OWNER='***' AIRFLOW_CTX_DAG_ID='minio_to_snowflake_banking' AIRFLOW_CTX_TASK_ID='load_snowflake' AIRFLOW_CTX_EXECUTION_DATE='2026-01-27T01:48:00+00:00' AIRFLOW_CTX_TRY_NUMBER='1' AIRFLOW_CTX_DAG_RUN_ID='scheduled__2026-01-27T01:48:00+00:00'
[2026-01-27T01:49:07.848+0000] {taskinstance.py:430} INFO - ::endgroup::
[2026-01-27T01:49:07.861+0000] {connection.py:611} INFO - Snowflake Connector for Python Version: 4.2.0, Python Version: 3.12.4, Platform: Linux-6.10.14-linuxkit-aarch64-with-glibc2.36
[2026-01-27T01:49:07.861+0000] {connection.py:1695} INFO - Connecting to GLOBAL Snowflake domain
[2026-01-27T01:49:11.784+0000] {logging_mixin.py:188} INFO - Uploaded /tmp/minio_downloads/customers_194557533714.parquet -> @customers stage
[2026-01-27T01:49:11.946+0000] {logging_mixin.py:188} INFO - Uploaded /tmp/minio_downloads/customers_194607987530.parquet -> @customers stage
[2026-01-27T01:49:12.143+0000] {logging_mixin.py:188} INFO - Uploaded /tmp/minio_downloads/customers_194618085188.parquet -> @customers stage
[2026-01-27T01:49:12.525+0000] {logging_mixin.py:188} INFO - Data loaded into customers
[2026-01-27T01:49:12.721+0000] {logging_mixin.py:188} INFO - Uploaded /tmp/minio_downloads/accounts_194557581531.parquet -> @accounts stage
[2026-01-27T01:49:12.922+0000] {logging_mixin.py:188} INFO - Uploaded /tmp/minio_downloads/accounts_194603973913.parquet -> @accounts stage
[2026-01-27T01:49:13.104+0000] {logging_mixin.py:188} INFO - Uploaded /tmp/minio_downloads/accounts_194610037590.parquet -> @accounts stage
[2026-01-27T01:49:13.261+0000] {logging_mixin.py:188} INFO - Uploaded /tmp/minio_downloads/accounts_194620108412.parquet -> @accounts stage
[2026-01-27T01:49:13.736+0000] {logging_mixin.py:188} INFO - Data loaded into accounts
[2026-01-27T01:49:13.956+0000] {logging_mixin.py:188} INFO - Uploaded /tmp/minio_downloads/transactions_194557597337.parquet -> @transactions stage
[2026-01-27T01:49:14.158+0000] {logging_mixin.py:188} INFO - Uploaded /tmp/minio_downloads/transactions_194559436395.parquet -> @transactions stage
[2026-01-27T01:49:14.344+0000] {logging_mixin.py:188} INFO - Uploaded /tmp/minio_downloads/transactions_194601465199.parquet -> @transactions stage
[2026-01-27T01:49:14.497+0000] {logging_mixin.py:188} INFO - Uploaded /tmp/minio_downloads/transactions_194604005804.parquet -> @transactions stage
[2026-01-27T01:49:14.715+0000] {logging_mixin.py:188} INFO - Uploaded /tmp/minio_downloads/transactions_194606050200.parquet -> @transactions stage
[2026-01-27T01:49:14.898+0000] {logging_mixin.py:188} INFO - Uploaded /tmp/minio_downloads/transactions_194608049207.parquet -> @transactions stage
[2026-01-27T01:49:15.054+0000] {logging_mixin.py:188} INFO - Uploaded /tmp/minio_downloads/transactions_194610069144.parquet -> @transactions stage
[2026-01-27T01:49:15.784+0000] {logging_mixin.py:188} INFO - Data loaded into transactions
[2026-01-27T01:49:15.897+0000] {python.py:237} INFO - Done. Returned value was: None
[2026-01-27T01:49:15.898+0000] {taskinstance.py:441} INFO - ::group::Post task execution logs
[2026-01-27T01:49:15.920+0000] {taskinstance.py:1206} INFO - Marking task as SUCCESS. dag_id=minio_to_snowflake_banking, task_id=load_snowflake, run_id=scheduled__2026-01-27T01:48:00+00:00, execution_date=20260127T014800, start_date=20260127T014907, end_date=20260127T014915
[2026-01-27T01:49:15.982+0000] {local_task_job_runner.py:243} INFO - Task exited with return code 0
[2026-01-27T01:49:15.998+0000] {taskinstance.py:3503} INFO - 0 downstream tasks scheduled from follow-on schedule check
[2026-01-27T01:49:15.998+0000] {local_task_job_runner.py:222} INFO - ::endgroup::
