[2026-01-27T17:44:02.002+0000] {local_task_job_runner.py:120} INFO - ::group::Pre task execution logs
[2026-01-27T17:44:02.015+0000] {taskinstance.py:2076} INFO - Dependencies all met for dep_context=non-requeueable deps ti=<TaskInstance: minio_to_snowflake_banking.download_minio scheduled__2026-01-27T17:43:00+00:00 [queued]>
[2026-01-27T17:44:02.018+0000] {taskinstance.py:2076} INFO - Dependencies all met for dep_context=requeueable deps ti=<TaskInstance: minio_to_snowflake_banking.download_minio scheduled__2026-01-27T17:43:00+00:00 [queued]>
[2026-01-27T17:44:02.018+0000] {taskinstance.py:2306} INFO - Starting attempt 1 of 2
[2026-01-27T17:44:02.022+0000] {taskinstance.py:2330} INFO - Executing <Task(PythonOperator): download_minio> on 2026-01-27 17:43:00+00:00
[2026-01-27T17:44:02.029+0000] {standard_task_runner.py:90} INFO - Running: ['***', 'tasks', 'run', 'minio_to_snowflake_banking', 'download_minio', 'scheduled__2026-01-27T17:43:00+00:00', '--job-id', '589', '--raw', '--subdir', 'DAGS_FOLDER/minio_to_snowflake_dag.py', '--cfg-path', '/tmp/tmptw01dr7z']
[2026-01-27T17:44:02.035+0000] {logging_mixin.py:188} WARNING - /home/***/.local/lib/python3.12/site-packages/***/task/task_runner/standard_task_runner.py:62 DeprecationWarning: This process (pid=20634) is multi-threaded, use of fork() may lead to deadlocks in the child.
[2026-01-27T17:44:02.036+0000] {standard_task_runner.py:91} INFO - Job 589: Subtask download_minio
[2026-01-27T17:44:02.036+0000] {standard_task_runner.py:64} INFO - Started process 20641 to run task
[2026-01-27T17:44:02.063+0000] {task_command.py:426} INFO - Running <TaskInstance: minio_to_snowflake_banking.download_minio scheduled__2026-01-27T17:43:00+00:00 [running]> on host f7e57c740e9e
[2026-01-27T17:44:02.101+0000] {taskinstance.py:2648} INFO - Exporting env vars: AIRFLOW_CTX_DAG_OWNER='***' AIRFLOW_CTX_DAG_ID='minio_to_snowflake_banking' AIRFLOW_CTX_TASK_ID='download_minio' AIRFLOW_CTX_EXECUTION_DATE='2026-01-27T17:43:00+00:00' AIRFLOW_CTX_TRY_NUMBER='1' AIRFLOW_CTX_DAG_RUN_ID='scheduled__2026-01-27T17:43:00+00:00'
[2026-01-27T17:44:02.102+0000] {taskinstance.py:430} INFO - ::endgroup::
[2026-01-27T17:44:02.294+0000] {logging_mixin.py:188} INFO - Downloaded customers/date=2026-01-26/customers_215036692531.parquet -> /tmp/minio_downloads/customers_215036692531.parquet
[2026-01-27T17:44:02.297+0000] {logging_mixin.py:188} INFO - Downloaded customers/date=2026-01-26/customers_215046805845.parquet -> /tmp/minio_downloads/customers_215046805845.parquet
[2026-01-27T17:44:02.299+0000] {logging_mixin.py:188} INFO - Downloaded customers/date=2026-01-26/customers_215056955161.parquet -> /tmp/minio_downloads/customers_215056955161.parquet
[2026-01-27T17:44:02.302+0000] {logging_mixin.py:188} INFO - Downloaded customers/date=2026-01-26/customers_231527933510.parquet -> /tmp/minio_downloads/customers_231527933510.parquet
[2026-01-27T17:44:02.307+0000] {logging_mixin.py:188} INFO - Downloaded accounts/date=2026-01-26/accounts_215036748655.parquet -> /tmp/minio_downloads/accounts_215036748655.parquet
[2026-01-27T17:44:02.309+0000] {logging_mixin.py:188} INFO - Downloaded accounts/date=2026-01-26/accounts_215042772494.parquet -> /tmp/minio_downloads/accounts_215042772494.parquet
[2026-01-27T17:44:02.312+0000] {logging_mixin.py:188} INFO - Downloaded accounts/date=2026-01-26/accounts_215052938889.parquet -> /tmp/minio_downloads/accounts_215052938889.parquet
[2026-01-27T17:44:02.317+0000] {logging_mixin.py:188} INFO - Downloaded transactions/date=2026-01-26/transactions_215036756342.parquet -> /tmp/minio_downloads/transactions_215036756342.parquet
[2026-01-27T17:44:02.319+0000] {logging_mixin.py:188} INFO - Downloaded transactions/date=2026-01-26/transactions_215038694525.parquet -> /tmp/minio_downloads/transactions_215038694525.parquet
[2026-01-27T17:44:02.321+0000] {logging_mixin.py:188} INFO - Downloaded transactions/date=2026-01-26/transactions_215040746814.parquet -> /tmp/minio_downloads/transactions_215040746814.parquet
[2026-01-27T17:44:02.325+0000] {logging_mixin.py:188} INFO - Downloaded transactions/date=2026-01-26/transactions_215042801594.parquet -> /tmp/minio_downloads/transactions_215042801594.parquet
[2026-01-27T17:44:02.328+0000] {logging_mixin.py:188} INFO - Downloaded transactions/date=2026-01-26/transactions_215044831571.parquet -> /tmp/minio_downloads/transactions_215044831571.parquet
[2026-01-27T17:44:02.330+0000] {logging_mixin.py:188} INFO - Downloaded transactions/date=2026-01-26/transactions_215046920436.parquet -> /tmp/minio_downloads/transactions_215046920436.parquet
[2026-01-27T17:44:02.330+0000] {python.py:237} INFO - Done. Returned value was: {'customers': ['/tmp/minio_downloads/customers_215036692531.parquet', '/tmp/minio_downloads/customers_215046805845.parquet', '/tmp/minio_downloads/customers_215056955161.parquet', '/tmp/minio_downloads/customers_231527933510.parquet'], 'accounts': ['/tmp/minio_downloads/accounts_215036748655.parquet', '/tmp/minio_downloads/accounts_215042772494.parquet', '/tmp/minio_downloads/accounts_215052938889.parquet'], 'transactions': ['/tmp/minio_downloads/transactions_215036756342.parquet', '/tmp/minio_downloads/transactions_215038694525.parquet', '/tmp/minio_downloads/transactions_215040746814.parquet', '/tmp/minio_downloads/transactions_215042801594.parquet', '/tmp/minio_downloads/transactions_215044831571.parquet', '/tmp/minio_downloads/transactions_215046920436.parquet']}
[2026-01-27T17:44:02.331+0000] {taskinstance.py:441} INFO - ::group::Post task execution logs
[2026-01-27T17:44:02.342+0000] {taskinstance.py:1206} INFO - Marking task as SUCCESS. dag_id=minio_to_snowflake_banking, task_id=download_minio, run_id=scheduled__2026-01-27T17:43:00+00:00, execution_date=20260127T174300, start_date=20260127T174402, end_date=20260127T174402
[2026-01-27T17:44:02.387+0000] {local_task_job_runner.py:243} INFO - Task exited with return code 0
[2026-01-27T17:44:02.396+0000] {taskinstance.py:3503} INFO - 1 downstream tasks scheduled from follow-on schedule check
[2026-01-27T17:44:02.397+0000] {local_task_job_runner.py:222} INFO - ::endgroup::
