[2026-01-27T23:17:03.749+0000] {local_task_job_runner.py:120} INFO - ::group::Pre task execution logs
[2026-01-27T23:17:03.769+0000] {taskinstance.py:2076} INFO - Dependencies all met for dep_context=non-requeueable deps ti=<TaskInstance: minio_to_snowflake_banking.load_snowflake scheduled__2026-01-27T23:16:00+00:00 [queued]>
[2026-01-27T23:17:03.772+0000] {taskinstance.py:2076} INFO - Dependencies all met for dep_context=requeueable deps ti=<TaskInstance: minio_to_snowflake_banking.load_snowflake scheduled__2026-01-27T23:16:00+00:00 [queued]>
[2026-01-27T23:17:03.772+0000] {taskinstance.py:2306} INFO - Starting attempt 1 of 2
[2026-01-27T23:17:03.777+0000] {taskinstance.py:2330} INFO - Executing <Task(PythonOperator): load_snowflake> on 2026-01-27 23:16:00+00:00
[2026-01-27T23:17:03.783+0000] {logging_mixin.py:188} WARNING - /home/***/.local/lib/python3.12/site-packages/***/task/task_runner/standard_task_runner.py:62 DeprecationWarning: This process (pid=6134) is multi-threaded, use of fork() may lead to deadlocks in the child.
[2026-01-27T23:17:03.784+0000] {standard_task_runner.py:64} INFO - Started process 6141 to run task
[2026-01-27T23:17:03.783+0000] {standard_task_runner.py:90} INFO - Running: ['***', 'tasks', 'run', 'minio_to_snowflake_banking', 'load_snowflake', 'scheduled__2026-01-27T23:16:00+00:00', '--job-id', '1183', '--raw', '--subdir', 'DAGS_FOLDER/minio_to_snowflake_dag.py', '--cfg-path', '/tmp/tmpnkqttsbg']
[2026-01-27T23:17:03.786+0000] {standard_task_runner.py:91} INFO - Job 1183: Subtask load_snowflake
[2026-01-27T23:17:03.811+0000] {task_command.py:426} INFO - Running <TaskInstance: minio_to_snowflake_banking.load_snowflake scheduled__2026-01-27T23:16:00+00:00 [running]> on host aa98137bd6c9
[2026-01-27T23:17:03.846+0000] {taskinstance.py:2648} INFO - Exporting env vars: AIRFLOW_CTX_DAG_OWNER='***' AIRFLOW_CTX_DAG_ID='minio_to_snowflake_banking' AIRFLOW_CTX_TASK_ID='load_snowflake' AIRFLOW_CTX_EXECUTION_DATE='2026-01-27T23:16:00+00:00' AIRFLOW_CTX_TRY_NUMBER='1' AIRFLOW_CTX_DAG_RUN_ID='scheduled__2026-01-27T23:16:00+00:00'
[2026-01-27T23:17:03.846+0000] {taskinstance.py:430} INFO - ::endgroup::
[2026-01-27T23:17:03.855+0000] {connection.py:611} INFO - Snowflake Connector for Python Version: 4.2.0, Python Version: 3.12.4, Platform: Linux-6.10.14-linuxkit-aarch64-with-glibc2.36
[2026-01-27T23:17:03.856+0000] {connection.py:1695} INFO - Connecting to GLOBAL Snowflake domain
[2026-01-27T23:17:07.526+0000] {logging_mixin.py:188} INFO - Uploaded /tmp/minio_downloads/customers_215036692531.parquet -> @customers stage
[2026-01-27T23:17:07.739+0000] {logging_mixin.py:188} INFO - Uploaded /tmp/minio_downloads/customers_215046805845.parquet -> @customers stage
[2026-01-27T23:17:07.933+0000] {logging_mixin.py:188} INFO - Uploaded /tmp/minio_downloads/customers_215056955161.parquet -> @customers stage
[2026-01-27T23:17:08.174+0000] {logging_mixin.py:188} INFO - Uploaded /tmp/minio_downloads/customers_231527933510.parquet -> @customers stage
[2026-01-27T23:17:08.348+0000] {logging_mixin.py:188} INFO - Uploaded /tmp/minio_downloads/customers_155849738636.parquet -> @customers stage
[2026-01-27T23:17:08.496+0000] {logging_mixin.py:188} INFO - Uploaded /tmp/minio_downloads/customers_155849882767.parquet -> @customers stage
[2026-01-27T23:17:08.934+0000] {logging_mixin.py:188} INFO - Data loaded into customers
[2026-01-27T23:17:09.128+0000] {logging_mixin.py:188} INFO - Uploaded /tmp/minio_downloads/accounts_215036748655.parquet -> @accounts stage
[2026-01-27T23:17:09.305+0000] {logging_mixin.py:188} INFO - Uploaded /tmp/minio_downloads/accounts_215042772494.parquet -> @accounts stage
[2026-01-27T23:17:09.461+0000] {logging_mixin.py:188} INFO - Uploaded /tmp/minio_downloads/accounts_215052938889.parquet -> @accounts stage
[2026-01-27T23:17:09.675+0000] {logging_mixin.py:188} INFO - Uploaded /tmp/minio_downloads/accounts_155849895108.parquet -> @accounts stage
[2026-01-27T23:17:09.889+0000] {logging_mixin.py:188} INFO - Uploaded /tmp/minio_downloads/accounts_155850399175.parquet -> @accounts stage
[2026-01-27T23:17:10.095+0000] {logging_mixin.py:188} INFO - Uploaded /tmp/minio_downloads/accounts_155900598297.parquet -> @accounts stage
[2026-01-27T23:17:10.526+0000] {logging_mixin.py:188} INFO - Data loaded into accounts
[2026-01-27T23:17:10.699+0000] {logging_mixin.py:188} INFO - Uploaded /tmp/minio_downloads/transactions_215036756342.parquet -> @transactions stage
[2026-01-27T23:17:10.879+0000] {logging_mixin.py:188} INFO - Uploaded /tmp/minio_downloads/transactions_215038694525.parquet -> @transactions stage
[2026-01-27T23:17:11.081+0000] {logging_mixin.py:188} INFO - Uploaded /tmp/minio_downloads/transactions_215040746814.parquet -> @transactions stage
[2026-01-27T23:17:11.295+0000] {logging_mixin.py:188} INFO - Uploaded /tmp/minio_downloads/transactions_215042801594.parquet -> @transactions stage
[2026-01-27T23:17:11.474+0000] {logging_mixin.py:188} INFO - Uploaded /tmp/minio_downloads/transactions_215044831571.parquet -> @transactions stage
[2026-01-27T23:17:11.649+0000] {logging_mixin.py:188} INFO - Uploaded /tmp/minio_downloads/transactions_215046920436.parquet -> @transactions stage
[2026-01-27T23:17:11.794+0000] {logging_mixin.py:188} INFO - Uploaded /tmp/minio_downloads/transactions_155850338118.parquet -> @transactions stage
[2026-01-27T23:17:11.976+0000] {logging_mixin.py:188} INFO - Uploaded /tmp/minio_downloads/transactions_155850425610.parquet -> @transactions stage
[2026-01-27T23:17:12.119+0000] {logging_mixin.py:188} INFO - Uploaded /tmp/minio_downloads/transactions_155850484961.parquet -> @transactions stage
[2026-01-27T23:17:12.289+0000] {logging_mixin.py:188} INFO - Uploaded /tmp/minio_downloads/transactions_155850517598.parquet -> @transactions stage
[2026-01-27T23:17:12.449+0000] {logging_mixin.py:188} INFO - Uploaded /tmp/minio_downloads/transactions_155850559668.parquet -> @transactions stage
[2026-01-27T23:17:12.616+0000] {logging_mixin.py:188} INFO - Uploaded /tmp/minio_downloads/transactions_155900640835.parquet -> @transactions stage
[2026-01-27T23:17:13.017+0000] {logging_mixin.py:188} INFO - Data loaded into transactions
[2026-01-27T23:17:13.154+0000] {python.py:237} INFO - Done. Returned value was: None
[2026-01-27T23:17:13.155+0000] {taskinstance.py:441} INFO - ::group::Post task execution logs
[2026-01-27T23:17:13.177+0000] {taskinstance.py:1206} INFO - Marking task as SUCCESS. dag_id=minio_to_snowflake_banking, task_id=load_snowflake, run_id=scheduled__2026-01-27T23:16:00+00:00, execution_date=20260127T231600, start_date=20260127T231703, end_date=20260127T231713
[2026-01-27T23:17:13.240+0000] {local_task_job_runner.py:243} INFO - Task exited with return code 0
[2026-01-27T23:17:13.258+0000] {taskinstance.py:3503} INFO - 0 downstream tasks scheduled from follow-on schedule check
[2026-01-27T23:17:13.260+0000] {local_task_job_runner.py:222} INFO - ::endgroup::
