[2026-01-27T19:10:03.682+0000] {local_task_job_runner.py:120} INFO - ::group::Pre task execution logs
[2026-01-27T19:10:03.695+0000] {taskinstance.py:2076} INFO - Dependencies all met for dep_context=non-requeueable deps ti=<TaskInstance: minio_to_snowflake_banking.load_snowflake scheduled__2026-01-27T19:09:00+00:00 [queued]>
[2026-01-27T19:10:03.698+0000] {taskinstance.py:2076} INFO - Dependencies all met for dep_context=requeueable deps ti=<TaskInstance: minio_to_snowflake_banking.load_snowflake scheduled__2026-01-27T19:09:00+00:00 [queued]>
[2026-01-27T19:10:03.699+0000] {taskinstance.py:2306} INFO - Starting attempt 1 of 2
[2026-01-27T19:10:03.703+0000] {taskinstance.py:2330} INFO - Executing <Task(PythonOperator): load_snowflake> on 2026-01-27 19:09:00+00:00
[2026-01-27T19:10:03.708+0000] {logging_mixin.py:188} WARNING - /home/***/.local/lib/python3.12/site-packages/***/task/task_runner/standard_task_runner.py:62 DeprecationWarning: This process (pid=25955) is multi-threaded, use of fork() may lead to deadlocks in the child.
[2026-01-27T19:10:03.707+0000] {standard_task_runner.py:90} INFO - Running: ['***', 'tasks', 'run', 'minio_to_snowflake_banking', 'load_snowflake', 'scheduled__2026-01-27T19:09:00+00:00', '--job-id', '737', '--raw', '--subdir', 'DAGS_FOLDER/minio_to_snowflake_dag.py', '--cfg-path', '/tmp/tmprmq4hhde']
[2026-01-27T19:10:03.709+0000] {standard_task_runner.py:91} INFO - Job 737: Subtask load_snowflake
[2026-01-27T19:10:03.709+0000] {standard_task_runner.py:64} INFO - Started process 25962 to run task
[2026-01-27T19:10:03.739+0000] {task_command.py:426} INFO - Running <TaskInstance: minio_to_snowflake_banking.load_snowflake scheduled__2026-01-27T19:09:00+00:00 [running]> on host f7e57c740e9e
[2026-01-27T19:10:03.805+0000] {taskinstance.py:2648} INFO - Exporting env vars: AIRFLOW_CTX_DAG_OWNER='***' AIRFLOW_CTX_DAG_ID='minio_to_snowflake_banking' AIRFLOW_CTX_TASK_ID='load_snowflake' AIRFLOW_CTX_EXECUTION_DATE='2026-01-27T19:09:00+00:00' AIRFLOW_CTX_TRY_NUMBER='1' AIRFLOW_CTX_DAG_RUN_ID='scheduled__2026-01-27T19:09:00+00:00'
[2026-01-27T19:10:03.806+0000] {taskinstance.py:430} INFO - ::endgroup::
[2026-01-27T19:10:03.818+0000] {connection.py:611} INFO - Snowflake Connector for Python Version: 4.2.0, Python Version: 3.12.4, Platform: Linux-6.10.14-linuxkit-aarch64-with-glibc2.36
[2026-01-27T19:10:03.819+0000] {connection.py:1695} INFO - Connecting to GLOBAL Snowflake domain
[2026-01-27T19:10:07.035+0000] {logging_mixin.py:188} INFO - Uploaded /tmp/minio_downloads/customers_215036692531.parquet -> @customers stage
[2026-01-27T19:10:07.308+0000] {logging_mixin.py:188} INFO - Uploaded /tmp/minio_downloads/customers_215046805845.parquet -> @customers stage
[2026-01-27T19:10:07.513+0000] {logging_mixin.py:188} INFO - Uploaded /tmp/minio_downloads/customers_215056955161.parquet -> @customers stage
[2026-01-27T19:10:07.682+0000] {logging_mixin.py:188} INFO - Uploaded /tmp/minio_downloads/customers_231527933510.parquet -> @customers stage
[2026-01-27T19:10:08.221+0000] {logging_mixin.py:188} INFO - Data loaded into customers
[2026-01-27T19:10:08.414+0000] {logging_mixin.py:188} INFO - Uploaded /tmp/minio_downloads/accounts_215036748655.parquet -> @accounts stage
[2026-01-27T19:10:08.629+0000] {logging_mixin.py:188} INFO - Uploaded /tmp/minio_downloads/accounts_215042772494.parquet -> @accounts stage
[2026-01-27T19:10:08.762+0000] {logging_mixin.py:188} INFO - Uploaded /tmp/minio_downloads/accounts_215052938889.parquet -> @accounts stage
[2026-01-27T19:10:09.294+0000] {logging_mixin.py:188} INFO - Data loaded into accounts
[2026-01-27T19:10:09.485+0000] {logging_mixin.py:188} INFO - Uploaded /tmp/minio_downloads/transactions_215036756342.parquet -> @transactions stage
[2026-01-27T19:10:09.669+0000] {logging_mixin.py:188} INFO - Uploaded /tmp/minio_downloads/transactions_215038694525.parquet -> @transactions stage
[2026-01-27T19:10:09.904+0000] {logging_mixin.py:188} INFO - Uploaded /tmp/minio_downloads/transactions_215040746814.parquet -> @transactions stage
[2026-01-27T19:10:10.079+0000] {logging_mixin.py:188} INFO - Uploaded /tmp/minio_downloads/transactions_215042801594.parquet -> @transactions stage
[2026-01-27T19:10:10.295+0000] {logging_mixin.py:188} INFO - Uploaded /tmp/minio_downloads/transactions_215044831571.parquet -> @transactions stage
[2026-01-27T19:10:10.533+0000] {logging_mixin.py:188} INFO - Uploaded /tmp/minio_downloads/transactions_215046920436.parquet -> @transactions stage
[2026-01-27T19:10:11.009+0000] {logging_mixin.py:188} INFO - Data loaded into transactions
[2026-01-27T19:10:11.168+0000] {python.py:237} INFO - Done. Returned value was: None
[2026-01-27T19:10:11.170+0000] {taskinstance.py:441} INFO - ::group::Post task execution logs
[2026-01-27T19:10:11.204+0000] {taskinstance.py:1206} INFO - Marking task as SUCCESS. dag_id=minio_to_snowflake_banking, task_id=load_snowflake, run_id=scheduled__2026-01-27T19:09:00+00:00, execution_date=20260127T190900, start_date=20260127T191003, end_date=20260127T191011
[2026-01-27T19:10:11.266+0000] {local_task_job_runner.py:243} INFO - Task exited with return code 0
[2026-01-27T19:10:11.284+0000] {taskinstance.py:3503} INFO - 0 downstream tasks scheduled from follow-on schedule check
[2026-01-27T19:10:11.285+0000] {local_task_job_runner.py:222} INFO - ::endgroup::
