[2026-01-27T01:06:02.362+0000] {local_task_job_runner.py:120} INFO - ::group::Pre task execution logs
[2026-01-27T01:06:02.377+0000] {taskinstance.py:2076} INFO - Dependencies all met for dep_context=non-requeueable deps ti=<TaskInstance: minio_to_snowflake_banking.download_minio scheduled__2026-01-27T01:05:00+00:00 [queued]>
[2026-01-27T01:06:02.379+0000] {taskinstance.py:2076} INFO - Dependencies all met for dep_context=requeueable deps ti=<TaskInstance: minio_to_snowflake_banking.download_minio scheduled__2026-01-27T01:05:00+00:00 [queued]>
[2026-01-27T01:06:02.379+0000] {taskinstance.py:2306} INFO - Starting attempt 1 of 2
[2026-01-27T01:06:02.384+0000] {taskinstance.py:2330} INFO - Executing <Task(PythonOperator): download_minio> on 2026-01-27 01:05:00+00:00
[2026-01-27T01:06:02.389+0000] {logging_mixin.py:188} WARNING - /home/***/.local/lib/python3.12/site-packages/***/task/task_runner/standard_task_runner.py:62 DeprecationWarning: This process (pid=7504) is multi-threaded, use of fork() may lead to deadlocks in the child.
[2026-01-27T01:06:02.388+0000] {standard_task_runner.py:90} INFO - Running: ['***', 'tasks', 'run', 'minio_to_snowflake_banking', 'download_minio', 'scheduled__2026-01-27T01:05:00+00:00', '--job-id', '110', '--raw', '--subdir', 'DAGS_FOLDER/minio_to_snowflake_dag.py', '--cfg-path', '/tmp/tmp3ibdilau']
[2026-01-27T01:06:02.390+0000] {standard_task_runner.py:64} INFO - Started process 7511 to run task
[2026-01-27T01:06:02.390+0000] {standard_task_runner.py:91} INFO - Job 110: Subtask download_minio
[2026-01-27T01:06:02.416+0000] {task_command.py:426} INFO - Running <TaskInstance: minio_to_snowflake_banking.download_minio scheduled__2026-01-27T01:05:00+00:00 [running]> on host bac6151482a5
[2026-01-27T01:06:02.458+0000] {taskinstance.py:2648} INFO - Exporting env vars: AIRFLOW_CTX_DAG_OWNER='***' AIRFLOW_CTX_DAG_ID='minio_to_snowflake_banking' AIRFLOW_CTX_TASK_ID='download_minio' AIRFLOW_CTX_EXECUTION_DATE='2026-01-27T01:05:00+00:00' AIRFLOW_CTX_TRY_NUMBER='1' AIRFLOW_CTX_DAG_RUN_ID='scheduled__2026-01-27T01:05:00+00:00'
[2026-01-27T01:06:02.459+0000] {taskinstance.py:430} INFO - ::endgroup::
[2026-01-27T01:06:02.723+0000] {logging_mixin.py:188} INFO - Downloaded customers/date=2026-01-26/customers_144103576074.parquet -> /tmp/minio_downloads/customers_144103576074.parquet
[2026-01-27T01:06:02.729+0000] {logging_mixin.py:188} INFO - Downloaded customers/date=2026-01-26/customers_144227218931.parquet -> /tmp/minio_downloads/customers_144227218931.parquet
[2026-01-27T01:06:02.732+0000] {logging_mixin.py:188} INFO - Downloaded customers/date=2026-01-26/customers_182509845138.parquet -> /tmp/minio_downloads/customers_182509845138.parquet
[2026-01-27T01:06:02.735+0000] {logging_mixin.py:188} INFO - Downloaded customers/date=2026-01-26/customers_185216126542.parquet -> /tmp/minio_downloads/customers_185216126542.parquet
[2026-01-27T01:06:02.743+0000] {logging_mixin.py:188} INFO - Downloaded accounts/date=2026-01-26/accounts_144103643994.parquet -> /tmp/minio_downloads/accounts_144103643994.parquet
[2026-01-27T01:06:02.747+0000] {logging_mixin.py:188} INFO - Downloaded accounts/date=2026-01-26/accounts_144103653564.parquet -> /tmp/minio_downloads/accounts_144103653564.parquet
[2026-01-27T01:06:02.750+0000] {logging_mixin.py:188} INFO - Downloaded accounts/date=2026-01-26/accounts_144223151465.parquet -> /tmp/minio_downloads/accounts_144223151465.parquet
[2026-01-27T01:06:02.753+0000] {logging_mixin.py:188} INFO - Downloaded accounts/date=2026-01-26/accounts_144227246704.parquet -> /tmp/minio_downloads/accounts_144227246704.parquet
[2026-01-27T01:06:02.757+0000] {logging_mixin.py:188} INFO - Downloaded accounts/date=2026-01-26/accounts_182505783461.parquet -> /tmp/minio_downloads/accounts_182505783461.parquet
[2026-01-27T01:06:02.759+0000] {logging_mixin.py:188} INFO - Downloaded accounts/date=2026-01-26/accounts_182509835534.parquet -> /tmp/minio_downloads/accounts_182509835534.parquet
[2026-01-27T01:06:02.762+0000] {logging_mixin.py:188} INFO - Downloaded accounts/date=2026-01-26/accounts_185211951102.parquet -> /tmp/minio_downloads/accounts_185211951102.parquet
[2026-01-27T01:06:02.765+0000] {logging_mixin.py:188} INFO - Downloaded accounts/date=2026-01-26/accounts_185216176088.parquet -> /tmp/minio_downloads/accounts_185216176088.parquet
[2026-01-27T01:06:02.779+0000] {logging_mixin.py:188} INFO - Downloaded transactions/date=2026-01-26/transactions_144103762925.parquet -> /tmp/minio_downloads/transactions_144103762925.parquet
[2026-01-27T01:06:02.782+0000] {logging_mixin.py:188} INFO - Downloaded transactions/date=2026-01-26/transactions_144103775606.parquet -> /tmp/minio_downloads/transactions_144103775606.parquet
[2026-01-27T01:06:02.784+0000] {logging_mixin.py:188} INFO - Downloaded transactions/date=2026-01-26/transactions_144103863430.parquet -> /tmp/minio_downloads/transactions_144103863430.parquet
[2026-01-27T01:06:02.786+0000] {logging_mixin.py:188} INFO - Downloaded transactions/date=2026-01-26/transactions_144103871284.parquet -> /tmp/minio_downloads/transactions_144103871284.parquet
[2026-01-27T01:06:02.789+0000] {logging_mixin.py:188} INFO - Downloaded transactions/date=2026-01-26/transactions_144103881590.parquet -> /tmp/minio_downloads/transactions_144103881590.parquet
[2026-01-27T01:06:02.793+0000] {logging_mixin.py:188} INFO - Downloaded transactions/date=2026-01-26/transactions_144219122553.parquet -> /tmp/minio_downloads/transactions_144219122553.parquet
[2026-01-27T01:06:02.796+0000] {logging_mixin.py:188} INFO - Downloaded transactions/date=2026-01-26/transactions_144220621553.parquet -> /tmp/minio_downloads/transactions_144220621553.parquet
[2026-01-27T01:06:02.799+0000] {logging_mixin.py:188} INFO - Downloaded transactions/date=2026-01-26/transactions_144223166901.parquet -> /tmp/minio_downloads/transactions_144223166901.parquet
[2026-01-27T01:06:02.801+0000] {logging_mixin.py:188} INFO - Downloaded transactions/date=2026-01-26/transactions_144225187405.parquet -> /tmp/minio_downloads/transactions_144225187405.parquet
[2026-01-27T01:06:02.804+0000] {logging_mixin.py:188} INFO - Downloaded transactions/date=2026-01-26/transactions_144227254007.parquet -> /tmp/minio_downloads/transactions_144227254007.parquet
[2026-01-27T01:06:02.807+0000] {logging_mixin.py:188} INFO - Downloaded transactions/date=2026-01-26/transactions_182502247603.parquet -> /tmp/minio_downloads/transactions_182502247603.parquet
[2026-01-27T01:06:02.810+0000] {logging_mixin.py:188} INFO - Downloaded transactions/date=2026-01-26/transactions_182503745994.parquet -> /tmp/minio_downloads/transactions_182503745994.parquet
[2026-01-27T01:06:02.814+0000] {logging_mixin.py:188} INFO - Downloaded transactions/date=2026-01-26/transactions_182505806158.parquet -> /tmp/minio_downloads/transactions_182505806158.parquet
[2026-01-27T01:06:02.816+0000] {logging_mixin.py:188} INFO - Downloaded transactions/date=2026-01-26/transactions_182507820889.parquet -> /tmp/minio_downloads/transactions_182507820889.parquet
[2026-01-27T01:06:02.819+0000] {logging_mixin.py:188} INFO - Downloaded transactions/date=2026-01-26/transactions_182509861044.parquet -> /tmp/minio_downloads/transactions_182509861044.parquet
[2026-01-27T01:06:02.822+0000] {logging_mixin.py:188} INFO - Downloaded transactions/date=2026-01-26/transactions_184131730922.parquet -> /tmp/minio_downloads/transactions_184131730922.parquet
[2026-01-27T01:06:02.825+0000] {logging_mixin.py:188} INFO - Downloaded transactions/date=2026-01-26/transactions_184132267556.parquet -> /tmp/minio_downloads/transactions_184132267556.parquet
[2026-01-27T01:06:02.828+0000] {logging_mixin.py:188} INFO - Downloaded transactions/date=2026-01-26/transactions_185212015172.parquet -> /tmp/minio_downloads/transactions_185212015172.parquet
[2026-01-27T01:06:02.831+0000] {logging_mixin.py:188} INFO - Downloaded transactions/date=2026-01-26/transactions_185214037206.parquet -> /tmp/minio_downloads/transactions_185214037206.parquet
[2026-01-27T01:06:02.835+0000] {logging_mixin.py:188} INFO - Downloaded transactions/date=2026-01-26/transactions_185216168765.parquet -> /tmp/minio_downloads/transactions_185216168765.parquet
[2026-01-27T01:06:02.838+0000] {logging_mixin.py:188} INFO - Downloaded transactions/date=2026-01-26/transactions_185218181017.parquet -> /tmp/minio_downloads/transactions_185218181017.parquet
[2026-01-27T01:06:02.839+0000] {python.py:237} INFO - Done. Returned value was: {'customers': ['/tmp/minio_downloads/customers_144103576074.parquet', '/tmp/minio_downloads/customers_144227218931.parquet', '/tmp/minio_downloads/customers_182509845138.parquet', '/tmp/minio_downloads/customers_185216126542.parquet'], 'accounts': ['/tmp/minio_downloads/accounts_144103643994.parquet', '/tmp/minio_downloads/accounts_144103653564.parquet', '/tmp/minio_downloads/accounts_144223151465.parquet', '/tmp/minio_downloads/accounts_144227246704.parquet', '/tmp/minio_downloads/accounts_182505783461.parquet', '/tmp/minio_downloads/accounts_182509835534.parquet', '/tmp/minio_downloads/accounts_185211951102.parquet', '/tmp/minio_downloads/accounts_185216176088.parquet'], 'transactions': ['/tmp/minio_downloads/transactions_144103762925.parquet', '/tmp/minio_downloads/transactions_144103775606.parquet', '/tmp/minio_downloads/transactions_144103863430.parquet', '/tmp/minio_downloads/transactions_144103871284.parquet', '/tmp/minio_downloads/transactions_144103881590.parquet', '/tmp/minio_downloads/transactions_144219122553.parquet', '/tmp/minio_downloads/transactions_144220621553.parquet', '/tmp/minio_downloads/transactions_144223166901.parquet', '/tmp/minio_downloads/transactions_144225187405.parquet', '/tmp/minio_downloads/transactions_144227254007.parquet', '/tmp/minio_downloads/transactions_182502247603.parquet', '/tmp/minio_downloads/transactions_182503745994.parquet', '/tmp/minio_downloads/transactions_182505806158.parquet', '/tmp/minio_downloads/transactions_182507820889.parquet', '/tmp/minio_downloads/transactions_182509861044.parquet', '/tmp/minio_downloads/transactions_184131730922.parquet', '/tmp/minio_downloads/transactions_184132267556.parquet', '/tmp/minio_downloads/transactions_185212015172.parquet', '/tmp/minio_downloads/transactions_185214037206.parquet', '/tmp/minio_downloads/transactions_185216168765.parquet', '/tmp/minio_downloads/transactions_185218181017.parquet']}
[2026-01-27T01:06:02.839+0000] {taskinstance.py:441} INFO - ::group::Post task execution logs
[2026-01-27T01:06:02.858+0000] {taskinstance.py:1206} INFO - Marking task as SUCCESS. dag_id=minio_to_snowflake_banking, task_id=download_minio, run_id=scheduled__2026-01-27T01:05:00+00:00, execution_date=20260127T010500, start_date=20260127T010602, end_date=20260127T010602
[2026-01-27T01:06:02.898+0000] {local_task_job_runner.py:243} INFO - Task exited with return code 0
[2026-01-27T01:06:02.908+0000] {taskinstance.py:3503} INFO - 1 downstream tasks scheduled from follow-on schedule check
[2026-01-27T01:06:02.909+0000] {local_task_job_runner.py:222} INFO - ::endgroup::
