[2026-01-26T21:37:22.658+0000] {processor.py:161} INFO - Started process (PID=20) to work on /opt/airflow/dags/minio_to_snowflake.py
[2026-01-26T21:37:22.661+0000] {processor.py:830} INFO - Processing file /opt/airflow/dags/minio_to_snowflake.py for tasks to queue
[2026-01-26T21:37:22.694+0000] {logging_mixin.py:188} INFO - [2026-01-26T21:37:22.690+0000] {dagbag.py:545} INFO - Filling up the DagBag from /opt/airflow/dags/minio_to_snowflake.py
[2026-01-26T21:37:25.287+0000] {processor.py:840} INFO - DAG(s) 'minio_to_snowflake_banking' retrieved from /opt/airflow/dags/minio_to_snowflake.py
[2026-01-26T21:37:25.477+0000] {logging_mixin.py:188} INFO - [2026-01-26T21:37:25.476+0000] {override.py:1858} INFO - Created Permission View: can read on DAG:minio_to_snowflake_banking
[2026-01-26T21:37:25.481+0000] {logging_mixin.py:188} INFO - [2026-01-26T21:37:25.481+0000] {override.py:1858} INFO - Created Permission View: can delete on DAG:minio_to_snowflake_banking
[2026-01-26T21:37:25.483+0000] {logging_mixin.py:188} INFO - [2026-01-26T21:37:25.483+0000] {override.py:1858} INFO - Created Permission View: can edit on DAG:minio_to_snowflake_banking
[2026-01-26T21:37:25.483+0000] {logging_mixin.py:188} INFO - [2026-01-26T21:37:25.483+0000] {dag.py:3089} INFO - Sync 1 DAGs
[2026-01-26T21:37:25.498+0000] {logging_mixin.py:188} INFO - [2026-01-26T21:37:25.498+0000] {dag.py:3111} INFO - Creating ORM DAG for minio_to_snowflake_banking
[2026-01-26T21:37:25.505+0000] {logging_mixin.py:188} INFO - [2026-01-26T21:37:25.505+0000] {dag.py:3947} INFO - Setting next_dagrun for minio_to_snowflake_banking to 2026-01-26 21:36:00+00:00, run_after=2026-01-26 21:37:00+00:00
[2026-01-26T21:37:25.512+0000] {processor.py:183} INFO - Processing /opt/airflow/dags/minio_to_snowflake.py took 2.920 seconds
[2026-01-26T21:37:55.826+0000] {processor.py:161} INFO - Started process (PID=25) to work on /opt/airflow/dags/minio_to_snowflake.py
[2026-01-26T21:37:55.827+0000] {processor.py:830} INFO - Processing file /opt/airflow/dags/minio_to_snowflake.py for tasks to queue
[2026-01-26T21:37:55.829+0000] {logging_mixin.py:188} INFO - [2026-01-26T21:37:55.829+0000] {dagbag.py:545} INFO - Filling up the DagBag from /opt/airflow/dags/minio_to_snowflake.py
[2026-01-26T21:37:56.262+0000] {processor.py:840} INFO - DAG(s) 'minio_to_snowflake_banking' retrieved from /opt/airflow/dags/minio_to_snowflake.py
[2026-01-26T21:37:56.275+0000] {logging_mixin.py:188} INFO - [2026-01-26T21:37:56.275+0000] {dag.py:3089} INFO - Sync 1 DAGs
[2026-01-26T21:37:56.284+0000] {logging_mixin.py:188} INFO - [2026-01-26T21:37:56.284+0000] {dag.py:3947} INFO - Setting next_dagrun for minio_to_snowflake_banking to 2026-01-26 21:36:00+00:00, run_after=2026-01-26 21:37:00+00:00
[2026-01-26T21:37:56.290+0000] {processor.py:183} INFO - Processing /opt/airflow/dags/minio_to_snowflake.py took 0.475 seconds
[2026-01-26T21:38:26.571+0000] {processor.py:161} INFO - Started process (PID=30) to work on /opt/airflow/dags/minio_to_snowflake.py
[2026-01-26T21:38:26.572+0000] {processor.py:830} INFO - Processing file /opt/airflow/dags/minio_to_snowflake.py for tasks to queue
[2026-01-26T21:38:26.575+0000] {logging_mixin.py:188} INFO - [2026-01-26T21:38:26.575+0000] {dagbag.py:545} INFO - Filling up the DagBag from /opt/airflow/dags/minio_to_snowflake.py
[2026-01-26T21:38:26.935+0000] {processor.py:840} INFO - DAG(s) 'minio_to_snowflake_banking' retrieved from /opt/airflow/dags/minio_to_snowflake.py
[2026-01-26T21:38:26.946+0000] {logging_mixin.py:188} INFO - [2026-01-26T21:38:26.946+0000] {dag.py:3089} INFO - Sync 1 DAGs
[2026-01-26T21:38:26.954+0000] {logging_mixin.py:188} INFO - [2026-01-26T21:38:26.954+0000] {dag.py:3947} INFO - Setting next_dagrun for minio_to_snowflake_banking to 2026-01-26 21:37:00+00:00, run_after=2026-01-26 21:38:00+00:00
[2026-01-26T21:38:26.960+0000] {processor.py:183} INFO - Processing /opt/airflow/dags/minio_to_snowflake.py took 0.403 seconds
[2026-01-26T21:38:57.196+0000] {processor.py:161} INFO - Started process (PID=35) to work on /opt/airflow/dags/minio_to_snowflake.py
[2026-01-26T21:38:57.197+0000] {processor.py:830} INFO - Processing file /opt/airflow/dags/minio_to_snowflake.py for tasks to queue
[2026-01-26T21:38:57.199+0000] {logging_mixin.py:188} INFO - [2026-01-26T21:38:57.199+0000] {dagbag.py:545} INFO - Filling up the DagBag from /opt/airflow/dags/minio_to_snowflake.py
[2026-01-26T21:38:57.533+0000] {processor.py:840} INFO - DAG(s) 'minio_to_snowflake_banking' retrieved from /opt/airflow/dags/minio_to_snowflake.py
[2026-01-26T21:38:57.546+0000] {logging_mixin.py:188} INFO - [2026-01-26T21:38:57.546+0000] {dag.py:3089} INFO - Sync 1 DAGs
[2026-01-26T21:38:57.554+0000] {logging_mixin.py:188} INFO - [2026-01-26T21:38:57.554+0000] {dag.py:3947} INFO - Setting next_dagrun for minio_to_snowflake_banking to 2026-01-26 21:37:00+00:00, run_after=2026-01-26 21:38:00+00:00
[2026-01-26T21:38:57.560+0000] {processor.py:183} INFO - Processing /opt/airflow/dags/minio_to_snowflake.py took 0.371 seconds
[2026-01-26T21:39:27.856+0000] {processor.py:161} INFO - Started process (PID=40) to work on /opt/airflow/dags/minio_to_snowflake.py
[2026-01-26T21:39:27.857+0000] {processor.py:830} INFO - Processing file /opt/airflow/dags/minio_to_snowflake.py for tasks to queue
[2026-01-26T21:39:27.863+0000] {logging_mixin.py:188} INFO - [2026-01-26T21:39:27.862+0000] {dagbag.py:545} INFO - Filling up the DagBag from /opt/airflow/dags/minio_to_snowflake.py
[2026-01-26T21:39:28.284+0000] {processor.py:840} INFO - DAG(s) 'minio_to_snowflake_banking' retrieved from /opt/airflow/dags/minio_to_snowflake.py
[2026-01-26T21:39:28.298+0000] {logging_mixin.py:188} INFO - [2026-01-26T21:39:28.298+0000] {dag.py:3089} INFO - Sync 1 DAGs
[2026-01-26T21:39:28.310+0000] {logging_mixin.py:188} INFO - [2026-01-26T21:39:28.310+0000] {dag.py:3947} INFO - Setting next_dagrun for minio_to_snowflake_banking to 2026-01-26 21:38:00+00:00, run_after=2026-01-26 21:39:00+00:00
[2026-01-26T21:39:28.316+0000] {processor.py:183} INFO - Processing /opt/airflow/dags/minio_to_snowflake.py took 0.473 seconds
[2026-01-26T21:39:58.564+0000] {processor.py:161} INFO - Started process (PID=45) to work on /opt/airflow/dags/minio_to_snowflake.py
[2026-01-26T21:39:58.565+0000] {processor.py:830} INFO - Processing file /opt/airflow/dags/minio_to_snowflake.py for tasks to queue
[2026-01-26T21:39:58.567+0000] {logging_mixin.py:188} INFO - [2026-01-26T21:39:58.566+0000] {dagbag.py:545} INFO - Filling up the DagBag from /opt/airflow/dags/minio_to_snowflake.py
[2026-01-26T21:39:58.858+0000] {processor.py:840} INFO - DAG(s) 'minio_to_snowflake_banking' retrieved from /opt/airflow/dags/minio_to_snowflake.py
[2026-01-26T21:39:58.868+0000] {logging_mixin.py:188} INFO - [2026-01-26T21:39:58.868+0000] {dag.py:3089} INFO - Sync 1 DAGs
[2026-01-26T21:39:58.880+0000] {logging_mixin.py:188} INFO - [2026-01-26T21:39:58.880+0000] {dag.py:3947} INFO - Setting next_dagrun for minio_to_snowflake_banking to 2026-01-26 21:38:00+00:00, run_after=2026-01-26 21:39:00+00:00
[2026-01-26T21:39:58.888+0000] {processor.py:183} INFO - Processing /opt/airflow/dags/minio_to_snowflake.py took 0.330 seconds
[2026-01-26T21:40:29.610+0000] {processor.py:161} INFO - Started process (PID=50) to work on /opt/airflow/dags/minio_to_snowflake.py
[2026-01-26T21:40:29.611+0000] {processor.py:830} INFO - Processing file /opt/airflow/dags/minio_to_snowflake.py for tasks to queue
[2026-01-26T21:40:29.614+0000] {logging_mixin.py:188} INFO - [2026-01-26T21:40:29.613+0000] {dagbag.py:545} INFO - Filling up the DagBag from /opt/airflow/dags/minio_to_snowflake.py
[2026-01-26T21:40:30.121+0000] {processor.py:840} INFO - DAG(s) 'minio_to_snowflake_banking' retrieved from /opt/airflow/dags/minio_to_snowflake.py
[2026-01-26T21:40:30.153+0000] {logging_mixin.py:188} INFO - [2026-01-26T21:40:30.153+0000] {dag.py:3089} INFO - Sync 1 DAGs
[2026-01-26T21:40:30.163+0000] {logging_mixin.py:188} INFO - [2026-01-26T21:40:30.163+0000] {dag.py:3947} INFO - Setting next_dagrun for minio_to_snowflake_banking to 2026-01-26 21:39:00+00:00, run_after=2026-01-26 21:40:00+00:00
[2026-01-26T21:40:30.170+0000] {processor.py:183} INFO - Processing /opt/airflow/dags/minio_to_snowflake.py took 0.569 seconds
[2026-01-26T21:41:00.382+0000] {processor.py:161} INFO - Started process (PID=55) to work on /opt/airflow/dags/minio_to_snowflake.py
[2026-01-26T21:41:00.383+0000] {processor.py:830} INFO - Processing file /opt/airflow/dags/minio_to_snowflake.py for tasks to queue
[2026-01-26T21:41:00.386+0000] {logging_mixin.py:188} INFO - [2026-01-26T21:41:00.385+0000] {dagbag.py:545} INFO - Filling up the DagBag from /opt/airflow/dags/minio_to_snowflake.py
[2026-01-26T21:41:00.770+0000] {processor.py:840} INFO - DAG(s) 'minio_to_snowflake_banking' retrieved from /opt/airflow/dags/minio_to_snowflake.py
[2026-01-26T21:41:00.788+0000] {logging_mixin.py:188} INFO - [2026-01-26T21:41:00.788+0000] {dag.py:3089} INFO - Sync 1 DAGs
[2026-01-26T21:41:00.815+0000] {logging_mixin.py:188} INFO - [2026-01-26T21:41:00.815+0000] {dag.py:3947} INFO - Setting next_dagrun for minio_to_snowflake_banking to 2026-01-26 21:40:00+00:00, run_after=2026-01-26 21:41:00+00:00
[2026-01-26T21:41:00.837+0000] {processor.py:183} INFO - Processing /opt/airflow/dags/minio_to_snowflake.py took 0.464 seconds
[2026-01-26T21:41:31.171+0000] {processor.py:161} INFO - Started process (PID=60) to work on /opt/airflow/dags/minio_to_snowflake.py
[2026-01-26T21:41:31.176+0000] {processor.py:830} INFO - Processing file /opt/airflow/dags/minio_to_snowflake.py for tasks to queue
[2026-01-26T21:41:31.180+0000] {logging_mixin.py:188} INFO - [2026-01-26T21:41:31.180+0000] {dagbag.py:545} INFO - Filling up the DagBag from /opt/airflow/dags/minio_to_snowflake.py
[2026-01-26T21:41:31.794+0000] {processor.py:840} INFO - DAG(s) 'minio_to_snowflake_banking' retrieved from /opt/airflow/dags/minio_to_snowflake.py
[2026-01-26T21:41:31.892+0000] {logging_mixin.py:188} INFO - [2026-01-26T21:41:31.892+0000] {dag.py:3089} INFO - Sync 1 DAGs
[2026-01-26T21:41:31.930+0000] {logging_mixin.py:188} INFO - [2026-01-26T21:41:31.930+0000] {dag.py:3947} INFO - Setting next_dagrun for minio_to_snowflake_banking to 2026-01-26 21:40:00+00:00, run_after=2026-01-26 21:41:00+00:00
[2026-01-26T21:41:31.946+0000] {processor.py:183} INFO - Processing /opt/airflow/dags/minio_to_snowflake.py took 0.807 seconds
[2026-01-26T21:42:02.795+0000] {processor.py:161} INFO - Started process (PID=65) to work on /opt/airflow/dags/minio_to_snowflake.py
[2026-01-26T21:42:02.804+0000] {processor.py:830} INFO - Processing file /opt/airflow/dags/minio_to_snowflake.py for tasks to queue
[2026-01-26T21:42:02.807+0000] {logging_mixin.py:188} INFO - [2026-01-26T21:42:02.806+0000] {dagbag.py:545} INFO - Filling up the DagBag from /opt/airflow/dags/minio_to_snowflake.py
[2026-01-26T21:42:04.134+0000] {processor.py:840} INFO - DAG(s) 'minio_to_snowflake_banking' retrieved from /opt/airflow/dags/minio_to_snowflake.py
[2026-01-26T21:42:04.153+0000] {logging_mixin.py:188} INFO - [2026-01-26T21:42:04.152+0000] {dag.py:3089} INFO - Sync 1 DAGs
[2026-01-26T21:42:04.162+0000] {logging_mixin.py:188} INFO - [2026-01-26T21:42:04.162+0000] {dag.py:3947} INFO - Setting next_dagrun for minio_to_snowflake_banking to 2026-01-26 21:41:00+00:00, run_after=2026-01-26 21:42:00+00:00
[2026-01-26T21:42:04.168+0000] {processor.py:183} INFO - Processing /opt/airflow/dags/minio_to_snowflake.py took 1.466 seconds
[2026-01-26T21:42:34.288+0000] {processor.py:161} INFO - Started process (PID=70) to work on /opt/airflow/dags/minio_to_snowflake.py
[2026-01-26T21:42:34.291+0000] {processor.py:830} INFO - Processing file /opt/airflow/dags/minio_to_snowflake.py for tasks to queue
[2026-01-26T21:42:34.295+0000] {logging_mixin.py:188} INFO - [2026-01-26T21:42:34.294+0000] {dagbag.py:545} INFO - Filling up the DagBag from /opt/airflow/dags/minio_to_snowflake.py
[2026-01-26T21:42:34.864+0000] {processor.py:840} INFO - DAG(s) 'minio_to_snowflake_banking' retrieved from /opt/airflow/dags/minio_to_snowflake.py
[2026-01-26T21:42:34.878+0000] {logging_mixin.py:188} INFO - [2026-01-26T21:42:34.878+0000] {dag.py:3089} INFO - Sync 1 DAGs
[2026-01-26T21:42:34.902+0000] {logging_mixin.py:188} INFO - [2026-01-26T21:42:34.902+0000] {dag.py:3947} INFO - Setting next_dagrun for minio_to_snowflake_banking to 2026-01-26 21:41:00+00:00, run_after=2026-01-26 21:42:00+00:00
[2026-01-26T21:42:34.910+0000] {processor.py:183} INFO - Processing /opt/airflow/dags/minio_to_snowflake.py took 0.653 seconds
[2026-01-26T21:43:05.193+0000] {processor.py:161} INFO - Started process (PID=75) to work on /opt/airflow/dags/minio_to_snowflake.py
[2026-01-26T21:43:05.195+0000] {processor.py:830} INFO - Processing file /opt/airflow/dags/minio_to_snowflake.py for tasks to queue
[2026-01-26T21:43:05.199+0000] {logging_mixin.py:188} INFO - [2026-01-26T21:43:05.198+0000] {dagbag.py:545} INFO - Filling up the DagBag from /opt/airflow/dags/minio_to_snowflake.py
[2026-01-26T21:43:05.666+0000] {processor.py:840} INFO - DAG(s) 'minio_to_snowflake_banking' retrieved from /opt/airflow/dags/minio_to_snowflake.py
[2026-01-26T21:43:05.682+0000] {logging_mixin.py:188} INFO - [2026-01-26T21:43:05.681+0000] {dag.py:3089} INFO - Sync 1 DAGs
[2026-01-26T21:43:05.690+0000] {logging_mixin.py:188} INFO - [2026-01-26T21:43:05.690+0000] {dag.py:3947} INFO - Setting next_dagrun for minio_to_snowflake_banking to 2026-01-26 21:42:00+00:00, run_after=2026-01-26 21:43:00+00:00
[2026-01-26T21:43:05.695+0000] {processor.py:183} INFO - Processing /opt/airflow/dags/minio_to_snowflake.py took 0.516 seconds
[2026-01-26T21:43:35.957+0000] {processor.py:161} INFO - Started process (PID=80) to work on /opt/airflow/dags/minio_to_snowflake.py
[2026-01-26T21:43:35.959+0000] {processor.py:830} INFO - Processing file /opt/airflow/dags/minio_to_snowflake.py for tasks to queue
[2026-01-26T21:43:35.963+0000] {logging_mixin.py:188} INFO - [2026-01-26T21:43:35.962+0000] {dagbag.py:545} INFO - Filling up the DagBag from /opt/airflow/dags/minio_to_snowflake.py
[2026-01-26T21:43:36.359+0000] {processor.py:840} INFO - DAG(s) 'minio_to_snowflake_banking' retrieved from /opt/airflow/dags/minio_to_snowflake.py
[2026-01-26T21:43:36.373+0000] {logging_mixin.py:188} INFO - [2026-01-26T21:43:36.372+0000] {dag.py:3089} INFO - Sync 1 DAGs
[2026-01-26T21:43:36.382+0000] {logging_mixin.py:188} INFO - [2026-01-26T21:43:36.382+0000] {dag.py:3947} INFO - Setting next_dagrun for minio_to_snowflake_banking to 2026-01-26 21:42:00+00:00, run_after=2026-01-26 21:43:00+00:00
[2026-01-26T21:43:36.388+0000] {processor.py:183} INFO - Processing /opt/airflow/dags/minio_to_snowflake.py took 0.444 seconds
[2026-01-26T21:44:06.700+0000] {processor.py:161} INFO - Started process (PID=85) to work on /opt/airflow/dags/minio_to_snowflake.py
[2026-01-26T21:44:06.701+0000] {processor.py:830} INFO - Processing file /opt/airflow/dags/minio_to_snowflake.py for tasks to queue
[2026-01-26T21:44:06.706+0000] {logging_mixin.py:188} INFO - [2026-01-26T21:44:06.705+0000] {dagbag.py:545} INFO - Filling up the DagBag from /opt/airflow/dags/minio_to_snowflake.py
[2026-01-26T21:44:07.215+0000] {processor.py:840} INFO - DAG(s) 'minio_to_snowflake_banking' retrieved from /opt/airflow/dags/minio_to_snowflake.py
[2026-01-26T21:44:07.230+0000] {logging_mixin.py:188} INFO - [2026-01-26T21:44:07.230+0000] {dag.py:3089} INFO - Sync 1 DAGs
[2026-01-26T21:44:07.239+0000] {logging_mixin.py:188} INFO - [2026-01-26T21:44:07.238+0000] {dag.py:3947} INFO - Setting next_dagrun for minio_to_snowflake_banking to 2026-01-26 21:43:00+00:00, run_after=2026-01-26 21:44:00+00:00
[2026-01-26T21:44:07.245+0000] {processor.py:183} INFO - Processing /opt/airflow/dags/minio_to_snowflake.py took 0.556 seconds
[2026-01-26T21:44:37.556+0000] {processor.py:161} INFO - Started process (PID=90) to work on /opt/airflow/dags/minio_to_snowflake.py
[2026-01-26T21:44:37.558+0000] {processor.py:830} INFO - Processing file /opt/airflow/dags/minio_to_snowflake.py for tasks to queue
[2026-01-26T21:44:37.562+0000] {logging_mixin.py:188} INFO - [2026-01-26T21:44:37.562+0000] {dagbag.py:545} INFO - Filling up the DagBag from /opt/airflow/dags/minio_to_snowflake.py
[2026-01-26T21:44:38.000+0000] {processor.py:840} INFO - DAG(s) 'minio_to_snowflake_banking' retrieved from /opt/airflow/dags/minio_to_snowflake.py
[2026-01-26T21:44:38.018+0000] {logging_mixin.py:188} INFO - [2026-01-26T21:44:38.018+0000] {dag.py:3089} INFO - Sync 1 DAGs
[2026-01-26T21:44:38.029+0000] {logging_mixin.py:188} INFO - [2026-01-26T21:44:38.028+0000] {dag.py:3947} INFO - Setting next_dagrun for minio_to_snowflake_banking to 2026-01-26 21:43:00+00:00, run_after=2026-01-26 21:44:00+00:00
[2026-01-26T21:44:38.035+0000] {processor.py:183} INFO - Processing /opt/airflow/dags/minio_to_snowflake.py took 0.494 seconds
[2026-01-26T21:45:08.276+0000] {processor.py:161} INFO - Started process (PID=95) to work on /opt/airflow/dags/minio_to_snowflake.py
[2026-01-26T21:45:08.279+0000] {processor.py:830} INFO - Processing file /opt/airflow/dags/minio_to_snowflake.py for tasks to queue
[2026-01-26T21:45:08.285+0000] {logging_mixin.py:188} INFO - [2026-01-26T21:45:08.284+0000] {dagbag.py:545} INFO - Filling up the DagBag from /opt/airflow/dags/minio_to_snowflake.py
[2026-01-26T21:45:08.838+0000] {processor.py:840} INFO - DAG(s) 'minio_to_snowflake_banking' retrieved from /opt/airflow/dags/minio_to_snowflake.py
[2026-01-26T21:45:08.854+0000] {logging_mixin.py:188} INFO - [2026-01-26T21:45:08.854+0000] {dag.py:3089} INFO - Sync 1 DAGs
[2026-01-26T21:45:08.864+0000] {logging_mixin.py:188} INFO - [2026-01-26T21:45:08.864+0000] {dag.py:3947} INFO - Setting next_dagrun for minio_to_snowflake_banking to 2026-01-26 21:44:00+00:00, run_after=2026-01-26 21:45:00+00:00
[2026-01-26T21:45:08.872+0000] {processor.py:183} INFO - Processing /opt/airflow/dags/minio_to_snowflake.py took 0.615 seconds
[2026-01-26T21:45:39.335+0000] {processor.py:161} INFO - Started process (PID=100) to work on /opt/airflow/dags/minio_to_snowflake.py
[2026-01-26T21:45:39.337+0000] {processor.py:830} INFO - Processing file /opt/airflow/dags/minio_to_snowflake.py for tasks to queue
[2026-01-26T21:45:39.340+0000] {logging_mixin.py:188} INFO - [2026-01-26T21:45:39.340+0000] {dagbag.py:545} INFO - Filling up the DagBag from /opt/airflow/dags/minio_to_snowflake.py
[2026-01-26T21:45:39.803+0000] {processor.py:840} INFO - DAG(s) 'minio_to_snowflake_banking' retrieved from /opt/airflow/dags/minio_to_snowflake.py
[2026-01-26T21:45:39.825+0000] {logging_mixin.py:188} INFO - [2026-01-26T21:45:39.825+0000] {dag.py:3089} INFO - Sync 1 DAGs
[2026-01-26T21:45:39.870+0000] {logging_mixin.py:188} INFO - [2026-01-26T21:45:39.870+0000] {dag.py:3947} INFO - Setting next_dagrun for minio_to_snowflake_banking to 2026-01-26 21:44:00+00:00, run_after=2026-01-26 21:45:00+00:00
[2026-01-26T21:45:39.880+0000] {processor.py:183} INFO - Processing /opt/airflow/dags/minio_to_snowflake.py took 0.558 seconds
[2026-01-26T21:46:10.104+0000] {processor.py:161} INFO - Started process (PID=105) to work on /opt/airflow/dags/minio_to_snowflake.py
[2026-01-26T21:46:10.105+0000] {processor.py:830} INFO - Processing file /opt/airflow/dags/minio_to_snowflake.py for tasks to queue
[2026-01-26T21:46:10.109+0000] {logging_mixin.py:188} INFO - [2026-01-26T21:46:10.108+0000] {dagbag.py:545} INFO - Filling up the DagBag from /opt/airflow/dags/minio_to_snowflake.py
[2026-01-26T21:46:10.519+0000] {processor.py:840} INFO - DAG(s) 'minio_to_snowflake_banking' retrieved from /opt/airflow/dags/minio_to_snowflake.py
[2026-01-26T21:46:10.550+0000] {logging_mixin.py:188} INFO - [2026-01-26T21:46:10.550+0000] {dag.py:3089} INFO - Sync 1 DAGs
[2026-01-26T21:46:10.582+0000] {logging_mixin.py:188} INFO - [2026-01-26T21:46:10.582+0000] {dag.py:3947} INFO - Setting next_dagrun for minio_to_snowflake_banking to 2026-01-26 21:45:00+00:00, run_after=2026-01-26 21:46:00+00:00
[2026-01-26T21:46:10.607+0000] {processor.py:183} INFO - Processing /opt/airflow/dags/minio_to_snowflake.py took 0.510 seconds
[2026-01-26T21:46:40.927+0000] {processor.py:161} INFO - Started process (PID=110) to work on /opt/airflow/dags/minio_to_snowflake.py
[2026-01-26T21:46:40.936+0000] {processor.py:830} INFO - Processing file /opt/airflow/dags/minio_to_snowflake.py for tasks to queue
[2026-01-26T21:46:40.951+0000] {logging_mixin.py:188} INFO - [2026-01-26T21:46:40.950+0000] {dagbag.py:545} INFO - Filling up the DagBag from /opt/airflow/dags/minio_to_snowflake.py
[2026-01-26T21:46:41.903+0000] {processor.py:840} INFO - DAG(s) 'minio_to_snowflake_banking' retrieved from /opt/airflow/dags/minio_to_snowflake.py
[2026-01-26T21:46:41.920+0000] {logging_mixin.py:188} INFO - [2026-01-26T21:46:41.920+0000] {dag.py:3089} INFO - Sync 1 DAGs
[2026-01-26T21:46:41.928+0000] {logging_mixin.py:188} INFO - [2026-01-26T21:46:41.928+0000] {dag.py:3947} INFO - Setting next_dagrun for minio_to_snowflake_banking to 2026-01-26 21:45:00+00:00, run_after=2026-01-26 21:46:00+00:00
[2026-01-26T21:46:41.933+0000] {processor.py:183} INFO - Processing /opt/airflow/dags/minio_to_snowflake.py took 1.064 seconds
[2026-01-26T21:47:12.197+0000] {processor.py:161} INFO - Started process (PID=115) to work on /opt/airflow/dags/minio_to_snowflake.py
[2026-01-26T21:47:12.198+0000] {processor.py:830} INFO - Processing file /opt/airflow/dags/minio_to_snowflake.py for tasks to queue
[2026-01-26T21:47:12.202+0000] {logging_mixin.py:188} INFO - [2026-01-26T21:47:12.201+0000] {dagbag.py:545} INFO - Filling up the DagBag from /opt/airflow/dags/minio_to_snowflake.py
[2026-01-26T21:47:12.792+0000] {processor.py:840} INFO - DAG(s) 'minio_to_snowflake_banking' retrieved from /opt/airflow/dags/minio_to_snowflake.py
[2026-01-26T21:47:12.816+0000] {logging_mixin.py:188} INFO - [2026-01-26T21:47:12.816+0000] {dag.py:3089} INFO - Sync 1 DAGs
[2026-01-26T21:47:12.825+0000] {logging_mixin.py:188} INFO - [2026-01-26T21:47:12.825+0000] {dag.py:3947} INFO - Setting next_dagrun for minio_to_snowflake_banking to 2026-01-26 21:46:00+00:00, run_after=2026-01-26 21:47:00+00:00
[2026-01-26T21:47:12.832+0000] {processor.py:183} INFO - Processing /opt/airflow/dags/minio_to_snowflake.py took 0.645 seconds
[2026-01-26T21:47:43.097+0000] {processor.py:161} INFO - Started process (PID=120) to work on /opt/airflow/dags/minio_to_snowflake.py
[2026-01-26T21:47:43.099+0000] {processor.py:830} INFO - Processing file /opt/airflow/dags/minio_to_snowflake.py for tasks to queue
[2026-01-26T21:47:43.103+0000] {logging_mixin.py:188} INFO - [2026-01-26T21:47:43.102+0000] {dagbag.py:545} INFO - Filling up the DagBag from /opt/airflow/dags/minio_to_snowflake.py
[2026-01-26T21:47:43.632+0000] {processor.py:840} INFO - DAG(s) 'minio_to_snowflake_banking' retrieved from /opt/airflow/dags/minio_to_snowflake.py
[2026-01-26T21:47:43.672+0000] {logging_mixin.py:188} INFO - [2026-01-26T21:47:43.672+0000] {dag.py:3089} INFO - Sync 1 DAGs
[2026-01-26T21:47:43.681+0000] {logging_mixin.py:188} INFO - [2026-01-26T21:47:43.681+0000] {dag.py:3947} INFO - Setting next_dagrun for minio_to_snowflake_banking to 2026-01-26 21:46:00+00:00, run_after=2026-01-26 21:47:00+00:00
[2026-01-26T21:47:43.688+0000] {processor.py:183} INFO - Processing /opt/airflow/dags/minio_to_snowflake.py took 0.603 seconds
[2026-01-26T21:48:13.934+0000] {processor.py:161} INFO - Started process (PID=125) to work on /opt/airflow/dags/minio_to_snowflake.py
[2026-01-26T21:48:13.936+0000] {processor.py:830} INFO - Processing file /opt/airflow/dags/minio_to_snowflake.py for tasks to queue
[2026-01-26T21:48:13.940+0000] {logging_mixin.py:188} INFO - [2026-01-26T21:48:13.939+0000] {dagbag.py:545} INFO - Filling up the DagBag from /opt/airflow/dags/minio_to_snowflake.py
[2026-01-26T21:48:14.310+0000] {processor.py:840} INFO - DAG(s) 'minio_to_snowflake_banking' retrieved from /opt/airflow/dags/minio_to_snowflake.py
[2026-01-26T21:48:14.321+0000] {logging_mixin.py:188} INFO - [2026-01-26T21:48:14.321+0000] {dag.py:3089} INFO - Sync 1 DAGs
[2026-01-26T21:48:14.328+0000] {logging_mixin.py:188} INFO - [2026-01-26T21:48:14.328+0000] {dag.py:3947} INFO - Setting next_dagrun for minio_to_snowflake_banking to 2026-01-26 21:47:00+00:00, run_after=2026-01-26 21:48:00+00:00
[2026-01-26T21:48:14.334+0000] {processor.py:183} INFO - Processing /opt/airflow/dags/minio_to_snowflake.py took 0.410 seconds
