[2026-01-26T21:52:23.346+0000] {processor.py:161} INFO - Started process (PID=130) to work on /opt/airflow/dags/minio_to_snowflake_dag.py
[2026-01-26T21:52:23.347+0000] {processor.py:830} INFO - Processing file /opt/airflow/dags/minio_to_snowflake_dag.py for tasks to queue
[2026-01-26T21:52:23.349+0000] {logging_mixin.py:188} INFO - [2026-01-26T21:52:23.348+0000] {dagbag.py:545} INFO - Filling up the DagBag from /opt/airflow/dags/minio_to_snowflake_dag.py
[2026-01-26T21:52:23.805+0000] {processor.py:840} INFO - DAG(s) 'minio_to_snowflake_banking' retrieved from /opt/airflow/dags/minio_to_snowflake_dag.py
[2026-01-26T21:52:23.848+0000] {logging_mixin.py:188} INFO - [2026-01-26T21:52:23.848+0000] {dag.py:3089} INFO - Sync 1 DAGs
[2026-01-26T21:52:23.859+0000] {logging_mixin.py:188} INFO - [2026-01-26T21:52:23.859+0000] {dag.py:3947} INFO - Setting next_dagrun for minio_to_snowflake_banking to 2026-01-26 21:51:00+00:00, run_after=2026-01-26 21:52:00+00:00
[2026-01-26T21:52:23.871+0000] {processor.py:183} INFO - Processing /opt/airflow/dags/minio_to_snowflake_dag.py took 0.535 seconds
[2026-01-26T21:52:54.128+0000] {processor.py:161} INFO - Started process (PID=135) to work on /opt/airflow/dags/minio_to_snowflake_dag.py
[2026-01-26T21:52:54.129+0000] {processor.py:830} INFO - Processing file /opt/airflow/dags/minio_to_snowflake_dag.py for tasks to queue
[2026-01-26T21:52:54.130+0000] {logging_mixin.py:188} INFO - [2026-01-26T21:52:54.130+0000] {dagbag.py:545} INFO - Filling up the DagBag from /opt/airflow/dags/minio_to_snowflake_dag.py
[2026-01-26T21:52:54.544+0000] {processor.py:840} INFO - DAG(s) 'minio_to_snowflake_banking' retrieved from /opt/airflow/dags/minio_to_snowflake_dag.py
[2026-01-26T21:52:54.558+0000] {logging_mixin.py:188} INFO - [2026-01-26T21:52:54.558+0000] {dag.py:3089} INFO - Sync 1 DAGs
[2026-01-26T21:52:54.568+0000] {logging_mixin.py:188} INFO - [2026-01-26T21:52:54.568+0000] {dag.py:3947} INFO - Setting next_dagrun for minio_to_snowflake_banking to 2026-01-26 21:51:00+00:00, run_after=2026-01-26 21:52:00+00:00
[2026-01-26T21:52:54.580+0000] {processor.py:183} INFO - Processing /opt/airflow/dags/minio_to_snowflake_dag.py took 0.460 seconds
[2026-01-26T21:53:24.937+0000] {processor.py:161} INFO - Started process (PID=140) to work on /opt/airflow/dags/minio_to_snowflake_dag.py
[2026-01-26T21:53:24.939+0000] {processor.py:830} INFO - Processing file /opt/airflow/dags/minio_to_snowflake_dag.py for tasks to queue
[2026-01-26T21:53:24.940+0000] {logging_mixin.py:188} INFO - [2026-01-26T21:53:24.939+0000] {dagbag.py:545} INFO - Filling up the DagBag from /opt/airflow/dags/minio_to_snowflake_dag.py
[2026-01-26T21:53:25.453+0000] {processor.py:840} INFO - DAG(s) 'minio_to_snowflake_banking' retrieved from /opt/airflow/dags/minio_to_snowflake_dag.py
[2026-01-26T21:53:25.472+0000] {logging_mixin.py:188} INFO - [2026-01-26T21:53:25.471+0000] {dag.py:3089} INFO - Sync 1 DAGs
[2026-01-26T21:53:25.482+0000] {logging_mixin.py:188} INFO - [2026-01-26T21:53:25.482+0000] {dag.py:3947} INFO - Setting next_dagrun for minio_to_snowflake_banking to 2026-01-26 21:52:00+00:00, run_after=2026-01-26 21:53:00+00:00
[2026-01-26T21:53:25.489+0000] {processor.py:183} INFO - Processing /opt/airflow/dags/minio_to_snowflake_dag.py took 0.587 seconds
[2026-01-26T21:53:50.631+0000] {processor.py:161} INFO - Started process (PID=145) to work on /opt/airflow/dags/minio_to_snowflake_dag.py
[2026-01-26T21:53:50.632+0000] {processor.py:830} INFO - Processing file /opt/airflow/dags/minio_to_snowflake_dag.py for tasks to queue
[2026-01-26T21:53:50.633+0000] {logging_mixin.py:188} INFO - [2026-01-26T21:53:50.633+0000] {dagbag.py:545} INFO - Filling up the DagBag from /opt/airflow/dags/minio_to_snowflake_dag.py
[2026-01-26T21:53:51.174+0000] {processor.py:840} INFO - DAG(s) 'minio_to_snowflake_banking' retrieved from /opt/airflow/dags/minio_to_snowflake_dag.py
[2026-01-26T21:53:51.190+0000] {logging_mixin.py:188} INFO - [2026-01-26T21:53:51.189+0000] {dag.py:3089} INFO - Sync 1 DAGs
[2026-01-26T21:53:51.198+0000] {logging_mixin.py:188} INFO - [2026-01-26T21:53:51.198+0000] {dag.py:3947} INFO - Setting next_dagrun for minio_to_snowflake_banking to 2026-01-26 21:52:00+00:00, run_after=2026-01-26 21:53:00+00:00
[2026-01-26T21:53:51.205+0000] {processor.py:183} INFO - Processing /opt/airflow/dags/minio_to_snowflake_dag.py took 0.586 seconds
[2026-01-26T21:54:21.561+0000] {processor.py:161} INFO - Started process (PID=150) to work on /opt/airflow/dags/minio_to_snowflake_dag.py
[2026-01-26T21:54:21.562+0000] {processor.py:830} INFO - Processing file /opt/airflow/dags/minio_to_snowflake_dag.py for tasks to queue
[2026-01-26T21:54:21.563+0000] {logging_mixin.py:188} INFO - [2026-01-26T21:54:21.563+0000] {dagbag.py:545} INFO - Filling up the DagBag from /opt/airflow/dags/minio_to_snowflake_dag.py
[2026-01-26T21:54:21.920+0000] {processor.py:840} INFO - DAG(s) 'minio_to_snowflake_banking' retrieved from /opt/airflow/dags/minio_to_snowflake_dag.py
[2026-01-26T21:54:21.930+0000] {logging_mixin.py:188} INFO - [2026-01-26T21:54:21.930+0000] {dag.py:3089} INFO - Sync 1 DAGs
[2026-01-26T21:54:21.937+0000] {logging_mixin.py:188} INFO - [2026-01-26T21:54:21.937+0000] {dag.py:3947} INFO - Setting next_dagrun for minio_to_snowflake_banking to 2026-01-26 21:53:00+00:00, run_after=2026-01-26 21:54:00+00:00
[2026-01-26T21:54:21.945+0000] {processor.py:183} INFO - Processing /opt/airflow/dags/minio_to_snowflake_dag.py took 0.400 seconds
[2026-01-26T21:54:52.150+0000] {processor.py:161} INFO - Started process (PID=155) to work on /opt/airflow/dags/minio_to_snowflake_dag.py
[2026-01-26T21:54:52.151+0000] {processor.py:830} INFO - Processing file /opt/airflow/dags/minio_to_snowflake_dag.py for tasks to queue
[2026-01-26T21:54:52.152+0000] {logging_mixin.py:188} INFO - [2026-01-26T21:54:52.151+0000] {dagbag.py:545} INFO - Filling up the DagBag from /opt/airflow/dags/minio_to_snowflake_dag.py
[2026-01-26T21:54:52.404+0000] {processor.py:840} INFO - DAG(s) 'minio_to_snowflake_banking' retrieved from /opt/airflow/dags/minio_to_snowflake_dag.py
[2026-01-26T21:54:52.415+0000] {logging_mixin.py:188} INFO - [2026-01-26T21:54:52.414+0000] {dag.py:3089} INFO - Sync 1 DAGs
[2026-01-26T21:54:52.423+0000] {logging_mixin.py:188} INFO - [2026-01-26T21:54:52.423+0000] {dag.py:3947} INFO - Setting next_dagrun for minio_to_snowflake_banking to 2026-01-26 21:53:00+00:00, run_after=2026-01-26 21:54:00+00:00
[2026-01-26T21:54:52.429+0000] {processor.py:183} INFO - Processing /opt/airflow/dags/minio_to_snowflake_dag.py took 0.288 seconds
[2026-01-26T21:55:22.725+0000] {processor.py:161} INFO - Started process (PID=160) to work on /opt/airflow/dags/minio_to_snowflake_dag.py
[2026-01-26T21:55:22.727+0000] {processor.py:830} INFO - Processing file /opt/airflow/dags/minio_to_snowflake_dag.py for tasks to queue
[2026-01-26T21:55:22.729+0000] {logging_mixin.py:188} INFO - [2026-01-26T21:55:22.728+0000] {dagbag.py:545} INFO - Filling up the DagBag from /opt/airflow/dags/minio_to_snowflake_dag.py
[2026-01-26T21:55:23.148+0000] {processor.py:840} INFO - DAG(s) 'minio_to_snowflake_banking' retrieved from /opt/airflow/dags/minio_to_snowflake_dag.py
[2026-01-26T21:55:23.160+0000] {logging_mixin.py:188} INFO - [2026-01-26T21:55:23.160+0000] {dag.py:3089} INFO - Sync 1 DAGs
[2026-01-26T21:55:23.168+0000] {logging_mixin.py:188} INFO - [2026-01-26T21:55:23.168+0000] {dag.py:3947} INFO - Setting next_dagrun for minio_to_snowflake_banking to 2026-01-26 21:54:00+00:00, run_after=2026-01-26 21:55:00+00:00
[2026-01-26T21:55:23.174+0000] {processor.py:183} INFO - Processing /opt/airflow/dags/minio_to_snowflake_dag.py took 0.461 seconds
[2026-01-26T21:55:53.519+0000] {processor.py:161} INFO - Started process (PID=165) to work on /opt/airflow/dags/minio_to_snowflake_dag.py
[2026-01-26T21:55:53.521+0000] {processor.py:830} INFO - Processing file /opt/airflow/dags/minio_to_snowflake_dag.py for tasks to queue
[2026-01-26T21:55:53.522+0000] {logging_mixin.py:188} INFO - [2026-01-26T21:55:53.521+0000] {dagbag.py:545} INFO - Filling up the DagBag from /opt/airflow/dags/minio_to_snowflake_dag.py
[2026-01-26T21:55:53.994+0000] {processor.py:840} INFO - DAG(s) 'minio_to_snowflake_banking' retrieved from /opt/airflow/dags/minio_to_snowflake_dag.py
[2026-01-26T21:55:54.010+0000] {logging_mixin.py:188} INFO - [2026-01-26T21:55:54.010+0000] {dag.py:3089} INFO - Sync 1 DAGs
[2026-01-26T21:55:54.020+0000] {logging_mixin.py:188} INFO - [2026-01-26T21:55:54.020+0000] {dag.py:3947} INFO - Setting next_dagrun for minio_to_snowflake_banking to 2026-01-26 21:54:00+00:00, run_after=2026-01-26 21:55:00+00:00
[2026-01-26T21:55:54.026+0000] {processor.py:183} INFO - Processing /opt/airflow/dags/minio_to_snowflake_dag.py took 0.519 seconds
[2026-01-26T21:56:24.347+0000] {processor.py:161} INFO - Started process (PID=170) to work on /opt/airflow/dags/minio_to_snowflake_dag.py
[2026-01-26T21:56:24.349+0000] {processor.py:830} INFO - Processing file /opt/airflow/dags/minio_to_snowflake_dag.py for tasks to queue
[2026-01-26T21:56:24.351+0000] {logging_mixin.py:188} INFO - [2026-01-26T21:56:24.350+0000] {dagbag.py:545} INFO - Filling up the DagBag from /opt/airflow/dags/minio_to_snowflake_dag.py
[2026-01-26T21:56:24.876+0000] {processor.py:840} INFO - DAG(s) 'minio_to_snowflake_banking' retrieved from /opt/airflow/dags/minio_to_snowflake_dag.py
[2026-01-26T21:56:24.888+0000] {logging_mixin.py:188} INFO - [2026-01-26T21:56:24.888+0000] {dag.py:3089} INFO - Sync 1 DAGs
[2026-01-26T21:56:24.896+0000] {logging_mixin.py:188} INFO - [2026-01-26T21:56:24.896+0000] {dag.py:3947} INFO - Setting next_dagrun for minio_to_snowflake_banking to 2026-01-26 21:55:00+00:00, run_after=2026-01-26 21:56:00+00:00
[2026-01-26T21:56:24.902+0000] {processor.py:183} INFO - Processing /opt/airflow/dags/minio_to_snowflake_dag.py took 0.567 seconds
[2026-01-26T21:56:55.220+0000] {processor.py:161} INFO - Started process (PID=175) to work on /opt/airflow/dags/minio_to_snowflake_dag.py
[2026-01-26T21:56:55.222+0000] {processor.py:830} INFO - Processing file /opt/airflow/dags/minio_to_snowflake_dag.py for tasks to queue
[2026-01-26T21:56:55.224+0000] {logging_mixin.py:188} INFO - [2026-01-26T21:56:55.223+0000] {dagbag.py:545} INFO - Filling up the DagBag from /opt/airflow/dags/minio_to_snowflake_dag.py
[2026-01-26T21:56:55.827+0000] {processor.py:840} INFO - DAG(s) 'minio_to_snowflake_banking' retrieved from /opt/airflow/dags/minio_to_snowflake_dag.py
[2026-01-26T21:56:55.857+0000] {logging_mixin.py:188} INFO - [2026-01-26T21:56:55.857+0000] {dag.py:3089} INFO - Sync 1 DAGs
[2026-01-26T21:56:55.867+0000] {logging_mixin.py:188} INFO - [2026-01-26T21:56:55.867+0000] {dag.py:3947} INFO - Setting next_dagrun for minio_to_snowflake_banking to 2026-01-26 21:55:00+00:00, run_after=2026-01-26 21:56:00+00:00
[2026-01-26T21:56:55.873+0000] {processor.py:183} INFO - Processing /opt/airflow/dags/minio_to_snowflake_dag.py took 0.664 seconds
[2026-01-26T21:57:26.133+0000] {processor.py:161} INFO - Started process (PID=180) to work on /opt/airflow/dags/minio_to_snowflake_dag.py
[2026-01-26T21:57:26.134+0000] {processor.py:830} INFO - Processing file /opt/airflow/dags/minio_to_snowflake_dag.py for tasks to queue
[2026-01-26T21:57:26.136+0000] {logging_mixin.py:188} INFO - [2026-01-26T21:57:26.135+0000] {dagbag.py:545} INFO - Filling up the DagBag from /opt/airflow/dags/minio_to_snowflake_dag.py
[2026-01-26T21:57:26.490+0000] {processor.py:840} INFO - DAG(s) 'minio_to_snowflake_banking' retrieved from /opt/airflow/dags/minio_to_snowflake_dag.py
[2026-01-26T21:57:26.501+0000] {logging_mixin.py:188} INFO - [2026-01-26T21:57:26.501+0000] {dag.py:3089} INFO - Sync 1 DAGs
[2026-01-26T21:57:26.509+0000] {logging_mixin.py:188} INFO - [2026-01-26T21:57:26.509+0000] {dag.py:3947} INFO - Setting next_dagrun for minio_to_snowflake_banking to 2026-01-26 21:56:00+00:00, run_after=2026-01-26 21:57:00+00:00
[2026-01-26T21:57:26.514+0000] {processor.py:183} INFO - Processing /opt/airflow/dags/minio_to_snowflake_dag.py took 0.391 seconds
[2026-01-26T21:57:56.770+0000] {processor.py:161} INFO - Started process (PID=185) to work on /opt/airflow/dags/minio_to_snowflake_dag.py
[2026-01-26T21:57:56.771+0000] {processor.py:830} INFO - Processing file /opt/airflow/dags/minio_to_snowflake_dag.py for tasks to queue
[2026-01-26T21:57:56.773+0000] {logging_mixin.py:188} INFO - [2026-01-26T21:57:56.772+0000] {dagbag.py:545} INFO - Filling up the DagBag from /opt/airflow/dags/minio_to_snowflake_dag.py
[2026-01-26T21:57:57.129+0000] {processor.py:840} INFO - DAG(s) 'minio_to_snowflake_banking' retrieved from /opt/airflow/dags/minio_to_snowflake_dag.py
[2026-01-26T21:57:57.139+0000] {logging_mixin.py:188} INFO - [2026-01-26T21:57:57.138+0000] {dag.py:3089} INFO - Sync 1 DAGs
[2026-01-26T21:57:57.145+0000] {logging_mixin.py:188} INFO - [2026-01-26T21:57:57.145+0000] {dag.py:3947} INFO - Setting next_dagrun for minio_to_snowflake_banking to 2026-01-26 21:56:00+00:00, run_after=2026-01-26 21:57:00+00:00
[2026-01-26T21:57:57.150+0000] {processor.py:183} INFO - Processing /opt/airflow/dags/minio_to_snowflake_dag.py took 0.390 seconds
[2026-01-26T21:58:27.399+0000] {processor.py:161} INFO - Started process (PID=190) to work on /opt/airflow/dags/minio_to_snowflake_dag.py
[2026-01-26T21:58:27.401+0000] {processor.py:830} INFO - Processing file /opt/airflow/dags/minio_to_snowflake_dag.py for tasks to queue
[2026-01-26T21:58:27.402+0000] {logging_mixin.py:188} INFO - [2026-01-26T21:58:27.402+0000] {dagbag.py:545} INFO - Filling up the DagBag from /opt/airflow/dags/minio_to_snowflake_dag.py
[2026-01-26T21:58:27.891+0000] {processor.py:840} INFO - DAG(s) 'minio_to_snowflake_banking' retrieved from /opt/airflow/dags/minio_to_snowflake_dag.py
[2026-01-26T21:58:27.905+0000] {logging_mixin.py:188} INFO - [2026-01-26T21:58:27.905+0000] {dag.py:3089} INFO - Sync 1 DAGs
[2026-01-26T21:58:27.913+0000] {logging_mixin.py:188} INFO - [2026-01-26T21:58:27.913+0000] {dag.py:3947} INFO - Setting next_dagrun for minio_to_snowflake_banking to 2026-01-26 21:57:00+00:00, run_after=2026-01-26 21:58:00+00:00
[2026-01-26T21:58:27.933+0000] {processor.py:183} INFO - Processing /opt/airflow/dags/minio_to_snowflake_dag.py took 0.543 seconds
[2026-01-26T21:58:58.201+0000] {processor.py:161} INFO - Started process (PID=195) to work on /opt/airflow/dags/minio_to_snowflake_dag.py
[2026-01-26T21:58:58.202+0000] {processor.py:830} INFO - Processing file /opt/airflow/dags/minio_to_snowflake_dag.py for tasks to queue
[2026-01-26T21:58:58.203+0000] {logging_mixin.py:188} INFO - [2026-01-26T21:58:58.203+0000] {dagbag.py:545} INFO - Filling up the DagBag from /opt/airflow/dags/minio_to_snowflake_dag.py
[2026-01-26T21:58:58.690+0000] {processor.py:840} INFO - DAG(s) 'minio_to_snowflake_banking' retrieved from /opt/airflow/dags/minio_to_snowflake_dag.py
[2026-01-26T21:58:58.701+0000] {logging_mixin.py:188} INFO - [2026-01-26T21:58:58.701+0000] {dag.py:3089} INFO - Sync 1 DAGs
[2026-01-26T21:58:58.710+0000] {logging_mixin.py:188} INFO - [2026-01-26T21:58:58.710+0000] {dag.py:3947} INFO - Setting next_dagrun for minio_to_snowflake_banking to 2026-01-26 21:57:00+00:00, run_after=2026-01-26 21:58:00+00:00
[2026-01-26T21:58:58.715+0000] {processor.py:183} INFO - Processing /opt/airflow/dags/minio_to_snowflake_dag.py took 0.528 seconds
[2026-01-26T21:59:28.935+0000] {processor.py:161} INFO - Started process (PID=200) to work on /opt/airflow/dags/minio_to_snowflake_dag.py
[2026-01-26T21:59:28.936+0000] {processor.py:830} INFO - Processing file /opt/airflow/dags/minio_to_snowflake_dag.py for tasks to queue
[2026-01-26T21:59:28.939+0000] {logging_mixin.py:188} INFO - [2026-01-26T21:59:28.937+0000] {dagbag.py:545} INFO - Filling up the DagBag from /opt/airflow/dags/minio_to_snowflake_dag.py
[2026-01-26T21:59:29.412+0000] {processor.py:840} INFO - DAG(s) 'minio_to_snowflake_banking' retrieved from /opt/airflow/dags/minio_to_snowflake_dag.py
[2026-01-26T21:59:29.425+0000] {logging_mixin.py:188} INFO - [2026-01-26T21:59:29.424+0000] {dag.py:3089} INFO - Sync 1 DAGs
[2026-01-26T21:59:29.433+0000] {logging_mixin.py:188} INFO - [2026-01-26T21:59:29.433+0000] {dag.py:3947} INFO - Setting next_dagrun for minio_to_snowflake_banking to 2026-01-26 21:58:00+00:00, run_after=2026-01-26 21:59:00+00:00
[2026-01-26T21:59:29.439+0000] {processor.py:183} INFO - Processing /opt/airflow/dags/minio_to_snowflake_dag.py took 0.519 seconds
[2026-01-26T21:59:59.771+0000] {processor.py:161} INFO - Started process (PID=205) to work on /opt/airflow/dags/minio_to_snowflake_dag.py
[2026-01-26T21:59:59.772+0000] {processor.py:830} INFO - Processing file /opt/airflow/dags/minio_to_snowflake_dag.py for tasks to queue
[2026-01-26T21:59:59.774+0000] {logging_mixin.py:188} INFO - [2026-01-26T21:59:59.773+0000] {dagbag.py:545} INFO - Filling up the DagBag from /opt/airflow/dags/minio_to_snowflake_dag.py
[2026-01-26T22:00:00.332+0000] {processor.py:840} INFO - DAG(s) 'minio_to_snowflake_banking' retrieved from /opt/airflow/dags/minio_to_snowflake_dag.py
[2026-01-26T22:00:00.347+0000] {logging_mixin.py:188} INFO - [2026-01-26T22:00:00.347+0000] {dag.py:3089} INFO - Sync 1 DAGs
[2026-01-26T22:00:00.355+0000] {logging_mixin.py:188} INFO - [2026-01-26T22:00:00.355+0000] {dag.py:3947} INFO - Setting next_dagrun for minio_to_snowflake_banking to 2026-01-26 21:59:00+00:00, run_after=2026-01-26 22:00:00+00:00
[2026-01-26T22:00:00.362+0000] {processor.py:183} INFO - Processing /opt/airflow/dags/minio_to_snowflake_dag.py took 0.626 seconds
[2026-01-26T22:00:30.508+0000] {processor.py:161} INFO - Started process (PID=210) to work on /opt/airflow/dags/minio_to_snowflake_dag.py
[2026-01-26T22:00:30.510+0000] {processor.py:830} INFO - Processing file /opt/airflow/dags/minio_to_snowflake_dag.py for tasks to queue
[2026-01-26T22:00:30.511+0000] {logging_mixin.py:188} INFO - [2026-01-26T22:00:30.511+0000] {dagbag.py:545} INFO - Filling up the DagBag from /opt/airflow/dags/minio_to_snowflake_dag.py
[2026-01-26T22:00:30.943+0000] {processor.py:840} INFO - DAG(s) 'minio_to_snowflake_banking' retrieved from /opt/airflow/dags/minio_to_snowflake_dag.py
[2026-01-26T22:00:30.962+0000] {logging_mixin.py:188} INFO - [2026-01-26T22:00:30.962+0000] {dag.py:3089} INFO - Sync 1 DAGs
[2026-01-26T22:00:30.979+0000] {logging_mixin.py:188} INFO - [2026-01-26T22:00:30.979+0000] {dag.py:3947} INFO - Setting next_dagrun for minio_to_snowflake_banking to 2026-01-26 21:59:00+00:00, run_after=2026-01-26 22:00:00+00:00
[2026-01-26T22:00:30.985+0000] {processor.py:183} INFO - Processing /opt/airflow/dags/minio_to_snowflake_dag.py took 0.488 seconds
[2026-01-26T22:01:01.310+0000] {processor.py:161} INFO - Started process (PID=215) to work on /opt/airflow/dags/minio_to_snowflake_dag.py
[2026-01-26T22:01:01.315+0000] {processor.py:830} INFO - Processing file /opt/airflow/dags/minio_to_snowflake_dag.py for tasks to queue
[2026-01-26T22:01:01.316+0000] {logging_mixin.py:188} INFO - [2026-01-26T22:01:01.316+0000] {dagbag.py:545} INFO - Filling up the DagBag from /opt/airflow/dags/minio_to_snowflake_dag.py
[2026-01-26T22:01:01.670+0000] {processor.py:840} INFO - DAG(s) 'minio_to_snowflake_banking' retrieved from /opt/airflow/dags/minio_to_snowflake_dag.py
[2026-01-26T22:01:01.681+0000] {logging_mixin.py:188} INFO - [2026-01-26T22:01:01.681+0000] {dag.py:3089} INFO - Sync 1 DAGs
[2026-01-26T22:01:01.690+0000] {logging_mixin.py:188} INFO - [2026-01-26T22:01:01.690+0000] {dag.py:3947} INFO - Setting next_dagrun for minio_to_snowflake_banking to 2026-01-26 22:00:00+00:00, run_after=2026-01-26 22:01:00+00:00
[2026-01-26T22:01:01.695+0000] {processor.py:183} INFO - Processing /opt/airflow/dags/minio_to_snowflake_dag.py took 0.437 seconds
[2026-01-26T22:01:31.981+0000] {processor.py:161} INFO - Started process (PID=220) to work on /opt/airflow/dags/minio_to_snowflake_dag.py
[2026-01-26T22:01:31.982+0000] {processor.py:830} INFO - Processing file /opt/airflow/dags/minio_to_snowflake_dag.py for tasks to queue
[2026-01-26T22:01:31.984+0000] {logging_mixin.py:188} INFO - [2026-01-26T22:01:31.983+0000] {dagbag.py:545} INFO - Filling up the DagBag from /opt/airflow/dags/minio_to_snowflake_dag.py
[2026-01-26T22:01:32.356+0000] {processor.py:840} INFO - DAG(s) 'minio_to_snowflake_banking' retrieved from /opt/airflow/dags/minio_to_snowflake_dag.py
[2026-01-26T22:01:32.368+0000] {logging_mixin.py:188} INFO - [2026-01-26T22:01:32.368+0000] {dag.py:3089} INFO - Sync 1 DAGs
[2026-01-26T22:01:32.376+0000] {logging_mixin.py:188} INFO - [2026-01-26T22:01:32.376+0000] {dag.py:3947} INFO - Setting next_dagrun for minio_to_snowflake_banking to 2026-01-26 22:00:00+00:00, run_after=2026-01-26 22:01:00+00:00
[2026-01-26T22:01:32.382+0000] {processor.py:183} INFO - Processing /opt/airflow/dags/minio_to_snowflake_dag.py took 0.411 seconds
[2026-01-26T22:02:02.743+0000] {processor.py:161} INFO - Started process (PID=225) to work on /opt/airflow/dags/minio_to_snowflake_dag.py
[2026-01-26T22:02:02.745+0000] {processor.py:830} INFO - Processing file /opt/airflow/dags/minio_to_snowflake_dag.py for tasks to queue
[2026-01-26T22:02:02.746+0000] {logging_mixin.py:188} INFO - [2026-01-26T22:02:02.746+0000] {dagbag.py:545} INFO - Filling up the DagBag from /opt/airflow/dags/minio_to_snowflake_dag.py
[2026-01-26T22:02:03.288+0000] {processor.py:840} INFO - DAG(s) 'minio_to_snowflake_banking' retrieved from /opt/airflow/dags/minio_to_snowflake_dag.py
[2026-01-26T22:02:03.302+0000] {logging_mixin.py:188} INFO - [2026-01-26T22:02:03.302+0000] {dag.py:3089} INFO - Sync 1 DAGs
[2026-01-26T22:02:03.314+0000] {logging_mixin.py:188} INFO - [2026-01-26T22:02:03.314+0000] {dag.py:3947} INFO - Setting next_dagrun for minio_to_snowflake_banking to 2026-01-26 22:01:00+00:00, run_after=2026-01-26 22:02:00+00:00
[2026-01-26T22:02:03.320+0000] {processor.py:183} INFO - Processing /opt/airflow/dags/minio_to_snowflake_dag.py took 0.609 seconds
[2026-01-26T22:02:33.577+0000] {processor.py:161} INFO - Started process (PID=230) to work on /opt/airflow/dags/minio_to_snowflake_dag.py
[2026-01-26T22:02:33.579+0000] {processor.py:830} INFO - Processing file /opt/airflow/dags/minio_to_snowflake_dag.py for tasks to queue
[2026-01-26T22:02:33.580+0000] {logging_mixin.py:188} INFO - [2026-01-26T22:02:33.580+0000] {dagbag.py:545} INFO - Filling up the DagBag from /opt/airflow/dags/minio_to_snowflake_dag.py
[2026-01-26T22:02:34.166+0000] {processor.py:840} INFO - DAG(s) 'minio_to_snowflake_banking' retrieved from /opt/airflow/dags/minio_to_snowflake_dag.py
[2026-01-26T22:02:34.187+0000] {logging_mixin.py:188} INFO - [2026-01-26T22:02:34.186+0000] {dag.py:3089} INFO - Sync 1 DAGs
[2026-01-26T22:02:34.196+0000] {logging_mixin.py:188} INFO - [2026-01-26T22:02:34.196+0000] {dag.py:3947} INFO - Setting next_dagrun for minio_to_snowflake_banking to 2026-01-26 22:01:00+00:00, run_after=2026-01-26 22:02:00+00:00
[2026-01-26T22:02:34.201+0000] {processor.py:183} INFO - Processing /opt/airflow/dags/minio_to_snowflake_dag.py took 0.638 seconds
[2026-01-26T22:03:04.511+0000] {processor.py:161} INFO - Started process (PID=235) to work on /opt/airflow/dags/minio_to_snowflake_dag.py
[2026-01-26T22:03:04.512+0000] {processor.py:830} INFO - Processing file /opt/airflow/dags/minio_to_snowflake_dag.py for tasks to queue
[2026-01-26T22:03:04.514+0000] {logging_mixin.py:188} INFO - [2026-01-26T22:03:04.513+0000] {dagbag.py:545} INFO - Filling up the DagBag from /opt/airflow/dags/minio_to_snowflake_dag.py
[2026-01-26T22:03:05.005+0000] {processor.py:840} INFO - DAG(s) 'minio_to_snowflake_banking' retrieved from /opt/airflow/dags/minio_to_snowflake_dag.py
[2026-01-26T22:03:05.020+0000] {logging_mixin.py:188} INFO - [2026-01-26T22:03:05.020+0000] {dag.py:3089} INFO - Sync 1 DAGs
[2026-01-26T22:03:05.030+0000] {logging_mixin.py:188} INFO - [2026-01-26T22:03:05.030+0000] {dag.py:3947} INFO - Setting next_dagrun for minio_to_snowflake_banking to 2026-01-26 22:02:00+00:00, run_after=2026-01-26 22:03:00+00:00
[2026-01-26T22:03:05.040+0000] {processor.py:183} INFO - Processing /opt/airflow/dags/minio_to_snowflake_dag.py took 0.542 seconds
[2026-01-26T22:03:35.183+0000] {processor.py:161} INFO - Started process (PID=240) to work on /opt/airflow/dags/minio_to_snowflake_dag.py
[2026-01-26T22:03:35.184+0000] {processor.py:830} INFO - Processing file /opt/airflow/dags/minio_to_snowflake_dag.py for tasks to queue
[2026-01-26T22:03:35.185+0000] {logging_mixin.py:188} INFO - [2026-01-26T22:03:35.184+0000] {dagbag.py:545} INFO - Filling up the DagBag from /opt/airflow/dags/minio_to_snowflake_dag.py
[2026-01-26T22:03:35.597+0000] {processor.py:840} INFO - DAG(s) 'minio_to_snowflake_banking' retrieved from /opt/airflow/dags/minio_to_snowflake_dag.py
[2026-01-26T22:03:35.613+0000] {logging_mixin.py:188} INFO - [2026-01-26T22:03:35.612+0000] {dag.py:3089} INFO - Sync 1 DAGs
[2026-01-26T22:03:35.621+0000] {logging_mixin.py:188} INFO - [2026-01-26T22:03:35.621+0000] {dag.py:3947} INFO - Setting next_dagrun for minio_to_snowflake_banking to 2026-01-26 22:02:00+00:00, run_after=2026-01-26 22:03:00+00:00
[2026-01-26T22:03:35.628+0000] {processor.py:183} INFO - Processing /opt/airflow/dags/minio_to_snowflake_dag.py took 0.458 seconds
[2026-01-26T22:04:05.964+0000] {processor.py:161} INFO - Started process (PID=245) to work on /opt/airflow/dags/minio_to_snowflake_dag.py
[2026-01-26T22:04:05.965+0000] {processor.py:830} INFO - Processing file /opt/airflow/dags/minio_to_snowflake_dag.py for tasks to queue
[2026-01-26T22:04:05.966+0000] {logging_mixin.py:188} INFO - [2026-01-26T22:04:05.965+0000] {dagbag.py:545} INFO - Filling up the DagBag from /opt/airflow/dags/minio_to_snowflake_dag.py
[2026-01-26T22:04:06.379+0000] {processor.py:840} INFO - DAG(s) 'minio_to_snowflake_banking' retrieved from /opt/airflow/dags/minio_to_snowflake_dag.py
[2026-01-26T22:04:06.395+0000] {logging_mixin.py:188} INFO - [2026-01-26T22:04:06.394+0000] {dag.py:3089} INFO - Sync 1 DAGs
[2026-01-26T22:04:06.403+0000] {logging_mixin.py:188} INFO - [2026-01-26T22:04:06.403+0000] {dag.py:3947} INFO - Setting next_dagrun for minio_to_snowflake_banking to 2026-01-26 22:03:00+00:00, run_after=2026-01-26 22:04:00+00:00
[2026-01-26T22:04:06.409+0000] {processor.py:183} INFO - Processing /opt/airflow/dags/minio_to_snowflake_dag.py took 0.462 seconds
[2026-01-26T22:04:36.686+0000] {processor.py:161} INFO - Started process (PID=250) to work on /opt/airflow/dags/minio_to_snowflake_dag.py
[2026-01-26T22:04:36.688+0000] {processor.py:830} INFO - Processing file /opt/airflow/dags/minio_to_snowflake_dag.py for tasks to queue
[2026-01-26T22:04:36.689+0000] {logging_mixin.py:188} INFO - [2026-01-26T22:04:36.688+0000] {dagbag.py:545} INFO - Filling up the DagBag from /opt/airflow/dags/minio_to_snowflake_dag.py
[2026-01-26T22:04:37.160+0000] {processor.py:840} INFO - DAG(s) 'minio_to_snowflake_banking' retrieved from /opt/airflow/dags/minio_to_snowflake_dag.py
[2026-01-26T22:04:37.175+0000] {logging_mixin.py:188} INFO - [2026-01-26T22:04:37.175+0000] {dag.py:3089} INFO - Sync 1 DAGs
[2026-01-26T22:04:37.184+0000] {logging_mixin.py:188} INFO - [2026-01-26T22:04:37.184+0000] {dag.py:3947} INFO - Setting next_dagrun for minio_to_snowflake_banking to 2026-01-26 22:03:00+00:00, run_after=2026-01-26 22:04:00+00:00
[2026-01-26T22:04:37.189+0000] {processor.py:183} INFO - Processing /opt/airflow/dags/minio_to_snowflake_dag.py took 0.515 seconds
[2026-01-26T22:05:07.497+0000] {processor.py:161} INFO - Started process (PID=255) to work on /opt/airflow/dags/minio_to_snowflake_dag.py
[2026-01-26T22:05:07.500+0000] {processor.py:830} INFO - Processing file /opt/airflow/dags/minio_to_snowflake_dag.py for tasks to queue
[2026-01-26T22:05:07.502+0000] {logging_mixin.py:188} INFO - [2026-01-26T22:05:07.501+0000] {dagbag.py:545} INFO - Filling up the DagBag from /opt/airflow/dags/minio_to_snowflake_dag.py
[2026-01-26T22:05:07.995+0000] {processor.py:840} INFO - DAG(s) 'minio_to_snowflake_banking' retrieved from /opt/airflow/dags/minio_to_snowflake_dag.py
[2026-01-26T22:05:08.010+0000] {logging_mixin.py:188} INFO - [2026-01-26T22:05:08.010+0000] {dag.py:3089} INFO - Sync 1 DAGs
[2026-01-26T22:05:08.021+0000] {logging_mixin.py:188} INFO - [2026-01-26T22:05:08.020+0000] {dag.py:3947} INFO - Setting next_dagrun for minio_to_snowflake_banking to 2026-01-26 22:04:00+00:00, run_after=2026-01-26 22:05:00+00:00
[2026-01-26T22:05:08.030+0000] {processor.py:183} INFO - Processing /opt/airflow/dags/minio_to_snowflake_dag.py took 0.550 seconds
[2026-01-26T22:05:38.311+0000] {processor.py:161} INFO - Started process (PID=260) to work on /opt/airflow/dags/minio_to_snowflake_dag.py
[2026-01-26T22:05:38.312+0000] {processor.py:830} INFO - Processing file /opt/airflow/dags/minio_to_snowflake_dag.py for tasks to queue
[2026-01-26T22:05:38.314+0000] {logging_mixin.py:188} INFO - [2026-01-26T22:05:38.313+0000] {dagbag.py:545} INFO - Filling up the DagBag from /opt/airflow/dags/minio_to_snowflake_dag.py
[2026-01-26T22:05:38.691+0000] {processor.py:840} INFO - DAG(s) 'minio_to_snowflake_banking' retrieved from /opt/airflow/dags/minio_to_snowflake_dag.py
[2026-01-26T22:05:38.713+0000] {logging_mixin.py:188} INFO - [2026-01-26T22:05:38.713+0000] {dag.py:3089} INFO - Sync 1 DAGs
[2026-01-26T22:05:38.724+0000] {logging_mixin.py:188} INFO - [2026-01-26T22:05:38.724+0000] {dag.py:3947} INFO - Setting next_dagrun for minio_to_snowflake_banking to 2026-01-26 22:04:00+00:00, run_after=2026-01-26 22:05:00+00:00
[2026-01-26T22:05:38.743+0000] {processor.py:183} INFO - Processing /opt/airflow/dags/minio_to_snowflake_dag.py took 0.448 seconds
[2026-01-26T22:06:09.074+0000] {processor.py:161} INFO - Started process (PID=265) to work on /opt/airflow/dags/minio_to_snowflake_dag.py
[2026-01-26T22:06:09.080+0000] {processor.py:830} INFO - Processing file /opt/airflow/dags/minio_to_snowflake_dag.py for tasks to queue
[2026-01-26T22:06:09.082+0000] {logging_mixin.py:188} INFO - [2026-01-26T22:06:09.081+0000] {dagbag.py:545} INFO - Filling up the DagBag from /opt/airflow/dags/minio_to_snowflake_dag.py
[2026-01-26T22:06:09.573+0000] {processor.py:840} INFO - DAG(s) 'minio_to_snowflake_banking' retrieved from /opt/airflow/dags/minio_to_snowflake_dag.py
[2026-01-26T22:06:09.585+0000] {logging_mixin.py:188} INFO - [2026-01-26T22:06:09.585+0000] {dag.py:3089} INFO - Sync 1 DAGs
[2026-01-26T22:06:09.594+0000] {logging_mixin.py:188} INFO - [2026-01-26T22:06:09.594+0000] {dag.py:3947} INFO - Setting next_dagrun for minio_to_snowflake_banking to 2026-01-26 22:05:00+00:00, run_after=2026-01-26 22:06:00+00:00
[2026-01-26T22:06:09.599+0000] {processor.py:183} INFO - Processing /opt/airflow/dags/minio_to_snowflake_dag.py took 0.545 seconds
[2026-01-26T22:06:39.863+0000] {processor.py:161} INFO - Started process (PID=270) to work on /opt/airflow/dags/minio_to_snowflake_dag.py
[2026-01-26T22:06:39.865+0000] {processor.py:830} INFO - Processing file /opt/airflow/dags/minio_to_snowflake_dag.py for tasks to queue
[2026-01-26T22:06:39.866+0000] {logging_mixin.py:188} INFO - [2026-01-26T22:06:39.866+0000] {dagbag.py:545} INFO - Filling up the DagBag from /opt/airflow/dags/minio_to_snowflake_dag.py
[2026-01-26T22:06:40.409+0000] {processor.py:840} INFO - DAG(s) 'minio_to_snowflake_banking' retrieved from /opt/airflow/dags/minio_to_snowflake_dag.py
[2026-01-26T22:06:40.423+0000] {logging_mixin.py:188} INFO - [2026-01-26T22:06:40.422+0000] {dag.py:3089} INFO - Sync 1 DAGs
[2026-01-26T22:06:40.430+0000] {logging_mixin.py:188} INFO - [2026-01-26T22:06:40.430+0000] {dag.py:3947} INFO - Setting next_dagrun for minio_to_snowflake_banking to 2026-01-26 22:05:00+00:00, run_after=2026-01-26 22:06:00+00:00
[2026-01-26T22:06:40.436+0000] {processor.py:183} INFO - Processing /opt/airflow/dags/minio_to_snowflake_dag.py took 0.586 seconds
[2026-01-26T22:07:10.576+0000] {processor.py:161} INFO - Started process (PID=275) to work on /opt/airflow/dags/minio_to_snowflake_dag.py
[2026-01-26T22:07:10.577+0000] {processor.py:830} INFO - Processing file /opt/airflow/dags/minio_to_snowflake_dag.py for tasks to queue
[2026-01-26T22:07:10.579+0000] {logging_mixin.py:188} INFO - [2026-01-26T22:07:10.578+0000] {dagbag.py:545} INFO - Filling up the DagBag from /opt/airflow/dags/minio_to_snowflake_dag.py
[2026-01-26T22:07:10.966+0000] {processor.py:840} INFO - DAG(s) 'minio_to_snowflake_banking' retrieved from /opt/airflow/dags/minio_to_snowflake_dag.py
[2026-01-26T22:07:11.016+0000] {logging_mixin.py:188} INFO - [2026-01-26T22:07:11.016+0000] {dag.py:3089} INFO - Sync 1 DAGs
[2026-01-26T22:07:11.045+0000] {logging_mixin.py:188} INFO - [2026-01-26T22:07:11.045+0000] {dag.py:3947} INFO - Setting next_dagrun for minio_to_snowflake_banking to 2026-01-26 22:06:00+00:00, run_after=2026-01-26 22:07:00+00:00
[2026-01-26T22:07:11.066+0000] {processor.py:183} INFO - Processing /opt/airflow/dags/minio_to_snowflake_dag.py took 0.499 seconds
[2026-01-26T22:07:41.343+0000] {processor.py:161} INFO - Started process (PID=280) to work on /opt/airflow/dags/minio_to_snowflake_dag.py
[2026-01-26T22:07:41.346+0000] {processor.py:830} INFO - Processing file /opt/airflow/dags/minio_to_snowflake_dag.py for tasks to queue
[2026-01-26T22:07:41.348+0000] {logging_mixin.py:188} INFO - [2026-01-26T22:07:41.347+0000] {dagbag.py:545} INFO - Filling up the DagBag from /opt/airflow/dags/minio_to_snowflake_dag.py
[2026-01-26T22:07:41.938+0000] {processor.py:840} INFO - DAG(s) 'minio_to_snowflake_banking' retrieved from /opt/airflow/dags/minio_to_snowflake_dag.py
[2026-01-26T22:07:41.951+0000] {logging_mixin.py:188} INFO - [2026-01-26T22:07:41.950+0000] {dag.py:3089} INFO - Sync 1 DAGs
[2026-01-26T22:07:41.967+0000] {logging_mixin.py:188} INFO - [2026-01-26T22:07:41.967+0000] {dag.py:3947} INFO - Setting next_dagrun for minio_to_snowflake_banking to 2026-01-26 22:06:00+00:00, run_after=2026-01-26 22:07:00+00:00
[2026-01-26T22:07:41.976+0000] {processor.py:183} INFO - Processing /opt/airflow/dags/minio_to_snowflake_dag.py took 0.647 seconds
[2026-01-26T22:08:12.233+0000] {processor.py:161} INFO - Started process (PID=285) to work on /opt/airflow/dags/minio_to_snowflake_dag.py
[2026-01-26T22:08:12.234+0000] {processor.py:830} INFO - Processing file /opt/airflow/dags/minio_to_snowflake_dag.py for tasks to queue
[2026-01-26T22:08:12.236+0000] {logging_mixin.py:188} INFO - [2026-01-26T22:08:12.235+0000] {dagbag.py:545} INFO - Filling up the DagBag from /opt/airflow/dags/minio_to_snowflake_dag.py
[2026-01-26T22:08:12.681+0000] {processor.py:840} INFO - DAG(s) 'minio_to_snowflake_banking' retrieved from /opt/airflow/dags/minio_to_snowflake_dag.py
[2026-01-26T22:08:12.699+0000] {logging_mixin.py:188} INFO - [2026-01-26T22:08:12.699+0000] {dag.py:3089} INFO - Sync 1 DAGs
[2026-01-26T22:08:12.710+0000] {logging_mixin.py:188} INFO - [2026-01-26T22:08:12.710+0000] {dag.py:3947} INFO - Setting next_dagrun for minio_to_snowflake_banking to 2026-01-26 22:07:00+00:00, run_after=2026-01-26 22:08:00+00:00
[2026-01-26T22:08:12.717+0000] {processor.py:183} INFO - Processing /opt/airflow/dags/minio_to_snowflake_dag.py took 0.496 seconds
[2026-01-26T22:08:42.972+0000] {processor.py:161} INFO - Started process (PID=290) to work on /opt/airflow/dags/minio_to_snowflake_dag.py
[2026-01-26T22:08:42.974+0000] {processor.py:830} INFO - Processing file /opt/airflow/dags/minio_to_snowflake_dag.py for tasks to queue
[2026-01-26T22:08:42.975+0000] {logging_mixin.py:188} INFO - [2026-01-26T22:08:42.975+0000] {dagbag.py:545} INFO - Filling up the DagBag from /opt/airflow/dags/minio_to_snowflake_dag.py
[2026-01-26T22:08:43.434+0000] {processor.py:840} INFO - DAG(s) 'minio_to_snowflake_banking' retrieved from /opt/airflow/dags/minio_to_snowflake_dag.py
[2026-01-26T22:08:43.456+0000] {logging_mixin.py:188} INFO - [2026-01-26T22:08:43.456+0000] {dag.py:3089} INFO - Sync 1 DAGs
[2026-01-26T22:08:43.482+0000] {logging_mixin.py:188} INFO - [2026-01-26T22:08:43.481+0000] {dag.py:3947} INFO - Setting next_dagrun for minio_to_snowflake_banking to 2026-01-26 22:07:00+00:00, run_after=2026-01-26 22:08:00+00:00
[2026-01-26T22:08:43.505+0000] {processor.py:183} INFO - Processing /opt/airflow/dags/minio_to_snowflake_dag.py took 0.547 seconds
[2026-01-26T22:09:13.796+0000] {processor.py:161} INFO - Started process (PID=295) to work on /opt/airflow/dags/minio_to_snowflake_dag.py
[2026-01-26T22:09:13.801+0000] {processor.py:830} INFO - Processing file /opt/airflow/dags/minio_to_snowflake_dag.py for tasks to queue
[2026-01-26T22:09:13.804+0000] {logging_mixin.py:188} INFO - [2026-01-26T22:09:13.801+0000] {dagbag.py:545} INFO - Filling up the DagBag from /opt/airflow/dags/minio_to_snowflake_dag.py
[2026-01-26T22:09:14.352+0000] {processor.py:840} INFO - DAG(s) 'minio_to_snowflake_banking' retrieved from /opt/airflow/dags/minio_to_snowflake_dag.py
[2026-01-26T22:09:14.368+0000] {logging_mixin.py:188} INFO - [2026-01-26T22:09:14.368+0000] {dag.py:3089} INFO - Sync 1 DAGs
[2026-01-26T22:09:14.378+0000] {logging_mixin.py:188} INFO - [2026-01-26T22:09:14.378+0000] {dag.py:3947} INFO - Setting next_dagrun for minio_to_snowflake_banking to 2026-01-26 22:08:00+00:00, run_after=2026-01-26 22:09:00+00:00
[2026-01-26T22:09:14.383+0000] {processor.py:183} INFO - Processing /opt/airflow/dags/minio_to_snowflake_dag.py took 0.608 seconds
[2026-01-26T22:09:44.660+0000] {processor.py:161} INFO - Started process (PID=300) to work on /opt/airflow/dags/minio_to_snowflake_dag.py
[2026-01-26T22:09:44.661+0000] {processor.py:830} INFO - Processing file /opt/airflow/dags/minio_to_snowflake_dag.py for tasks to queue
[2026-01-26T22:09:44.661+0000] {logging_mixin.py:188} INFO - [2026-01-26T22:09:44.661+0000] {dagbag.py:545} INFO - Filling up the DagBag from /opt/airflow/dags/minio_to_snowflake_dag.py
[2026-01-26T22:09:45.092+0000] {processor.py:840} INFO - DAG(s) 'minio_to_snowflake_banking' retrieved from /opt/airflow/dags/minio_to_snowflake_dag.py
[2026-01-26T22:09:45.116+0000] {logging_mixin.py:188} INFO - [2026-01-26T22:09:45.115+0000] {dag.py:3089} INFO - Sync 1 DAGs
[2026-01-26T22:09:45.133+0000] {logging_mixin.py:188} INFO - [2026-01-26T22:09:45.133+0000] {dag.py:3947} INFO - Setting next_dagrun for minio_to_snowflake_banking to 2026-01-26 22:08:00+00:00, run_after=2026-01-26 22:09:00+00:00
[2026-01-26T22:09:45.140+0000] {processor.py:183} INFO - Processing /opt/airflow/dags/minio_to_snowflake_dag.py took 0.488 seconds
[2026-01-26T22:10:15.427+0000] {processor.py:161} INFO - Started process (PID=305) to work on /opt/airflow/dags/minio_to_snowflake_dag.py
[2026-01-26T22:10:15.438+0000] {processor.py:830} INFO - Processing file /opt/airflow/dags/minio_to_snowflake_dag.py for tasks to queue
[2026-01-26T22:10:15.443+0000] {logging_mixin.py:188} INFO - [2026-01-26T22:10:15.442+0000] {dagbag.py:545} INFO - Filling up the DagBag from /opt/airflow/dags/minio_to_snowflake_dag.py
[2026-01-26T22:10:17.248+0000] {processor.py:840} INFO - DAG(s) 'minio_to_snowflake_banking' retrieved from /opt/airflow/dags/minio_to_snowflake_dag.py
[2026-01-26T22:10:17.274+0000] {logging_mixin.py:188} INFO - [2026-01-26T22:10:17.274+0000] {dag.py:3089} INFO - Sync 1 DAGs
[2026-01-26T22:10:17.294+0000] {logging_mixin.py:188} INFO - [2026-01-26T22:10:17.294+0000] {dag.py:3947} INFO - Setting next_dagrun for minio_to_snowflake_banking to 2026-01-26 22:09:00+00:00, run_after=2026-01-26 22:10:00+00:00
[2026-01-26T22:10:17.328+0000] {processor.py:183} INFO - Processing /opt/airflow/dags/minio_to_snowflake_dag.py took 1.917 seconds
[2026-01-26T22:10:47.753+0000] {processor.py:161} INFO - Started process (PID=464) to work on /opt/airflow/dags/minio_to_snowflake_dag.py
[2026-01-26T22:10:47.756+0000] {processor.py:830} INFO - Processing file /opt/airflow/dags/minio_to_snowflake_dag.py for tasks to queue
[2026-01-26T22:10:47.760+0000] {logging_mixin.py:188} INFO - [2026-01-26T22:10:47.758+0000] {dagbag.py:545} INFO - Filling up the DagBag from /opt/airflow/dags/minio_to_snowflake_dag.py
[2026-01-26T22:10:48.921+0000] {processor.py:840} INFO - DAG(s) 'minio_to_snowflake_banking' retrieved from /opt/airflow/dags/minio_to_snowflake_dag.py
[2026-01-26T22:10:48.942+0000] {logging_mixin.py:188} INFO - [2026-01-26T22:10:48.942+0000] {dag.py:3089} INFO - Sync 1 DAGs
[2026-01-26T22:10:48.956+0000] {logging_mixin.py:188} INFO - [2026-01-26T22:10:48.956+0000] {dag.py:3947} INFO - Setting next_dagrun for minio_to_snowflake_banking to 2026-01-26 22:10:00+00:00, run_after=2026-01-26 22:11:00+00:00
[2026-01-26T22:10:48.965+0000] {processor.py:183} INFO - Processing /opt/airflow/dags/minio_to_snowflake_dag.py took 1.280 seconds
[2026-01-26T22:11:19.279+0000] {processor.py:161} INFO - Started process (PID=539) to work on /opt/airflow/dags/minio_to_snowflake_dag.py
[2026-01-26T22:11:19.281+0000] {processor.py:830} INFO - Processing file /opt/airflow/dags/minio_to_snowflake_dag.py for tasks to queue
[2026-01-26T22:11:19.284+0000] {logging_mixin.py:188} INFO - [2026-01-26T22:11:19.282+0000] {dagbag.py:545} INFO - Filling up the DagBag from /opt/airflow/dags/minio_to_snowflake_dag.py
[2026-01-26T22:11:19.828+0000] {processor.py:840} INFO - DAG(s) 'minio_to_snowflake_banking' retrieved from /opt/airflow/dags/minio_to_snowflake_dag.py
[2026-01-26T22:11:19.844+0000] {logging_mixin.py:188} INFO - [2026-01-26T22:11:19.844+0000] {dag.py:3089} INFO - Sync 1 DAGs
[2026-01-26T22:11:19.855+0000] {logging_mixin.py:188} INFO - [2026-01-26T22:11:19.855+0000] {dag.py:3947} INFO - Setting next_dagrun for minio_to_snowflake_banking to 2026-01-26 22:11:00+00:00, run_after=2026-01-26 22:12:00+00:00
[2026-01-26T22:11:19.861+0000] {processor.py:183} INFO - Processing /opt/airflow/dags/minio_to_snowflake_dag.py took 0.620 seconds
[2026-01-26T22:11:50.292+0000] {processor.py:161} INFO - Started process (PID=544) to work on /opt/airflow/dags/minio_to_snowflake_dag.py
[2026-01-26T22:11:50.293+0000] {processor.py:830} INFO - Processing file /opt/airflow/dags/minio_to_snowflake_dag.py for tasks to queue
[2026-01-26T22:11:50.294+0000] {logging_mixin.py:188} INFO - [2026-01-26T22:11:50.293+0000] {dagbag.py:545} INFO - Filling up the DagBag from /opt/airflow/dags/minio_to_snowflake_dag.py
[2026-01-26T22:11:50.822+0000] {processor.py:840} INFO - DAG(s) 'minio_to_snowflake_banking' retrieved from /opt/airflow/dags/minio_to_snowflake_dag.py
[2026-01-26T22:11:50.835+0000] {logging_mixin.py:188} INFO - [2026-01-26T22:11:50.834+0000] {dag.py:3089} INFO - Sync 1 DAGs
[2026-01-26T22:11:50.845+0000] {logging_mixin.py:188} INFO - [2026-01-26T22:11:50.845+0000] {dag.py:3947} INFO - Setting next_dagrun for minio_to_snowflake_banking to 2026-01-26 22:11:00+00:00, run_after=2026-01-26 22:12:00+00:00
[2026-01-26T22:11:50.853+0000] {processor.py:183} INFO - Processing /opt/airflow/dags/minio_to_snowflake_dag.py took 0.570 seconds
[2026-01-26T22:12:21.089+0000] {processor.py:161} INFO - Started process (PID=618) to work on /opt/airflow/dags/minio_to_snowflake_dag.py
[2026-01-26T22:12:21.090+0000] {processor.py:830} INFO - Processing file /opt/airflow/dags/minio_to_snowflake_dag.py for tasks to queue
[2026-01-26T22:12:21.094+0000] {logging_mixin.py:188} INFO - [2026-01-26T22:12:21.093+0000] {dagbag.py:545} INFO - Filling up the DagBag from /opt/airflow/dags/minio_to_snowflake_dag.py
[2026-01-26T22:12:21.971+0000] {processor.py:840} INFO - DAG(s) 'minio_to_snowflake_banking' retrieved from /opt/airflow/dags/minio_to_snowflake_dag.py
[2026-01-26T22:12:21.988+0000] {logging_mixin.py:188} INFO - [2026-01-26T22:12:21.988+0000] {dag.py:3089} INFO - Sync 1 DAGs
[2026-01-26T22:12:21.998+0000] {logging_mixin.py:188} INFO - [2026-01-26T22:12:21.998+0000] {dag.py:3947} INFO - Setting next_dagrun for minio_to_snowflake_banking to 2026-01-26 22:12:00+00:00, run_after=2026-01-26 22:13:00+00:00
[2026-01-26T22:12:22.005+0000] {processor.py:183} INFO - Processing /opt/airflow/dags/minio_to_snowflake_dag.py took 0.927 seconds
[2026-01-26T22:12:52.339+0000] {processor.py:161} INFO - Started process (PID=623) to work on /opt/airflow/dags/minio_to_snowflake_dag.py
[2026-01-26T22:12:52.340+0000] {processor.py:830} INFO - Processing file /opt/airflow/dags/minio_to_snowflake_dag.py for tasks to queue
[2026-01-26T22:12:52.342+0000] {logging_mixin.py:188} INFO - [2026-01-26T22:12:52.341+0000] {dagbag.py:545} INFO - Filling up the DagBag from /opt/airflow/dags/minio_to_snowflake_dag.py
[2026-01-26T22:12:52.872+0000] {processor.py:840} INFO - DAG(s) 'minio_to_snowflake_banking' retrieved from /opt/airflow/dags/minio_to_snowflake_dag.py
[2026-01-26T22:12:52.887+0000] {logging_mixin.py:188} INFO - [2026-01-26T22:12:52.887+0000] {dag.py:3089} INFO - Sync 1 DAGs
[2026-01-26T22:12:52.897+0000] {logging_mixin.py:188} INFO - [2026-01-26T22:12:52.897+0000] {dag.py:3947} INFO - Setting next_dagrun for minio_to_snowflake_banking to 2026-01-26 22:12:00+00:00, run_after=2026-01-26 22:13:00+00:00
[2026-01-26T22:12:52.905+0000] {processor.py:183} INFO - Processing /opt/airflow/dags/minio_to_snowflake_dag.py took 0.588 seconds
[2026-01-26T22:13:23.218+0000] {processor.py:161} INFO - Started process (PID=628) to work on /opt/airflow/dags/minio_to_snowflake_dag.py
[2026-01-26T22:13:23.220+0000] {processor.py:830} INFO - Processing file /opt/airflow/dags/minio_to_snowflake_dag.py for tasks to queue
[2026-01-26T22:13:23.221+0000] {logging_mixin.py:188} INFO - [2026-01-26T22:13:23.221+0000] {dagbag.py:545} INFO - Filling up the DagBag from /opt/airflow/dags/minio_to_snowflake_dag.py
[2026-01-26T22:13:23.732+0000] {processor.py:840} INFO - DAG(s) 'minio_to_snowflake_banking' retrieved from /opt/airflow/dags/minio_to_snowflake_dag.py
[2026-01-26T22:13:23.745+0000] {logging_mixin.py:188} INFO - [2026-01-26T22:13:23.745+0000] {dag.py:3089} INFO - Sync 1 DAGs
[2026-01-26T22:13:23.755+0000] {logging_mixin.py:188} INFO - [2026-01-26T22:13:23.755+0000] {dag.py:3947} INFO - Setting next_dagrun for minio_to_snowflake_banking to 2026-01-26 22:12:00+00:00, run_after=2026-01-26 22:13:00+00:00
[2026-01-26T22:13:23.762+0000] {processor.py:183} INFO - Processing /opt/airflow/dags/minio_to_snowflake_dag.py took 0.557 seconds
[2026-01-26T22:13:54.020+0000] {processor.py:161} INFO - Started process (PID=633) to work on /opt/airflow/dags/minio_to_snowflake_dag.py
[2026-01-26T22:13:54.021+0000] {processor.py:830} INFO - Processing file /opt/airflow/dags/minio_to_snowflake_dag.py for tasks to queue
[2026-01-26T22:13:54.022+0000] {logging_mixin.py:188} INFO - [2026-01-26T22:13:54.022+0000] {dagbag.py:545} INFO - Filling up the DagBag from /opt/airflow/dags/minio_to_snowflake_dag.py
[2026-01-26T22:13:54.382+0000] {processor.py:840} INFO - DAG(s) 'minio_to_snowflake_banking' retrieved from /opt/airflow/dags/minio_to_snowflake_dag.py
[2026-01-26T22:13:54.395+0000] {logging_mixin.py:188} INFO - [2026-01-26T22:13:54.395+0000] {dag.py:3089} INFO - Sync 1 DAGs
[2026-01-26T22:13:54.405+0000] {logging_mixin.py:188} INFO - [2026-01-26T22:13:54.405+0000] {dag.py:3947} INFO - Setting next_dagrun for minio_to_snowflake_banking to 2026-01-26 22:12:00+00:00, run_after=2026-01-26 22:13:00+00:00
[2026-01-26T22:13:54.411+0000] {processor.py:183} INFO - Processing /opt/airflow/dags/minio_to_snowflake_dag.py took 0.402 seconds
[2026-01-26T22:14:24.761+0000] {processor.py:161} INFO - Started process (PID=638) to work on /opt/airflow/dags/minio_to_snowflake_dag.py
[2026-01-26T22:14:24.767+0000] {processor.py:830} INFO - Processing file /opt/airflow/dags/minio_to_snowflake_dag.py for tasks to queue
[2026-01-26T22:14:24.769+0000] {logging_mixin.py:188} INFO - [2026-01-26T22:14:24.769+0000] {dagbag.py:545} INFO - Filling up the DagBag from /opt/airflow/dags/minio_to_snowflake_dag.py
[2026-01-26T22:14:25.390+0000] {processor.py:840} INFO - DAG(s) 'minio_to_snowflake_banking' retrieved from /opt/airflow/dags/minio_to_snowflake_dag.py
[2026-01-26T22:14:25.422+0000] {logging_mixin.py:188} INFO - [2026-01-26T22:14:25.421+0000] {dag.py:3089} INFO - Sync 1 DAGs
[2026-01-26T22:14:25.438+0000] {logging_mixin.py:188} INFO - [2026-01-26T22:14:25.437+0000] {dag.py:3947} INFO - Setting next_dagrun for minio_to_snowflake_banking to 2026-01-26 22:13:00+00:00, run_after=2026-01-26 22:14:00+00:00
[2026-01-26T22:14:25.445+0000] {processor.py:183} INFO - Processing /opt/airflow/dags/minio_to_snowflake_dag.py took 0.706 seconds
[2026-01-26T22:14:55.680+0000] {processor.py:161} INFO - Started process (PID=643) to work on /opt/airflow/dags/minio_to_snowflake_dag.py
[2026-01-26T22:14:55.681+0000] {processor.py:830} INFO - Processing file /opt/airflow/dags/minio_to_snowflake_dag.py for tasks to queue
[2026-01-26T22:14:55.682+0000] {logging_mixin.py:188} INFO - [2026-01-26T22:14:55.682+0000] {dagbag.py:545} INFO - Filling up the DagBag from /opt/airflow/dags/minio_to_snowflake_dag.py
[2026-01-26T22:14:56.182+0000] {processor.py:840} INFO - DAG(s) 'minio_to_snowflake_banking' retrieved from /opt/airflow/dags/minio_to_snowflake_dag.py
[2026-01-26T22:14:56.199+0000] {logging_mixin.py:188} INFO - [2026-01-26T22:14:56.199+0000] {dag.py:3089} INFO - Sync 1 DAGs
[2026-01-26T22:14:56.208+0000] {logging_mixin.py:188} INFO - [2026-01-26T22:14:56.208+0000] {dag.py:3947} INFO - Setting next_dagrun for minio_to_snowflake_banking to 2026-01-26 22:13:00+00:00, run_after=2026-01-26 22:14:00+00:00
[2026-01-26T22:14:56.214+0000] {processor.py:183} INFO - Processing /opt/airflow/dags/minio_to_snowflake_dag.py took 0.543 seconds
[2026-01-26T22:15:26.531+0000] {processor.py:161} INFO - Started process (PID=648) to work on /opt/airflow/dags/minio_to_snowflake_dag.py
[2026-01-26T22:15:26.533+0000] {processor.py:830} INFO - Processing file /opt/airflow/dags/minio_to_snowflake_dag.py for tasks to queue
[2026-01-26T22:15:26.534+0000] {logging_mixin.py:188} INFO - [2026-01-26T22:15:26.533+0000] {dagbag.py:545} INFO - Filling up the DagBag from /opt/airflow/dags/minio_to_snowflake_dag.py
[2026-01-26T22:15:26.938+0000] {processor.py:840} INFO - DAG(s) 'minio_to_snowflake_banking' retrieved from /opt/airflow/dags/minio_to_snowflake_dag.py
[2026-01-26T22:15:26.951+0000] {logging_mixin.py:188} INFO - [2026-01-26T22:15:26.951+0000] {dag.py:3089} INFO - Sync 1 DAGs
[2026-01-26T22:15:26.960+0000] {logging_mixin.py:188} INFO - [2026-01-26T22:15:26.960+0000] {dag.py:3947} INFO - Setting next_dagrun for minio_to_snowflake_banking to 2026-01-26 22:14:00+00:00, run_after=2026-01-26 22:15:00+00:00
[2026-01-26T22:15:26.966+0000] {processor.py:183} INFO - Processing /opt/airflow/dags/minio_to_snowflake_dag.py took 0.445 seconds
[2026-01-26T22:15:57.100+0000] {processor.py:161} INFO - Started process (PID=653) to work on /opt/airflow/dags/minio_to_snowflake_dag.py
[2026-01-26T22:15:57.101+0000] {processor.py:830} INFO - Processing file /opt/airflow/dags/minio_to_snowflake_dag.py for tasks to queue
[2026-01-26T22:15:57.101+0000] {logging_mixin.py:188} INFO - [2026-01-26T22:15:57.101+0000] {dagbag.py:545} INFO - Filling up the DagBag from /opt/airflow/dags/minio_to_snowflake_dag.py
[2026-01-26T22:15:57.415+0000] {processor.py:840} INFO - DAG(s) 'minio_to_snowflake_banking' retrieved from /opt/airflow/dags/minio_to_snowflake_dag.py
[2026-01-26T22:15:57.426+0000] {logging_mixin.py:188} INFO - [2026-01-26T22:15:57.425+0000] {dag.py:3089} INFO - Sync 1 DAGs
[2026-01-26T22:15:57.434+0000] {logging_mixin.py:188} INFO - [2026-01-26T22:15:57.434+0000] {dag.py:3947} INFO - Setting next_dagrun for minio_to_snowflake_banking to 2026-01-26 22:14:00+00:00, run_after=2026-01-26 22:15:00+00:00
[2026-01-26T22:15:57.439+0000] {processor.py:183} INFO - Processing /opt/airflow/dags/minio_to_snowflake_dag.py took 0.345 seconds
[2026-01-26T22:16:27.740+0000] {processor.py:161} INFO - Started process (PID=658) to work on /opt/airflow/dags/minio_to_snowflake_dag.py
[2026-01-26T22:16:27.743+0000] {processor.py:830} INFO - Processing file /opt/airflow/dags/minio_to_snowflake_dag.py for tasks to queue
[2026-01-26T22:16:27.744+0000] {logging_mixin.py:188} INFO - [2026-01-26T22:16:27.744+0000] {dagbag.py:545} INFO - Filling up the DagBag from /opt/airflow/dags/minio_to_snowflake_dag.py
[2026-01-26T22:16:28.290+0000] {processor.py:840} INFO - DAG(s) 'minio_to_snowflake_banking' retrieved from /opt/airflow/dags/minio_to_snowflake_dag.py
[2026-01-26T22:16:28.309+0000] {logging_mixin.py:188} INFO - [2026-01-26T22:16:28.309+0000] {dag.py:3089} INFO - Sync 1 DAGs
[2026-01-26T22:16:28.318+0000] {logging_mixin.py:188} INFO - [2026-01-26T22:16:28.318+0000] {dag.py:3947} INFO - Setting next_dagrun for minio_to_snowflake_banking to 2026-01-26 22:15:00+00:00, run_after=2026-01-26 22:16:00+00:00
[2026-01-26T22:16:28.325+0000] {processor.py:183} INFO - Processing /opt/airflow/dags/minio_to_snowflake_dag.py took 0.613 seconds
[2026-01-26T22:16:58.633+0000] {processor.py:161} INFO - Started process (PID=663) to work on /opt/airflow/dags/minio_to_snowflake_dag.py
[2026-01-26T22:16:58.635+0000] {processor.py:830} INFO - Processing file /opt/airflow/dags/minio_to_snowflake_dag.py for tasks to queue
[2026-01-26T22:16:58.637+0000] {logging_mixin.py:188} INFO - [2026-01-26T22:16:58.636+0000] {dagbag.py:545} INFO - Filling up the DagBag from /opt/airflow/dags/minio_to_snowflake_dag.py
[2026-01-26T22:16:59.201+0000] {processor.py:840} INFO - DAG(s) 'minio_to_snowflake_banking' retrieved from /opt/airflow/dags/minio_to_snowflake_dag.py
[2026-01-26T22:16:59.218+0000] {logging_mixin.py:188} INFO - [2026-01-26T22:16:59.218+0000] {dag.py:3089} INFO - Sync 1 DAGs
[2026-01-26T22:16:59.232+0000] {logging_mixin.py:188} INFO - [2026-01-26T22:16:59.232+0000] {dag.py:3947} INFO - Setting next_dagrun for minio_to_snowflake_banking to 2026-01-26 22:15:00+00:00, run_after=2026-01-26 22:16:00+00:00
[2026-01-26T22:16:59.240+0000] {processor.py:183} INFO - Processing /opt/airflow/dags/minio_to_snowflake_dag.py took 0.620 seconds
[2026-01-26T22:17:30.048+0000] {processor.py:161} INFO - Started process (PID=668) to work on /opt/airflow/dags/minio_to_snowflake_dag.py
[2026-01-26T22:17:30.051+0000] {processor.py:830} INFO - Processing file /opt/airflow/dags/minio_to_snowflake_dag.py for tasks to queue
[2026-01-26T22:17:30.052+0000] {logging_mixin.py:188} INFO - [2026-01-26T22:17:30.051+0000] {dagbag.py:545} INFO - Filling up the DagBag from /opt/airflow/dags/minio_to_snowflake_dag.py
[2026-01-26T22:17:30.741+0000] {processor.py:840} INFO - DAG(s) 'minio_to_snowflake_banking' retrieved from /opt/airflow/dags/minio_to_snowflake_dag.py
[2026-01-26T22:17:30.759+0000] {logging_mixin.py:188} INFO - [2026-01-26T22:17:30.759+0000] {dag.py:3089} INFO - Sync 1 DAGs
[2026-01-26T22:17:30.768+0000] {logging_mixin.py:188} INFO - [2026-01-26T22:17:30.768+0000] {dag.py:3947} INFO - Setting next_dagrun for minio_to_snowflake_banking to 2026-01-26 22:16:00+00:00, run_after=2026-01-26 22:17:00+00:00
[2026-01-26T22:17:30.775+0000] {processor.py:183} INFO - Processing /opt/airflow/dags/minio_to_snowflake_dag.py took 0.740 seconds
[2026-01-26T22:18:01.172+0000] {processor.py:161} INFO - Started process (PID=673) to work on /opt/airflow/dags/minio_to_snowflake_dag.py
[2026-01-26T22:18:01.174+0000] {processor.py:830} INFO - Processing file /opt/airflow/dags/minio_to_snowflake_dag.py for tasks to queue
[2026-01-26T22:18:01.175+0000] {logging_mixin.py:188} INFO - [2026-01-26T22:18:01.174+0000] {dagbag.py:545} INFO - Filling up the DagBag from /opt/airflow/dags/minio_to_snowflake_dag.py
[2026-01-26T22:18:01.675+0000] {processor.py:840} INFO - DAG(s) 'minio_to_snowflake_banking' retrieved from /opt/airflow/dags/minio_to_snowflake_dag.py
[2026-01-26T22:18:01.687+0000] {logging_mixin.py:188} INFO - [2026-01-26T22:18:01.687+0000] {dag.py:3089} INFO - Sync 1 DAGs
[2026-01-26T22:18:01.697+0000] {logging_mixin.py:188} INFO - [2026-01-26T22:18:01.697+0000] {dag.py:3947} INFO - Setting next_dagrun for minio_to_snowflake_banking to 2026-01-26 22:17:00+00:00, run_after=2026-01-26 22:18:00+00:00
[2026-01-26T22:18:01.703+0000] {processor.py:183} INFO - Processing /opt/airflow/dags/minio_to_snowflake_dag.py took 0.547 seconds
[2026-01-26T22:18:31.816+0000] {processor.py:161} INFO - Started process (PID=678) to work on /opt/airflow/dags/minio_to_snowflake_dag.py
[2026-01-26T22:18:31.818+0000] {processor.py:830} INFO - Processing file /opt/airflow/dags/minio_to_snowflake_dag.py for tasks to queue
[2026-01-26T22:18:31.820+0000] {logging_mixin.py:188} INFO - [2026-01-26T22:18:31.819+0000] {dagbag.py:545} INFO - Filling up the DagBag from /opt/airflow/dags/minio_to_snowflake_dag.py
[2026-01-26T22:18:32.342+0000] {processor.py:840} INFO - DAG(s) 'minio_to_snowflake_banking' retrieved from /opt/airflow/dags/minio_to_snowflake_dag.py
[2026-01-26T22:18:32.360+0000] {logging_mixin.py:188} INFO - [2026-01-26T22:18:32.359+0000] {dag.py:3089} INFO - Sync 1 DAGs
[2026-01-26T22:18:32.369+0000] {logging_mixin.py:188} INFO - [2026-01-26T22:18:32.369+0000] {dag.py:3947} INFO - Setting next_dagrun for minio_to_snowflake_banking to 2026-01-26 22:17:00+00:00, run_after=2026-01-26 22:18:00+00:00
[2026-01-26T22:18:32.375+0000] {processor.py:183} INFO - Processing /opt/airflow/dags/minio_to_snowflake_dag.py took 0.574 seconds
[2026-01-26T22:19:02.660+0000] {processor.py:161} INFO - Started process (PID=683) to work on /opt/airflow/dags/minio_to_snowflake_dag.py
[2026-01-26T22:19:02.662+0000] {processor.py:830} INFO - Processing file /opt/airflow/dags/minio_to_snowflake_dag.py for tasks to queue
[2026-01-26T22:19:02.663+0000] {logging_mixin.py:188} INFO - [2026-01-26T22:19:02.663+0000] {dagbag.py:545} INFO - Filling up the DagBag from /opt/airflow/dags/minio_to_snowflake_dag.py
[2026-01-26T22:19:03.333+0000] {processor.py:840} INFO - DAG(s) 'minio_to_snowflake_banking' retrieved from /opt/airflow/dags/minio_to_snowflake_dag.py
[2026-01-26T22:19:03.349+0000] {logging_mixin.py:188} INFO - [2026-01-26T22:19:03.348+0000] {dag.py:3089} INFO - Sync 1 DAGs
[2026-01-26T22:19:03.360+0000] {logging_mixin.py:188} INFO - [2026-01-26T22:19:03.360+0000] {dag.py:3947} INFO - Setting next_dagrun for minio_to_snowflake_banking to 2026-01-26 22:18:00+00:00, run_after=2026-01-26 22:19:00+00:00
[2026-01-26T22:19:03.367+0000] {processor.py:183} INFO - Processing /opt/airflow/dags/minio_to_snowflake_dag.py took 0.719 seconds
[2026-01-26T22:19:33.475+0000] {processor.py:161} INFO - Started process (PID=688) to work on /opt/airflow/dags/minio_to_snowflake_dag.py
[2026-01-26T22:19:33.476+0000] {processor.py:830} INFO - Processing file /opt/airflow/dags/minio_to_snowflake_dag.py for tasks to queue
[2026-01-26T22:19:33.478+0000] {logging_mixin.py:188} INFO - [2026-01-26T22:19:33.477+0000] {dagbag.py:545} INFO - Filling up the DagBag from /opt/airflow/dags/minio_to_snowflake_dag.py
[2026-01-26T22:19:33.998+0000] {processor.py:840} INFO - DAG(s) 'minio_to_snowflake_banking' retrieved from /opt/airflow/dags/minio_to_snowflake_dag.py
[2026-01-26T22:19:34.013+0000] {logging_mixin.py:188} INFO - [2026-01-26T22:19:34.013+0000] {dag.py:3089} INFO - Sync 1 DAGs
[2026-01-26T22:19:34.021+0000] {logging_mixin.py:188} INFO - [2026-01-26T22:19:34.021+0000] {dag.py:3947} INFO - Setting next_dagrun for minio_to_snowflake_banking to 2026-01-26 22:18:00+00:00, run_after=2026-01-26 22:19:00+00:00
[2026-01-26T22:19:34.026+0000] {processor.py:183} INFO - Processing /opt/airflow/dags/minio_to_snowflake_dag.py took 0.567 seconds
[2026-01-26T22:20:04.314+0000] {processor.py:161} INFO - Started process (PID=693) to work on /opt/airflow/dags/minio_to_snowflake_dag.py
[2026-01-26T22:20:04.315+0000] {processor.py:830} INFO - Processing file /opt/airflow/dags/minio_to_snowflake_dag.py for tasks to queue
[2026-01-26T22:20:04.317+0000] {logging_mixin.py:188} INFO - [2026-01-26T22:20:04.316+0000] {dagbag.py:545} INFO - Filling up the DagBag from /opt/airflow/dags/minio_to_snowflake_dag.py
[2026-01-26T22:20:04.841+0000] {processor.py:840} INFO - DAG(s) 'minio_to_snowflake_banking' retrieved from /opt/airflow/dags/minio_to_snowflake_dag.py
[2026-01-26T22:20:04.858+0000] {logging_mixin.py:188} INFO - [2026-01-26T22:20:04.857+0000] {dag.py:3089} INFO - Sync 1 DAGs
[2026-01-26T22:20:04.870+0000] {logging_mixin.py:188} INFO - [2026-01-26T22:20:04.870+0000] {dag.py:3947} INFO - Setting next_dagrun for minio_to_snowflake_banking to 2026-01-26 22:19:00+00:00, run_after=2026-01-26 22:20:00+00:00
[2026-01-26T22:20:04.878+0000] {processor.py:183} INFO - Processing /opt/airflow/dags/minio_to_snowflake_dag.py took 0.575 seconds
[2026-01-26T22:20:35.220+0000] {processor.py:161} INFO - Started process (PID=698) to work on /opt/airflow/dags/minio_to_snowflake_dag.py
[2026-01-26T22:20:35.222+0000] {processor.py:830} INFO - Processing file /opt/airflow/dags/minio_to_snowflake_dag.py for tasks to queue
[2026-01-26T22:20:35.223+0000] {logging_mixin.py:188} INFO - [2026-01-26T22:20:35.222+0000] {dagbag.py:545} INFO - Filling up the DagBag from /opt/airflow/dags/minio_to_snowflake_dag.py
[2026-01-26T22:20:35.675+0000] {processor.py:840} INFO - DAG(s) 'minio_to_snowflake_banking' retrieved from /opt/airflow/dags/minio_to_snowflake_dag.py
[2026-01-26T22:20:35.692+0000] {logging_mixin.py:188} INFO - [2026-01-26T22:20:35.692+0000] {dag.py:3089} INFO - Sync 1 DAGs
[2026-01-26T22:20:35.708+0000] {logging_mixin.py:188} INFO - [2026-01-26T22:20:35.708+0000] {dag.py:3947} INFO - Setting next_dagrun for minio_to_snowflake_banking to 2026-01-26 22:19:00+00:00, run_after=2026-01-26 22:20:00+00:00
[2026-01-26T22:20:35.715+0000] {processor.py:183} INFO - Processing /opt/airflow/dags/minio_to_snowflake_dag.py took 0.504 seconds
[2026-01-26T22:21:05.941+0000] {processor.py:161} INFO - Started process (PID=703) to work on /opt/airflow/dags/minio_to_snowflake_dag.py
[2026-01-26T22:21:05.944+0000] {processor.py:830} INFO - Processing file /opt/airflow/dags/minio_to_snowflake_dag.py for tasks to queue
[2026-01-26T22:21:05.946+0000] {logging_mixin.py:188} INFO - [2026-01-26T22:21:05.945+0000] {dagbag.py:545} INFO - Filling up the DagBag from /opt/airflow/dags/minio_to_snowflake_dag.py
[2026-01-26T22:21:06.536+0000] {processor.py:840} INFO - DAG(s) 'minio_to_snowflake_banking' retrieved from /opt/airflow/dags/minio_to_snowflake_dag.py
[2026-01-26T22:21:06.562+0000] {logging_mixin.py:188} INFO - [2026-01-26T22:21:06.561+0000] {dag.py:3089} INFO - Sync 1 DAGs
[2026-01-26T22:21:06.573+0000] {logging_mixin.py:188} INFO - [2026-01-26T22:21:06.573+0000] {dag.py:3947} INFO - Setting next_dagrun for minio_to_snowflake_banking to 2026-01-26 22:20:00+00:00, run_after=2026-01-26 22:21:00+00:00
[2026-01-26T22:21:06.580+0000] {processor.py:183} INFO - Processing /opt/airflow/dags/minio_to_snowflake_dag.py took 0.652 seconds
[2026-01-26T22:21:36.953+0000] {processor.py:161} INFO - Started process (PID=708) to work on /opt/airflow/dags/minio_to_snowflake_dag.py
[2026-01-26T22:21:36.955+0000] {processor.py:830} INFO - Processing file /opt/airflow/dags/minio_to_snowflake_dag.py for tasks to queue
[2026-01-26T22:21:36.957+0000] {logging_mixin.py:188} INFO - [2026-01-26T22:21:36.956+0000] {dagbag.py:545} INFO - Filling up the DagBag from /opt/airflow/dags/minio_to_snowflake_dag.py
[2026-01-26T22:21:37.452+0000] {processor.py:840} INFO - DAG(s) 'minio_to_snowflake_banking' retrieved from /opt/airflow/dags/minio_to_snowflake_dag.py
[2026-01-26T22:21:37.467+0000] {logging_mixin.py:188} INFO - [2026-01-26T22:21:37.467+0000] {dag.py:3089} INFO - Sync 1 DAGs
[2026-01-26T22:21:37.476+0000] {logging_mixin.py:188} INFO - [2026-01-26T22:21:37.476+0000] {dag.py:3947} INFO - Setting next_dagrun for minio_to_snowflake_banking to 2026-01-26 22:20:00+00:00, run_after=2026-01-26 22:21:00+00:00
[2026-01-26T22:21:37.483+0000] {processor.py:183} INFO - Processing /opt/airflow/dags/minio_to_snowflake_dag.py took 0.543 seconds
[2026-01-26T22:22:07.741+0000] {processor.py:161} INFO - Started process (PID=713) to work on /opt/airflow/dags/minio_to_snowflake_dag.py
[2026-01-26T22:22:07.743+0000] {processor.py:830} INFO - Processing file /opt/airflow/dags/minio_to_snowflake_dag.py for tasks to queue
[2026-01-26T22:22:07.745+0000] {logging_mixin.py:188} INFO - [2026-01-26T22:22:07.744+0000] {dagbag.py:545} INFO - Filling up the DagBag from /opt/airflow/dags/minio_to_snowflake_dag.py
[2026-01-26T22:22:08.249+0000] {processor.py:840} INFO - DAG(s) 'minio_to_snowflake_banking' retrieved from /opt/airflow/dags/minio_to_snowflake_dag.py
[2026-01-26T22:22:08.261+0000] {logging_mixin.py:188} INFO - [2026-01-26T22:22:08.261+0000] {dag.py:3089} INFO - Sync 1 DAGs
[2026-01-26T22:22:08.271+0000] {logging_mixin.py:188} INFO - [2026-01-26T22:22:08.271+0000] {dag.py:3947} INFO - Setting next_dagrun for minio_to_snowflake_banking to 2026-01-26 22:21:00+00:00, run_after=2026-01-26 22:22:00+00:00
[2026-01-26T22:22:08.278+0000] {processor.py:183} INFO - Processing /opt/airflow/dags/minio_to_snowflake_dag.py took 0.552 seconds
[2026-01-26T22:22:38.472+0000] {processor.py:161} INFO - Started process (PID=718) to work on /opt/airflow/dags/minio_to_snowflake_dag.py
[2026-01-26T22:22:38.475+0000] {processor.py:830} INFO - Processing file /opt/airflow/dags/minio_to_snowflake_dag.py for tasks to queue
[2026-01-26T22:22:38.476+0000] {logging_mixin.py:188} INFO - [2026-01-26T22:22:38.476+0000] {dagbag.py:545} INFO - Filling up the DagBag from /opt/airflow/dags/minio_to_snowflake_dag.py
[2026-01-26T22:22:39.033+0000] {processor.py:840} INFO - DAG(s) 'minio_to_snowflake_banking' retrieved from /opt/airflow/dags/minio_to_snowflake_dag.py
[2026-01-26T22:22:39.047+0000] {logging_mixin.py:188} INFO - [2026-01-26T22:22:39.047+0000] {dag.py:3089} INFO - Sync 1 DAGs
[2026-01-26T22:22:39.060+0000] {logging_mixin.py:188} INFO - [2026-01-26T22:22:39.060+0000] {dag.py:3947} INFO - Setting next_dagrun for minio_to_snowflake_banking to 2026-01-26 22:21:00+00:00, run_after=2026-01-26 22:22:00+00:00
[2026-01-26T22:22:39.067+0000] {processor.py:183} INFO - Processing /opt/airflow/dags/minio_to_snowflake_dag.py took 0.609 seconds
[2026-01-26T22:23:09.357+0000] {processor.py:161} INFO - Started process (PID=723) to work on /opt/airflow/dags/minio_to_snowflake_dag.py
[2026-01-26T22:23:09.359+0000] {processor.py:830} INFO - Processing file /opt/airflow/dags/minio_to_snowflake_dag.py for tasks to queue
[2026-01-26T22:23:09.361+0000] {logging_mixin.py:188} INFO - [2026-01-26T22:23:09.360+0000] {dagbag.py:545} INFO - Filling up the DagBag from /opt/airflow/dags/minio_to_snowflake_dag.py
[2026-01-26T22:23:09.833+0000] {processor.py:840} INFO - DAG(s) 'minio_to_snowflake_banking' retrieved from /opt/airflow/dags/minio_to_snowflake_dag.py
[2026-01-26T22:23:09.846+0000] {logging_mixin.py:188} INFO - [2026-01-26T22:23:09.846+0000] {dag.py:3089} INFO - Sync 1 DAGs
[2026-01-26T22:23:09.857+0000] {logging_mixin.py:188} INFO - [2026-01-26T22:23:09.857+0000] {dag.py:3947} INFO - Setting next_dagrun for minio_to_snowflake_banking to 2026-01-26 22:22:00+00:00, run_after=2026-01-26 22:23:00+00:00
[2026-01-26T22:23:09.862+0000] {processor.py:183} INFO - Processing /opt/airflow/dags/minio_to_snowflake_dag.py took 0.522 seconds
[2026-01-26T22:23:40.011+0000] {processor.py:161} INFO - Started process (PID=728) to work on /opt/airflow/dags/minio_to_snowflake_dag.py
[2026-01-26T22:23:40.013+0000] {processor.py:830} INFO - Processing file /opt/airflow/dags/minio_to_snowflake_dag.py for tasks to queue
[2026-01-26T22:23:40.014+0000] {logging_mixin.py:188} INFO - [2026-01-26T22:23:40.013+0000] {dagbag.py:545} INFO - Filling up the DagBag from /opt/airflow/dags/minio_to_snowflake_dag.py
[2026-01-26T22:23:40.453+0000] {processor.py:840} INFO - DAG(s) 'minio_to_snowflake_banking' retrieved from /opt/airflow/dags/minio_to_snowflake_dag.py
[2026-01-26T22:23:40.466+0000] {logging_mixin.py:188} INFO - [2026-01-26T22:23:40.466+0000] {dag.py:3089} INFO - Sync 1 DAGs
[2026-01-26T22:23:40.475+0000] {logging_mixin.py:188} INFO - [2026-01-26T22:23:40.475+0000] {dag.py:3947} INFO - Setting next_dagrun for minio_to_snowflake_banking to 2026-01-26 22:22:00+00:00, run_after=2026-01-26 22:23:00+00:00
[2026-01-26T22:23:40.482+0000] {processor.py:183} INFO - Processing /opt/airflow/dags/minio_to_snowflake_dag.py took 0.485 seconds
[2026-01-26T22:24:10.747+0000] {processor.py:161} INFO - Started process (PID=733) to work on /opt/airflow/dags/minio_to_snowflake_dag.py
[2026-01-26T22:24:10.748+0000] {processor.py:830} INFO - Processing file /opt/airflow/dags/minio_to_snowflake_dag.py for tasks to queue
[2026-01-26T22:24:10.750+0000] {logging_mixin.py:188} INFO - [2026-01-26T22:24:10.749+0000] {dagbag.py:545} INFO - Filling up the DagBag from /opt/airflow/dags/minio_to_snowflake_dag.py
[2026-01-26T22:24:11.247+0000] {processor.py:840} INFO - DAG(s) 'minio_to_snowflake_banking' retrieved from /opt/airflow/dags/minio_to_snowflake_dag.py
[2026-01-26T22:24:11.273+0000] {logging_mixin.py:188} INFO - [2026-01-26T22:24:11.273+0000] {dag.py:3089} INFO - Sync 1 DAGs
[2026-01-26T22:24:11.284+0000] {logging_mixin.py:188} INFO - [2026-01-26T22:24:11.284+0000] {dag.py:3947} INFO - Setting next_dagrun for minio_to_snowflake_banking to 2026-01-26 22:23:00+00:00, run_after=2026-01-26 22:24:00+00:00
[2026-01-26T22:24:11.291+0000] {processor.py:183} INFO - Processing /opt/airflow/dags/minio_to_snowflake_dag.py took 0.554 seconds
[2026-01-26T22:24:41.584+0000] {processor.py:161} INFO - Started process (PID=738) to work on /opt/airflow/dags/minio_to_snowflake_dag.py
[2026-01-26T22:24:41.586+0000] {processor.py:830} INFO - Processing file /opt/airflow/dags/minio_to_snowflake_dag.py for tasks to queue
[2026-01-26T22:24:41.587+0000] {logging_mixin.py:188} INFO - [2026-01-26T22:24:41.586+0000] {dagbag.py:545} INFO - Filling up the DagBag from /opt/airflow/dags/minio_to_snowflake_dag.py
[2026-01-26T22:24:42.040+0000] {processor.py:840} INFO - DAG(s) 'minio_to_snowflake_banking' retrieved from /opt/airflow/dags/minio_to_snowflake_dag.py
[2026-01-26T22:24:42.052+0000] {logging_mixin.py:188} INFO - [2026-01-26T22:24:42.052+0000] {dag.py:3089} INFO - Sync 1 DAGs
[2026-01-26T22:24:42.061+0000] {logging_mixin.py:188} INFO - [2026-01-26T22:24:42.061+0000] {dag.py:3947} INFO - Setting next_dagrun for minio_to_snowflake_banking to 2026-01-26 22:23:00+00:00, run_after=2026-01-26 22:24:00+00:00
[2026-01-26T22:24:42.066+0000] {processor.py:183} INFO - Processing /opt/airflow/dags/minio_to_snowflake_dag.py took 0.512 seconds
[2026-01-26T22:25:12.262+0000] {processor.py:161} INFO - Started process (PID=743) to work on /opt/airflow/dags/minio_to_snowflake_dag.py
[2026-01-26T22:25:12.263+0000] {processor.py:830} INFO - Processing file /opt/airflow/dags/minio_to_snowflake_dag.py for tasks to queue
[2026-01-26T22:25:12.264+0000] {logging_mixin.py:188} INFO - [2026-01-26T22:25:12.264+0000] {dagbag.py:545} INFO - Filling up the DagBag from /opt/airflow/dags/minio_to_snowflake_dag.py
[2026-01-26T22:25:12.687+0000] {processor.py:840} INFO - DAG(s) 'minio_to_snowflake_banking' retrieved from /opt/airflow/dags/minio_to_snowflake_dag.py
[2026-01-26T22:25:12.699+0000] {logging_mixin.py:188} INFO - [2026-01-26T22:25:12.699+0000] {dag.py:3089} INFO - Sync 1 DAGs
[2026-01-26T22:25:12.708+0000] {logging_mixin.py:188} INFO - [2026-01-26T22:25:12.708+0000] {dag.py:3947} INFO - Setting next_dagrun for minio_to_snowflake_banking to 2026-01-26 22:24:00+00:00, run_after=2026-01-26 22:25:00+00:00
[2026-01-26T22:25:12.714+0000] {processor.py:183} INFO - Processing /opt/airflow/dags/minio_to_snowflake_dag.py took 0.461 seconds
[2026-01-26T22:25:43.000+0000] {processor.py:161} INFO - Started process (PID=748) to work on /opt/airflow/dags/minio_to_snowflake_dag.py
[2026-01-26T22:25:43.002+0000] {processor.py:830} INFO - Processing file /opt/airflow/dags/minio_to_snowflake_dag.py for tasks to queue
[2026-01-26T22:25:43.005+0000] {logging_mixin.py:188} INFO - [2026-01-26T22:25:43.004+0000] {dagbag.py:545} INFO - Filling up the DagBag from /opt/airflow/dags/minio_to_snowflake_dag.py
[2026-01-26T22:25:43.649+0000] {processor.py:840} INFO - DAG(s) 'minio_to_snowflake_banking' retrieved from /opt/airflow/dags/minio_to_snowflake_dag.py
[2026-01-26T22:25:43.663+0000] {logging_mixin.py:188} INFO - [2026-01-26T22:25:43.662+0000] {dag.py:3089} INFO - Sync 1 DAGs
[2026-01-26T22:25:43.678+0000] {logging_mixin.py:188} INFO - [2026-01-26T22:25:43.678+0000] {dag.py:3947} INFO - Setting next_dagrun for minio_to_snowflake_banking to 2026-01-26 22:24:00+00:00, run_after=2026-01-26 22:25:00+00:00
[2026-01-26T22:25:43.684+0000] {processor.py:183} INFO - Processing /opt/airflow/dags/minio_to_snowflake_dag.py took 0.698 seconds
[2026-01-26T22:26:13.849+0000] {processor.py:161} INFO - Started process (PID=753) to work on /opt/airflow/dags/minio_to_snowflake_dag.py
[2026-01-26T22:26:13.852+0000] {processor.py:830} INFO - Processing file /opt/airflow/dags/minio_to_snowflake_dag.py for tasks to queue
[2026-01-26T22:26:13.855+0000] {logging_mixin.py:188} INFO - [2026-01-26T22:26:13.854+0000] {dagbag.py:545} INFO - Filling up the DagBag from /opt/airflow/dags/minio_to_snowflake_dag.py
[2026-01-26T22:26:14.416+0000] {processor.py:840} INFO - DAG(s) 'minio_to_snowflake_banking' retrieved from /opt/airflow/dags/minio_to_snowflake_dag.py
[2026-01-26T22:26:14.430+0000] {logging_mixin.py:188} INFO - [2026-01-26T22:26:14.429+0000] {dag.py:3089} INFO - Sync 1 DAGs
[2026-01-26T22:26:14.438+0000] {logging_mixin.py:188} INFO - [2026-01-26T22:26:14.438+0000] {dag.py:3947} INFO - Setting next_dagrun for minio_to_snowflake_banking to 2026-01-26 22:25:00+00:00, run_after=2026-01-26 22:26:00+00:00
[2026-01-26T22:26:14.444+0000] {processor.py:183} INFO - Processing /opt/airflow/dags/minio_to_snowflake_dag.py took 0.611 seconds
[2026-01-26T22:26:45.156+0000] {processor.py:161} INFO - Started process (PID=758) to work on /opt/airflow/dags/minio_to_snowflake_dag.py
[2026-01-26T22:26:45.158+0000] {processor.py:830} INFO - Processing file /opt/airflow/dags/minio_to_snowflake_dag.py for tasks to queue
[2026-01-26T22:26:45.159+0000] {logging_mixin.py:188} INFO - [2026-01-26T22:26:45.159+0000] {dagbag.py:545} INFO - Filling up the DagBag from /opt/airflow/dags/minio_to_snowflake_dag.py
[2026-01-26T22:26:45.661+0000] {processor.py:840} INFO - DAG(s) 'minio_to_snowflake_banking' retrieved from /opt/airflow/dags/minio_to_snowflake_dag.py
[2026-01-26T22:26:45.674+0000] {logging_mixin.py:188} INFO - [2026-01-26T22:26:45.673+0000] {dag.py:3089} INFO - Sync 1 DAGs
[2026-01-26T22:26:45.682+0000] {logging_mixin.py:188} INFO - [2026-01-26T22:26:45.682+0000] {dag.py:3947} INFO - Setting next_dagrun for minio_to_snowflake_banking to 2026-01-26 22:25:00+00:00, run_after=2026-01-26 22:26:00+00:00
[2026-01-26T22:26:45.688+0000] {processor.py:183} INFO - Processing /opt/airflow/dags/minio_to_snowflake_dag.py took 0.543 seconds
[2026-01-26T22:27:15.973+0000] {processor.py:161} INFO - Started process (PID=763) to work on /opt/airflow/dags/minio_to_snowflake_dag.py
[2026-01-26T22:27:15.977+0000] {processor.py:830} INFO - Processing file /opt/airflow/dags/minio_to_snowflake_dag.py for tasks to queue
[2026-01-26T22:27:15.979+0000] {logging_mixin.py:188} INFO - [2026-01-26T22:27:15.978+0000] {dagbag.py:545} INFO - Filling up the DagBag from /opt/airflow/dags/minio_to_snowflake_dag.py
[2026-01-26T22:27:16.547+0000] {processor.py:840} INFO - DAG(s) 'minio_to_snowflake_banking' retrieved from /opt/airflow/dags/minio_to_snowflake_dag.py
[2026-01-26T22:27:16.564+0000] {logging_mixin.py:188} INFO - [2026-01-26T22:27:16.564+0000] {dag.py:3089} INFO - Sync 1 DAGs
[2026-01-26T22:27:16.576+0000] {logging_mixin.py:188} INFO - [2026-01-26T22:27:16.576+0000] {dag.py:3947} INFO - Setting next_dagrun for minio_to_snowflake_banking to 2026-01-26 22:26:00+00:00, run_after=2026-01-26 22:27:00+00:00
[2026-01-26T22:27:16.583+0000] {processor.py:183} INFO - Processing /opt/airflow/dags/minio_to_snowflake_dag.py took 0.625 seconds
