[2026-01-27T00:43:48.114+0000] {local_task_job_runner.py:120} INFO - ::group::Pre task execution logs
[2026-01-27T00:43:48.131+0000] {taskinstance.py:2076} INFO - Dependencies all met for dep_context=non-requeueable deps ti=<TaskInstance: minio_to_snowflake_banking.load_snowflake manual__2026-01-27T00:43:42.508538+00:00 [queued]>
[2026-01-27T00:43:48.134+0000] {taskinstance.py:2076} INFO - Dependencies all met for dep_context=requeueable deps ti=<TaskInstance: minio_to_snowflake_banking.load_snowflake manual__2026-01-27T00:43:42.508538+00:00 [queued]>
[2026-01-27T00:43:48.135+0000] {taskinstance.py:2306} INFO - Starting attempt 1 of 2
[2026-01-27T00:43:48.140+0000] {taskinstance.py:2330} INFO - Executing <Task(PythonOperator): load_snowflake> on 2026-01-27 00:43:42.508538+00:00
[2026-01-27T00:43:48.147+0000] {logging_mixin.py:188} WARNING - /home/***/.local/lib/python3.12/site-packages/***/task/task_runner/standard_task_runner.py:62 DeprecationWarning: This process (pid=3856) is multi-threaded, use of fork() may lead to deadlocks in the child.
[2026-01-27T00:43:48.146+0000] {standard_task_runner.py:90} INFO - Running: ['***', 'tasks', 'run', 'minio_to_snowflake_banking', 'load_snowflake', 'manual__2026-01-27T00:43:42.508538+00:00', '--job-id', '49', '--raw', '--subdir', 'DAGS_FOLDER/minio_to_snowflake_dag.py', '--cfg-path', '/tmp/tmp0l854x36']
[2026-01-27T00:43:48.148+0000] {standard_task_runner.py:64} INFO - Started process 3863 to run task
[2026-01-27T00:43:48.148+0000] {standard_task_runner.py:91} INFO - Job 49: Subtask load_snowflake
[2026-01-27T00:43:48.176+0000] {task_command.py:426} INFO - Running <TaskInstance: minio_to_snowflake_banking.load_snowflake manual__2026-01-27T00:43:42.508538+00:00 [running]> on host bac6151482a5
[2026-01-27T00:43:48.226+0000] {taskinstance.py:2648} INFO - Exporting env vars: AIRFLOW_CTX_DAG_OWNER='***' AIRFLOW_CTX_DAG_ID='minio_to_snowflake_banking' AIRFLOW_CTX_TASK_ID='load_snowflake' AIRFLOW_CTX_EXECUTION_DATE='2026-01-27T00:43:42.508538+00:00' AIRFLOW_CTX_TRY_NUMBER='1' AIRFLOW_CTX_DAG_RUN_ID='manual__2026-01-27T00:43:42.508538+00:00'
[2026-01-27T00:43:48.227+0000] {taskinstance.py:430} INFO - ::endgroup::
[2026-01-27T00:43:48.239+0000] {connection.py:611} INFO - Snowflake Connector for Python Version: 4.2.0, Python Version: 3.12.4, Platform: Linux-6.10.14-linuxkit-aarch64-with-glibc2.36
[2026-01-27T00:43:48.240+0000] {connection.py:1695} INFO - Connecting to GLOBAL Snowflake domain
[2026-01-27T00:43:51.788+0000] {logging_mixin.py:188} INFO - Uploaded /tmp/minio_downloads/customers_144103576074.parquet -> @customers stage
[2026-01-27T00:43:51.977+0000] {logging_mixin.py:188} INFO - Uploaded /tmp/minio_downloads/customers_144227218931.parquet -> @customers stage
[2026-01-27T00:43:52.152+0000] {logging_mixin.py:188} INFO - Uploaded /tmp/minio_downloads/customers_182509845138.parquet -> @customers stage
[2026-01-27T00:43:52.622+0000] {logging_mixin.py:188} INFO - Data loaded into customers
[2026-01-27T00:43:52.795+0000] {logging_mixin.py:188} INFO - Uploaded /tmp/minio_downloads/accounts_144103643994.parquet -> @accounts stage
[2026-01-27T00:43:52.962+0000] {logging_mixin.py:188} INFO - Uploaded /tmp/minio_downloads/accounts_144103653564.parquet -> @accounts stage
[2026-01-27T00:43:53.213+0000] {logging_mixin.py:188} INFO - Uploaded /tmp/minio_downloads/accounts_144223151465.parquet -> @accounts stage
[2026-01-27T00:43:53.364+0000] {logging_mixin.py:188} INFO - Uploaded /tmp/minio_downloads/accounts_144227246704.parquet -> @accounts stage
[2026-01-27T00:43:53.527+0000] {logging_mixin.py:188} INFO - Uploaded /tmp/minio_downloads/accounts_182505783461.parquet -> @accounts stage
[2026-01-27T00:43:53.705+0000] {logging_mixin.py:188} INFO - Uploaded /tmp/minio_downloads/accounts_182509835534.parquet -> @accounts stage
[2026-01-27T00:43:54.171+0000] {logging_mixin.py:188} INFO - Data loaded into accounts
[2026-01-27T00:43:54.487+0000] {logging_mixin.py:188} INFO - Uploaded /tmp/minio_downloads/transactions_144103762925.parquet -> @transactions stage
[2026-01-27T00:43:54.786+0000] {logging_mixin.py:188} INFO - Uploaded /tmp/minio_downloads/transactions_144103775606.parquet -> @transactions stage
[2026-01-27T00:43:55.219+0000] {logging_mixin.py:188} INFO - Uploaded /tmp/minio_downloads/transactions_144103863430.parquet -> @transactions stage
[2026-01-27T00:43:55.580+0000] {logging_mixin.py:188} INFO - Uploaded /tmp/minio_downloads/transactions_144103871284.parquet -> @transactions stage
[2026-01-27T00:43:55.931+0000] {logging_mixin.py:188} INFO - Uploaded /tmp/minio_downloads/transactions_144103881590.parquet -> @transactions stage
[2026-01-27T00:43:56.167+0000] {logging_mixin.py:188} INFO - Uploaded /tmp/minio_downloads/transactions_144219122553.parquet -> @transactions stage
[2026-01-27T00:43:56.520+0000] {logging_mixin.py:188} INFO - Uploaded /tmp/minio_downloads/transactions_144220621553.parquet -> @transactions stage
[2026-01-27T00:43:56.804+0000] {logging_mixin.py:188} INFO - Uploaded /tmp/minio_downloads/transactions_144223166901.parquet -> @transactions stage
[2026-01-27T00:43:57.055+0000] {logging_mixin.py:188} INFO - Uploaded /tmp/minio_downloads/transactions_144225187405.parquet -> @transactions stage
[2026-01-27T00:43:57.305+0000] {logging_mixin.py:188} INFO - Uploaded /tmp/minio_downloads/transactions_144227254007.parquet -> @transactions stage
[2026-01-27T00:43:57.527+0000] {logging_mixin.py:188} INFO - Uploaded /tmp/minio_downloads/transactions_182502247603.parquet -> @transactions stage
[2026-01-27T00:43:57.711+0000] {logging_mixin.py:188} INFO - Uploaded /tmp/minio_downloads/transactions_182503745994.parquet -> @transactions stage
[2026-01-27T00:43:57.848+0000] {logging_mixin.py:188} INFO - Uploaded /tmp/minio_downloads/transactions_182505806158.parquet -> @transactions stage
[2026-01-27T00:43:57.992+0000] {logging_mixin.py:188} INFO - Uploaded /tmp/minio_downloads/transactions_182507820889.parquet -> @transactions stage
[2026-01-27T00:43:58.156+0000] {logging_mixin.py:188} INFO - Uploaded /tmp/minio_downloads/transactions_182509861044.parquet -> @transactions stage
[2026-01-27T00:43:58.293+0000] {logging_mixin.py:188} INFO - Uploaded /tmp/minio_downloads/transactions_184131730922.parquet -> @transactions stage
[2026-01-27T00:43:58.413+0000] {logging_mixin.py:188} INFO - Uploaded /tmp/minio_downloads/transactions_184132267556.parquet -> @transactions stage
[2026-01-27T00:43:58.761+0000] {logging_mixin.py:188} INFO - Data loaded into transactions
[2026-01-27T00:43:58.874+0000] {python.py:237} INFO - Done. Returned value was: None
[2026-01-27T00:43:58.874+0000] {taskinstance.py:441} INFO - ::group::Post task execution logs
[2026-01-27T00:43:58.881+0000] {taskinstance.py:1206} INFO - Marking task as SUCCESS. dag_id=minio_to_snowflake_banking, task_id=load_snowflake, run_id=manual__2026-01-27T00:43:42.508538+00:00, execution_date=20260127T004342, start_date=20260127T004348, end_date=20260127T004358
[2026-01-27T00:43:58.914+0000] {local_task_job_runner.py:243} INFO - Task exited with return code 0
[2026-01-27T00:43:58.923+0000] {taskinstance.py:3503} INFO - 0 downstream tasks scheduled from follow-on schedule check
[2026-01-27T00:43:58.924+0000] {local_task_job_runner.py:222} INFO - ::endgroup::
