[2026-01-27T20:15:04.808+0000] {local_task_job_runner.py:120} INFO - ::group::Pre task execution logs
[2026-01-27T20:15:04.825+0000] {taskinstance.py:2076} INFO - Dependencies all met for dep_context=non-requeueable deps ti=<TaskInstance: minio_to_snowflake_banking.load_snowflake scheduled__2026-01-27T20:14:00+00:00 [queued]>
[2026-01-27T20:15:04.828+0000] {taskinstance.py:2076} INFO - Dependencies all met for dep_context=requeueable deps ti=<TaskInstance: minio_to_snowflake_banking.load_snowflake scheduled__2026-01-27T20:14:00+00:00 [queued]>
[2026-01-27T20:15:04.828+0000] {taskinstance.py:2306} INFO - Starting attempt 1 of 2
[2026-01-27T20:15:04.832+0000] {taskinstance.py:2330} INFO - Executing <Task(PythonOperator): load_snowflake> on 2026-01-27 20:14:00+00:00
[2026-01-27T20:15:04.838+0000] {standard_task_runner.py:90} INFO - Running: ['***', 'tasks', 'run', 'minio_to_snowflake_banking', 'load_snowflake', 'scheduled__2026-01-27T20:14:00+00:00', '--job-id', '867', '--raw', '--subdir', 'DAGS_FOLDER/minio_to_snowflake_dag.py', '--cfg-path', '/tmp/tmpt326adev']
[2026-01-27T20:15:04.841+0000] {standard_task_runner.py:91} INFO - Job 867: Subtask load_snowflake
[2026-01-27T20:15:04.841+0000] {logging_mixin.py:188} WARNING - /home/***/.local/lib/python3.12/site-packages/***/task/task_runner/standard_task_runner.py:62 DeprecationWarning: This process (pid=30673) is multi-threaded, use of fork() may lead to deadlocks in the child.
[2026-01-27T20:15:04.843+0000] {standard_task_runner.py:64} INFO - Started process 30680 to run task
[2026-01-27T20:15:04.878+0000] {task_command.py:426} INFO - Running <TaskInstance: minio_to_snowflake_banking.load_snowflake scheduled__2026-01-27T20:14:00+00:00 [running]> on host f7e57c740e9e
[2026-01-27T20:15:04.924+0000] {taskinstance.py:2648} INFO - Exporting env vars: AIRFLOW_CTX_DAG_OWNER='***' AIRFLOW_CTX_DAG_ID='minio_to_snowflake_banking' AIRFLOW_CTX_TASK_ID='load_snowflake' AIRFLOW_CTX_EXECUTION_DATE='2026-01-27T20:14:00+00:00' AIRFLOW_CTX_TRY_NUMBER='1' AIRFLOW_CTX_DAG_RUN_ID='scheduled__2026-01-27T20:14:00+00:00'
[2026-01-27T20:15:04.924+0000] {taskinstance.py:430} INFO - ::endgroup::
[2026-01-27T20:15:04.936+0000] {connection.py:611} INFO - Snowflake Connector for Python Version: 4.2.0, Python Version: 3.12.4, Platform: Linux-6.10.14-linuxkit-aarch64-with-glibc2.36
[2026-01-27T20:15:04.937+0000] {connection.py:1695} INFO - Connecting to GLOBAL Snowflake domain
[2026-01-27T20:15:08.679+0000] {logging_mixin.py:188} INFO - Uploaded /tmp/minio_downloads/customers_215036692531.parquet -> @customers stage
[2026-01-27T20:15:09.179+0000] {logging_mixin.py:188} INFO - Uploaded /tmp/minio_downloads/customers_215046805845.parquet -> @customers stage
[2026-01-27T20:15:09.382+0000] {logging_mixin.py:188} INFO - Uploaded /tmp/minio_downloads/customers_215056955161.parquet -> @customers stage
[2026-01-27T20:15:09.589+0000] {logging_mixin.py:188} INFO - Uploaded /tmp/minio_downloads/customers_231527933510.parquet -> @customers stage
[2026-01-27T20:15:10.185+0000] {logging_mixin.py:188} INFO - Data loaded into customers
[2026-01-27T20:15:10.602+0000] {logging_mixin.py:188} INFO - Uploaded /tmp/minio_downloads/accounts_215036748655.parquet -> @accounts stage
[2026-01-27T20:15:10.796+0000] {logging_mixin.py:188} INFO - Uploaded /tmp/minio_downloads/accounts_215042772494.parquet -> @accounts stage
[2026-01-27T20:15:11.004+0000] {logging_mixin.py:188} INFO - Uploaded /tmp/minio_downloads/accounts_215052938889.parquet -> @accounts stage
[2026-01-27T20:15:11.704+0000] {logging_mixin.py:188} INFO - Data loaded into accounts
[2026-01-27T20:15:11.951+0000] {logging_mixin.py:188} INFO - Uploaded /tmp/minio_downloads/transactions_215036756342.parquet -> @transactions stage
[2026-01-27T20:15:12.321+0000] {logging_mixin.py:188} INFO - Uploaded /tmp/minio_downloads/transactions_215038694525.parquet -> @transactions stage
[2026-01-27T20:15:12.709+0000] {logging_mixin.py:188} INFO - Uploaded /tmp/minio_downloads/transactions_215040746814.parquet -> @transactions stage
[2026-01-27T20:15:13.225+0000] {logging_mixin.py:188} INFO - Uploaded /tmp/minio_downloads/transactions_215042801594.parquet -> @transactions stage
[2026-01-27T20:15:13.584+0000] {logging_mixin.py:188} INFO - Uploaded /tmp/minio_downloads/transactions_215044831571.parquet -> @transactions stage
[2026-01-27T20:15:13.845+0000] {logging_mixin.py:188} INFO - Uploaded /tmp/minio_downloads/transactions_215046920436.parquet -> @transactions stage
[2026-01-27T20:15:14.446+0000] {logging_mixin.py:188} INFO - Data loaded into transactions
[2026-01-27T20:15:14.821+0000] {python.py:237} INFO - Done. Returned value was: None
[2026-01-27T20:15:14.825+0000] {taskinstance.py:441} INFO - ::group::Post task execution logs
[2026-01-27T20:15:14.879+0000] {taskinstance.py:1206} INFO - Marking task as SUCCESS. dag_id=minio_to_snowflake_banking, task_id=load_snowflake, run_id=scheduled__2026-01-27T20:14:00+00:00, execution_date=20260127T201400, start_date=20260127T201504, end_date=20260127T201514
[2026-01-27T20:15:14.916+0000] {local_task_job_runner.py:243} INFO - Task exited with return code 0
[2026-01-27T20:15:14.943+0000] {taskinstance.py:3503} INFO - 0 downstream tasks scheduled from follow-on schedule check
[2026-01-27T20:15:14.945+0000] {local_task_job_runner.py:222} INFO - ::endgroup::
