[2026-01-27T02:53:01.720+0000] {local_task_job_runner.py:120} INFO - ::group::Pre task execution logs
[2026-01-27T02:53:01.732+0000] {taskinstance.py:2076} INFO - Dependencies all met for dep_context=non-requeueable deps ti=<TaskInstance: minio_to_snowflake_banking.download_minio scheduled__2026-01-27T02:52:00+00:00 [queued]>
[2026-01-27T02:53:01.734+0000] {taskinstance.py:2076} INFO - Dependencies all met for dep_context=requeueable deps ti=<TaskInstance: minio_to_snowflake_banking.download_minio scheduled__2026-01-27T02:52:00+00:00 [queued]>
[2026-01-27T02:53:01.734+0000] {taskinstance.py:2306} INFO - Starting attempt 1 of 2
[2026-01-27T02:53:01.738+0000] {taskinstance.py:2330} INFO - Executing <Task(PythonOperator): download_minio> on 2026-01-27 02:52:00+00:00
[2026-01-27T02:53:01.743+0000] {standard_task_runner.py:90} INFO - Running: ['***', 'tasks', 'run', 'minio_to_snowflake_banking', 'download_minio', 'scheduled__2026-01-27T02:52:00+00:00', '--job-id', '316', '--raw', '--subdir', 'DAGS_FOLDER/minio_to_snowflake_dag.py', '--cfg-path', '/tmp/tmp80ylkt_9']
[2026-01-27T02:53:01.744+0000] {logging_mixin.py:188} WARNING - /home/***/.local/lib/python3.12/site-packages/***/task/task_runner/standard_task_runner.py:62 DeprecationWarning: This process (pid=3738) is multi-threaded, use of fork() may lead to deadlocks in the child.
[2026-01-27T02:53:01.745+0000] {standard_task_runner.py:91} INFO - Job 316: Subtask download_minio
[2026-01-27T02:53:01.745+0000] {standard_task_runner.py:64} INFO - Started process 3745 to run task
[2026-01-27T02:53:01.765+0000] {task_command.py:426} INFO - Running <TaskInstance: minio_to_snowflake_banking.download_minio scheduled__2026-01-27T02:52:00+00:00 [running]> on host e566996476d9
[2026-01-27T02:53:01.797+0000] {taskinstance.py:2648} INFO - Exporting env vars: AIRFLOW_CTX_DAG_OWNER='***' AIRFLOW_CTX_DAG_ID='minio_to_snowflake_banking' AIRFLOW_CTX_TASK_ID='download_minio' AIRFLOW_CTX_EXECUTION_DATE='2026-01-27T02:52:00+00:00' AIRFLOW_CTX_TRY_NUMBER='1' AIRFLOW_CTX_DAG_RUN_ID='scheduled__2026-01-27T02:52:00+00:00'
[2026-01-27T02:53:01.798+0000] {taskinstance.py:430} INFO - ::endgroup::
[2026-01-27T02:53:01.947+0000] {logging_mixin.py:188} INFO - Downloaded customers/date=2026-01-26/customers_195743096976.parquet -> /tmp/minio_downloads/customers_195743096976.parquet
[2026-01-27T02:53:01.950+0000] {logging_mixin.py:188} INFO - Downloaded customers/date=2026-01-26/customers_195753837058.parquet -> /tmp/minio_downloads/customers_195753837058.parquet
[2026-01-27T02:53:01.955+0000] {logging_mixin.py:188} INFO - Downloaded accounts/date=2026-01-26/accounts_195743143348.parquet -> /tmp/minio_downloads/accounts_195743143348.parquet
[2026-01-27T02:53:01.959+0000] {logging_mixin.py:188} INFO - Downloaded accounts/date=2026-01-26/accounts_195748712467.parquet -> /tmp/minio_downloads/accounts_195748712467.parquet
[2026-01-27T02:53:01.961+0000] {logging_mixin.py:188} INFO - Downloaded accounts/date=2026-01-26/accounts_195758854697.parquet -> /tmp/minio_downloads/accounts_195758854697.parquet
[2026-01-27T02:53:01.966+0000] {logging_mixin.py:188} INFO - Downloaded transactions/date=2026-01-26/transactions_195743150534.parquet -> /tmp/minio_downloads/transactions_195743150534.parquet
[2026-01-27T02:53:01.968+0000] {logging_mixin.py:188} INFO - Downloaded transactions/date=2026-01-26/transactions_195745131628.parquet -> /tmp/minio_downloads/transactions_195745131628.parquet
[2026-01-27T02:53:01.970+0000] {logging_mixin.py:188} INFO - Downloaded transactions/date=2026-01-26/transactions_195747184746.parquet -> /tmp/minio_downloads/transactions_195747184746.parquet
[2026-01-27T02:53:01.973+0000] {logging_mixin.py:188} INFO - Downloaded transactions/date=2026-01-26/transactions_195748747291.parquet -> /tmp/minio_downloads/transactions_195748747291.parquet
[2026-01-27T02:53:01.975+0000] {logging_mixin.py:188} INFO - Downloaded transactions/date=2026-01-26/transactions_195750828298.parquet -> /tmp/minio_downloads/transactions_195750828298.parquet
[2026-01-27T02:53:01.975+0000] {python.py:237} INFO - Done. Returned value was: {'customers': ['/tmp/minio_downloads/customers_195743096976.parquet', '/tmp/minio_downloads/customers_195753837058.parquet'], 'accounts': ['/tmp/minio_downloads/accounts_195743143348.parquet', '/tmp/minio_downloads/accounts_195748712467.parquet', '/tmp/minio_downloads/accounts_195758854697.parquet'], 'transactions': ['/tmp/minio_downloads/transactions_195743150534.parquet', '/tmp/minio_downloads/transactions_195745131628.parquet', '/tmp/minio_downloads/transactions_195747184746.parquet', '/tmp/minio_downloads/transactions_195748747291.parquet', '/tmp/minio_downloads/transactions_195750828298.parquet']}
[2026-01-27T02:53:01.976+0000] {taskinstance.py:441} INFO - ::group::Post task execution logs
[2026-01-27T02:53:01.986+0000] {taskinstance.py:1206} INFO - Marking task as SUCCESS. dag_id=minio_to_snowflake_banking, task_id=download_minio, run_id=scheduled__2026-01-27T02:52:00+00:00, execution_date=20260127T025200, start_date=20260127T025301, end_date=20260127T025301
[2026-01-27T02:53:02.009+0000] {local_task_job_runner.py:243} INFO - Task exited with return code 0
[2026-01-27T02:53:02.017+0000] {taskinstance.py:3503} INFO - 1 downstream tasks scheduled from follow-on schedule check
[2026-01-27T02:53:02.017+0000] {local_task_job_runner.py:222} INFO - ::endgroup::
