[2026-01-27T00:35:02.747+0000] {local_task_job_runner.py:120} INFO - ::group::Pre task execution logs
[2026-01-27T00:35:02.762+0000] {taskinstance.py:2076} INFO - Dependencies all met for dep_context=non-requeueable deps ti=<TaskInstance: minio_to_snowflake_banking.download_minio scheduled__2026-01-27T00:34:00+00:00 [queued]>
[2026-01-27T00:35:02.765+0000] {taskinstance.py:2076} INFO - Dependencies all met for dep_context=requeueable deps ti=<TaskInstance: minio_to_snowflake_banking.download_minio scheduled__2026-01-27T00:34:00+00:00 [queued]>
[2026-01-27T00:35:02.765+0000] {taskinstance.py:2306} INFO - Starting attempt 1 of 2
[2026-01-27T00:35:02.769+0000] {taskinstance.py:2330} INFO - Executing <Task(PythonOperator): download_minio> on 2026-01-27 00:34:00+00:00
[2026-01-27T00:35:02.775+0000] {logging_mixin.py:188} WARNING - /home/***/.local/lib/python3.12/site-packages/***/task/task_runner/standard_task_runner.py:62 DeprecationWarning: This process (pid=2851) is multi-threaded, use of fork() may lead to deadlocks in the child.
[2026-01-27T00:35:02.774+0000] {standard_task_runner.py:90} INFO - Running: ['***', 'tasks', 'run', 'minio_to_snowflake_banking', 'download_minio', 'scheduled__2026-01-27T00:34:00+00:00', '--job-id', '30', '--raw', '--subdir', 'DAGS_FOLDER/minio_to_snowflake_dag.py', '--cfg-path', '/tmp/tmpdn4jegfh']
[2026-01-27T00:35:02.776+0000] {standard_task_runner.py:64} INFO - Started process 2858 to run task
[2026-01-27T00:35:02.776+0000] {standard_task_runner.py:91} INFO - Job 30: Subtask download_minio
[2026-01-27T00:35:02.799+0000] {task_command.py:426} INFO - Running <TaskInstance: minio_to_snowflake_banking.download_minio scheduled__2026-01-27T00:34:00+00:00 [running]> on host bac6151482a5
[2026-01-27T00:35:02.834+0000] {taskinstance.py:2648} INFO - Exporting env vars: AIRFLOW_CTX_DAG_OWNER='***' AIRFLOW_CTX_DAG_ID='minio_to_snowflake_banking' AIRFLOW_CTX_TASK_ID='download_minio' AIRFLOW_CTX_EXECUTION_DATE='2026-01-27T00:34:00+00:00' AIRFLOW_CTX_TRY_NUMBER='1' AIRFLOW_CTX_DAG_RUN_ID='scheduled__2026-01-27T00:34:00+00:00'
[2026-01-27T00:35:02.835+0000] {taskinstance.py:430} INFO - ::endgroup::
[2026-01-27T00:35:03.060+0000] {logging_mixin.py:188} INFO - Downloaded customers/date=2026-01-26/customers_144103576074.parquet -> /tmp/minio_downloads/customers_144103576074.parquet
[2026-01-27T00:35:03.064+0000] {logging_mixin.py:188} INFO - Downloaded customers/date=2026-01-26/customers_144227218931.parquet -> /tmp/minio_downloads/customers_144227218931.parquet
[2026-01-27T00:35:03.068+0000] {logging_mixin.py:188} INFO - Downloaded customers/date=2026-01-26/customers_182509845138.parquet -> /tmp/minio_downloads/customers_182509845138.parquet
[2026-01-27T00:35:03.078+0000] {logging_mixin.py:188} INFO - Downloaded accounts/date=2026-01-26/accounts_144103643994.parquet -> /tmp/minio_downloads/accounts_144103643994.parquet
[2026-01-27T00:35:03.082+0000] {logging_mixin.py:188} INFO - Downloaded accounts/date=2026-01-26/accounts_144103653564.parquet -> /tmp/minio_downloads/accounts_144103653564.parquet
[2026-01-27T00:35:03.085+0000] {logging_mixin.py:188} INFO - Downloaded accounts/date=2026-01-26/accounts_144223151465.parquet -> /tmp/minio_downloads/accounts_144223151465.parquet
[2026-01-27T00:35:03.089+0000] {logging_mixin.py:188} INFO - Downloaded accounts/date=2026-01-26/accounts_144227246704.parquet -> /tmp/minio_downloads/accounts_144227246704.parquet
[2026-01-27T00:35:03.092+0000] {logging_mixin.py:188} INFO - Downloaded accounts/date=2026-01-26/accounts_182505783461.parquet -> /tmp/minio_downloads/accounts_182505783461.parquet
[2026-01-27T00:35:03.095+0000] {logging_mixin.py:188} INFO - Downloaded accounts/date=2026-01-26/accounts_182509835534.parquet -> /tmp/minio_downloads/accounts_182509835534.parquet
[2026-01-27T00:35:03.103+0000] {logging_mixin.py:188} INFO - Downloaded transactions/date=2026-01-26/transactions_144103762925.parquet -> /tmp/minio_downloads/transactions_144103762925.parquet
[2026-01-27T00:35:03.106+0000] {logging_mixin.py:188} INFO - Downloaded transactions/date=2026-01-26/transactions_144103775606.parquet -> /tmp/minio_downloads/transactions_144103775606.parquet
[2026-01-27T00:35:03.109+0000] {logging_mixin.py:188} INFO - Downloaded transactions/date=2026-01-26/transactions_144103863430.parquet -> /tmp/minio_downloads/transactions_144103863430.parquet
[2026-01-27T00:35:03.112+0000] {logging_mixin.py:188} INFO - Downloaded transactions/date=2026-01-26/transactions_144103871284.parquet -> /tmp/minio_downloads/transactions_144103871284.parquet
[2026-01-27T00:35:03.115+0000] {logging_mixin.py:188} INFO - Downloaded transactions/date=2026-01-26/transactions_144103881590.parquet -> /tmp/minio_downloads/transactions_144103881590.parquet
[2026-01-27T00:35:03.118+0000] {logging_mixin.py:188} INFO - Downloaded transactions/date=2026-01-26/transactions_144219122553.parquet -> /tmp/minio_downloads/transactions_144219122553.parquet
[2026-01-27T00:35:03.121+0000] {logging_mixin.py:188} INFO - Downloaded transactions/date=2026-01-26/transactions_144220621553.parquet -> /tmp/minio_downloads/transactions_144220621553.parquet
[2026-01-27T00:35:03.124+0000] {logging_mixin.py:188} INFO - Downloaded transactions/date=2026-01-26/transactions_144223166901.parquet -> /tmp/minio_downloads/transactions_144223166901.parquet
[2026-01-27T00:35:03.127+0000] {logging_mixin.py:188} INFO - Downloaded transactions/date=2026-01-26/transactions_144225187405.parquet -> /tmp/minio_downloads/transactions_144225187405.parquet
[2026-01-27T00:35:03.129+0000] {logging_mixin.py:188} INFO - Downloaded transactions/date=2026-01-26/transactions_144227254007.parquet -> /tmp/minio_downloads/transactions_144227254007.parquet
[2026-01-27T00:35:03.132+0000] {logging_mixin.py:188} INFO - Downloaded transactions/date=2026-01-26/transactions_182502247603.parquet -> /tmp/minio_downloads/transactions_182502247603.parquet
[2026-01-27T00:35:03.135+0000] {logging_mixin.py:188} INFO - Downloaded transactions/date=2026-01-26/transactions_182503745994.parquet -> /tmp/minio_downloads/transactions_182503745994.parquet
[2026-01-27T00:35:03.137+0000] {logging_mixin.py:188} INFO - Downloaded transactions/date=2026-01-26/transactions_182505806158.parquet -> /tmp/minio_downloads/transactions_182505806158.parquet
[2026-01-27T00:35:03.140+0000] {logging_mixin.py:188} INFO - Downloaded transactions/date=2026-01-26/transactions_182507820889.parquet -> /tmp/minio_downloads/transactions_182507820889.parquet
[2026-01-27T00:35:03.143+0000] {logging_mixin.py:188} INFO - Downloaded transactions/date=2026-01-26/transactions_182509861044.parquet -> /tmp/minio_downloads/transactions_182509861044.parquet
[2026-01-27T00:35:03.143+0000] {python.py:237} INFO - Done. Returned value was: {'customers': ['/tmp/minio_downloads/customers_144103576074.parquet', '/tmp/minio_downloads/customers_144227218931.parquet', '/tmp/minio_downloads/customers_182509845138.parquet'], 'accounts': ['/tmp/minio_downloads/accounts_144103643994.parquet', '/tmp/minio_downloads/accounts_144103653564.parquet', '/tmp/minio_downloads/accounts_144223151465.parquet', '/tmp/minio_downloads/accounts_144227246704.parquet', '/tmp/minio_downloads/accounts_182505783461.parquet', '/tmp/minio_downloads/accounts_182509835534.parquet'], 'transactions': ['/tmp/minio_downloads/transactions_144103762925.parquet', '/tmp/minio_downloads/transactions_144103775606.parquet', '/tmp/minio_downloads/transactions_144103863430.parquet', '/tmp/minio_downloads/transactions_144103871284.parquet', '/tmp/minio_downloads/transactions_144103881590.parquet', '/tmp/minio_downloads/transactions_144219122553.parquet', '/tmp/minio_downloads/transactions_144220621553.parquet', '/tmp/minio_downloads/transactions_144223166901.parquet', '/tmp/minio_downloads/transactions_144225187405.parquet', '/tmp/minio_downloads/transactions_144227254007.parquet', '/tmp/minio_downloads/transactions_182502247603.parquet', '/tmp/minio_downloads/transactions_182503745994.parquet', '/tmp/minio_downloads/transactions_182505806158.parquet', '/tmp/minio_downloads/transactions_182507820889.parquet', '/tmp/minio_downloads/transactions_182509861044.parquet']}
[2026-01-27T00:35:03.143+0000] {taskinstance.py:441} INFO - ::group::Post task execution logs
[2026-01-27T00:35:03.156+0000] {taskinstance.py:1206} INFO - Marking task as SUCCESS. dag_id=minio_to_snowflake_banking, task_id=download_minio, run_id=scheduled__2026-01-27T00:34:00+00:00, execution_date=20260127T003400, start_date=20260127T003502, end_date=20260127T003503
[2026-01-27T00:35:03.204+0000] {local_task_job_runner.py:243} INFO - Task exited with return code 0
[2026-01-27T00:35:03.214+0000] {taskinstance.py:3503} INFO - 1 downstream tasks scheduled from follow-on schedule check
[2026-01-27T00:35:03.214+0000] {local_task_job_runner.py:222} INFO - ::endgroup::
