[2026-01-27T00:52:26.193+0000] {local_task_job_runner.py:120} INFO - ::group::Pre task execution logs
[2026-01-27T00:52:26.207+0000] {taskinstance.py:2076} INFO - Dependencies all met for dep_context=non-requeueable deps ti=<TaskInstance: minio_to_snowflake_banking.load_snowflake scheduled__2026-01-27T00:51:00+00:00 [queued]>
[2026-01-27T00:52:26.209+0000] {taskinstance.py:2076} INFO - Dependencies all met for dep_context=requeueable deps ti=<TaskInstance: minio_to_snowflake_banking.load_snowflake scheduled__2026-01-27T00:51:00+00:00 [queued]>
[2026-01-27T00:52:26.209+0000] {taskinstance.py:2306} INFO - Starting attempt 1 of 2
[2026-01-27T00:52:26.214+0000] {taskinstance.py:2330} INFO - Executing <Task(PythonOperator): load_snowflake> on 2026-01-27 00:51:00+00:00
[2026-01-27T00:52:26.218+0000] {logging_mixin.py:188} WARNING - /home/***/.local/lib/python3.12/site-packages/***/task/task_runner/standard_task_runner.py:62 DeprecationWarning: This process (pid=5147) is multi-threaded, use of fork() may lead to deadlocks in the child.
[2026-01-27T00:52:26.218+0000] {standard_task_runner.py:90} INFO - Running: ['***', 'tasks', 'run', 'minio_to_snowflake_banking', 'load_snowflake', 'scheduled__2026-01-27T00:51:00+00:00', '--job-id', '73', '--raw', '--subdir', 'DAGS_FOLDER/minio_to_snowflake_dag.py', '--cfg-path', '/tmp/tmpi1xeo4yw']
[2026-01-27T00:52:26.219+0000] {standard_task_runner.py:64} INFO - Started process 5154 to run task
[2026-01-27T00:52:26.219+0000] {standard_task_runner.py:91} INFO - Job 73: Subtask load_snowflake
[2026-01-27T00:52:26.244+0000] {task_command.py:426} INFO - Running <TaskInstance: minio_to_snowflake_banking.load_snowflake scheduled__2026-01-27T00:51:00+00:00 [running]> on host bac6151482a5
[2026-01-27T00:52:26.281+0000] {taskinstance.py:2648} INFO - Exporting env vars: AIRFLOW_CTX_DAG_OWNER='***' AIRFLOW_CTX_DAG_ID='minio_to_snowflake_banking' AIRFLOW_CTX_TASK_ID='load_snowflake' AIRFLOW_CTX_EXECUTION_DATE='2026-01-27T00:51:00+00:00' AIRFLOW_CTX_TRY_NUMBER='1' AIRFLOW_CTX_DAG_RUN_ID='scheduled__2026-01-27T00:51:00+00:00'
[2026-01-27T00:52:26.281+0000] {taskinstance.py:430} INFO - ::endgroup::
[2026-01-27T00:52:26.292+0000] {connection.py:611} INFO - Snowflake Connector for Python Version: 4.2.0, Python Version: 3.12.4, Platform: Linux-6.10.14-linuxkit-aarch64-with-glibc2.36
[2026-01-27T00:52:26.292+0000] {connection.py:1695} INFO - Connecting to GLOBAL Snowflake domain
[2026-01-27T00:52:28.822+0000] {logging_mixin.py:188} INFO - Uploaded /tmp/minio_downloads/customers_144103576074.parquet -> @customers stage
[2026-01-27T00:52:29.008+0000] {logging_mixin.py:188} INFO - Uploaded /tmp/minio_downloads/customers_144227218931.parquet -> @customers stage
[2026-01-27T00:52:29.395+0000] {logging_mixin.py:188} INFO - Uploaded /tmp/minio_downloads/customers_182509845138.parquet -> @customers stage
[2026-01-27T00:52:29.682+0000] {logging_mixin.py:188} INFO - Uploaded /tmp/minio_downloads/customers_185216126542.parquet -> @customers stage
[2026-01-27T00:52:30.462+0000] {logging_mixin.py:188} INFO - Data loaded into customers
[2026-01-27T00:52:30.641+0000] {logging_mixin.py:188} INFO - Uploaded /tmp/minio_downloads/accounts_144103643994.parquet -> @accounts stage
[2026-01-27T00:52:30.836+0000] {logging_mixin.py:188} INFO - Uploaded /tmp/minio_downloads/accounts_144103653564.parquet -> @accounts stage
[2026-01-27T00:52:31.008+0000] {logging_mixin.py:188} INFO - Uploaded /tmp/minio_downloads/accounts_144223151465.parquet -> @accounts stage
[2026-01-27T00:52:31.509+0000] {logging_mixin.py:188} INFO - Uploaded /tmp/minio_downloads/accounts_144227246704.parquet -> @accounts stage
[2026-01-27T00:52:31.718+0000] {logging_mixin.py:188} INFO - Uploaded /tmp/minio_downloads/accounts_182505783461.parquet -> @accounts stage
[2026-01-27T00:52:31.962+0000] {logging_mixin.py:188} INFO - Uploaded /tmp/minio_downloads/accounts_182509835534.parquet -> @accounts stage
[2026-01-27T00:52:32.201+0000] {logging_mixin.py:188} INFO - Uploaded /tmp/minio_downloads/accounts_185211951102.parquet -> @accounts stage
[2026-01-27T00:52:32.434+0000] {logging_mixin.py:188} INFO - Uploaded /tmp/minio_downloads/accounts_185216176088.parquet -> @accounts stage
[2026-01-27T00:52:33.162+0000] {logging_mixin.py:188} INFO - Data loaded into accounts
[2026-01-27T00:52:33.346+0000] {logging_mixin.py:188} INFO - Uploaded /tmp/minio_downloads/transactions_144103762925.parquet -> @transactions stage
[2026-01-27T00:52:33.556+0000] {logging_mixin.py:188} INFO - Uploaded /tmp/minio_downloads/transactions_144103775606.parquet -> @transactions stage
[2026-01-27T00:52:33.769+0000] {logging_mixin.py:188} INFO - Uploaded /tmp/minio_downloads/transactions_144103863430.parquet -> @transactions stage
[2026-01-27T00:52:33.940+0000] {logging_mixin.py:188} INFO - Uploaded /tmp/minio_downloads/transactions_144103871284.parquet -> @transactions stage
[2026-01-27T00:52:34.129+0000] {logging_mixin.py:188} INFO - Uploaded /tmp/minio_downloads/transactions_144103881590.parquet -> @transactions stage
[2026-01-27T00:52:34.887+0000] {logging_mixin.py:188} INFO - Uploaded /tmp/minio_downloads/transactions_144219122553.parquet -> @transactions stage
[2026-01-27T00:52:35.044+0000] {logging_mixin.py:188} INFO - Uploaded /tmp/minio_downloads/transactions_144220621553.parquet -> @transactions stage
[2026-01-27T00:52:35.245+0000] {logging_mixin.py:188} INFO - Uploaded /tmp/minio_downloads/transactions_144223166901.parquet -> @transactions stage
[2026-01-27T00:52:35.373+0000] {logging_mixin.py:188} INFO - Uploaded /tmp/minio_downloads/transactions_144225187405.parquet -> @transactions stage
[2026-01-27T00:52:35.570+0000] {logging_mixin.py:188} INFO - Uploaded /tmp/minio_downloads/transactions_144227254007.parquet -> @transactions stage
[2026-01-27T00:52:35.745+0000] {logging_mixin.py:188} INFO - Uploaded /tmp/minio_downloads/transactions_182502247603.parquet -> @transactions stage
[2026-01-27T00:52:35.930+0000] {logging_mixin.py:188} INFO - Uploaded /tmp/minio_downloads/transactions_182503745994.parquet -> @transactions stage
[2026-01-27T00:52:36.103+0000] {logging_mixin.py:188} INFO - Uploaded /tmp/minio_downloads/transactions_182505806158.parquet -> @transactions stage
[2026-01-27T00:52:36.293+0000] {logging_mixin.py:188} INFO - Uploaded /tmp/minio_downloads/transactions_182507820889.parquet -> @transactions stage
[2026-01-27T00:52:36.497+0000] {logging_mixin.py:188} INFO - Uploaded /tmp/minio_downloads/transactions_182509861044.parquet -> @transactions stage
[2026-01-27T00:52:36.660+0000] {logging_mixin.py:188} INFO - Uploaded /tmp/minio_downloads/transactions_184131730922.parquet -> @transactions stage
[2026-01-27T00:52:36.820+0000] {logging_mixin.py:188} INFO - Uploaded /tmp/minio_downloads/transactions_184132267556.parquet -> @transactions stage
[2026-01-27T00:52:37.013+0000] {logging_mixin.py:188} INFO - Uploaded /tmp/minio_downloads/transactions_185212015172.parquet -> @transactions stage
[2026-01-27T00:52:37.226+0000] {logging_mixin.py:188} INFO - Uploaded /tmp/minio_downloads/transactions_185214037206.parquet -> @transactions stage
[2026-01-27T00:52:37.470+0000] {logging_mixin.py:188} INFO - Uploaded /tmp/minio_downloads/transactions_185216168765.parquet -> @transactions stage
[2026-01-27T00:52:37.676+0000] {logging_mixin.py:188} INFO - Uploaded /tmp/minio_downloads/transactions_185218181017.parquet -> @transactions stage
[2026-01-27T00:52:38.316+0000] {logging_mixin.py:188} INFO - Data loaded into transactions
[2026-01-27T00:52:38.441+0000] {python.py:237} INFO - Done. Returned value was: None
[2026-01-27T00:52:38.442+0000] {taskinstance.py:441} INFO - ::group::Post task execution logs
[2026-01-27T00:52:38.474+0000] {taskinstance.py:1206} INFO - Marking task as SUCCESS. dag_id=minio_to_snowflake_banking, task_id=load_snowflake, run_id=scheduled__2026-01-27T00:51:00+00:00, execution_date=20260127T005100, start_date=20260127T005226, end_date=20260127T005238
[2026-01-27T00:52:38.525+0000] {local_task_job_runner.py:243} INFO - Task exited with return code 0
[2026-01-27T00:52:38.567+0000] {taskinstance.py:3503} INFO - 0 downstream tasks scheduled from follow-on schedule check
[2026-01-27T00:52:38.568+0000] {local_task_job_runner.py:222} INFO - ::endgroup::
