[2026-01-27T09:57:04.446+0000] {local_task_job_runner.py:120} INFO - ::group::Pre task execution logs
[2026-01-27T09:57:04.459+0000] {taskinstance.py:2076} INFO - Dependencies all met for dep_context=non-requeueable deps ti=<TaskInstance: minio_to_snowflake_banking.load_snowflake scheduled__2026-01-27T08:17:00+00:00 [queued]>
[2026-01-27T09:57:04.461+0000] {taskinstance.py:2076} INFO - Dependencies all met for dep_context=requeueable deps ti=<TaskInstance: minio_to_snowflake_banking.load_snowflake scheduled__2026-01-27T08:17:00+00:00 [queued]>
[2026-01-27T09:57:04.462+0000] {taskinstance.py:2306} INFO - Starting attempt 2 of 2
[2026-01-27T09:57:04.466+0000] {taskinstance.py:2330} INFO - Executing <Task(PythonOperator): load_snowflake> on 2026-01-27 08:17:00+00:00
[2026-01-27T09:57:04.471+0000] {logging_mixin.py:188} WARNING - /home/***/.local/lib/python3.12/site-packages/***/task/task_runner/standard_task_runner.py:62 DeprecationWarning: This process (pid=9480) is multi-threaded, use of fork() may lead to deadlocks in the child.
[2026-01-27T09:57:04.472+0000] {standard_task_runner.py:64} INFO - Started process 9487 to run task
[2026-01-27T09:57:04.471+0000] {standard_task_runner.py:90} INFO - Running: ['***', 'tasks', 'run', 'minio_to_snowflake_banking', 'load_snowflake', 'scheduled__2026-01-27T08:17:00+00:00', '--job-id', '275', '--raw', '--subdir', 'DAGS_FOLDER/minio_to_snowflake_dag.py', '--cfg-path', '/tmp/tmpm48qjebq']
[2026-01-27T09:57:04.472+0000] {standard_task_runner.py:91} INFO - Job 275: Subtask load_snowflake
[2026-01-27T09:57:04.493+0000] {task_command.py:426} INFO - Running <TaskInstance: minio_to_snowflake_banking.load_snowflake scheduled__2026-01-27T08:17:00+00:00 [running]> on host f7e57c740e9e
[2026-01-27T09:57:04.529+0000] {taskinstance.py:2648} INFO - Exporting env vars: AIRFLOW_CTX_DAG_OWNER='***' AIRFLOW_CTX_DAG_ID='minio_to_snowflake_banking' AIRFLOW_CTX_TASK_ID='load_snowflake' AIRFLOW_CTX_EXECUTION_DATE='2026-01-27T08:17:00+00:00' AIRFLOW_CTX_TRY_NUMBER='2' AIRFLOW_CTX_DAG_RUN_ID='scheduled__2026-01-27T08:17:00+00:00'
[2026-01-27T09:57:04.529+0000] {taskinstance.py:430} INFO - ::endgroup::
[2026-01-27T09:57:04.539+0000] {connection.py:611} INFO - Snowflake Connector for Python Version: 4.2.0, Python Version: 3.12.4, Platform: Linux-6.10.14-linuxkit-aarch64-with-glibc2.36
[2026-01-27T09:57:04.540+0000] {connection.py:1695} INFO - Connecting to GLOBAL Snowflake domain
[2026-01-27T11:34:55.892+0000] {logging_mixin.py:188} INFO - Uploaded /tmp/minio_downloads/customers_215036692531.parquet -> @customers stage
[2026-01-27T11:34:56.051+0000] {logging_mixin.py:188} INFO - Uploaded /tmp/minio_downloads/customers_215046805845.parquet -> @customers stage
[2026-01-27T11:34:56.318+0000] {logging_mixin.py:188} INFO - Uploaded /tmp/minio_downloads/customers_215056955161.parquet -> @customers stage
[2026-01-27T11:34:56.649+0000] {logging_mixin.py:188} INFO - Uploaded /tmp/minio_downloads/customers_231527933510.parquet -> @customers stage
[2026-01-27T11:35:13.741+0000] {logging_mixin.py:188} INFO - Data loaded into customers
[2026-01-27T11:35:14.621+0000] {file_transfer_agent.py:631} ERROR - An exception was raised in <bound method SnowflakeStorageClient.prepare_upload of <snowflake.connector.s3_storage_client.SnowflakeS3RestClient object at 0xffff77b17ad0>>
Traceback (most recent call last):
  File "/home/airflow/.local/lib/python3.12/site-packages/snowflake/connector/file_transfer_agent.py", line 628, in function_and_callback_wrapper
    work(*args, **kwargs),
    ^^^^^^^^^^^^^^^^^^^^^
  File "/home/airflow/.local/lib/python3.12/site-packages/snowflake/connector/storage_client.py", line 228, in prepare_upload
    self.preprocess()
  File "/home/airflow/.local/lib/python3.12/site-packages/snowflake/connector/storage_client.py", line 194, in preprocess
    file_header = self.get_file_header(
                  ^^^^^^^^^^^^^^^^^^^^^
  File "/home/airflow/.local/lib/python3.12/site-packages/snowflake/connector/s3_storage_client.py", line 437, in get_file_header
    response.raise_for_status()
  File "/home/airflow/.local/lib/python3.12/site-packages/snowflake/connector/vendored/requests/models.py", line 1026, in raise_for_status
    raise HTTPError(http_error_msg, response=self)
snowflake.connector.vendored.requests.exceptions.HTTPError: 403 Client Error: Forbidden for url: https://sfc-oh-ds1-104-customer-stage.s3.amazonaws.com/9axf1000-s/tables/47996375137/accounts_215036748655.parquet
[2026-01-27T11:35:14.769+0000] {taskinstance.py:441} INFO - ::group::Post task execution logs
[2026-01-27T11:35:14.805+0000] {taskinstance.py:2905} ERROR - Task failed with exception
Traceback (most recent call last):
  File "/home/airflow/.local/lib/python3.12/site-packages/airflow/models/taskinstance.py", line 465, in _execute_task
    result = _execute_callable(context=context, **execute_callable_kwargs)
             ^^^^^^^^^^^^^^^^^^^^^^^^^^^^^^^^^^^^^^^^^^^^^^^^^^^^^^^^^^^^^
  File "/home/airflow/.local/lib/python3.12/site-packages/airflow/models/taskinstance.py", line 432, in _execute_callable
    return execute_callable(context=context, **execute_callable_kwargs)
           ^^^^^^^^^^^^^^^^^^^^^^^^^^^^^^^^^^^^^^^^^^^^^^^^^^^^^^^^^^^^
  File "/home/airflow/.local/lib/python3.12/site-packages/airflow/models/baseoperator.py", line 401, in wrapper
    return func(self, *args, **kwargs)
           ^^^^^^^^^^^^^^^^^^^^^^^^^^^
  File "/home/airflow/.local/lib/python3.12/site-packages/airflow/operators/python.py", line 235, in execute
    return_value = self.execute_callable()
                   ^^^^^^^^^^^^^^^^^^^^^^^
  File "/home/airflow/.local/lib/python3.12/site-packages/airflow/operators/python.py", line 252, in execute_callable
    return self.python_callable(*self.op_args, **self.op_kwargs)
           ^^^^^^^^^^^^^^^^^^^^^^^^^^^^^^^^^^^^^^^^^^^^^^^^^^^^^
  File "/opt/airflow/dags/minio_to_snowflake_dag.py", line 102, in load_to_snowflake
    cur.execute(f"PUT file://{f} @%{table}")
  File "/home/airflow/.local/lib/python3.12/site-packages/snowflake/connector/cursor.py", line 1096, in execute
    data = sf_file_transfer_agent.result()
           ^^^^^^^^^^^^^^^^^^^^^^^^^^^^^^^
  File "/home/airflow/.local/lib/python3.12/site-packages/snowflake/connector/file_transfer_agent.py", line 782, in result
    Error.errorhandler_wrapper(
  File "/home/airflow/.local/lib/python3.12/site-packages/snowflake/connector/errors.py", line 298, in errorhandler_wrapper
    handed_over = Error.hand_to_other_handler(
                  ^^^^^^^^^^^^^^^^^^^^^^^^^^^^
  File "/home/airflow/.local/lib/python3.12/site-packages/snowflake/connector/errors.py", line 354, in hand_to_other_handler
    cursor.errorhandler(connection, cursor, error_class, error_value)
  File "/home/airflow/.local/lib/python3.12/site-packages/snowflake/connector/errors.py", line 229, in default_errorhandler
    raise error_class(
snowflake.connector.errors.OperationalError: 253003: 253003: While putting file(s) there was an error: 'HTTPError('403 Client Error: Forbidden for url: https://sfc-oh-ds1-104-customer-stage.s3.amazonaws.com/9axf1000-s/tables/47996375137/accounts_215036748655.parquet')', this might be caused by your access to the blob storage provider, or by Snowflake.
[2026-01-27T11:35:14.937+0000] {taskinstance.py:1206} INFO - Marking task as FAILED. dag_id=minio_to_snowflake_banking, task_id=load_snowflake, run_id=scheduled__2026-01-27T08:17:00+00:00, execution_date=20260127T081700, start_date=20260127T095704, end_date=20260127T113514
[2026-01-27T11:35:15.022+0000] {standard_task_runner.py:110} ERROR - Failed to execute job 275 for task load_snowflake (253003: 253003: While putting file(s) there was an error: 'HTTPError('403 Client Error: Forbidden for url: https://sfc-oh-ds1-104-customer-stage.s3.amazonaws.com/9axf1000-s/tables/47996375137/accounts_215036748655.parquet')', this might be caused by your access to the blob storage provider, or by Snowflake.; 9487)
[2026-01-27T11:35:15.118+0000] {local_task_job_runner.py:243} INFO - Task exited with return code 1
[2026-01-27T11:35:15.210+0000] {taskinstance.py:3503} INFO - 0 downstream tasks scheduled from follow-on schedule check
[2026-01-27T11:35:15.214+0000] {local_task_job_runner.py:222} INFO - ::endgroup::
