[2026-01-27T01:25:03.073+0000] {local_task_job_runner.py:120} INFO - ::group::Pre task execution logs
[2026-01-27T01:25:03.087+0000] {taskinstance.py:2076} INFO - Dependencies all met for dep_context=non-requeueable deps ti=<TaskInstance: minio_to_snowflake_banking.download_minio scheduled__2026-01-27T01:24:00+00:00 [queued]>
[2026-01-27T01:25:03.090+0000] {taskinstance.py:2076} INFO - Dependencies all met for dep_context=requeueable deps ti=<TaskInstance: minio_to_snowflake_banking.download_minio scheduled__2026-01-27T01:24:00+00:00 [queued]>
[2026-01-27T01:25:03.090+0000] {taskinstance.py:2306} INFO - Starting attempt 1 of 2
[2026-01-27T01:25:03.095+0000] {taskinstance.py:2330} INFO - Executing <Task(PythonOperator): download_minio> on 2026-01-27 01:24:00+00:00
[2026-01-27T01:25:03.100+0000] {logging_mixin.py:188} WARNING - /home/***/.local/lib/python3.12/site-packages/***/task/task_runner/standard_task_runner.py:62 DeprecationWarning: This process (pid=10172) is multi-threaded, use of fork() may lead to deadlocks in the child.
[2026-01-27T01:25:03.099+0000] {standard_task_runner.py:90} INFO - Running: ['***', 'tasks', 'run', 'minio_to_snowflake_banking', 'download_minio', 'scheduled__2026-01-27T01:24:00+00:00', '--job-id', '150', '--raw', '--subdir', 'DAGS_FOLDER/minio_to_snowflake_dag.py', '--cfg-path', '/tmp/tmpbhv7tead']
[2026-01-27T01:25:03.101+0000] {standard_task_runner.py:64} INFO - Started process 10179 to run task
[2026-01-27T01:25:03.101+0000] {standard_task_runner.py:91} INFO - Job 150: Subtask download_minio
[2026-01-27T01:25:03.132+0000] {task_command.py:426} INFO - Running <TaskInstance: minio_to_snowflake_banking.download_minio scheduled__2026-01-27T01:24:00+00:00 [running]> on host bac6151482a5
[2026-01-27T01:25:03.174+0000] {taskinstance.py:2648} INFO - Exporting env vars: AIRFLOW_CTX_DAG_OWNER='***' AIRFLOW_CTX_DAG_ID='minio_to_snowflake_banking' AIRFLOW_CTX_TASK_ID='download_minio' AIRFLOW_CTX_EXECUTION_DATE='2026-01-27T01:24:00+00:00' AIRFLOW_CTX_TRY_NUMBER='1' AIRFLOW_CTX_DAG_RUN_ID='scheduled__2026-01-27T01:24:00+00:00'
[2026-01-27T01:25:03.176+0000] {taskinstance.py:430} INFO - ::endgroup::
[2026-01-27T01:25:03.441+0000] {logging_mixin.py:188} INFO - Downloaded customers/date=2026-01-26/customers_144103576074.parquet -> /tmp/minio_downloads/customers_144103576074.parquet
[2026-01-27T01:25:03.447+0000] {logging_mixin.py:188} INFO - Downloaded customers/date=2026-01-26/customers_144227218931.parquet -> /tmp/minio_downloads/customers_144227218931.parquet
[2026-01-27T01:25:03.450+0000] {logging_mixin.py:188} INFO - Downloaded customers/date=2026-01-26/customers_182509845138.parquet -> /tmp/minio_downloads/customers_182509845138.parquet
[2026-01-27T01:25:03.454+0000] {logging_mixin.py:188} INFO - Downloaded customers/date=2026-01-26/customers_185216126542.parquet -> /tmp/minio_downloads/customers_185216126542.parquet
[2026-01-27T01:25:03.458+0000] {logging_mixin.py:188} INFO - Downloaded customers/date=2026-01-26/customers_192313648895.parquet -> /tmp/minio_downloads/customers_192313648895.parquet
[2026-01-27T01:25:03.462+0000] {logging_mixin.py:188} INFO - Downloaded customers/date=2026-01-26/customers_192324367953.parquet -> /tmp/minio_downloads/customers_192324367953.parquet
[2026-01-27T01:25:03.466+0000] {logging_mixin.py:188} INFO - Downloaded customers/date=2026-01-26/customers_192445544451.parquet -> /tmp/minio_downloads/customers_192445544451.parquet
[2026-01-27T01:25:03.479+0000] {logging_mixin.py:188} INFO - Downloaded accounts/date=2026-01-26/accounts_144103643994.parquet -> /tmp/minio_downloads/accounts_144103643994.parquet
[2026-01-27T01:25:03.484+0000] {logging_mixin.py:188} INFO - Downloaded accounts/date=2026-01-26/accounts_144103653564.parquet -> /tmp/minio_downloads/accounts_144103653564.parquet
[2026-01-27T01:25:03.488+0000] {logging_mixin.py:188} INFO - Downloaded accounts/date=2026-01-26/accounts_144223151465.parquet -> /tmp/minio_downloads/accounts_144223151465.parquet
[2026-01-27T01:25:03.492+0000] {logging_mixin.py:188} INFO - Downloaded accounts/date=2026-01-26/accounts_144227246704.parquet -> /tmp/minio_downloads/accounts_144227246704.parquet
[2026-01-27T01:25:03.495+0000] {logging_mixin.py:188} INFO - Downloaded accounts/date=2026-01-26/accounts_182505783461.parquet -> /tmp/minio_downloads/accounts_182505783461.parquet
[2026-01-27T01:25:03.499+0000] {logging_mixin.py:188} INFO - Downloaded accounts/date=2026-01-26/accounts_182509835534.parquet -> /tmp/minio_downloads/accounts_182509835534.parquet
[2026-01-27T01:25:03.503+0000] {logging_mixin.py:188} INFO - Downloaded accounts/date=2026-01-26/accounts_185211951102.parquet -> /tmp/minio_downloads/accounts_185211951102.parquet
[2026-01-27T01:25:03.506+0000] {logging_mixin.py:188} INFO - Downloaded accounts/date=2026-01-26/accounts_185216176088.parquet -> /tmp/minio_downloads/accounts_185216176088.parquet
[2026-01-27T01:25:03.509+0000] {logging_mixin.py:188} INFO - Downloaded accounts/date=2026-01-26/accounts_192310101946.parquet -> /tmp/minio_downloads/accounts_192310101946.parquet
[2026-01-27T01:25:03.511+0000] {logging_mixin.py:188} INFO - Downloaded accounts/date=2026-01-26/accounts_192313689393.parquet -> /tmp/minio_downloads/accounts_192313689393.parquet
[2026-01-27T01:25:03.515+0000] {logging_mixin.py:188} INFO - Downloaded accounts/date=2026-01-26/accounts_192320305010.parquet -> /tmp/minio_downloads/accounts_192320305010.parquet
[2026-01-27T01:25:03.517+0000] {logging_mixin.py:188} INFO - Downloaded accounts/date=2026-01-26/accounts_192324395547.parquet -> /tmp/minio_downloads/accounts_192324395547.parquet
[2026-01-27T01:25:03.520+0000] {logging_mixin.py:188} INFO - Downloaded accounts/date=2026-01-26/accounts_192441480250.parquet -> /tmp/minio_downloads/accounts_192441480250.parquet
[2026-01-27T01:25:03.523+0000] {logging_mixin.py:188} INFO - Downloaded accounts/date=2026-01-26/accounts_192445620078.parquet -> /tmp/minio_downloads/accounts_192445620078.parquet
[2026-01-27T01:25:03.536+0000] {logging_mixin.py:188} INFO - Downloaded transactions/date=2026-01-26/transactions_144103762925.parquet -> /tmp/minio_downloads/transactions_144103762925.parquet
[2026-01-27T01:25:03.539+0000] {logging_mixin.py:188} INFO - Downloaded transactions/date=2026-01-26/transactions_144103775606.parquet -> /tmp/minio_downloads/transactions_144103775606.parquet
[2026-01-27T01:25:03.542+0000] {logging_mixin.py:188} INFO - Downloaded transactions/date=2026-01-26/transactions_144103863430.parquet -> /tmp/minio_downloads/transactions_144103863430.parquet
[2026-01-27T01:25:03.544+0000] {logging_mixin.py:188} INFO - Downloaded transactions/date=2026-01-26/transactions_144103871284.parquet -> /tmp/minio_downloads/transactions_144103871284.parquet
[2026-01-27T01:25:03.547+0000] {logging_mixin.py:188} INFO - Downloaded transactions/date=2026-01-26/transactions_144103881590.parquet -> /tmp/minio_downloads/transactions_144103881590.parquet
[2026-01-27T01:25:03.550+0000] {logging_mixin.py:188} INFO - Downloaded transactions/date=2026-01-26/transactions_144219122553.parquet -> /tmp/minio_downloads/transactions_144219122553.parquet
[2026-01-27T01:25:03.553+0000] {logging_mixin.py:188} INFO - Downloaded transactions/date=2026-01-26/transactions_144220621553.parquet -> /tmp/minio_downloads/transactions_144220621553.parquet
[2026-01-27T01:25:03.556+0000] {logging_mixin.py:188} INFO - Downloaded transactions/date=2026-01-26/transactions_144223166901.parquet -> /tmp/minio_downloads/transactions_144223166901.parquet
[2026-01-27T01:25:03.558+0000] {logging_mixin.py:188} INFO - Downloaded transactions/date=2026-01-26/transactions_144225187405.parquet -> /tmp/minio_downloads/transactions_144225187405.parquet
[2026-01-27T01:25:03.561+0000] {logging_mixin.py:188} INFO - Downloaded transactions/date=2026-01-26/transactions_144227254007.parquet -> /tmp/minio_downloads/transactions_144227254007.parquet
[2026-01-27T01:25:03.563+0000] {logging_mixin.py:188} INFO - Downloaded transactions/date=2026-01-26/transactions_182502247603.parquet -> /tmp/minio_downloads/transactions_182502247603.parquet
[2026-01-27T01:25:03.566+0000] {logging_mixin.py:188} INFO - Downloaded transactions/date=2026-01-26/transactions_182503745994.parquet -> /tmp/minio_downloads/transactions_182503745994.parquet
[2026-01-27T01:25:03.569+0000] {logging_mixin.py:188} INFO - Downloaded transactions/date=2026-01-26/transactions_182505806158.parquet -> /tmp/minio_downloads/transactions_182505806158.parquet
[2026-01-27T01:25:03.572+0000] {logging_mixin.py:188} INFO - Downloaded transactions/date=2026-01-26/transactions_182507820889.parquet -> /tmp/minio_downloads/transactions_182507820889.parquet
[2026-01-27T01:25:03.575+0000] {logging_mixin.py:188} INFO - Downloaded transactions/date=2026-01-26/transactions_182509861044.parquet -> /tmp/minio_downloads/transactions_182509861044.parquet
[2026-01-27T01:25:03.578+0000] {logging_mixin.py:188} INFO - Downloaded transactions/date=2026-01-26/transactions_184131730922.parquet -> /tmp/minio_downloads/transactions_184131730922.parquet
[2026-01-27T01:25:03.581+0000] {logging_mixin.py:188} INFO - Downloaded transactions/date=2026-01-26/transactions_184132267556.parquet -> /tmp/minio_downloads/transactions_184132267556.parquet
[2026-01-27T01:25:03.583+0000] {logging_mixin.py:188} INFO - Downloaded transactions/date=2026-01-26/transactions_185212015172.parquet -> /tmp/minio_downloads/transactions_185212015172.parquet
[2026-01-27T01:25:03.586+0000] {logging_mixin.py:188} INFO - Downloaded transactions/date=2026-01-26/transactions_185214037206.parquet -> /tmp/minio_downloads/transactions_185214037206.parquet
[2026-01-27T01:25:03.590+0000] {logging_mixin.py:188} INFO - Downloaded transactions/date=2026-01-26/transactions_185216168765.parquet -> /tmp/minio_downloads/transactions_185216168765.parquet
[2026-01-27T01:25:03.593+0000] {logging_mixin.py:188} INFO - Downloaded transactions/date=2026-01-26/transactions_185218181017.parquet -> /tmp/minio_downloads/transactions_185218181017.parquet
[2026-01-27T01:25:03.596+0000] {logging_mixin.py:188} INFO - Downloaded transactions/date=2026-01-26/transactions_192308087511.parquet -> /tmp/minio_downloads/transactions_192308087511.parquet
[2026-01-27T01:25:03.599+0000] {logging_mixin.py:188} INFO - Downloaded transactions/date=2026-01-26/transactions_192310150822.parquet -> /tmp/minio_downloads/transactions_192310150822.parquet
[2026-01-27T01:25:03.601+0000] {logging_mixin.py:188} INFO - Downloaded transactions/date=2026-01-26/transactions_192311699324.parquet -> /tmp/minio_downloads/transactions_192311699324.parquet
[2026-01-27T01:25:03.605+0000] {logging_mixin.py:188} INFO - Downloaded transactions/date=2026-01-26/transactions_192313715075.parquet -> /tmp/minio_downloads/transactions_192313715075.parquet
[2026-01-27T01:25:03.608+0000] {logging_mixin.py:188} INFO - Downloaded transactions/date=2026-01-26/transactions_192315760528.parquet -> /tmp/minio_downloads/transactions_192315760528.parquet
[2026-01-27T01:25:03.611+0000] {logging_mixin.py:188} INFO - Downloaded transactions/date=2026-01-26/transactions_192318250248.parquet -> /tmp/minio_downloads/transactions_192318250248.parquet
[2026-01-27T01:25:03.614+0000] {logging_mixin.py:188} INFO - Downloaded transactions/date=2026-01-26/transactions_192320324724.parquet -> /tmp/minio_downloads/transactions_192320324724.parquet
[2026-01-27T01:25:03.617+0000] {logging_mixin.py:188} INFO - Downloaded transactions/date=2026-01-26/transactions_192322346912.parquet -> /tmp/minio_downloads/transactions_192322346912.parquet
[2026-01-27T01:25:03.620+0000] {logging_mixin.py:188} INFO - Downloaded transactions/date=2026-01-26/transactions_192324413523.parquet -> /tmp/minio_downloads/transactions_192324413523.parquet
[2026-01-27T01:25:03.623+0000] {logging_mixin.py:188} INFO - Downloaded transactions/date=2026-01-26/transactions_192326412538.parquet -> /tmp/minio_downloads/transactions_192326412538.parquet
[2026-01-27T01:25:03.626+0000] {logging_mixin.py:188} INFO - Downloaded transactions/date=2026-01-26/transactions_192439476775.parquet -> /tmp/minio_downloads/transactions_192439476775.parquet
[2026-01-27T01:25:03.628+0000] {logging_mixin.py:188} INFO - Downloaded transactions/date=2026-01-26/transactions_192441504549.parquet -> /tmp/minio_downloads/transactions_192441504549.parquet
[2026-01-27T01:25:03.632+0000] {logging_mixin.py:188} INFO - Downloaded transactions/date=2026-01-26/transactions_192443654902.parquet -> /tmp/minio_downloads/transactions_192443654902.parquet
[2026-01-27T01:25:03.634+0000] {logging_mixin.py:188} INFO - Downloaded transactions/date=2026-01-26/transactions_192445651224.parquet -> /tmp/minio_downloads/transactions_192445651224.parquet
[2026-01-27T01:25:03.637+0000] {logging_mixin.py:188} INFO - Downloaded transactions/date=2026-01-26/transactions_192447624664.parquet -> /tmp/minio_downloads/transactions_192447624664.parquet
[2026-01-27T01:25:03.637+0000] {python.py:237} INFO - Done. Returned value was: {'customers': ['/tmp/minio_downloads/customers_144103576074.parquet', '/tmp/minio_downloads/customers_144227218931.parquet', '/tmp/minio_downloads/customers_182509845138.parquet', '/tmp/minio_downloads/customers_185216126542.parquet', '/tmp/minio_downloads/customers_192313648895.parquet', '/tmp/minio_downloads/customers_192324367953.parquet', '/tmp/minio_downloads/customers_192445544451.parquet'], 'accounts': ['/tmp/minio_downloads/accounts_144103643994.parquet', '/tmp/minio_downloads/accounts_144103653564.parquet', '/tmp/minio_downloads/accounts_144223151465.parquet', '/tmp/minio_downloads/accounts_144227246704.parquet', '/tmp/minio_downloads/accounts_182505783461.parquet', '/tmp/minio_downloads/accounts_182509835534.parquet', '/tmp/minio_downloads/accounts_185211951102.parquet', '/tmp/minio_downloads/accounts_185216176088.parquet', '/tmp/minio_downloads/accounts_192310101946.parquet', '/tmp/minio_downloads/accounts_192313689393.parquet', '/tmp/minio_downloads/accounts_192320305010.parquet', '/tmp/minio_downloads/accounts_192324395547.parquet', '/tmp/minio_downloads/accounts_192441480250.parquet', '/tmp/minio_downloads/accounts_192445620078.parquet'], 'transactions': ['/tmp/minio_downloads/transactions_144103762925.parquet', '/tmp/minio_downloads/transactions_144103775606.parquet', '/tmp/minio_downloads/transactions_144103863430.parquet', '/tmp/minio_downloads/transactions_144103871284.parquet', '/tmp/minio_downloads/transactions_144103881590.parquet', '/tmp/minio_downloads/transactions_144219122553.parquet', '/tmp/minio_downloads/transactions_144220621553.parquet', '/tmp/minio_downloads/transactions_144223166901.parquet', '/tmp/minio_downloads/transactions_144225187405.parquet', '/tmp/minio_downloads/transactions_144227254007.parquet', '/tmp/minio_downloads/transactions_182502247603.parquet', '/tmp/minio_downloads/transactions_182503745994.parquet', '/tmp/minio_downloads/transactions_182505806158.parquet', '/tmp/minio_downloads/transactions_182507820889.parquet', '/tmp/minio_downloads/transactions_182509861044.parquet', '/tmp/minio_downloads/transactions_184131730922.parquet', '/tmp/minio_downloads/transactions_184132267556.parquet', '/tmp/minio_downloads/transactions_185212015172.parquet', '/tmp/minio_downloads/transactions_185214037206.parquet', '/tmp/minio_downloads/transactions_185216168765.parquet', '/tmp/minio_downloads/transactions_185218181017.parquet', '/tmp/minio_downloads/transactions_192308087511.parquet', '/tmp/minio_downloads/transactions_192310150822.parquet', '/tmp/minio_downloads/transactions_192311699324.parquet', '/tmp/minio_downloads/transactions_192313715075.parquet', '/tmp/minio_downloads/transactions_192315760528.parquet', '/tmp/minio_downloads/transactions_192318250248.parquet', '/tmp/minio_downloads/transactions_192320324724.parquet', '/tmp/minio_downloads/transactions_192322346912.parquet', '/tmp/minio_downloads/transactions_192324413523.parquet', '/tmp/minio_downloads/transactions_192326412538.parquet', '/tmp/minio_downloads/transactions_192439476775.parquet', '/tmp/minio_downloads/transactions_192441504549.parquet', '/tmp/minio_downloads/transactions_192443654902.parquet', '/tmp/minio_downloads/transactions_192445651224.parquet', '/tmp/minio_downloads/transactions_192447624664.parquet']}
[2026-01-27T01:25:03.637+0000] {taskinstance.py:441} INFO - ::group::Post task execution logs
[2026-01-27T01:25:03.654+0000] {taskinstance.py:1206} INFO - Marking task as SUCCESS. dag_id=minio_to_snowflake_banking, task_id=download_minio, run_id=scheduled__2026-01-27T01:24:00+00:00, execution_date=20260127T012400, start_date=20260127T012503, end_date=20260127T012503
[2026-01-27T01:25:03.691+0000] {local_task_job_runner.py:243} INFO - Task exited with return code 0
[2026-01-27T01:25:03.701+0000] {taskinstance.py:3503} INFO - 1 downstream tasks scheduled from follow-on schedule check
[2026-01-27T01:25:03.701+0000] {local_task_job_runner.py:222} INFO - ::endgroup::
