[2026-01-27T22:00:04.558+0000] {local_task_job_runner.py:120} INFO - ::group::Pre task execution logs
[2026-01-27T22:00:04.571+0000] {taskinstance.py:2076} INFO - Dependencies all met for dep_context=non-requeueable deps ti=<TaskInstance: minio_to_snowflake_banking.load_snowflake scheduled__2026-01-27T21:59:00+00:00 [queued]>
[2026-01-27T22:00:04.574+0000] {taskinstance.py:2076} INFO - Dependencies all met for dep_context=requeueable deps ti=<TaskInstance: minio_to_snowflake_banking.load_snowflake scheduled__2026-01-27T21:59:00+00:00 [queued]>
[2026-01-27T22:00:04.574+0000] {taskinstance.py:2306} INFO - Starting attempt 1 of 2
[2026-01-27T22:00:04.583+0000] {taskinstance.py:2330} INFO - Executing <Task(PythonOperator): load_snowflake> on 2026-01-27 21:59:00+00:00
[2026-01-27T22:00:04.589+0000] {logging_mixin.py:188} WARNING - /home/***/.local/lib/python3.12/site-packages/***/task/task_runner/standard_task_runner.py:62 DeprecationWarning: This process (pid=266) is multi-threaded, use of fork() may lead to deadlocks in the child.
[2026-01-27T22:00:04.590+0000] {standard_task_runner.py:64} INFO - Started process 273 to run task
[2026-01-27T22:00:04.588+0000] {standard_task_runner.py:90} INFO - Running: ['***', 'tasks', 'run', 'minio_to_snowflake_banking', 'load_snowflake', 'scheduled__2026-01-27T21:59:00+00:00', '--job-id', '1070', '--raw', '--subdir', 'DAGS_FOLDER/minio_to_snowflake_dag.py', '--cfg-path', '/tmp/tmp067i7sm8']
[2026-01-27T22:00:04.590+0000] {standard_task_runner.py:91} INFO - Job 1070: Subtask load_snowflake
[2026-01-27T22:00:04.646+0000] {task_command.py:426} INFO - Running <TaskInstance: minio_to_snowflake_banking.load_snowflake scheduled__2026-01-27T21:59:00+00:00 [running]> on host aa98137bd6c9
[2026-01-27T22:00:04.694+0000] {taskinstance.py:2648} INFO - Exporting env vars: AIRFLOW_CTX_DAG_OWNER='***' AIRFLOW_CTX_DAG_ID='minio_to_snowflake_banking' AIRFLOW_CTX_TASK_ID='load_snowflake' AIRFLOW_CTX_EXECUTION_DATE='2026-01-27T21:59:00+00:00' AIRFLOW_CTX_TRY_NUMBER='1' AIRFLOW_CTX_DAG_RUN_ID='scheduled__2026-01-27T21:59:00+00:00'
[2026-01-27T22:00:04.694+0000] {taskinstance.py:430} INFO - ::endgroup::
[2026-01-27T22:00:04.705+0000] {connection.py:611} INFO - Snowflake Connector for Python Version: 4.2.0, Python Version: 3.12.4, Platform: Linux-6.10.14-linuxkit-aarch64-with-glibc2.36
[2026-01-27T22:00:04.705+0000] {connection.py:1695} INFO - Connecting to GLOBAL Snowflake domain
[2026-01-27T22:00:09.106+0000] {logging_mixin.py:188} INFO - Uploaded /tmp/minio_downloads/customers_215036692531.parquet -> @customers stage
[2026-01-27T22:00:09.483+0000] {logging_mixin.py:188} INFO - Uploaded /tmp/minio_downloads/customers_215046805845.parquet -> @customers stage
[2026-01-27T22:00:09.699+0000] {logging_mixin.py:188} INFO - Uploaded /tmp/minio_downloads/customers_215056955161.parquet -> @customers stage
[2026-01-27T22:00:09.909+0000] {logging_mixin.py:188} INFO - Uploaded /tmp/minio_downloads/customers_231527933510.parquet -> @customers stage
[2026-01-27T22:00:10.135+0000] {logging_mixin.py:188} INFO - Uploaded /tmp/minio_downloads/customers_155849738636.parquet -> @customers stage
[2026-01-27T22:00:10.324+0000] {logging_mixin.py:188} INFO - Uploaded /tmp/minio_downloads/customers_155849882767.parquet -> @customers stage
[2026-01-27T22:00:10.895+0000] {logging_mixin.py:188} INFO - Data loaded into customers
[2026-01-27T22:00:11.152+0000] {logging_mixin.py:188} INFO - Uploaded /tmp/minio_downloads/accounts_215036748655.parquet -> @accounts stage
[2026-01-27T22:00:11.447+0000] {logging_mixin.py:188} INFO - Uploaded /tmp/minio_downloads/accounts_215042772494.parquet -> @accounts stage
[2026-01-27T22:00:11.663+0000] {logging_mixin.py:188} INFO - Uploaded /tmp/minio_downloads/accounts_215052938889.parquet -> @accounts stage
[2026-01-27T22:00:11.881+0000] {logging_mixin.py:188} INFO - Uploaded /tmp/minio_downloads/accounts_155849895108.parquet -> @accounts stage
[2026-01-27T22:00:12.119+0000] {logging_mixin.py:188} INFO - Uploaded /tmp/minio_downloads/accounts_155850399175.parquet -> @accounts stage
[2026-01-27T22:00:12.352+0000] {logging_mixin.py:188} INFO - Uploaded /tmp/minio_downloads/accounts_155900598297.parquet -> @accounts stage
[2026-01-27T22:00:12.921+0000] {logging_mixin.py:188} INFO - Data loaded into accounts
[2026-01-27T22:00:13.166+0000] {logging_mixin.py:188} INFO - Uploaded /tmp/minio_downloads/transactions_215036756342.parquet -> @transactions stage
[2026-01-27T22:00:13.355+0000] {logging_mixin.py:188} INFO - Uploaded /tmp/minio_downloads/transactions_215038694525.parquet -> @transactions stage
[2026-01-27T22:00:13.503+0000] {logging_mixin.py:188} INFO - Uploaded /tmp/minio_downloads/transactions_215040746814.parquet -> @transactions stage
[2026-01-27T22:00:13.728+0000] {logging_mixin.py:188} INFO - Uploaded /tmp/minio_downloads/transactions_215042801594.parquet -> @transactions stage
[2026-01-27T22:00:13.910+0000] {logging_mixin.py:188} INFO - Uploaded /tmp/minio_downloads/transactions_215044831571.parquet -> @transactions stage
[2026-01-27T22:00:14.131+0000] {logging_mixin.py:188} INFO - Uploaded /tmp/minio_downloads/transactions_215046920436.parquet -> @transactions stage
[2026-01-27T22:00:14.314+0000] {logging_mixin.py:188} INFO - Uploaded /tmp/minio_downloads/transactions_155850338118.parquet -> @transactions stage
[2026-01-27T22:00:14.580+0000] {logging_mixin.py:188} INFO - Uploaded /tmp/minio_downloads/transactions_155850425610.parquet -> @transactions stage
[2026-01-27T22:00:14.730+0000] {logging_mixin.py:188} INFO - Uploaded /tmp/minio_downloads/transactions_155850484961.parquet -> @transactions stage
[2026-01-27T22:00:14.915+0000] {logging_mixin.py:188} INFO - Uploaded /tmp/minio_downloads/transactions_155850517598.parquet -> @transactions stage
[2026-01-27T22:00:15.128+0000] {logging_mixin.py:188} INFO - Uploaded /tmp/minio_downloads/transactions_155850559668.parquet -> @transactions stage
[2026-01-27T22:00:15.323+0000] {logging_mixin.py:188} INFO - Uploaded /tmp/minio_downloads/transactions_155900640835.parquet -> @transactions stage
[2026-01-27T22:00:15.750+0000] {logging_mixin.py:188} INFO - Data loaded into transactions
[2026-01-27T22:00:15.899+0000] {python.py:237} INFO - Done. Returned value was: None
[2026-01-27T22:00:15.901+0000] {taskinstance.py:441} INFO - ::group::Post task execution logs
[2026-01-27T22:00:15.936+0000] {taskinstance.py:1206} INFO - Marking task as SUCCESS. dag_id=minio_to_snowflake_banking, task_id=load_snowflake, run_id=scheduled__2026-01-27T21:59:00+00:00, execution_date=20260127T215900, start_date=20260127T220004, end_date=20260127T220015
[2026-01-27T22:00:16.151+0000] {local_task_job_runner.py:243} INFO - Task exited with return code 0
[2026-01-27T22:00:16.163+0000] {taskinstance.py:3503} INFO - 0 downstream tasks scheduled from follow-on schedule check
[2026-01-27T22:00:16.164+0000] {local_task_job_runner.py:222} INFO - ::endgroup::
