[2026-01-27T02:24:09.783+0000] {local_task_job_runner.py:120} INFO - ::group::Pre task execution logs
[2026-01-27T02:24:09.794+0000] {taskinstance.py:2076} INFO - Dependencies all met for dep_context=non-requeueable deps ti=<TaskInstance: minio_to_snowflake_banking.download_minio scheduled__2026-01-27T02:23:00+00:00 [queued]>
[2026-01-27T02:24:09.797+0000] {taskinstance.py:2076} INFO - Dependencies all met for dep_context=requeueable deps ti=<TaskInstance: minio_to_snowflake_banking.download_minio scheduled__2026-01-27T02:23:00+00:00 [queued]>
[2026-01-27T02:24:09.797+0000] {taskinstance.py:2306} INFO - Starting attempt 1 of 2
[2026-01-27T02:24:09.800+0000] {taskinstance.py:2330} INFO - Executing <Task(PythonOperator): download_minio> on 2026-01-27 02:23:00+00:00
[2026-01-27T02:24:09.804+0000] {logging_mixin.py:188} WARNING - /home/***/.local/lib/python3.12/site-packages/***/task/task_runner/standard_task_runner.py:62 DeprecationWarning: This process (pid=1824) is multi-threaded, use of fork() may lead to deadlocks in the child.
[2026-01-27T02:24:09.804+0000] {standard_task_runner.py:90} INFO - Running: ['***', 'tasks', 'run', 'minio_to_snowflake_banking', 'download_minio', 'scheduled__2026-01-27T02:23:00+00:00', '--job-id', '255', '--raw', '--subdir', 'DAGS_FOLDER/minio_to_snowflake_dag.py', '--cfg-path', '/tmp/tmp7ox6pv6d']
[2026-01-27T02:24:09.805+0000] {standard_task_runner.py:64} INFO - Started process 1831 to run task
[2026-01-27T02:24:09.805+0000] {standard_task_runner.py:91} INFO - Job 255: Subtask download_minio
[2026-01-27T02:24:09.823+0000] {task_command.py:426} INFO - Running <TaskInstance: minio_to_snowflake_banking.download_minio scheduled__2026-01-27T02:23:00+00:00 [running]> on host e566996476d9
[2026-01-27T02:24:09.852+0000] {taskinstance.py:2648} INFO - Exporting env vars: AIRFLOW_CTX_DAG_OWNER='***' AIRFLOW_CTX_DAG_ID='minio_to_snowflake_banking' AIRFLOW_CTX_TASK_ID='download_minio' AIRFLOW_CTX_EXECUTION_DATE='2026-01-27T02:23:00+00:00' AIRFLOW_CTX_TRY_NUMBER='1' AIRFLOW_CTX_DAG_RUN_ID='scheduled__2026-01-27T02:23:00+00:00'
[2026-01-27T02:24:09.853+0000] {taskinstance.py:430} INFO - ::endgroup::
[2026-01-27T02:24:09.987+0000] {logging_mixin.py:188} INFO - Downloaded customers/date=2026-01-26/customers_195743096976.parquet -> /tmp/minio_downloads/customers_195743096976.parquet
[2026-01-27T02:24:09.990+0000] {logging_mixin.py:188} INFO - Downloaded customers/date=2026-01-26/customers_195753837058.parquet -> /tmp/minio_downloads/customers_195753837058.parquet
[2026-01-27T02:24:09.995+0000] {logging_mixin.py:188} INFO - Downloaded accounts/date=2026-01-26/accounts_195743143348.parquet -> /tmp/minio_downloads/accounts_195743143348.parquet
[2026-01-27T02:24:09.997+0000] {logging_mixin.py:188} INFO - Downloaded accounts/date=2026-01-26/accounts_195748712467.parquet -> /tmp/minio_downloads/accounts_195748712467.parquet
[2026-01-27T02:24:10.000+0000] {logging_mixin.py:188} INFO - Downloaded accounts/date=2026-01-26/accounts_195758854697.parquet -> /tmp/minio_downloads/accounts_195758854697.parquet
[2026-01-27T02:24:10.005+0000] {logging_mixin.py:188} INFO - Downloaded transactions/date=2026-01-26/transactions_195743150534.parquet -> /tmp/minio_downloads/transactions_195743150534.parquet
[2026-01-27T02:24:10.008+0000] {logging_mixin.py:188} INFO - Downloaded transactions/date=2026-01-26/transactions_195745131628.parquet -> /tmp/minio_downloads/transactions_195745131628.parquet
[2026-01-27T02:24:10.011+0000] {logging_mixin.py:188} INFO - Downloaded transactions/date=2026-01-26/transactions_195747184746.parquet -> /tmp/minio_downloads/transactions_195747184746.parquet
[2026-01-27T02:24:10.014+0000] {logging_mixin.py:188} INFO - Downloaded transactions/date=2026-01-26/transactions_195748747291.parquet -> /tmp/minio_downloads/transactions_195748747291.parquet
[2026-01-27T02:24:10.017+0000] {logging_mixin.py:188} INFO - Downloaded transactions/date=2026-01-26/transactions_195750828298.parquet -> /tmp/minio_downloads/transactions_195750828298.parquet
[2026-01-27T02:24:10.017+0000] {python.py:237} INFO - Done. Returned value was: {'customers': ['/tmp/minio_downloads/customers_195743096976.parquet', '/tmp/minio_downloads/customers_195753837058.parquet'], 'accounts': ['/tmp/minio_downloads/accounts_195743143348.parquet', '/tmp/minio_downloads/accounts_195748712467.parquet', '/tmp/minio_downloads/accounts_195758854697.parquet'], 'transactions': ['/tmp/minio_downloads/transactions_195743150534.parquet', '/tmp/minio_downloads/transactions_195745131628.parquet', '/tmp/minio_downloads/transactions_195747184746.parquet', '/tmp/minio_downloads/transactions_195748747291.parquet', '/tmp/minio_downloads/transactions_195750828298.parquet']}
[2026-01-27T02:24:10.017+0000] {taskinstance.py:441} INFO - ::group::Post task execution logs
[2026-01-27T02:24:10.028+0000] {taskinstance.py:1206} INFO - Marking task as SUCCESS. dag_id=minio_to_snowflake_banking, task_id=download_minio, run_id=scheduled__2026-01-27T02:23:00+00:00, execution_date=20260127T022300, start_date=20260127T022409, end_date=20260127T022410
[2026-01-27T02:24:10.068+0000] {local_task_job_runner.py:243} INFO - Task exited with return code 0
[2026-01-27T02:24:10.077+0000] {taskinstance.py:3503} INFO - 1 downstream tasks scheduled from follow-on schedule check
[2026-01-27T02:24:10.078+0000] {local_task_job_runner.py:222} INFO - ::endgroup::
