[2026-01-27T22:48:14.988+0000] {local_task_job_runner.py:120} INFO - ::group::Pre task execution logs
[2026-01-27T22:48:15.007+0000] {taskinstance.py:2076} INFO - Dependencies all met for dep_context=non-requeueable deps ti=<TaskInstance: minio_to_snowflake_banking.load_snowflake scheduled__2026-01-27T22:27:00+00:00 [queued]>
[2026-01-27T22:48:15.012+0000] {taskinstance.py:2076} INFO - Dependencies all met for dep_context=requeueable deps ti=<TaskInstance: minio_to_snowflake_banking.load_snowflake scheduled__2026-01-27T22:27:00+00:00 [queued]>
[2026-01-27T22:48:15.012+0000] {taskinstance.py:2306} INFO - Starting attempt 2 of 2
[2026-01-27T22:48:15.018+0000] {taskinstance.py:2330} INFO - Executing <Task(PythonOperator): load_snowflake> on 2026-01-27 22:27:00+00:00
[2026-01-27T22:48:15.025+0000] {logging_mixin.py:188} WARNING - /home/***/.local/lib/python3.12/site-packages/***/task/task_runner/standard_task_runner.py:62 DeprecationWarning: This process (pid=2947) is multi-threaded, use of fork() may lead to deadlocks in the child.
[2026-01-27T22:48:15.024+0000] {standard_task_runner.py:90} INFO - Running: ['***', 'tasks', 'run', 'minio_to_snowflake_banking', 'load_snowflake', 'scheduled__2026-01-27T22:27:00+00:00', '--job-id', '1122', '--raw', '--subdir', 'DAGS_FOLDER/minio_to_snowflake_dag.py', '--cfg-path', '/tmp/tmpvz2ya6uz']
[2026-01-27T22:48:15.026+0000] {standard_task_runner.py:91} INFO - Job 1122: Subtask load_snowflake
[2026-01-27T22:48:15.026+0000] {standard_task_runner.py:64} INFO - Started process 2954 to run task
[2026-01-27T22:48:15.057+0000] {task_command.py:426} INFO - Running <TaskInstance: minio_to_snowflake_banking.load_snowflake scheduled__2026-01-27T22:27:00+00:00 [running]> on host aa98137bd6c9
[2026-01-27T22:48:15.096+0000] {taskinstance.py:2648} INFO - Exporting env vars: AIRFLOW_CTX_DAG_OWNER='***' AIRFLOW_CTX_DAG_ID='minio_to_snowflake_banking' AIRFLOW_CTX_TASK_ID='load_snowflake' AIRFLOW_CTX_EXECUTION_DATE='2026-01-27T22:27:00+00:00' AIRFLOW_CTX_TRY_NUMBER='2' AIRFLOW_CTX_DAG_RUN_ID='scheduled__2026-01-27T22:27:00+00:00'
[2026-01-27T22:48:15.097+0000] {taskinstance.py:430} INFO - ::endgroup::
[2026-01-27T22:48:15.107+0000] {connection.py:611} INFO - Snowflake Connector for Python Version: 4.2.0, Python Version: 3.12.4, Platform: Linux-6.10.14-linuxkit-aarch64-with-glibc2.36
[2026-01-27T22:48:15.108+0000] {connection.py:1695} INFO - Connecting to GLOBAL Snowflake domain
[2026-01-27T22:48:16.398+0000] {logging_mixin.py:188} INFO - Uploaded /tmp/minio_downloads/customers_215036692531.parquet -> @customers stage
[2026-01-27T22:48:16.760+0000] {logging_mixin.py:188} INFO - Uploaded /tmp/minio_downloads/customers_215046805845.parquet -> @customers stage
[2026-01-27T22:48:17.008+0000] {logging_mixin.py:188} INFO - Uploaded /tmp/minio_downloads/customers_215056955161.parquet -> @customers stage
[2026-01-27T22:48:17.438+0000] {logging_mixin.py:188} INFO - Uploaded /tmp/minio_downloads/customers_231527933510.parquet -> @customers stage
[2026-01-27T22:48:17.833+0000] {logging_mixin.py:188} INFO - Uploaded /tmp/minio_downloads/customers_155849738636.parquet -> @customers stage
[2026-01-27T22:48:18.289+0000] {logging_mixin.py:188} INFO - Uploaded /tmp/minio_downloads/customers_155849882767.parquet -> @customers stage
[2026-01-27T22:48:19.338+0000] {logging_mixin.py:188} INFO - Data loaded into customers
[2026-01-27T22:48:19.624+0000] {logging_mixin.py:188} INFO - Uploaded /tmp/minio_downloads/accounts_215036748655.parquet -> @accounts stage
[2026-01-27T22:48:19.925+0000] {logging_mixin.py:188} INFO - Uploaded /tmp/minio_downloads/accounts_215042772494.parquet -> @accounts stage
[2026-01-27T22:48:20.144+0000] {logging_mixin.py:188} INFO - Uploaded /tmp/minio_downloads/accounts_215052938889.parquet -> @accounts stage
[2026-01-27T22:48:20.441+0000] {logging_mixin.py:188} INFO - Uploaded /tmp/minio_downloads/accounts_155849895108.parquet -> @accounts stage
[2026-01-27T22:48:20.653+0000] {logging_mixin.py:188} INFO - Uploaded /tmp/minio_downloads/accounts_155850399175.parquet -> @accounts stage
[2026-01-27T22:48:20.910+0000] {logging_mixin.py:188} INFO - Uploaded /tmp/minio_downloads/accounts_155900598297.parquet -> @accounts stage
[2026-01-27T22:48:21.490+0000] {logging_mixin.py:188} INFO - Data loaded into accounts
[2026-01-27T22:48:22.485+0000] {logging_mixin.py:188} INFO - Uploaded /tmp/minio_downloads/transactions_215036756342.parquet -> @transactions stage
[2026-01-27T22:48:22.706+0000] {logging_mixin.py:188} INFO - Uploaded /tmp/minio_downloads/transactions_215038694525.parquet -> @transactions stage
[2026-01-27T22:48:23.065+0000] {logging_mixin.py:188} INFO - Uploaded /tmp/minio_downloads/transactions_215040746814.parquet -> @transactions stage
[2026-01-27T22:48:23.281+0000] {logging_mixin.py:188} INFO - Uploaded /tmp/minio_downloads/transactions_215042801594.parquet -> @transactions stage
[2026-01-27T22:48:23.592+0000] {logging_mixin.py:188} INFO - Uploaded /tmp/minio_downloads/transactions_215044831571.parquet -> @transactions stage
[2026-01-27T22:48:23.783+0000] {logging_mixin.py:188} INFO - Uploaded /tmp/minio_downloads/transactions_215046920436.parquet -> @transactions stage
[2026-01-27T22:48:24.146+0000] {logging_mixin.py:188} INFO - Uploaded /tmp/minio_downloads/transactions_155850338118.parquet -> @transactions stage
[2026-01-27T22:48:24.337+0000] {logging_mixin.py:188} INFO - Uploaded /tmp/minio_downloads/transactions_155850425610.parquet -> @transactions stage
[2026-01-27T22:48:24.720+0000] {logging_mixin.py:188} INFO - Uploaded /tmp/minio_downloads/transactions_155850484961.parquet -> @transactions stage
[2026-01-27T22:48:24.977+0000] {logging_mixin.py:188} INFO - Uploaded /tmp/minio_downloads/transactions_155850517598.parquet -> @transactions stage
[2026-01-27T22:48:25.282+0000] {logging_mixin.py:188} INFO - Uploaded /tmp/minio_downloads/transactions_155850559668.parquet -> @transactions stage
[2026-01-27T22:48:25.630+0000] {logging_mixin.py:188} INFO - Uploaded /tmp/minio_downloads/transactions_155900640835.parquet -> @transactions stage
[2026-01-27T22:48:26.158+0000] {logging_mixin.py:188} INFO - Data loaded into transactions
[2026-01-27T22:48:26.401+0000] {python.py:237} INFO - Done. Returned value was: None
[2026-01-27T22:48:26.404+0000] {taskinstance.py:441} INFO - ::group::Post task execution logs
[2026-01-27T22:48:26.447+0000] {taskinstance.py:1206} INFO - Marking task as SUCCESS. dag_id=minio_to_snowflake_banking, task_id=load_snowflake, run_id=scheduled__2026-01-27T22:27:00+00:00, execution_date=20260127T222700, start_date=20260127T224815, end_date=20260127T224826
[2026-01-27T22:48:26.527+0000] {local_task_job_runner.py:243} INFO - Task exited with return code 0
[2026-01-27T22:48:26.566+0000] {taskinstance.py:3503} INFO - 0 downstream tasks scheduled from follow-on schedule check
[2026-01-27T22:48:26.568+0000] {local_task_job_runner.py:222} INFO - ::endgroup::
