[2026-01-27T20:40:04.612+0000] {local_task_job_runner.py:120} INFO - ::group::Pre task execution logs
[2026-01-27T20:40:04.626+0000] {taskinstance.py:2076} INFO - Dependencies all met for dep_context=non-requeueable deps ti=<TaskInstance: minio_to_snowflake_banking.load_snowflake scheduled__2026-01-27T20:39:00+00:00 [queued]>
[2026-01-27T20:40:04.630+0000] {taskinstance.py:2076} INFO - Dependencies all met for dep_context=requeueable deps ti=<TaskInstance: minio_to_snowflake_banking.load_snowflake scheduled__2026-01-27T20:39:00+00:00 [queued]>
[2026-01-27T20:40:04.630+0000] {taskinstance.py:2306} INFO - Starting attempt 1 of 2
[2026-01-27T20:40:04.635+0000] {taskinstance.py:2330} INFO - Executing <Task(PythonOperator): load_snowflake> on 2026-01-27 20:39:00+00:00
[2026-01-27T20:40:04.643+0000] {logging_mixin.py:188} WARNING - /home/***/.local/lib/python3.12/site-packages/***/task/task_runner/standard_task_runner.py:62 DeprecationWarning: This process (pid=32487) is multi-threaded, use of fork() may lead to deadlocks in the child.
[2026-01-27T20:40:04.641+0000] {standard_task_runner.py:90} INFO - Running: ['***', 'tasks', 'run', 'minio_to_snowflake_banking', 'load_snowflake', 'scheduled__2026-01-27T20:39:00+00:00', '--job-id', '917', '--raw', '--subdir', 'DAGS_FOLDER/minio_to_snowflake_dag.py', '--cfg-path', '/tmp/tmpklhy__96']
[2026-01-27T20:40:04.643+0000] {standard_task_runner.py:64} INFO - Started process 32494 to run task
[2026-01-27T20:40:04.644+0000] {standard_task_runner.py:91} INFO - Job 917: Subtask load_snowflake
[2026-01-27T20:40:04.674+0000] {task_command.py:426} INFO - Running <TaskInstance: minio_to_snowflake_banking.load_snowflake scheduled__2026-01-27T20:39:00+00:00 [running]> on host f7e57c740e9e
[2026-01-27T20:40:04.716+0000] {taskinstance.py:2648} INFO - Exporting env vars: AIRFLOW_CTX_DAG_OWNER='***' AIRFLOW_CTX_DAG_ID='minio_to_snowflake_banking' AIRFLOW_CTX_TASK_ID='load_snowflake' AIRFLOW_CTX_EXECUTION_DATE='2026-01-27T20:39:00+00:00' AIRFLOW_CTX_TRY_NUMBER='1' AIRFLOW_CTX_DAG_RUN_ID='scheduled__2026-01-27T20:39:00+00:00'
[2026-01-27T20:40:04.717+0000] {taskinstance.py:430} INFO - ::endgroup::
[2026-01-27T20:40:04.729+0000] {connection.py:611} INFO - Snowflake Connector for Python Version: 4.2.0, Python Version: 3.12.4, Platform: Linux-6.10.14-linuxkit-aarch64-with-glibc2.36
[2026-01-27T20:40:04.730+0000] {connection.py:1695} INFO - Connecting to GLOBAL Snowflake domain
[2026-01-27T20:40:08.320+0000] {logging_mixin.py:188} INFO - Uploaded /tmp/minio_downloads/customers_215036692531.parquet -> @customers stage
[2026-01-27T20:40:08.566+0000] {logging_mixin.py:188} INFO - Uploaded /tmp/minio_downloads/customers_215046805845.parquet -> @customers stage
[2026-01-27T20:40:08.926+0000] {logging_mixin.py:188} INFO - Uploaded /tmp/minio_downloads/customers_215056955161.parquet -> @customers stage
[2026-01-27T20:40:09.259+0000] {logging_mixin.py:188} INFO - Uploaded /tmp/minio_downloads/customers_231527933510.parquet -> @customers stage
[2026-01-27T20:40:09.883+0000] {logging_mixin.py:188} INFO - Data loaded into customers
[2026-01-27T20:40:10.400+0000] {logging_mixin.py:188} INFO - Uploaded /tmp/minio_downloads/accounts_215036748655.parquet -> @accounts stage
[2026-01-27T20:40:10.756+0000] {logging_mixin.py:188} INFO - Uploaded /tmp/minio_downloads/accounts_215042772494.parquet -> @accounts stage
[2026-01-27T20:40:11.205+0000] {logging_mixin.py:188} INFO - Uploaded /tmp/minio_downloads/accounts_215052938889.parquet -> @accounts stage
[2026-01-27T20:40:11.798+0000] {logging_mixin.py:188} INFO - Data loaded into accounts
[2026-01-27T20:40:12.050+0000] {logging_mixin.py:188} INFO - Uploaded /tmp/minio_downloads/transactions_215036756342.parquet -> @transactions stage
[2026-01-27T20:40:12.306+0000] {logging_mixin.py:188} INFO - Uploaded /tmp/minio_downloads/transactions_215038694525.parquet -> @transactions stage
[2026-01-27T20:40:12.599+0000] {logging_mixin.py:188} INFO - Uploaded /tmp/minio_downloads/transactions_215040746814.parquet -> @transactions stage
[2026-01-27T20:40:12.762+0000] {logging_mixin.py:188} INFO - Uploaded /tmp/minio_downloads/transactions_215042801594.parquet -> @transactions stage
[2026-01-27T20:40:12.964+0000] {logging_mixin.py:188} INFO - Uploaded /tmp/minio_downloads/transactions_215044831571.parquet -> @transactions stage
[2026-01-27T20:40:13.179+0000] {logging_mixin.py:188} INFO - Uploaded /tmp/minio_downloads/transactions_215046920436.parquet -> @transactions stage
[2026-01-27T20:40:14.039+0000] {logging_mixin.py:188} INFO - Data loaded into transactions
[2026-01-27T20:40:14.696+0000] {python.py:237} INFO - Done. Returned value was: None
[2026-01-27T20:40:14.697+0000] {taskinstance.py:441} INFO - ::group::Post task execution logs
[2026-01-27T20:40:14.741+0000] {taskinstance.py:1206} INFO - Marking task as SUCCESS. dag_id=minio_to_snowflake_banking, task_id=load_snowflake, run_id=scheduled__2026-01-27T20:39:00+00:00, execution_date=20260127T203900, start_date=20260127T204004, end_date=20260127T204014
[2026-01-27T20:40:14.769+0000] {local_task_job_runner.py:243} INFO - Task exited with return code 0
[2026-01-27T20:40:14.789+0000] {taskinstance.py:3503} INFO - 0 downstream tasks scheduled from follow-on schedule check
[2026-01-27T20:40:14.790+0000] {local_task_job_runner.py:222} INFO - ::endgroup::
