[2026-01-27T01:11:07.543+0000] {local_task_job_runner.py:120} INFO - ::group::Pre task execution logs
[2026-01-27T01:11:07.564+0000] {taskinstance.py:2076} INFO - Dependencies all met for dep_context=non-requeueable deps ti=<TaskInstance: minio_to_snowflake_banking.load_snowflake scheduled__2026-01-27T01:10:00+00:00 [queued]>
[2026-01-27T01:11:07.568+0000] {taskinstance.py:2076} INFO - Dependencies all met for dep_context=requeueable deps ti=<TaskInstance: minio_to_snowflake_banking.load_snowflake scheduled__2026-01-27T01:10:00+00:00 [queued]>
[2026-01-27T01:11:07.568+0000] {taskinstance.py:2306} INFO - Starting attempt 1 of 2
[2026-01-27T01:11:07.572+0000] {taskinstance.py:2330} INFO - Executing <Task(PythonOperator): load_snowflake> on 2026-01-27 01:10:00+00:00
[2026-01-27T01:11:07.578+0000] {standard_task_runner.py:90} INFO - Running: ['***', 'tasks', 'run', 'minio_to_snowflake_banking', 'load_snowflake', 'scheduled__2026-01-27T01:10:00+00:00', '--job-id', '121', '--raw', '--subdir', 'DAGS_FOLDER/minio_to_snowflake_dag.py', '--cfg-path', '/tmp/tmpe5cu4ir4']
[2026-01-27T01:11:07.579+0000] {logging_mixin.py:188} WARNING - /home/***/.local/lib/python3.12/site-packages/***/task/task_runner/standard_task_runner.py:62 DeprecationWarning: This process (pid=8233) is multi-threaded, use of fork() may lead to deadlocks in the child.
[2026-01-27T01:11:07.579+0000] {standard_task_runner.py:91} INFO - Job 121: Subtask load_snowflake
[2026-01-27T01:11:07.579+0000] {standard_task_runner.py:64} INFO - Started process 8240 to run task
[2026-01-27T01:11:07.608+0000] {task_command.py:426} INFO - Running <TaskInstance: minio_to_snowflake_banking.load_snowflake scheduled__2026-01-27T01:10:00+00:00 [running]> on host bac6151482a5
[2026-01-27T01:11:07.658+0000] {taskinstance.py:2648} INFO - Exporting env vars: AIRFLOW_CTX_DAG_OWNER='***' AIRFLOW_CTX_DAG_ID='minio_to_snowflake_banking' AIRFLOW_CTX_TASK_ID='load_snowflake' AIRFLOW_CTX_EXECUTION_DATE='2026-01-27T01:10:00+00:00' AIRFLOW_CTX_TRY_NUMBER='1' AIRFLOW_CTX_DAG_RUN_ID='scheduled__2026-01-27T01:10:00+00:00'
[2026-01-27T01:11:07.659+0000] {taskinstance.py:430} INFO - ::endgroup::
[2026-01-27T01:11:07.672+0000] {connection.py:611} INFO - Snowflake Connector for Python Version: 4.2.0, Python Version: 3.12.4, Platform: Linux-6.10.14-linuxkit-aarch64-with-glibc2.36
[2026-01-27T01:11:07.672+0000] {connection.py:1695} INFO - Connecting to GLOBAL Snowflake domain
[2026-01-27T01:11:12.235+0000] {logging_mixin.py:188} INFO - Uploaded /tmp/minio_downloads/customers_144103576074.parquet -> @customers stage
[2026-01-27T01:11:12.484+0000] {logging_mixin.py:188} INFO - Uploaded /tmp/minio_downloads/customers_144227218931.parquet -> @customers stage
[2026-01-27T01:11:12.668+0000] {logging_mixin.py:188} INFO - Uploaded /tmp/minio_downloads/customers_182509845138.parquet -> @customers stage
[2026-01-27T01:11:12.845+0000] {logging_mixin.py:188} INFO - Uploaded /tmp/minio_downloads/customers_185216126542.parquet -> @customers stage
[2026-01-27T01:11:13.276+0000] {logging_mixin.py:188} INFO - Data loaded into customers
[2026-01-27T01:11:13.496+0000] {logging_mixin.py:188} INFO - Uploaded /tmp/minio_downloads/accounts_144103643994.parquet -> @accounts stage
[2026-01-27T01:11:13.710+0000] {logging_mixin.py:188} INFO - Uploaded /tmp/minio_downloads/accounts_144103653564.parquet -> @accounts stage
[2026-01-27T01:11:13.910+0000] {logging_mixin.py:188} INFO - Uploaded /tmp/minio_downloads/accounts_144223151465.parquet -> @accounts stage
[2026-01-27T01:11:14.087+0000] {logging_mixin.py:188} INFO - Uploaded /tmp/minio_downloads/accounts_144227246704.parquet -> @accounts stage
[2026-01-27T01:11:14.253+0000] {logging_mixin.py:188} INFO - Uploaded /tmp/minio_downloads/accounts_182505783461.parquet -> @accounts stage
[2026-01-27T01:11:14.405+0000] {logging_mixin.py:188} INFO - Uploaded /tmp/minio_downloads/accounts_182509835534.parquet -> @accounts stage
[2026-01-27T01:11:14.560+0000] {logging_mixin.py:188} INFO - Uploaded /tmp/minio_downloads/accounts_185211951102.parquet -> @accounts stage
[2026-01-27T01:11:14.855+0000] {logging_mixin.py:188} INFO - Uploaded /tmp/minio_downloads/accounts_185216176088.parquet -> @accounts stage
[2026-01-27T01:11:15.331+0000] {logging_mixin.py:188} INFO - Data loaded into accounts
[2026-01-27T01:11:15.515+0000] {logging_mixin.py:188} INFO - Uploaded /tmp/minio_downloads/transactions_144103762925.parquet -> @transactions stage
[2026-01-27T01:11:15.684+0000] {logging_mixin.py:188} INFO - Uploaded /tmp/minio_downloads/transactions_144103775606.parquet -> @transactions stage
[2026-01-27T01:11:15.947+0000] {logging_mixin.py:188} INFO - Uploaded /tmp/minio_downloads/transactions_144103863430.parquet -> @transactions stage
[2026-01-27T01:11:16.120+0000] {logging_mixin.py:188} INFO - Uploaded /tmp/minio_downloads/transactions_144103871284.parquet -> @transactions stage
[2026-01-27T01:11:16.304+0000] {logging_mixin.py:188} INFO - Uploaded /tmp/minio_downloads/transactions_144103881590.parquet -> @transactions stage
[2026-01-27T01:11:16.514+0000] {logging_mixin.py:188} INFO - Uploaded /tmp/minio_downloads/transactions_144219122553.parquet -> @transactions stage
[2026-01-27T01:11:16.652+0000] {logging_mixin.py:188} INFO - Uploaded /tmp/minio_downloads/transactions_144220621553.parquet -> @transactions stage
[2026-01-27T01:11:16.794+0000] {logging_mixin.py:188} INFO - Uploaded /tmp/minio_downloads/transactions_144223166901.parquet -> @transactions stage
[2026-01-27T01:11:16.995+0000] {logging_mixin.py:188} INFO - Uploaded /tmp/minio_downloads/transactions_144225187405.parquet -> @transactions stage
[2026-01-27T01:11:17.145+0000] {logging_mixin.py:188} INFO - Uploaded /tmp/minio_downloads/transactions_144227254007.parquet -> @transactions stage
[2026-01-27T01:11:17.316+0000] {logging_mixin.py:188} INFO - Uploaded /tmp/minio_downloads/transactions_182502247603.parquet -> @transactions stage
[2026-01-27T01:11:17.494+0000] {logging_mixin.py:188} INFO - Uploaded /tmp/minio_downloads/transactions_182503745994.parquet -> @transactions stage
[2026-01-27T01:11:17.642+0000] {logging_mixin.py:188} INFO - Uploaded /tmp/minio_downloads/transactions_182505806158.parquet -> @transactions stage
[2026-01-27T01:11:17.783+0000] {logging_mixin.py:188} INFO - Uploaded /tmp/minio_downloads/transactions_182507820889.parquet -> @transactions stage
[2026-01-27T01:11:18.045+0000] {logging_mixin.py:188} INFO - Uploaded /tmp/minio_downloads/transactions_182509861044.parquet -> @transactions stage
[2026-01-27T01:11:18.195+0000] {logging_mixin.py:188} INFO - Uploaded /tmp/minio_downloads/transactions_184131730922.parquet -> @transactions stage
[2026-01-27T01:11:18.338+0000] {logging_mixin.py:188} INFO - Uploaded /tmp/minio_downloads/transactions_184132267556.parquet -> @transactions stage
[2026-01-27T01:11:18.476+0000] {logging_mixin.py:188} INFO - Uploaded /tmp/minio_downloads/transactions_185212015172.parquet -> @transactions stage
[2026-01-27T01:11:18.618+0000] {logging_mixin.py:188} INFO - Uploaded /tmp/minio_downloads/transactions_185214037206.parquet -> @transactions stage
[2026-01-27T01:11:18.788+0000] {logging_mixin.py:188} INFO - Uploaded /tmp/minio_downloads/transactions_185216168765.parquet -> @transactions stage
[2026-01-27T01:11:18.926+0000] {logging_mixin.py:188} INFO - Uploaded /tmp/minio_downloads/transactions_185218181017.parquet -> @transactions stage
[2026-01-27T01:11:19.406+0000] {logging_mixin.py:188} INFO - Data loaded into transactions
[2026-01-27T01:11:19.540+0000] {python.py:237} INFO - Done. Returned value was: None
[2026-01-27T01:11:19.543+0000] {taskinstance.py:441} INFO - ::group::Post task execution logs
[2026-01-27T01:11:19.582+0000] {taskinstance.py:1206} INFO - Marking task as SUCCESS. dag_id=minio_to_snowflake_banking, task_id=load_snowflake, run_id=scheduled__2026-01-27T01:10:00+00:00, execution_date=20260127T011000, start_date=20260127T011107, end_date=20260127T011119
[2026-01-27T01:11:19.612+0000] {local_task_job_runner.py:243} INFO - Task exited with return code 0
[2026-01-27T01:11:19.632+0000] {taskinstance.py:3503} INFO - 0 downstream tasks scheduled from follow-on schedule check
[2026-01-27T01:11:19.633+0000] {local_task_job_runner.py:222} INFO - ::endgroup::
