[2026-01-27T02:17:03.886+0000] {local_task_job_runner.py:120} INFO - ::group::Pre task execution logs
[2026-01-27T02:17:03.900+0000] {taskinstance.py:2076} INFO - Dependencies all met for dep_context=non-requeueable deps ti=<TaskInstance: minio_to_snowflake_banking.load_snowflake scheduled__2026-01-27T02:16:00+00:00 [queued]>
[2026-01-27T02:17:03.906+0000] {taskinstance.py:2076} INFO - Dependencies all met for dep_context=requeueable deps ti=<TaskInstance: minio_to_snowflake_banking.load_snowflake scheduled__2026-01-27T02:16:00+00:00 [queued]>
[2026-01-27T02:17:03.908+0000] {taskinstance.py:2306} INFO - Starting attempt 1 of 2
[2026-01-27T02:17:03.915+0000] {taskinstance.py:2330} INFO - Executing <Task(PythonOperator): load_snowflake> on 2026-01-27 02:16:00+00:00
[2026-01-27T02:17:03.921+0000] {logging_mixin.py:188} WARNING - /home/***/.local/lib/python3.12/site-packages/***/task/task_runner/standard_task_runner.py:62 DeprecationWarning: This process (pid=1337) is multi-threaded, use of fork() may lead to deadlocks in the child.
[2026-01-27T02:17:03.920+0000] {standard_task_runner.py:90} INFO - Running: ['***', 'tasks', 'run', 'minio_to_snowflake_banking', 'load_snowflake', 'scheduled__2026-01-27T02:16:00+00:00', '--job-id', '239', '--raw', '--subdir', 'DAGS_FOLDER/minio_to_snowflake_dag.py', '--cfg-path', '/tmp/tmpvaoer3_r']
[2026-01-27T02:17:03.922+0000] {standard_task_runner.py:64} INFO - Started process 1344 to run task
[2026-01-27T02:17:03.922+0000] {standard_task_runner.py:91} INFO - Job 239: Subtask load_snowflake
[2026-01-27T02:17:03.948+0000] {task_command.py:426} INFO - Running <TaskInstance: minio_to_snowflake_banking.load_snowflake scheduled__2026-01-27T02:16:00+00:00 [running]> on host e566996476d9
[2026-01-27T02:17:04.021+0000] {taskinstance.py:2648} INFO - Exporting env vars: AIRFLOW_CTX_DAG_OWNER='***' AIRFLOW_CTX_DAG_ID='minio_to_snowflake_banking' AIRFLOW_CTX_TASK_ID='load_snowflake' AIRFLOW_CTX_EXECUTION_DATE='2026-01-27T02:16:00+00:00' AIRFLOW_CTX_TRY_NUMBER='1' AIRFLOW_CTX_DAG_RUN_ID='scheduled__2026-01-27T02:16:00+00:00'
[2026-01-27T02:17:04.021+0000] {taskinstance.py:430} INFO - ::endgroup::
[2026-01-27T02:17:04.032+0000] {connection.py:611} INFO - Snowflake Connector for Python Version: 4.2.0, Python Version: 3.12.4, Platform: Linux-6.10.14-linuxkit-aarch64-with-glibc2.36
[2026-01-27T02:17:04.033+0000] {connection.py:1695} INFO - Connecting to GLOBAL Snowflake domain
[2026-01-27T02:17:08.639+0000] {logging_mixin.py:188} INFO - Uploaded /tmp/minio_downloads/customers_195743096976.parquet -> @customers stage
[2026-01-27T02:17:09.104+0000] {logging_mixin.py:188} INFO - Uploaded /tmp/minio_downloads/customers_195753837058.parquet -> @customers stage
[2026-01-27T02:17:09.576+0000] {logging_mixin.py:188} INFO - Data loaded into customers
[2026-01-27T02:17:09.750+0000] {logging_mixin.py:188} INFO - Uploaded /tmp/minio_downloads/accounts_195743143348.parquet -> @accounts stage
[2026-01-27T02:17:09.944+0000] {logging_mixin.py:188} INFO - Uploaded /tmp/minio_downloads/accounts_195748712467.parquet -> @accounts stage
[2026-01-27T02:17:10.229+0000] {logging_mixin.py:188} INFO - Uploaded /tmp/minio_downloads/accounts_195758854697.parquet -> @accounts stage
[2026-01-27T02:17:10.554+0000] {logging_mixin.py:188} INFO - Data loaded into accounts
[2026-01-27T02:17:10.760+0000] {logging_mixin.py:188} INFO - Uploaded /tmp/minio_downloads/transactions_195743150534.parquet -> @transactions stage
[2026-01-27T02:17:10.989+0000] {logging_mixin.py:188} INFO - Uploaded /tmp/minio_downloads/transactions_195745131628.parquet -> @transactions stage
[2026-01-27T02:17:11.194+0000] {logging_mixin.py:188} INFO - Uploaded /tmp/minio_downloads/transactions_195747184746.parquet -> @transactions stage
[2026-01-27T02:17:11.446+0000] {logging_mixin.py:188} INFO - Uploaded /tmp/minio_downloads/transactions_195748747291.parquet -> @transactions stage
[2026-01-27T02:17:11.646+0000] {logging_mixin.py:188} INFO - Uploaded /tmp/minio_downloads/transactions_195750828298.parquet -> @transactions stage
[2026-01-27T02:17:12.074+0000] {logging_mixin.py:188} INFO - Data loaded into transactions
[2026-01-27T02:17:12.213+0000] {python.py:237} INFO - Done. Returned value was: None
[2026-01-27T02:17:12.215+0000] {taskinstance.py:441} INFO - ::group::Post task execution logs
[2026-01-27T02:17:12.240+0000] {taskinstance.py:1206} INFO - Marking task as SUCCESS. dag_id=minio_to_snowflake_banking, task_id=load_snowflake, run_id=scheduled__2026-01-27T02:16:00+00:00, execution_date=20260127T021600, start_date=20260127T021703, end_date=20260127T021712
[2026-01-27T02:17:12.297+0000] {local_task_job_runner.py:243} INFO - Task exited with return code 0
[2026-01-27T02:17:12.320+0000] {taskinstance.py:3503} INFO - 0 downstream tasks scheduled from follow-on schedule check
[2026-01-27T02:17:12.321+0000] {local_task_job_runner.py:222} INFO - ::endgroup::
