[2026-01-27T01:01:03.561+0000] {local_task_job_runner.py:120} INFO - ::group::Pre task execution logs
[2026-01-27T01:01:03.577+0000] {taskinstance.py:2076} INFO - Dependencies all met for dep_context=non-requeueable deps ti=<TaskInstance: minio_to_snowflake_banking.download_minio scheduled__2026-01-27T01:00:00+00:00 [queued]>
[2026-01-27T01:01:03.580+0000] {taskinstance.py:2076} INFO - Dependencies all met for dep_context=requeueable deps ti=<TaskInstance: minio_to_snowflake_banking.download_minio scheduled__2026-01-27T01:00:00+00:00 [queued]>
[2026-01-27T01:01:03.580+0000] {taskinstance.py:2306} INFO - Starting attempt 1 of 2
[2026-01-27T01:01:03.584+0000] {taskinstance.py:2330} INFO - Executing <Task(PythonOperator): download_minio> on 2026-01-27 01:00:00+00:00
[2026-01-27T01:01:03.590+0000] {logging_mixin.py:188} WARNING - /home/***/.local/lib/python3.12/site-packages/***/task/task_runner/standard_task_runner.py:62 DeprecationWarning: This process (pid=6849) is multi-threaded, use of fork() may lead to deadlocks in the child.
[2026-01-27T01:01:03.591+0000] {standard_task_runner.py:64} INFO - Started process 6856 to run task
[2026-01-27T01:01:03.590+0000] {standard_task_runner.py:90} INFO - Running: ['***', 'tasks', 'run', 'minio_to_snowflake_banking', 'download_minio', 'scheduled__2026-01-27T01:00:00+00:00', '--job-id', '100', '--raw', '--subdir', 'DAGS_FOLDER/minio_to_snowflake_dag.py', '--cfg-path', '/tmp/tmp4l3cypmk']
[2026-01-27T01:01:03.592+0000] {standard_task_runner.py:91} INFO - Job 100: Subtask download_minio
[2026-01-27T01:01:03.620+0000] {task_command.py:426} INFO - Running <TaskInstance: minio_to_snowflake_banking.download_minio scheduled__2026-01-27T01:00:00+00:00 [running]> on host bac6151482a5
[2026-01-27T01:01:03.663+0000] {taskinstance.py:2648} INFO - Exporting env vars: AIRFLOW_CTX_DAG_OWNER='***' AIRFLOW_CTX_DAG_ID='minio_to_snowflake_banking' AIRFLOW_CTX_TASK_ID='download_minio' AIRFLOW_CTX_EXECUTION_DATE='2026-01-27T01:00:00+00:00' AIRFLOW_CTX_TRY_NUMBER='1' AIRFLOW_CTX_DAG_RUN_ID='scheduled__2026-01-27T01:00:00+00:00'
[2026-01-27T01:01:03.663+0000] {taskinstance.py:430} INFO - ::endgroup::
[2026-01-27T01:01:04.032+0000] {logging_mixin.py:188} INFO - Downloaded customers/date=2026-01-26/customers_144103576074.parquet -> /tmp/minio_downloads/customers_144103576074.parquet
[2026-01-27T01:01:04.037+0000] {logging_mixin.py:188} INFO - Downloaded customers/date=2026-01-26/customers_144227218931.parquet -> /tmp/minio_downloads/customers_144227218931.parquet
[2026-01-27T01:01:04.041+0000] {logging_mixin.py:188} INFO - Downloaded customers/date=2026-01-26/customers_182509845138.parquet -> /tmp/minio_downloads/customers_182509845138.parquet
[2026-01-27T01:01:04.043+0000] {logging_mixin.py:188} INFO - Downloaded customers/date=2026-01-26/customers_185216126542.parquet -> /tmp/minio_downloads/customers_185216126542.parquet
[2026-01-27T01:01:04.051+0000] {logging_mixin.py:188} INFO - Downloaded accounts/date=2026-01-26/accounts_144103643994.parquet -> /tmp/minio_downloads/accounts_144103643994.parquet
[2026-01-27T01:01:04.054+0000] {logging_mixin.py:188} INFO - Downloaded accounts/date=2026-01-26/accounts_144103653564.parquet -> /tmp/minio_downloads/accounts_144103653564.parquet
[2026-01-27T01:01:04.057+0000] {logging_mixin.py:188} INFO - Downloaded accounts/date=2026-01-26/accounts_144223151465.parquet -> /tmp/minio_downloads/accounts_144223151465.parquet
[2026-01-27T01:01:04.060+0000] {logging_mixin.py:188} INFO - Downloaded accounts/date=2026-01-26/accounts_144227246704.parquet -> /tmp/minio_downloads/accounts_144227246704.parquet
[2026-01-27T01:01:04.063+0000] {logging_mixin.py:188} INFO - Downloaded accounts/date=2026-01-26/accounts_182505783461.parquet -> /tmp/minio_downloads/accounts_182505783461.parquet
[2026-01-27T01:01:04.068+0000] {logging_mixin.py:188} INFO - Downloaded accounts/date=2026-01-26/accounts_182509835534.parquet -> /tmp/minio_downloads/accounts_182509835534.parquet
[2026-01-27T01:01:04.071+0000] {logging_mixin.py:188} INFO - Downloaded accounts/date=2026-01-26/accounts_185211951102.parquet -> /tmp/minio_downloads/accounts_185211951102.parquet
[2026-01-27T01:01:04.074+0000] {logging_mixin.py:188} INFO - Downloaded accounts/date=2026-01-26/accounts_185216176088.parquet -> /tmp/minio_downloads/accounts_185216176088.parquet
[2026-01-27T01:01:04.088+0000] {logging_mixin.py:188} INFO - Downloaded transactions/date=2026-01-26/transactions_144103762925.parquet -> /tmp/minio_downloads/transactions_144103762925.parquet
[2026-01-27T01:01:04.091+0000] {logging_mixin.py:188} INFO - Downloaded transactions/date=2026-01-26/transactions_144103775606.parquet -> /tmp/minio_downloads/transactions_144103775606.parquet
[2026-01-27T01:01:04.094+0000] {logging_mixin.py:188} INFO - Downloaded transactions/date=2026-01-26/transactions_144103863430.parquet -> /tmp/minio_downloads/transactions_144103863430.parquet
[2026-01-27T01:01:04.096+0000] {logging_mixin.py:188} INFO - Downloaded transactions/date=2026-01-26/transactions_144103871284.parquet -> /tmp/minio_downloads/transactions_144103871284.parquet
[2026-01-27T01:01:04.099+0000] {logging_mixin.py:188} INFO - Downloaded transactions/date=2026-01-26/transactions_144103881590.parquet -> /tmp/minio_downloads/transactions_144103881590.parquet
[2026-01-27T01:01:04.101+0000] {logging_mixin.py:188} INFO - Downloaded transactions/date=2026-01-26/transactions_144219122553.parquet -> /tmp/minio_downloads/transactions_144219122553.parquet
[2026-01-27T01:01:04.104+0000] {logging_mixin.py:188} INFO - Downloaded transactions/date=2026-01-26/transactions_144220621553.parquet -> /tmp/minio_downloads/transactions_144220621553.parquet
[2026-01-27T01:01:04.107+0000] {logging_mixin.py:188} INFO - Downloaded transactions/date=2026-01-26/transactions_144223166901.parquet -> /tmp/minio_downloads/transactions_144223166901.parquet
[2026-01-27T01:01:04.111+0000] {logging_mixin.py:188} INFO - Downloaded transactions/date=2026-01-26/transactions_144225187405.parquet -> /tmp/minio_downloads/transactions_144225187405.parquet
[2026-01-27T01:01:04.116+0000] {logging_mixin.py:188} INFO - Downloaded transactions/date=2026-01-26/transactions_144227254007.parquet -> /tmp/minio_downloads/transactions_144227254007.parquet
[2026-01-27T01:01:04.120+0000] {logging_mixin.py:188} INFO - Downloaded transactions/date=2026-01-26/transactions_182502247603.parquet -> /tmp/minio_downloads/transactions_182502247603.parquet
[2026-01-27T01:01:04.123+0000] {logging_mixin.py:188} INFO - Downloaded transactions/date=2026-01-26/transactions_182503745994.parquet -> /tmp/minio_downloads/transactions_182503745994.parquet
[2026-01-27T01:01:04.126+0000] {logging_mixin.py:188} INFO - Downloaded transactions/date=2026-01-26/transactions_182505806158.parquet -> /tmp/minio_downloads/transactions_182505806158.parquet
[2026-01-27T01:01:04.129+0000] {logging_mixin.py:188} INFO - Downloaded transactions/date=2026-01-26/transactions_182507820889.parquet -> /tmp/minio_downloads/transactions_182507820889.parquet
[2026-01-27T01:01:04.131+0000] {logging_mixin.py:188} INFO - Downloaded transactions/date=2026-01-26/transactions_182509861044.parquet -> /tmp/minio_downloads/transactions_182509861044.parquet
[2026-01-27T01:01:04.134+0000] {logging_mixin.py:188} INFO - Downloaded transactions/date=2026-01-26/transactions_184131730922.parquet -> /tmp/minio_downloads/transactions_184131730922.parquet
[2026-01-27T01:01:04.137+0000] {logging_mixin.py:188} INFO - Downloaded transactions/date=2026-01-26/transactions_184132267556.parquet -> /tmp/minio_downloads/transactions_184132267556.parquet
[2026-01-27T01:01:04.139+0000] {logging_mixin.py:188} INFO - Downloaded transactions/date=2026-01-26/transactions_185212015172.parquet -> /tmp/minio_downloads/transactions_185212015172.parquet
[2026-01-27T01:01:04.142+0000] {logging_mixin.py:188} INFO - Downloaded transactions/date=2026-01-26/transactions_185214037206.parquet -> /tmp/minio_downloads/transactions_185214037206.parquet
[2026-01-27T01:01:04.145+0000] {logging_mixin.py:188} INFO - Downloaded transactions/date=2026-01-26/transactions_185216168765.parquet -> /tmp/minio_downloads/transactions_185216168765.parquet
[2026-01-27T01:01:04.148+0000] {logging_mixin.py:188} INFO - Downloaded transactions/date=2026-01-26/transactions_185218181017.parquet -> /tmp/minio_downloads/transactions_185218181017.parquet
[2026-01-27T01:01:04.148+0000] {python.py:237} INFO - Done. Returned value was: {'customers': ['/tmp/minio_downloads/customers_144103576074.parquet', '/tmp/minio_downloads/customers_144227218931.parquet', '/tmp/minio_downloads/customers_182509845138.parquet', '/tmp/minio_downloads/customers_185216126542.parquet'], 'accounts': ['/tmp/minio_downloads/accounts_144103643994.parquet', '/tmp/minio_downloads/accounts_144103653564.parquet', '/tmp/minio_downloads/accounts_144223151465.parquet', '/tmp/minio_downloads/accounts_144227246704.parquet', '/tmp/minio_downloads/accounts_182505783461.parquet', '/tmp/minio_downloads/accounts_182509835534.parquet', '/tmp/minio_downloads/accounts_185211951102.parquet', '/tmp/minio_downloads/accounts_185216176088.parquet'], 'transactions': ['/tmp/minio_downloads/transactions_144103762925.parquet', '/tmp/minio_downloads/transactions_144103775606.parquet', '/tmp/minio_downloads/transactions_144103863430.parquet', '/tmp/minio_downloads/transactions_144103871284.parquet', '/tmp/minio_downloads/transactions_144103881590.parquet', '/tmp/minio_downloads/transactions_144219122553.parquet', '/tmp/minio_downloads/transactions_144220621553.parquet', '/tmp/minio_downloads/transactions_144223166901.parquet', '/tmp/minio_downloads/transactions_144225187405.parquet', '/tmp/minio_downloads/transactions_144227254007.parquet', '/tmp/minio_downloads/transactions_182502247603.parquet', '/tmp/minio_downloads/transactions_182503745994.parquet', '/tmp/minio_downloads/transactions_182505806158.parquet', '/tmp/minio_downloads/transactions_182507820889.parquet', '/tmp/minio_downloads/transactions_182509861044.parquet', '/tmp/minio_downloads/transactions_184131730922.parquet', '/tmp/minio_downloads/transactions_184132267556.parquet', '/tmp/minio_downloads/transactions_185212015172.parquet', '/tmp/minio_downloads/transactions_185214037206.parquet', '/tmp/minio_downloads/transactions_185216168765.parquet', '/tmp/minio_downloads/transactions_185218181017.parquet']}
[2026-01-27T01:01:04.148+0000] {taskinstance.py:441} INFO - ::group::Post task execution logs
[2026-01-27T01:01:04.174+0000] {taskinstance.py:1206} INFO - Marking task as SUCCESS. dag_id=minio_to_snowflake_banking, task_id=download_minio, run_id=scheduled__2026-01-27T01:00:00+00:00, execution_date=20260127T010000, start_date=20260127T010103, end_date=20260127T010104
[2026-01-27T01:01:04.228+0000] {local_task_job_runner.py:243} INFO - Task exited with return code 0
[2026-01-27T01:01:04.245+0000] {taskinstance.py:3503} INFO - 1 downstream tasks scheduled from follow-on schedule check
[2026-01-27T01:01:04.246+0000] {local_task_job_runner.py:222} INFO - ::endgroup::
