[2026-01-27T02:27:02.536+0000] {local_task_job_runner.py:120} INFO - ::group::Pre task execution logs
[2026-01-27T02:27:02.552+0000] {taskinstance.py:2076} INFO - Dependencies all met for dep_context=non-requeueable deps ti=<TaskInstance: minio_to_snowflake_banking.download_minio scheduled__2026-01-27T02:26:00+00:00 [queued]>
[2026-01-27T02:27:02.555+0000] {taskinstance.py:2076} INFO - Dependencies all met for dep_context=requeueable deps ti=<TaskInstance: minio_to_snowflake_banking.download_minio scheduled__2026-01-27T02:26:00+00:00 [queued]>
[2026-01-27T02:27:02.555+0000] {taskinstance.py:2306} INFO - Starting attempt 1 of 2
[2026-01-27T02:27:02.559+0000] {taskinstance.py:2330} INFO - Executing <Task(PythonOperator): download_minio> on 2026-01-27 02:26:00+00:00
[2026-01-27T02:27:02.565+0000] {logging_mixin.py:188} WARNING - /home/***/.local/lib/python3.12/site-packages/***/task/task_runner/standard_task_runner.py:62 DeprecationWarning: This process (pid=2015) is multi-threaded, use of fork() may lead to deadlocks in the child.
[2026-01-27T02:27:02.564+0000] {standard_task_runner.py:90} INFO - Running: ['***', 'tasks', 'run', 'minio_to_snowflake_banking', 'download_minio', 'scheduled__2026-01-27T02:26:00+00:00', '--job-id', '261', '--raw', '--subdir', 'DAGS_FOLDER/minio_to_snowflake_dag.py', '--cfg-path', '/tmp/tmpxce_du_u']
[2026-01-27T02:27:02.565+0000] {standard_task_runner.py:64} INFO - Started process 2022 to run task
[2026-01-27T02:27:02.565+0000] {standard_task_runner.py:91} INFO - Job 261: Subtask download_minio
[2026-01-27T02:27:02.590+0000] {task_command.py:426} INFO - Running <TaskInstance: minio_to_snowflake_banking.download_minio scheduled__2026-01-27T02:26:00+00:00 [running]> on host e566996476d9
[2026-01-27T02:27:02.627+0000] {taskinstance.py:2648} INFO - Exporting env vars: AIRFLOW_CTX_DAG_OWNER='***' AIRFLOW_CTX_DAG_ID='minio_to_snowflake_banking' AIRFLOW_CTX_TASK_ID='download_minio' AIRFLOW_CTX_EXECUTION_DATE='2026-01-27T02:26:00+00:00' AIRFLOW_CTX_TRY_NUMBER='1' AIRFLOW_CTX_DAG_RUN_ID='scheduled__2026-01-27T02:26:00+00:00'
[2026-01-27T02:27:02.628+0000] {taskinstance.py:430} INFO - ::endgroup::
[2026-01-27T02:27:02.830+0000] {logging_mixin.py:188} INFO - Downloaded customers/date=2026-01-26/customers_195743096976.parquet -> /tmp/minio_downloads/customers_195743096976.parquet
[2026-01-27T02:27:02.834+0000] {logging_mixin.py:188} INFO - Downloaded customers/date=2026-01-26/customers_195753837058.parquet -> /tmp/minio_downloads/customers_195753837058.parquet
[2026-01-27T02:27:02.840+0000] {logging_mixin.py:188} INFO - Downloaded accounts/date=2026-01-26/accounts_195743143348.parquet -> /tmp/minio_downloads/accounts_195743143348.parquet
[2026-01-27T02:27:02.843+0000] {logging_mixin.py:188} INFO - Downloaded accounts/date=2026-01-26/accounts_195748712467.parquet -> /tmp/minio_downloads/accounts_195748712467.parquet
[2026-01-27T02:27:02.846+0000] {logging_mixin.py:188} INFO - Downloaded accounts/date=2026-01-26/accounts_195758854697.parquet -> /tmp/minio_downloads/accounts_195758854697.parquet
[2026-01-27T02:27:02.851+0000] {logging_mixin.py:188} INFO - Downloaded transactions/date=2026-01-26/transactions_195743150534.parquet -> /tmp/minio_downloads/transactions_195743150534.parquet
[2026-01-27T02:27:02.853+0000] {logging_mixin.py:188} INFO - Downloaded transactions/date=2026-01-26/transactions_195745131628.parquet -> /tmp/minio_downloads/transactions_195745131628.parquet
[2026-01-27T02:27:02.856+0000] {logging_mixin.py:188} INFO - Downloaded transactions/date=2026-01-26/transactions_195747184746.parquet -> /tmp/minio_downloads/transactions_195747184746.parquet
[2026-01-27T02:27:02.860+0000] {logging_mixin.py:188} INFO - Downloaded transactions/date=2026-01-26/transactions_195748747291.parquet -> /tmp/minio_downloads/transactions_195748747291.parquet
[2026-01-27T02:27:02.864+0000] {logging_mixin.py:188} INFO - Downloaded transactions/date=2026-01-26/transactions_195750828298.parquet -> /tmp/minio_downloads/transactions_195750828298.parquet
[2026-01-27T02:27:02.864+0000] {python.py:237} INFO - Done. Returned value was: {'customers': ['/tmp/minio_downloads/customers_195743096976.parquet', '/tmp/minio_downloads/customers_195753837058.parquet'], 'accounts': ['/tmp/minio_downloads/accounts_195743143348.parquet', '/tmp/minio_downloads/accounts_195748712467.parquet', '/tmp/minio_downloads/accounts_195758854697.parquet'], 'transactions': ['/tmp/minio_downloads/transactions_195743150534.parquet', '/tmp/minio_downloads/transactions_195745131628.parquet', '/tmp/minio_downloads/transactions_195747184746.parquet', '/tmp/minio_downloads/transactions_195748747291.parquet', '/tmp/minio_downloads/transactions_195750828298.parquet']}
[2026-01-27T02:27:02.864+0000] {taskinstance.py:441} INFO - ::group::Post task execution logs
[2026-01-27T02:27:02.884+0000] {taskinstance.py:1206} INFO - Marking task as SUCCESS. dag_id=minio_to_snowflake_banking, task_id=download_minio, run_id=scheduled__2026-01-27T02:26:00+00:00, execution_date=20260127T022600, start_date=20260127T022702, end_date=20260127T022702
[2026-01-27T02:27:02.911+0000] {local_task_job_runner.py:243} INFO - Task exited with return code 0
[2026-01-27T02:27:02.924+0000] {taskinstance.py:3503} INFO - 1 downstream tasks scheduled from follow-on schedule check
[2026-01-27T02:27:02.925+0000] {local_task_job_runner.py:222} INFO - ::endgroup::
