[2026-01-27T01:26:02.106+0000] {local_task_job_runner.py:120} INFO - ::group::Pre task execution logs
[2026-01-27T01:26:02.125+0000] {taskinstance.py:2076} INFO - Dependencies all met for dep_context=non-requeueable deps ti=<TaskInstance: minio_to_snowflake_banking.download_minio scheduled__2026-01-27T01:25:00+00:00 [queued]>
[2026-01-27T01:26:02.128+0000] {taskinstance.py:2076} INFO - Dependencies all met for dep_context=requeueable deps ti=<TaskInstance: minio_to_snowflake_banking.download_minio scheduled__2026-01-27T01:25:00+00:00 [queued]>
[2026-01-27T01:26:02.128+0000] {taskinstance.py:2306} INFO - Starting attempt 1 of 2
[2026-01-27T01:26:02.133+0000] {taskinstance.py:2330} INFO - Executing <Task(PythonOperator): download_minio> on 2026-01-27 01:25:00+00:00
[2026-01-27T01:26:02.139+0000] {logging_mixin.py:188} WARNING - /home/***/.local/lib/python3.12/site-packages/***/task/task_runner/standard_task_runner.py:62 DeprecationWarning: This process (pid=10383) is multi-threaded, use of fork() may lead to deadlocks in the child.
[2026-01-27T01:26:02.138+0000] {standard_task_runner.py:90} INFO - Running: ['***', 'tasks', 'run', 'minio_to_snowflake_banking', 'download_minio', 'scheduled__2026-01-27T01:25:00+00:00', '--job-id', '152', '--raw', '--subdir', 'DAGS_FOLDER/minio_to_snowflake_dag.py', '--cfg-path', '/tmp/tmp76u7hai_']
[2026-01-27T01:26:02.140+0000] {standard_task_runner.py:91} INFO - Job 152: Subtask download_minio
[2026-01-27T01:26:02.140+0000] {standard_task_runner.py:64} INFO - Started process 10390 to run task
[2026-01-27T01:26:02.170+0000] {task_command.py:426} INFO - Running <TaskInstance: minio_to_snowflake_banking.download_minio scheduled__2026-01-27T01:25:00+00:00 [running]> on host bac6151482a5
[2026-01-27T01:26:02.213+0000] {taskinstance.py:2648} INFO - Exporting env vars: AIRFLOW_CTX_DAG_OWNER='***' AIRFLOW_CTX_DAG_ID='minio_to_snowflake_banking' AIRFLOW_CTX_TASK_ID='download_minio' AIRFLOW_CTX_EXECUTION_DATE='2026-01-27T01:25:00+00:00' AIRFLOW_CTX_TRY_NUMBER='1' AIRFLOW_CTX_DAG_RUN_ID='scheduled__2026-01-27T01:25:00+00:00'
[2026-01-27T01:26:02.214+0000] {taskinstance.py:430} INFO - ::endgroup::
[2026-01-27T01:26:02.416+0000] {logging_mixin.py:188} INFO - Downloaded customers/date=2026-01-26/customers_144103576074.parquet -> /tmp/minio_downloads/customers_144103576074.parquet
[2026-01-27T01:26:02.418+0000] {logging_mixin.py:188} INFO - Downloaded customers/date=2026-01-26/customers_144227218931.parquet -> /tmp/minio_downloads/customers_144227218931.parquet
[2026-01-27T01:26:02.421+0000] {logging_mixin.py:188} INFO - Downloaded customers/date=2026-01-26/customers_182509845138.parquet -> /tmp/minio_downloads/customers_182509845138.parquet
[2026-01-27T01:26:02.424+0000] {logging_mixin.py:188} INFO - Downloaded customers/date=2026-01-26/customers_185216126542.parquet -> /tmp/minio_downloads/customers_185216126542.parquet
[2026-01-27T01:26:02.426+0000] {logging_mixin.py:188} INFO - Downloaded customers/date=2026-01-26/customers_192313648895.parquet -> /tmp/minio_downloads/customers_192313648895.parquet
[2026-01-27T01:26:02.428+0000] {logging_mixin.py:188} INFO - Downloaded customers/date=2026-01-26/customers_192324367953.parquet -> /tmp/minio_downloads/customers_192324367953.parquet
[2026-01-27T01:26:02.431+0000] {logging_mixin.py:188} INFO - Downloaded customers/date=2026-01-26/customers_192445544451.parquet -> /tmp/minio_downloads/customers_192445544451.parquet
[2026-01-27T01:26:02.433+0000] {logging_mixin.py:188} INFO - Downloaded customers/date=2026-01-26/customers_192523795761.parquet -> /tmp/minio_downloads/customers_192523795761.parquet
[2026-01-27T01:26:02.436+0000] {logging_mixin.py:188} INFO - Downloaded customers/date=2026-01-26/customers_192534635947.parquet -> /tmp/minio_downloads/customers_192534635947.parquet
[2026-01-27T01:26:02.438+0000] {logging_mixin.py:188} INFO - Downloaded customers/date=2026-01-26/customers_192544882833.parquet -> /tmp/minio_downloads/customers_192544882833.parquet
[2026-01-27T01:26:02.440+0000] {logging_mixin.py:188} INFO - Downloaded customers/date=2026-01-26/customers_192549039267.parquet -> /tmp/minio_downloads/customers_192549039267.parquet
[2026-01-27T01:26:02.443+0000] {logging_mixin.py:188} INFO - Downloaded customers/date=2026-01-26/customers_192553094440.parquet -> /tmp/minio_downloads/customers_192553094440.parquet
[2026-01-27T01:26:02.446+0000] {logging_mixin.py:188} INFO - Downloaded customers/date=2026-01-26/customers_192559181148.parquet -> /tmp/minio_downloads/customers_192559181148.parquet
[2026-01-27T01:26:02.455+0000] {logging_mixin.py:188} INFO - Downloaded accounts/date=2026-01-26/accounts_144103643994.parquet -> /tmp/minio_downloads/accounts_144103643994.parquet
[2026-01-27T01:26:02.457+0000] {logging_mixin.py:188} INFO - Downloaded accounts/date=2026-01-26/accounts_144103653564.parquet -> /tmp/minio_downloads/accounts_144103653564.parquet
[2026-01-27T01:26:02.460+0000] {logging_mixin.py:188} INFO - Downloaded accounts/date=2026-01-26/accounts_144223151465.parquet -> /tmp/minio_downloads/accounts_144223151465.parquet
[2026-01-27T01:26:02.462+0000] {logging_mixin.py:188} INFO - Downloaded accounts/date=2026-01-26/accounts_144227246704.parquet -> /tmp/minio_downloads/accounts_144227246704.parquet
[2026-01-27T01:26:02.465+0000] {logging_mixin.py:188} INFO - Downloaded accounts/date=2026-01-26/accounts_182505783461.parquet -> /tmp/minio_downloads/accounts_182505783461.parquet
[2026-01-27T01:26:02.467+0000] {logging_mixin.py:188} INFO - Downloaded accounts/date=2026-01-26/accounts_182509835534.parquet -> /tmp/minio_downloads/accounts_182509835534.parquet
[2026-01-27T01:26:02.470+0000] {logging_mixin.py:188} INFO - Downloaded accounts/date=2026-01-26/accounts_185211951102.parquet -> /tmp/minio_downloads/accounts_185211951102.parquet
[2026-01-27T01:26:02.472+0000] {logging_mixin.py:188} INFO - Downloaded accounts/date=2026-01-26/accounts_185216176088.parquet -> /tmp/minio_downloads/accounts_185216176088.parquet
[2026-01-27T01:26:02.474+0000] {logging_mixin.py:188} INFO - Downloaded accounts/date=2026-01-26/accounts_192310101946.parquet -> /tmp/minio_downloads/accounts_192310101946.parquet
[2026-01-27T01:26:02.477+0000] {logging_mixin.py:188} INFO - Downloaded accounts/date=2026-01-26/accounts_192313689393.parquet -> /tmp/minio_downloads/accounts_192313689393.parquet
[2026-01-27T01:26:02.479+0000] {logging_mixin.py:188} INFO - Downloaded accounts/date=2026-01-26/accounts_192320305010.parquet -> /tmp/minio_downloads/accounts_192320305010.parquet
[2026-01-27T01:26:02.482+0000] {logging_mixin.py:188} INFO - Downloaded accounts/date=2026-01-26/accounts_192324395547.parquet -> /tmp/minio_downloads/accounts_192324395547.parquet
[2026-01-27T01:26:02.484+0000] {logging_mixin.py:188} INFO - Downloaded accounts/date=2026-01-26/accounts_192441480250.parquet -> /tmp/minio_downloads/accounts_192441480250.parquet
[2026-01-27T01:26:02.487+0000] {logging_mixin.py:188} INFO - Downloaded accounts/date=2026-01-26/accounts_192445620078.parquet -> /tmp/minio_downloads/accounts_192445620078.parquet
[2026-01-27T01:26:02.489+0000] {logging_mixin.py:188} INFO - Downloaded accounts/date=2026-01-26/accounts_192523616219.parquet -> /tmp/minio_downloads/accounts_192523616219.parquet
[2026-01-27T01:26:02.492+0000] {logging_mixin.py:188} INFO - Downloaded accounts/date=2026-01-26/accounts_192523997918.parquet -> /tmp/minio_downloads/accounts_192523997918.parquet
[2026-01-27T01:26:02.495+0000] {logging_mixin.py:188} INFO - Downloaded accounts/date=2026-01-26/accounts_192524206696.parquet -> /tmp/minio_downloads/accounts_192524206696.parquet
[2026-01-27T01:26:02.497+0000] {logging_mixin.py:188} INFO - Downloaded accounts/date=2026-01-26/accounts_192542396098.parquet -> /tmp/minio_downloads/accounts_192542396098.parquet
[2026-01-27T01:26:02.499+0000] {logging_mixin.py:188} INFO - Downloaded accounts/date=2026-01-26/accounts_192544981225.parquet -> /tmp/minio_downloads/accounts_192544981225.parquet
[2026-01-27T01:26:02.502+0000] {logging_mixin.py:188} INFO - Downloaded accounts/date=2026-01-26/accounts_192547032657.parquet -> /tmp/minio_downloads/accounts_192547032657.parquet
[2026-01-27T01:26:02.506+0000] {logging_mixin.py:188} INFO - Downloaded accounts/date=2026-01-26/accounts_192549085973.parquet -> /tmp/minio_downloads/accounts_192549085973.parquet
[2026-01-27T01:26:02.508+0000] {logging_mixin.py:188} INFO - Downloaded accounts/date=2026-01-26/accounts_192553109967.parquet -> /tmp/minio_downloads/accounts_192553109967.parquet
[2026-01-27T01:26:02.510+0000] {logging_mixin.py:188} INFO - Downloaded accounts/date=2026-01-26/accounts_192555127526.parquet -> /tmp/minio_downloads/accounts_192555127526.parquet
[2026-01-27T01:26:02.513+0000] {logging_mixin.py:188} INFO - Downloaded accounts/date=2026-01-26/accounts_192559220011.parquet -> /tmp/minio_downloads/accounts_192559220011.parquet
[2026-01-27T01:26:02.532+0000] {logging_mixin.py:188} INFO - Downloaded transactions/date=2026-01-26/transactions_144103762925.parquet -> /tmp/minio_downloads/transactions_144103762925.parquet
[2026-01-27T01:26:02.536+0000] {logging_mixin.py:188} INFO - Downloaded transactions/date=2026-01-26/transactions_144103775606.parquet -> /tmp/minio_downloads/transactions_144103775606.parquet
[2026-01-27T01:26:02.538+0000] {logging_mixin.py:188} INFO - Downloaded transactions/date=2026-01-26/transactions_144103863430.parquet -> /tmp/minio_downloads/transactions_144103863430.parquet
[2026-01-27T01:26:02.541+0000] {logging_mixin.py:188} INFO - Downloaded transactions/date=2026-01-26/transactions_144103871284.parquet -> /tmp/minio_downloads/transactions_144103871284.parquet
[2026-01-27T01:26:02.544+0000] {logging_mixin.py:188} INFO - Downloaded transactions/date=2026-01-26/transactions_144103881590.parquet -> /tmp/minio_downloads/transactions_144103881590.parquet
[2026-01-27T01:26:02.546+0000] {logging_mixin.py:188} INFO - Downloaded transactions/date=2026-01-26/transactions_144219122553.parquet -> /tmp/minio_downloads/transactions_144219122553.parquet
[2026-01-27T01:26:02.550+0000] {logging_mixin.py:188} INFO - Downloaded transactions/date=2026-01-26/transactions_144220621553.parquet -> /tmp/minio_downloads/transactions_144220621553.parquet
[2026-01-27T01:26:02.553+0000] {logging_mixin.py:188} INFO - Downloaded transactions/date=2026-01-26/transactions_144223166901.parquet -> /tmp/minio_downloads/transactions_144223166901.parquet
[2026-01-27T01:26:02.557+0000] {logging_mixin.py:188} INFO - Downloaded transactions/date=2026-01-26/transactions_144225187405.parquet -> /tmp/minio_downloads/transactions_144225187405.parquet
[2026-01-27T01:26:02.560+0000] {logging_mixin.py:188} INFO - Downloaded transactions/date=2026-01-26/transactions_144227254007.parquet -> /tmp/minio_downloads/transactions_144227254007.parquet
[2026-01-27T01:26:02.563+0000] {logging_mixin.py:188} INFO - Downloaded transactions/date=2026-01-26/transactions_182502247603.parquet -> /tmp/minio_downloads/transactions_182502247603.parquet
[2026-01-27T01:26:02.566+0000] {logging_mixin.py:188} INFO - Downloaded transactions/date=2026-01-26/transactions_182503745994.parquet -> /tmp/minio_downloads/transactions_182503745994.parquet
[2026-01-27T01:26:02.569+0000] {logging_mixin.py:188} INFO - Downloaded transactions/date=2026-01-26/transactions_182505806158.parquet -> /tmp/minio_downloads/transactions_182505806158.parquet
[2026-01-27T01:26:02.572+0000] {logging_mixin.py:188} INFO - Downloaded transactions/date=2026-01-26/transactions_182507820889.parquet -> /tmp/minio_downloads/transactions_182507820889.parquet
[2026-01-27T01:26:02.575+0000] {logging_mixin.py:188} INFO - Downloaded transactions/date=2026-01-26/transactions_182509861044.parquet -> /tmp/minio_downloads/transactions_182509861044.parquet
[2026-01-27T01:26:02.579+0000] {logging_mixin.py:188} INFO - Downloaded transactions/date=2026-01-26/transactions_184131730922.parquet -> /tmp/minio_downloads/transactions_184131730922.parquet
[2026-01-27T01:26:02.582+0000] {logging_mixin.py:188} INFO - Downloaded transactions/date=2026-01-26/transactions_184132267556.parquet -> /tmp/minio_downloads/transactions_184132267556.parquet
[2026-01-27T01:26:02.585+0000] {logging_mixin.py:188} INFO - Downloaded transactions/date=2026-01-26/transactions_185212015172.parquet -> /tmp/minio_downloads/transactions_185212015172.parquet
[2026-01-27T01:26:02.588+0000] {logging_mixin.py:188} INFO - Downloaded transactions/date=2026-01-26/transactions_185214037206.parquet -> /tmp/minio_downloads/transactions_185214037206.parquet
[2026-01-27T01:26:02.591+0000] {logging_mixin.py:188} INFO - Downloaded transactions/date=2026-01-26/transactions_185216168765.parquet -> /tmp/minio_downloads/transactions_185216168765.parquet
[2026-01-27T01:26:02.593+0000] {logging_mixin.py:188} INFO - Downloaded transactions/date=2026-01-26/transactions_185218181017.parquet -> /tmp/minio_downloads/transactions_185218181017.parquet
[2026-01-27T01:26:02.596+0000] {logging_mixin.py:188} INFO - Downloaded transactions/date=2026-01-26/transactions_192308087511.parquet -> /tmp/minio_downloads/transactions_192308087511.parquet
[2026-01-27T01:26:02.601+0000] {logging_mixin.py:188} INFO - Downloaded transactions/date=2026-01-26/transactions_192310150822.parquet -> /tmp/minio_downloads/transactions_192310150822.parquet
[2026-01-27T01:26:02.604+0000] {logging_mixin.py:188} INFO - Downloaded transactions/date=2026-01-26/transactions_192311699324.parquet -> /tmp/minio_downloads/transactions_192311699324.parquet
[2026-01-27T01:26:02.608+0000] {logging_mixin.py:188} INFO - Downloaded transactions/date=2026-01-26/transactions_192313715075.parquet -> /tmp/minio_downloads/transactions_192313715075.parquet
[2026-01-27T01:26:02.611+0000] {logging_mixin.py:188} INFO - Downloaded transactions/date=2026-01-26/transactions_192315760528.parquet -> /tmp/minio_downloads/transactions_192315760528.parquet
[2026-01-27T01:26:02.615+0000] {logging_mixin.py:188} INFO - Downloaded transactions/date=2026-01-26/transactions_192318250248.parquet -> /tmp/minio_downloads/transactions_192318250248.parquet
[2026-01-27T01:26:02.617+0000] {logging_mixin.py:188} INFO - Downloaded transactions/date=2026-01-26/transactions_192320324724.parquet -> /tmp/minio_downloads/transactions_192320324724.parquet
[2026-01-27T01:26:02.620+0000] {logging_mixin.py:188} INFO - Downloaded transactions/date=2026-01-26/transactions_192322346912.parquet -> /tmp/minio_downloads/transactions_192322346912.parquet
[2026-01-27T01:26:02.622+0000] {logging_mixin.py:188} INFO - Downloaded transactions/date=2026-01-26/transactions_192324413523.parquet -> /tmp/minio_downloads/transactions_192324413523.parquet
[2026-01-27T01:26:02.625+0000] {logging_mixin.py:188} INFO - Downloaded transactions/date=2026-01-26/transactions_192326412538.parquet -> /tmp/minio_downloads/transactions_192326412538.parquet
[2026-01-27T01:26:02.628+0000] {logging_mixin.py:188} INFO - Downloaded transactions/date=2026-01-26/transactions_192439476775.parquet -> /tmp/minio_downloads/transactions_192439476775.parquet
[2026-01-27T01:26:02.630+0000] {logging_mixin.py:188} INFO - Downloaded transactions/date=2026-01-26/transactions_192441504549.parquet -> /tmp/minio_downloads/transactions_192441504549.parquet
[2026-01-27T01:26:02.633+0000] {logging_mixin.py:188} INFO - Downloaded transactions/date=2026-01-26/transactions_192443654902.parquet -> /tmp/minio_downloads/transactions_192443654902.parquet
[2026-01-27T01:26:02.635+0000] {logging_mixin.py:188} INFO - Downloaded transactions/date=2026-01-26/transactions_192445651224.parquet -> /tmp/minio_downloads/transactions_192445651224.parquet
[2026-01-27T01:26:02.638+0000] {logging_mixin.py:188} INFO - Downloaded transactions/date=2026-01-26/transactions_192447624664.parquet -> /tmp/minio_downloads/transactions_192447624664.parquet
[2026-01-27T01:26:02.641+0000] {logging_mixin.py:188} INFO - Downloaded transactions/date=2026-01-26/transactions_192523638154.parquet -> /tmp/minio_downloads/transactions_192523638154.parquet
[2026-01-27T01:26:02.644+0000] {logging_mixin.py:188} INFO - Downloaded transactions/date=2026-01-26/transactions_192523813254.parquet -> /tmp/minio_downloads/transactions_192523813254.parquet
[2026-01-27T01:26:02.647+0000] {logging_mixin.py:188} INFO - Downloaded transactions/date=2026-01-26/transactions_192524017367.parquet -> /tmp/minio_downloads/transactions_192524017367.parquet
[2026-01-27T01:26:02.649+0000] {logging_mixin.py:188} INFO - Downloaded transactions/date=2026-01-26/transactions_192524074016.parquet -> /tmp/minio_downloads/transactions_192524074016.parquet
[2026-01-27T01:26:02.652+0000] {logging_mixin.py:188} INFO - Downloaded transactions/date=2026-01-26/transactions_192524221737.parquet -> /tmp/minio_downloads/transactions_192524221737.parquet
[2026-01-27T01:26:02.654+0000] {logging_mixin.py:188} INFO - Downloaded transactions/date=2026-01-26/transactions_192524338441.parquet -> /tmp/minio_downloads/transactions_192524338441.parquet
[2026-01-27T01:26:02.657+0000] {logging_mixin.py:188} INFO - Downloaded transactions/date=2026-01-26/transactions_192524486049.parquet -> /tmp/minio_downloads/transactions_192524486049.parquet
[2026-01-27T01:26:02.659+0000] {logging_mixin.py:188} INFO - Downloaded transactions/date=2026-01-26/transactions_192524570165.parquet -> /tmp/minio_downloads/transactions_192524570165.parquet
[2026-01-27T01:26:02.662+0000] {logging_mixin.py:188} INFO - Downloaded transactions/date=2026-01-26/transactions_192542431388.parquet -> /tmp/minio_downloads/transactions_192542431388.parquet
[2026-01-27T01:26:02.664+0000] {logging_mixin.py:188} INFO - Downloaded transactions/date=2026-01-26/transactions_192542884813.parquet -> /tmp/minio_downloads/transactions_192542884813.parquet
[2026-01-27T01:26:02.667+0000] {logging_mixin.py:188} INFO - Downloaded transactions/date=2026-01-26/transactions_192544967429.parquet -> /tmp/minio_downloads/transactions_192544967429.parquet
[2026-01-27T01:26:02.669+0000] {logging_mixin.py:188} INFO - Downloaded transactions/date=2026-01-26/transactions_192545094208.parquet -> /tmp/minio_downloads/transactions_192545094208.parquet
[2026-01-27T01:26:02.672+0000] {logging_mixin.py:188} INFO - Downloaded transactions/date=2026-01-26/transactions_192546998789.parquet -> /tmp/minio_downloads/transactions_192546998789.parquet
[2026-01-27T01:26:02.675+0000] {logging_mixin.py:188} INFO - Downloaded transactions/date=2026-01-26/transactions_192547032892.parquet -> /tmp/minio_downloads/transactions_192547032892.parquet
[2026-01-27T01:26:02.678+0000] {logging_mixin.py:188} INFO - Downloaded transactions/date=2026-01-26/transactions_192549049974.parquet -> /tmp/minio_downloads/transactions_192549049974.parquet
[2026-01-27T01:26:02.681+0000] {logging_mixin.py:188} INFO - Downloaded transactions/date=2026-01-26/transactions_192549104917.parquet -> /tmp/minio_downloads/transactions_192549104917.parquet
[2026-01-27T01:26:02.683+0000] {logging_mixin.py:188} INFO - Downloaded transactions/date=2026-01-26/transactions_192551086967.parquet -> /tmp/minio_downloads/transactions_192551086967.parquet
[2026-01-27T01:26:02.686+0000] {logging_mixin.py:188} INFO - Downloaded transactions/date=2026-01-26/transactions_192551112340.parquet -> /tmp/minio_downloads/transactions_192551112340.parquet
[2026-01-27T01:26:02.689+0000] {logging_mixin.py:188} INFO - Downloaded transactions/date=2026-01-26/transactions_192553134776.parquet -> /tmp/minio_downloads/transactions_192553134776.parquet
[2026-01-27T01:26:02.692+0000] {logging_mixin.py:188} INFO - Downloaded transactions/date=2026-01-26/transactions_192555159678.parquet -> /tmp/minio_downloads/transactions_192555159678.parquet
[2026-01-27T01:26:02.694+0000] {logging_mixin.py:188} INFO - Downloaded transactions/date=2026-01-26/transactions_192557269820.parquet -> /tmp/minio_downloads/transactions_192557269820.parquet
[2026-01-27T01:26:02.697+0000] {logging_mixin.py:188} INFO - Downloaded transactions/date=2026-01-26/transactions_192559228824.parquet -> /tmp/minio_downloads/transactions_192559228824.parquet
[2026-01-27T01:26:02.701+0000] {logging_mixin.py:188} INFO - Downloaded transactions/date=2026-01-26/transactions_192601222669.parquet -> /tmp/minio_downloads/transactions_192601222669.parquet
[2026-01-27T01:26:02.702+0000] {python.py:237} INFO - Done. Returned value was: {'customers': ['/tmp/minio_downloads/customers_144103576074.parquet', '/tmp/minio_downloads/customers_144227218931.parquet', '/tmp/minio_downloads/customers_182509845138.parquet', '/tmp/minio_downloads/customers_185216126542.parquet', '/tmp/minio_downloads/customers_192313648895.parquet', '/tmp/minio_downloads/customers_192324367953.parquet', '/tmp/minio_downloads/customers_192445544451.parquet', '/tmp/minio_downloads/customers_192523795761.parquet', '/tmp/minio_downloads/customers_192534635947.parquet', '/tmp/minio_downloads/customers_192544882833.parquet', '/tmp/minio_downloads/customers_192549039267.parquet', '/tmp/minio_downloads/customers_192553094440.parquet', '/tmp/minio_downloads/customers_192559181148.parquet'], 'accounts': ['/tmp/minio_downloads/accounts_144103643994.parquet', '/tmp/minio_downloads/accounts_144103653564.parquet', '/tmp/minio_downloads/accounts_144223151465.parquet', '/tmp/minio_downloads/accounts_144227246704.parquet', '/tmp/minio_downloads/accounts_182505783461.parquet', '/tmp/minio_downloads/accounts_182509835534.parquet', '/tmp/minio_downloads/accounts_185211951102.parquet', '/tmp/minio_downloads/accounts_185216176088.parquet', '/tmp/minio_downloads/accounts_192310101946.parquet', '/tmp/minio_downloads/accounts_192313689393.parquet', '/tmp/minio_downloads/accounts_192320305010.parquet', '/tmp/minio_downloads/accounts_192324395547.parquet', '/tmp/minio_downloads/accounts_192441480250.parquet', '/tmp/minio_downloads/accounts_192445620078.parquet', '/tmp/minio_downloads/accounts_192523616219.parquet', '/tmp/minio_downloads/accounts_192523997918.parquet', '/tmp/minio_downloads/accounts_192524206696.parquet', '/tmp/minio_downloads/accounts_192542396098.parquet', '/tmp/minio_downloads/accounts_192544981225.parquet', '/tmp/minio_downloads/accounts_192547032657.parquet', '/tmp/minio_downloads/accounts_192549085973.parquet', '/tmp/minio_downloads/accounts_192553109967.parquet', '/tmp/minio_downloads/accounts_192555127526.parquet', '/tmp/minio_downloads/accounts_192559220011.parquet'], 'transactions': ['/tmp/minio_downloads/transactions_144103762925.parquet', '/tmp/minio_downloads/transactions_144103775606.parquet', '/tmp/minio_downloads/transactions_144103863430.parquet', '/tmp/minio_downloads/transactions_144103871284.parquet', '/tmp/minio_downloads/transactions_144103881590.parquet', '/tmp/minio_downloads/transactions_144219122553.parquet', '/tmp/minio_downloads/transactions_144220621553.parquet', '/tmp/minio_downloads/transactions_144223166901.parquet', '/tmp/minio_downloads/transactions_144225187405.parquet', '/tmp/minio_downloads/transactions_144227254007.parquet', '/tmp/minio_downloads/transactions_182502247603.parquet', '/tmp/minio_downloads/transactions_182503745994.parquet', '/tmp/minio_downloads/transactions_182505806158.parquet', '/tmp/minio_downloads/transactions_182507820889.parquet', '/tmp/minio_downloads/transactions_182509861044.parquet', '/tmp/minio_downloads/transactions_184131730922.parquet', '/tmp/minio_downloads/transactions_184132267556.parquet', '/tmp/minio_downloads/transactions_185212015172.parquet', '/tmp/minio_downloads/transactions_185214037206.parquet', '/tmp/minio_downloads/transactions_185216168765.parquet', '/tmp/minio_downloads/transactions_185218181017.parquet', '/tmp/minio_downloads/transactions_192308087511.parquet', '/tmp/minio_downloads/transactions_192310150822.parquet', '/tmp/minio_downloads/transactions_192311699324.parquet', '/tmp/minio_downloads/transactions_192313715075.parquet', '/tmp/minio_downloads/transactions_192315760528.parquet', '/tmp/minio_downloads/transactions_192318250248.parquet', '/tmp/minio_downloads/transactions_192320324724.parquet', '/tmp/minio_downloads/transactions_192322346912.parquet', '/tmp/minio_downloads/transactions_192324413523.parquet', '/tmp/minio_downloads/transactions_192326412538.parquet', '/tmp/minio_downloads/transactions_192439476775.parquet', '/tmp/minio_downloads/transactions_192441504549.parquet', '/tmp/minio_downloads/transactions_192443654902.parquet', '/tmp/minio_downloads/transactions_192445651224.parquet', '/tmp/minio_downloads/transactions_192447624664.parquet', '/tmp/minio_downloads/transactions_192523638154.parquet', '/tmp/minio_downloads/transactions_192523813254.parquet', '/tmp/minio_downloads/transactions_192524017367.parquet', '/tmp/minio_downloads/transactions_192524074016.parquet', '/tmp/minio_downloads/transactions_192524221737.parquet', '/tmp/minio_downloads/transactions_192524338441.parquet', '/tmp/minio_downloads/transactions_192524486049.parquet', '/tmp/minio_downloads/transactions_192524570165.parquet', '/tmp/minio_downloads/transactions_192542431388.parquet', '/tmp/minio_downloads/transactions_192542884813.parquet', '/tmp/minio_downloads/transactions_192544967429.parquet', '/tmp/minio_downloads/transactions_192545094208.parquet', '/tmp/minio_downloads/transactions_192546998789.parquet', '/tmp/minio_downloads/transactions_192547032892.parquet', '/tmp/minio_downloads/transactions_192549049974.parquet', '/tmp/minio_downloads/transactions_192549104917.parquet', '/tmp/minio_downloads/transactions_192551086967.parquet', '/tmp/minio_downloads/transactions_192551112340.parquet', '/tmp/minio_downloads/transactions_192553134776.parquet', '/tmp/minio_downloads/transactions_192555159678.parquet', '/tmp/minio_downloads/transactions_192557269820.parquet', '/tmp/minio_downloads/transactions_192559228824.parquet', '/tmp/minio_downloads/transactions_192601222669.parquet']}
[2026-01-27T01:26:02.702+0000] {taskinstance.py:441} INFO - ::group::Post task execution logs
[2026-01-27T01:26:02.716+0000] {taskinstance.py:1206} INFO - Marking task as SUCCESS. dag_id=minio_to_snowflake_banking, task_id=download_minio, run_id=scheduled__2026-01-27T01:25:00+00:00, execution_date=20260127T012500, start_date=20260127T012602, end_date=20260127T012602
[2026-01-27T01:26:02.733+0000] {local_task_job_runner.py:243} INFO - Task exited with return code 0
[2026-01-27T01:26:02.744+0000] {taskinstance.py:3503} INFO - 1 downstream tasks scheduled from follow-on schedule check
[2026-01-27T01:26:02.744+0000] {local_task_job_runner.py:222} INFO - ::endgroup::
