[2026-01-27T01:47:19.335+0000] {local_task_job_runner.py:120} INFO - ::group::Pre task execution logs
[2026-01-27T01:47:19.349+0000] {taskinstance.py:2076} INFO - Dependencies all met for dep_context=non-requeueable deps ti=<TaskInstance: minio_to_snowflake_banking.load_snowflake scheduled__2026-01-27T01:46:00+00:00 [queued]>
[2026-01-27T01:47:19.351+0000] {taskinstance.py:2076} INFO - Dependencies all met for dep_context=requeueable deps ti=<TaskInstance: minio_to_snowflake_banking.load_snowflake scheduled__2026-01-27T01:46:00+00:00 [queued]>
[2026-01-27T01:47:19.351+0000] {taskinstance.py:2306} INFO - Starting attempt 1 of 2
[2026-01-27T01:47:19.355+0000] {taskinstance.py:2330} INFO - Executing <Task(PythonOperator): load_snowflake> on 2026-01-27 01:46:00+00:00
[2026-01-27T01:47:19.360+0000] {standard_task_runner.py:90} INFO - Running: ['***', 'tasks', 'run', 'minio_to_snowflake_banking', 'load_snowflake', 'scheduled__2026-01-27T01:46:00+00:00', '--job-id', '178', '--raw', '--subdir', 'DAGS_FOLDER/minio_to_snowflake_dag.py', '--cfg-path', '/tmp/tmp3ytwi0pv']
[2026-01-27T01:47:19.361+0000] {logging_mixin.py:188} WARNING - /home/***/.local/lib/python3.12/site-packages/***/task/task_runner/standard_task_runner.py:62 DeprecationWarning: This process (pid=14615) is multi-threaded, use of fork() may lead to deadlocks in the child.
[2026-01-27T01:47:19.361+0000] {standard_task_runner.py:91} INFO - Job 178: Subtask load_snowflake
[2026-01-27T01:47:19.361+0000] {standard_task_runner.py:64} INFO - Started process 14622 to run task
[2026-01-27T01:47:19.383+0000] {task_command.py:426} INFO - Running <TaskInstance: minio_to_snowflake_banking.load_snowflake scheduled__2026-01-27T01:46:00+00:00 [running]> on host bac6151482a5
[2026-01-27T01:47:19.416+0000] {taskinstance.py:2648} INFO - Exporting env vars: AIRFLOW_CTX_DAG_OWNER='***' AIRFLOW_CTX_DAG_ID='minio_to_snowflake_banking' AIRFLOW_CTX_TASK_ID='load_snowflake' AIRFLOW_CTX_EXECUTION_DATE='2026-01-27T01:46:00+00:00' AIRFLOW_CTX_TRY_NUMBER='1' AIRFLOW_CTX_DAG_RUN_ID='scheduled__2026-01-27T01:46:00+00:00'
[2026-01-27T01:47:19.416+0000] {taskinstance.py:430} INFO - ::endgroup::
[2026-01-27T01:47:19.426+0000] {connection.py:611} INFO - Snowflake Connector for Python Version: 4.2.0, Python Version: 3.12.4, Platform: Linux-6.10.14-linuxkit-aarch64-with-glibc2.36
[2026-01-27T01:47:19.427+0000] {connection.py:1695} INFO - Connecting to GLOBAL Snowflake domain
[2026-01-27T01:47:20.733+0000] {logging_mixin.py:188} INFO - Uploaded /tmp/minio_downloads/customers_194557533714.parquet -> @customers stage
[2026-01-27T01:47:21.004+0000] {logging_mixin.py:188} INFO - Uploaded /tmp/minio_downloads/customers_194607987530.parquet -> @customers stage
[2026-01-27T01:47:21.353+0000] {logging_mixin.py:188} INFO - Uploaded /tmp/minio_downloads/customers_194618085188.parquet -> @customers stage
[2026-01-27T01:47:22.660+0000] {logging_mixin.py:188} INFO - Data loaded into customers
[2026-01-27T01:47:22.976+0000] {logging_mixin.py:188} INFO - Uploaded /tmp/minio_downloads/accounts_194557581531.parquet -> @accounts stage
[2026-01-27T01:47:23.267+0000] {logging_mixin.py:188} INFO - Uploaded /tmp/minio_downloads/accounts_194603973913.parquet -> @accounts stage
[2026-01-27T01:47:23.614+0000] {logging_mixin.py:188} INFO - Uploaded /tmp/minio_downloads/accounts_194610037590.parquet -> @accounts stage
[2026-01-27T01:47:23.918+0000] {logging_mixin.py:188} INFO - Uploaded /tmp/minio_downloads/accounts_194620108412.parquet -> @accounts stage
[2026-01-27T01:47:24.298+0000] {logging_mixin.py:188} INFO - Data loaded into accounts
[2026-01-27T01:47:24.552+0000] {logging_mixin.py:188} INFO - Uploaded /tmp/minio_downloads/transactions_194557597337.parquet -> @transactions stage
[2026-01-27T01:47:24.783+0000] {logging_mixin.py:188} INFO - Uploaded /tmp/minio_downloads/transactions_194559436395.parquet -> @transactions stage
[2026-01-27T01:47:24.963+0000] {logging_mixin.py:188} INFO - Uploaded /tmp/minio_downloads/transactions_194601465199.parquet -> @transactions stage
[2026-01-27T01:47:25.154+0000] {logging_mixin.py:188} INFO - Uploaded /tmp/minio_downloads/transactions_194604005804.parquet -> @transactions stage
[2026-01-27T01:47:25.357+0000] {logging_mixin.py:188} INFO - Uploaded /tmp/minio_downloads/transactions_194606050200.parquet -> @transactions stage
[2026-01-27T01:47:25.502+0000] {logging_mixin.py:188} INFO - Uploaded /tmp/minio_downloads/transactions_194608049207.parquet -> @transactions stage
[2026-01-27T01:47:25.665+0000] {logging_mixin.py:188} INFO - Uploaded /tmp/minio_downloads/transactions_194610069144.parquet -> @transactions stage
[2026-01-27T01:47:26.107+0000] {logging_mixin.py:188} INFO - Data loaded into transactions
[2026-01-27T01:47:26.230+0000] {python.py:237} INFO - Done. Returned value was: None
[2026-01-27T01:47:26.231+0000] {taskinstance.py:441} INFO - ::group::Post task execution logs
[2026-01-27T01:47:26.259+0000] {taskinstance.py:1206} INFO - Marking task as SUCCESS. dag_id=minio_to_snowflake_banking, task_id=load_snowflake, run_id=scheduled__2026-01-27T01:46:00+00:00, execution_date=20260127T014600, start_date=20260127T014719, end_date=20260127T014726
[2026-01-27T01:47:26.309+0000] {local_task_job_runner.py:243} INFO - Task exited with return code 0
[2026-01-27T01:47:26.323+0000] {taskinstance.py:3503} INFO - 0 downstream tasks scheduled from follow-on schedule check
[2026-01-27T01:47:26.324+0000] {local_task_job_runner.py:222} INFO - ::endgroup::
