[2026-01-26T22:11:06.807+0000] {local_task_job_runner.py:120} INFO - ::group::Pre task execution logs
[2026-01-26T22:11:06.824+0000] {taskinstance.py:2076} INFO - Dependencies all met for dep_context=non-requeueable deps ti=<TaskInstance: minio_to_snowflake_banking.load_snowflake scheduled__2026-01-26T22:10:00+00:00 [queued]>
[2026-01-26T22:11:06.829+0000] {taskinstance.py:2076} INFO - Dependencies all met for dep_context=requeueable deps ti=<TaskInstance: minio_to_snowflake_banking.load_snowflake scheduled__2026-01-26T22:10:00+00:00 [queued]>
[2026-01-26T22:11:06.830+0000] {taskinstance.py:2306} INFO - Starting attempt 1 of 2
[2026-01-26T22:11:06.835+0000] {taskinstance.py:2330} INFO - Executing <Task(PythonOperator): load_snowflake> on 2026-01-26 22:10:00+00:00
[2026-01-26T22:11:06.840+0000] {standard_task_runner.py:90} INFO - Running: ['***', 'tasks', 'run', 'minio_to_snowflake_banking', 'load_snowflake', 'scheduled__2026-01-26T22:10:00+00:00', '--job-id', '9', '--raw', '--subdir', 'DAGS_FOLDER/minio_to_snowflake_dag.py', '--cfg-path', '/tmp/tmpuymj7h7j']
[2026-01-26T22:11:06.842+0000] {logging_mixin.py:188} WARNING - /home/***/.local/lib/python3.12/site-packages/***/task/task_runner/standard_task_runner.py:62 DeprecationWarning: This process (pid=509) is multi-threaded, use of fork() may lead to deadlocks in the child.
[2026-01-26T22:11:06.842+0000] {standard_task_runner.py:91} INFO - Job 9: Subtask load_snowflake
[2026-01-26T22:11:06.842+0000] {standard_task_runner.py:64} INFO - Started process 516 to run task
[2026-01-26T22:11:06.886+0000] {task_command.py:426} INFO - Running <TaskInstance: minio_to_snowflake_banking.load_snowflake scheduled__2026-01-26T22:10:00+00:00 [running]> on host bac6151482a5
[2026-01-26T22:11:06.957+0000] {taskinstance.py:2648} INFO - Exporting env vars: AIRFLOW_CTX_DAG_OWNER='***' AIRFLOW_CTX_DAG_ID='minio_to_snowflake_banking' AIRFLOW_CTX_TASK_ID='load_snowflake' AIRFLOW_CTX_EXECUTION_DATE='2026-01-26T22:10:00+00:00' AIRFLOW_CTX_TRY_NUMBER='1' AIRFLOW_CTX_DAG_RUN_ID='scheduled__2026-01-26T22:10:00+00:00'
[2026-01-26T22:11:06.958+0000] {taskinstance.py:430} INFO - ::endgroup::
[2026-01-26T22:11:06.977+0000] {connection.py:611} INFO - Snowflake Connector for Python Version: 4.2.0, Python Version: 3.12.4, Platform: Linux-6.10.14-linuxkit-aarch64-with-glibc2.36
[2026-01-26T22:11:06.978+0000] {connection.py:1695} INFO - Connecting to GLOBAL Snowflake domain
[2026-01-26T22:11:10.807+0000] {logging_mixin.py:188} INFO - Uploaded /tmp/minio_downloads/customers_144103576074.parquet -> @customers stage
[2026-01-26T22:11:11.019+0000] {logging_mixin.py:188} INFO - Uploaded /tmp/minio_downloads/customers_144227218931.parquet -> @customers stage
[2026-01-26T22:11:11.505+0000] {logging_mixin.py:188} INFO - Data loaded into customers
[2026-01-26T22:11:11.723+0000] {logging_mixin.py:188} INFO - Uploaded /tmp/minio_downloads/accounts_144103643994.parquet -> @accounts stage
[2026-01-26T22:11:11.930+0000] {logging_mixin.py:188} INFO - Uploaded /tmp/minio_downloads/accounts_144103653564.parquet -> @accounts stage
[2026-01-26T22:11:12.159+0000] {logging_mixin.py:188} INFO - Uploaded /tmp/minio_downloads/accounts_144223151465.parquet -> @accounts stage
[2026-01-26T22:11:12.340+0000] {logging_mixin.py:188} INFO - Uploaded /tmp/minio_downloads/accounts_144227246704.parquet -> @accounts stage
[2026-01-26T22:11:12.934+0000] {logging_mixin.py:188} INFO - Data loaded into accounts
[2026-01-26T22:11:13.131+0000] {logging_mixin.py:188} INFO - Uploaded /tmp/minio_downloads/transactions_144103762925.parquet -> @transactions stage
[2026-01-26T22:11:13.333+0000] {logging_mixin.py:188} INFO - Uploaded /tmp/minio_downloads/transactions_144103775606.parquet -> @transactions stage
[2026-01-26T22:11:13.517+0000] {logging_mixin.py:188} INFO - Uploaded /tmp/minio_downloads/transactions_144103863430.parquet -> @transactions stage
[2026-01-26T22:11:13.719+0000] {logging_mixin.py:188} INFO - Uploaded /tmp/minio_downloads/transactions_144103871284.parquet -> @transactions stage
[2026-01-26T22:11:13.929+0000] {logging_mixin.py:188} INFO - Uploaded /tmp/minio_downloads/transactions_144103881590.parquet -> @transactions stage
[2026-01-26T22:11:14.168+0000] {logging_mixin.py:188} INFO - Uploaded /tmp/minio_downloads/transactions_144219122553.parquet -> @transactions stage
[2026-01-26T22:11:14.370+0000] {logging_mixin.py:188} INFO - Uploaded /tmp/minio_downloads/transactions_144220621553.parquet -> @transactions stage
[2026-01-26T22:11:14.554+0000] {logging_mixin.py:188} INFO - Uploaded /tmp/minio_downloads/transactions_144223166901.parquet -> @transactions stage
[2026-01-26T22:11:14.767+0000] {logging_mixin.py:188} INFO - Uploaded /tmp/minio_downloads/transactions_144225187405.parquet -> @transactions stage
[2026-01-26T22:11:14.930+0000] {logging_mixin.py:188} INFO - Uploaded /tmp/minio_downloads/transactions_144227254007.parquet -> @transactions stage
[2026-01-26T22:11:15.598+0000] {logging_mixin.py:188} INFO - Data loaded into transactions
[2026-01-26T22:11:15.722+0000] {python.py:237} INFO - Done. Returned value was: None
[2026-01-26T22:11:15.723+0000] {taskinstance.py:441} INFO - ::group::Post task execution logs
[2026-01-26T22:11:15.746+0000] {taskinstance.py:1206} INFO - Marking task as SUCCESS. dag_id=minio_to_snowflake_banking, task_id=load_snowflake, run_id=scheduled__2026-01-26T22:10:00+00:00, execution_date=20260126T221000, start_date=20260126T221106, end_date=20260126T221115
[2026-01-26T22:11:15.886+0000] {local_task_job_runner.py:243} INFO - Task exited with return code 0
[2026-01-26T22:11:15.928+0000] {taskinstance.py:3503} INFO - 0 downstream tasks scheduled from follow-on schedule check
[2026-01-26T22:11:15.929+0000] {local_task_job_runner.py:222} INFO - ::endgroup::
