[2026-01-27T02:50:44.501+0000] {local_task_job_runner.py:120} INFO - ::group::Pre task execution logs
[2026-01-27T02:50:44.519+0000] {taskinstance.py:2076} INFO - Dependencies all met for dep_context=non-requeueable deps ti=<TaskInstance: SCD2_snapshots.dbt_run_marts manual__2026-01-27T02:50:31.562377+00:00 [queued]>
[2026-01-27T02:50:44.523+0000] {taskinstance.py:2076} INFO - Dependencies all met for dep_context=requeueable deps ti=<TaskInstance: SCD2_snapshots.dbt_run_marts manual__2026-01-27T02:50:31.562377+00:00 [queued]>
[2026-01-27T02:50:44.524+0000] {taskinstance.py:2306} INFO - Starting attempt 1 of 2
[2026-01-27T02:50:44.529+0000] {taskinstance.py:2330} INFO - Executing <Task(BashOperator): dbt_run_marts> on 2026-01-27 02:50:31.562377+00:00
[2026-01-27T02:50:44.531+0000] {standard_task_runner.py:64} INFO - Started process 3561 to run task
[2026-01-27T02:50:44.533+0000] {standard_task_runner.py:90} INFO - Running: ['***', 'tasks', 'run', 'SCD2_snapshots', 'dbt_run_marts', 'manual__2026-01-27T02:50:31.562377+00:00', '--job-id', '310', '--raw', '--subdir', 'DAGS_FOLDER/scd_snapshots.py', '--cfg-path', '/tmp/tmpl53m2u6y']
[2026-01-27T02:50:44.534+0000] {standard_task_runner.py:91} INFO - Job 310: Subtask dbt_run_marts
[2026-01-27T02:50:44.562+0000] {task_command.py:426} INFO - Running <TaskInstance: SCD2_snapshots.dbt_run_marts manual__2026-01-27T02:50:31.562377+00:00 [running]> on host e566996476d9
[2026-01-27T02:50:44.608+0000] {taskinstance.py:2648} INFO - Exporting env vars: AIRFLOW_CTX_DAG_OWNER='***' AIRFLOW_CTX_DAG_ID='SCD2_snapshots' AIRFLOW_CTX_TASK_ID='dbt_run_marts' AIRFLOW_CTX_EXECUTION_DATE='2026-01-27T02:50:31.562377+00:00' AIRFLOW_CTX_TRY_NUMBER='1' AIRFLOW_CTX_DAG_RUN_ID='manual__2026-01-27T02:50:31.562377+00:00'
[2026-01-27T02:50:44.608+0000] {taskinstance.py:430} INFO - ::endgroup::
[2026-01-27T02:50:44.617+0000] {subprocess.py:63} INFO - Tmp dir root location: /tmp
[2026-01-27T02:50:44.618+0000] {subprocess.py:75} INFO - Running command: ['/usr/bin/bash', '-c', '\n        cd /opt/***/banking_dbt &&\n        dbt run --select marts --profiles-dir /home/***/.dbt\n        ']
[2026-01-27T02:50:44.621+0000] {subprocess.py:86} INFO - Output:
[2026-01-27T02:50:45.760+0000] {subprocess.py:93} INFO - [0m02:50:45  Running with dbt=1.11.2
[2026-01-27T02:50:46.186+0000] {subprocess.py:93} INFO - [0m02:50:46  Registered adapter: snowflake=1.11.1
[2026-01-27T02:50:46.417+0000] {subprocess.py:93} INFO - [0m02:50:46  Found 8 models, 2 snapshots, 4 data tests, 3 sources, 522 macros
[2026-01-27T02:50:46.418+0000] {subprocess.py:93} INFO - [0m02:50:46
[2026-01-27T02:50:46.418+0000] {subprocess.py:93} INFO - [0m02:50:46  Concurrency: 4 threads (target='dev')
[2026-01-27T02:50:46.418+0000] {subprocess.py:93} INFO - [0m02:50:46
[2026-01-27T02:50:47.589+0000] {subprocess.py:93} INFO - [0m02:50:47  1 of 3 START sql table model analytics.dim_accounts ............................ [RUN]
[2026-01-27T02:50:47.590+0000] {subprocess.py:93} INFO - [0m02:50:47  2 of 3 START sql table model analytics.dim_customers ........................... [RUN]
[2026-01-27T02:50:47.591+0000] {subprocess.py:93} INFO - [0m02:50:47  3 of 3 START sql incremental model analytics.fact_transactions ................. [RUN]
[2026-01-27T02:50:48.367+0000] {subprocess.py:93} INFO - [0m02:50:48  2 of 3 OK created sql table model analytics.dim_customers ...................... [[32mSUCCESS 1[0m in 0.77s]
[2026-01-27T02:50:48.427+0000] {subprocess.py:93} INFO - [0m02:50:48  1 of 3 OK created sql table model analytics.dim_accounts ....................... [[32mSUCCESS 1[0m in 0.83s]
[2026-01-27T02:50:49.265+0000] {subprocess.py:93} INFO - [0m02:50:49  3 of 3 ERROR creating sql incremental model analytics.fact_transactions ........ [[31mERROR[0m in 1.67s]
[2026-01-27T02:50:49.601+0000] {subprocess.py:93} INFO - [0m02:50:49
[2026-01-27T02:50:49.602+0000] {subprocess.py:93} INFO - [0m02:50:49  Finished running 1 incremental model, 2 table models in 0 hours 0 minutes and 3.18 seconds (3.18s).
[2026-01-27T02:50:49.635+0000] {subprocess.py:93} INFO - [0m02:50:49
[2026-01-27T02:50:49.636+0000] {subprocess.py:93} INFO - [0m02:50:49  [31mCompleted with 1 error, 0 partial successes, and 0 warnings:[0m
[2026-01-27T02:50:49.636+0000] {subprocess.py:93} INFO - [0m02:50:49
[2026-01-27T02:50:49.636+0000] {subprocess.py:93} INFO - [0m02:50:49  [31mFailure in model fact_transactions (models/marts/facts/fact_transactions.sql)[0m
[2026-01-27T02:50:49.636+0000] {subprocess.py:93} INFO - [0m02:50:49    Database Error in model fact_transactions (models/marts/facts/fact_transactions.sql)
[2026-01-27T02:50:49.637+0000] {subprocess.py:93} INFO -   100090 (42P18): Duplicate row detected during DML action
[2026-01-27T02:50:49.637+0000] {subprocess.py:93} INFO -   Row Values: [redacted]
[2026-01-27T02:50:49.637+0000] {subprocess.py:93} INFO -   compiled code at target/run/banking_dbt/models/marts/facts/fact_transactions.sql
[2026-01-27T02:50:49.637+0000] {subprocess.py:93} INFO - [0m02:50:49
[2026-01-27T02:50:49.637+0000] {subprocess.py:93} INFO - [0m02:50:49    compiled code at target/compiled/banking_dbt/models/marts/facts/fact_transactions.sql
[2026-01-27T02:50:49.637+0000] {subprocess.py:93} INFO - [0m02:50:49
[2026-01-27T02:50:49.637+0000] {subprocess.py:93} INFO - [0m02:50:49  Done. PASS=2 WARN=0 ERROR=1 SKIP=0 NO-OP=0 TOTAL=3
[2026-01-27T02:50:50.117+0000] {subprocess.py:97} INFO - Command exited with return code 1
[2026-01-27T02:50:50.117+0000] {taskinstance.py:441} INFO - ::group::Post task execution logs
[2026-01-27T02:50:50.123+0000] {taskinstance.py:2905} ERROR - Task failed with exception
Traceback (most recent call last):
  File "/home/airflow/.local/lib/python3.12/site-packages/airflow/models/taskinstance.py", line 465, in _execute_task
    result = _execute_callable(context=context, **execute_callable_kwargs)
             ^^^^^^^^^^^^^^^^^^^^^^^^^^^^^^^^^^^^^^^^^^^^^^^^^^^^^^^^^^^^^
  File "/home/airflow/.local/lib/python3.12/site-packages/airflow/models/taskinstance.py", line 432, in _execute_callable
    return execute_callable(context=context, **execute_callable_kwargs)
           ^^^^^^^^^^^^^^^^^^^^^^^^^^^^^^^^^^^^^^^^^^^^^^^^^^^^^^^^^^^^
  File "/home/airflow/.local/lib/python3.12/site-packages/airflow/models/baseoperator.py", line 401, in wrapper
    return func(self, *args, **kwargs)
           ^^^^^^^^^^^^^^^^^^^^^^^^^^^
  File "/home/airflow/.local/lib/python3.12/site-packages/airflow/operators/bash.py", line 243, in execute
    raise AirflowException(
airflow.exceptions.AirflowException: Bash command failed. The command returned a non-zero exit code 1.
[2026-01-27T02:50:50.125+0000] {taskinstance.py:1206} INFO - Marking task as UP_FOR_RETRY. dag_id=SCD2_snapshots, task_id=dbt_run_marts, run_id=manual__2026-01-27T02:50:31.562377+00:00, execution_date=20260127T025031, start_date=20260127T025044, end_date=20260127T025050
[2026-01-27T02:50:50.130+0000] {standard_task_runner.py:110} ERROR - Failed to execute job 310 for task dbt_run_marts (Bash command failed. The command returned a non-zero exit code 1.; 3561)
[2026-01-27T02:50:50.155+0000] {local_task_job_runner.py:243} INFO - Task exited with return code 1
[2026-01-27T02:50:50.162+0000] {taskinstance.py:3503} INFO - 0 downstream tasks scheduled from follow-on schedule check
[2026-01-27T02:50:50.163+0000] {local_task_job_runner.py:222} INFO - ::endgroup::
