[2026-01-27T02:51:52.157+0000] {local_task_job_runner.py:120} INFO - ::group::Pre task execution logs
[2026-01-27T02:51:52.172+0000] {taskinstance.py:2076} INFO - Dependencies all met for dep_context=non-requeueable deps ti=<TaskInstance: SCD2_snapshots.dbt_run_marts manual__2026-01-27T02:50:31.562377+00:00 [queued]>
[2026-01-27T02:51:52.175+0000] {taskinstance.py:2076} INFO - Dependencies all met for dep_context=requeueable deps ti=<TaskInstance: SCD2_snapshots.dbt_run_marts manual__2026-01-27T02:50:31.562377+00:00 [queued]>
[2026-01-27T02:51:52.176+0000] {taskinstance.py:2306} INFO - Starting attempt 2 of 2
[2026-01-27T02:51:52.180+0000] {taskinstance.py:2330} INFO - Executing <Task(BashOperator): dbt_run_marts> on 2026-01-27 02:50:31.562377+00:00
[2026-01-27T02:51:52.183+0000] {standard_task_runner.py:64} INFO - Started process 3654 to run task
[2026-01-27T02:51:52.185+0000] {standard_task_runner.py:90} INFO - Running: ['***', 'tasks', 'run', 'SCD2_snapshots', 'dbt_run_marts', 'manual__2026-01-27T02:50:31.562377+00:00', '--job-id', '313', '--raw', '--subdir', 'DAGS_FOLDER/scd_snapshots.py', '--cfg-path', '/tmp/tmpucubsgyj']
[2026-01-27T02:51:52.187+0000] {standard_task_runner.py:91} INFO - Job 313: Subtask dbt_run_marts
[2026-01-27T02:51:52.226+0000] {task_command.py:426} INFO - Running <TaskInstance: SCD2_snapshots.dbt_run_marts manual__2026-01-27T02:50:31.562377+00:00 [running]> on host e566996476d9
[2026-01-27T02:51:52.273+0000] {taskinstance.py:2648} INFO - Exporting env vars: AIRFLOW_CTX_DAG_OWNER='***' AIRFLOW_CTX_DAG_ID='SCD2_snapshots' AIRFLOW_CTX_TASK_ID='dbt_run_marts' AIRFLOW_CTX_EXECUTION_DATE='2026-01-27T02:50:31.562377+00:00' AIRFLOW_CTX_TRY_NUMBER='2' AIRFLOW_CTX_DAG_RUN_ID='manual__2026-01-27T02:50:31.562377+00:00'
[2026-01-27T02:51:52.274+0000] {taskinstance.py:430} INFO - ::endgroup::
[2026-01-27T02:51:52.280+0000] {subprocess.py:63} INFO - Tmp dir root location: /tmp
[2026-01-27T02:51:52.280+0000] {subprocess.py:75} INFO - Running command: ['/usr/bin/bash', '-c', '\n        cd /opt/***/banking_dbt &&\n        dbt run --select marts --profiles-dir /home/***/.dbt\n        ']
[2026-01-27T02:51:52.284+0000] {subprocess.py:86} INFO - Output:
[2026-01-27T02:51:53.500+0000] {subprocess.py:93} INFO - [0m02:51:53  Running with dbt=1.11.2
[2026-01-27T02:51:54.030+0000] {subprocess.py:93} INFO - [0m02:51:54  Registered adapter: snowflake=1.11.1
[2026-01-27T02:51:54.281+0000] {subprocess.py:93} INFO - [0m02:51:54  Found 8 models, 2 snapshots, 4 data tests, 3 sources, 522 macros
[2026-01-27T02:51:54.282+0000] {subprocess.py:93} INFO - [0m02:51:54
[2026-01-27T02:51:54.282+0000] {subprocess.py:93} INFO - [0m02:51:54  Concurrency: 4 threads (target='dev')
[2026-01-27T02:51:54.282+0000] {subprocess.py:93} INFO - [0m02:51:54
[2026-01-27T02:51:55.950+0000] {subprocess.py:93} INFO - [0m02:51:55  1 of 3 START sql table model analytics.dim_accounts ............................ [RUN]
[2026-01-27T02:51:55.952+0000] {subprocess.py:93} INFO - [0m02:51:55  2 of 3 START sql table model analytics.dim_customers ........................... [RUN]
[2026-01-27T02:51:55.954+0000] {subprocess.py:93} INFO - [0m02:51:55  3 of 3 START sql incremental model analytics.fact_transactions ................. [RUN]
[2026-01-27T02:51:57.118+0000] {subprocess.py:93} INFO - [0m02:51:57  1 of 3 OK created sql table model analytics.dim_accounts ....................... [[32mSUCCESS 1[0m in 1.16s]
[2026-01-27T02:51:57.121+0000] {subprocess.py:93} INFO - [0m02:51:57  2 of 3 OK created sql table model analytics.dim_customers ...................... [[32mSUCCESS 1[0m in 1.16s]
[2026-01-27T02:51:59.592+0000] {subprocess.py:93} INFO - [0m02:51:59  3 of 3 ERROR creating sql incremental model analytics.fact_transactions ........ [[31mERROR[0m in 3.63s]
[2026-01-27T02:52:00.395+0000] {subprocess.py:93} INFO - [0m02:52:00
[2026-01-27T02:52:00.397+0000] {subprocess.py:93} INFO - [0m02:52:00  Finished running 1 incremental model, 2 table models in 0 hours 0 minutes and 6.11 seconds (6.11s).
[2026-01-27T02:52:00.458+0000] {subprocess.py:93} INFO - [0m02:52:00
[2026-01-27T02:52:00.458+0000] {subprocess.py:93} INFO - [0m02:52:00  [31mCompleted with 1 error, 0 partial successes, and 0 warnings:[0m
[2026-01-27T02:52:00.458+0000] {subprocess.py:93} INFO - [0m02:52:00
[2026-01-27T02:52:00.459+0000] {subprocess.py:93} INFO - [0m02:52:00  [31mFailure in model fact_transactions (models/marts/facts/fact_transactions.sql)[0m
[2026-01-27T02:52:00.459+0000] {subprocess.py:93} INFO - [0m02:52:00    Database Error in model fact_transactions (models/marts/facts/fact_transactions.sql)
[2026-01-27T02:52:00.459+0000] {subprocess.py:93} INFO -   100090 (42P18): Duplicate row detected during DML action
[2026-01-27T02:52:00.459+0000] {subprocess.py:93} INFO -   Row Values: [redacted]
[2026-01-27T02:52:00.459+0000] {subprocess.py:93} INFO -   compiled code at target/run/banking_dbt/models/marts/facts/fact_transactions.sql
[2026-01-27T02:52:00.460+0000] {subprocess.py:93} INFO - [0m02:52:00
[2026-01-27T02:52:00.460+0000] {subprocess.py:93} INFO - [0m02:52:00    compiled code at target/compiled/banking_dbt/models/marts/facts/fact_transactions.sql
[2026-01-27T02:52:00.461+0000] {subprocess.py:93} INFO - [0m02:52:00
[2026-01-27T02:52:00.461+0000] {subprocess.py:93} INFO - [0m02:52:00  Done. PASS=2 WARN=0 ERROR=1 SKIP=0 NO-OP=0 TOTAL=3
[2026-01-27T02:52:01.172+0000] {subprocess.py:97} INFO - Command exited with return code 1
[2026-01-27T02:52:01.174+0000] {taskinstance.py:441} INFO - ::group::Post task execution logs
[2026-01-27T02:52:01.193+0000] {taskinstance.py:2905} ERROR - Task failed with exception
Traceback (most recent call last):
  File "/home/airflow/.local/lib/python3.12/site-packages/airflow/models/taskinstance.py", line 465, in _execute_task
    result = _execute_callable(context=context, **execute_callable_kwargs)
             ^^^^^^^^^^^^^^^^^^^^^^^^^^^^^^^^^^^^^^^^^^^^^^^^^^^^^^^^^^^^^
  File "/home/airflow/.local/lib/python3.12/site-packages/airflow/models/taskinstance.py", line 432, in _execute_callable
    return execute_callable(context=context, **execute_callable_kwargs)
           ^^^^^^^^^^^^^^^^^^^^^^^^^^^^^^^^^^^^^^^^^^^^^^^^^^^^^^^^^^^^
  File "/home/airflow/.local/lib/python3.12/site-packages/airflow/models/baseoperator.py", line 401, in wrapper
    return func(self, *args, **kwargs)
           ^^^^^^^^^^^^^^^^^^^^^^^^^^^
  File "/home/airflow/.local/lib/python3.12/site-packages/airflow/operators/bash.py", line 243, in execute
    raise AirflowException(
airflow.exceptions.AirflowException: Bash command failed. The command returned a non-zero exit code 1.
[2026-01-27T02:52:01.199+0000] {taskinstance.py:1206} INFO - Marking task as FAILED. dag_id=SCD2_snapshots, task_id=dbt_run_marts, run_id=manual__2026-01-27T02:50:31.562377+00:00, execution_date=20260127T025031, start_date=20260127T025152, end_date=20260127T025201
[2026-01-27T02:52:01.217+0000] {standard_task_runner.py:110} ERROR - Failed to execute job 313 for task dbt_run_marts (Bash command failed. The command returned a non-zero exit code 1.; 3654)
[2026-01-27T02:52:01.256+0000] {local_task_job_runner.py:243} INFO - Task exited with return code 1
[2026-01-27T02:52:01.266+0000] {taskinstance.py:3503} INFO - 0 downstream tasks scheduled from follow-on schedule check
[2026-01-27T02:52:01.267+0000] {local_task_job_runner.py:222} INFO - ::endgroup::
