[2026-01-27T01:30:01.803+0000] {local_task_job_runner.py:120} INFO - ::group::Pre task execution logs
[2026-01-27T01:30:01.817+0000] {taskinstance.py:2076} INFO - Dependencies all met for dep_context=non-requeueable deps ti=<TaskInstance: minio_to_snowflake_banking.download_minio scheduled__2026-01-27T01:29:00+00:00 [queued]>
[2026-01-27T01:30:01.820+0000] {taskinstance.py:2076} INFO - Dependencies all met for dep_context=requeueable deps ti=<TaskInstance: minio_to_snowflake_banking.download_minio scheduled__2026-01-27T01:29:00+00:00 [queued]>
[2026-01-27T01:30:01.820+0000] {taskinstance.py:2306} INFO - Starting attempt 1 of 2
[2026-01-27T01:30:01.824+0000] {taskinstance.py:2330} INFO - Executing <Task(PythonOperator): download_minio> on 2026-01-27 01:29:00+00:00
[2026-01-27T01:30:01.830+0000] {logging_mixin.py:188} WARNING - /home/***/.local/lib/python3.12/site-packages/***/task/task_runner/standard_task_runner.py:62 DeprecationWarning: This process (pid=12116) is multi-threaded, use of fork() may lead to deadlocks in the child.
[2026-01-27T01:30:01.831+0000] {standard_task_runner.py:64} INFO - Started process 12123 to run task
[2026-01-27T01:30:01.829+0000] {standard_task_runner.py:90} INFO - Running: ['***', 'tasks', 'run', 'minio_to_snowflake_banking', 'download_minio', 'scheduled__2026-01-27T01:29:00+00:00', '--job-id', '162', '--raw', '--subdir', 'DAGS_FOLDER/minio_to_snowflake_dag.py', '--cfg-path', '/tmp/tmpwgkd2ivg']
[2026-01-27T01:30:01.832+0000] {standard_task_runner.py:91} INFO - Job 162: Subtask download_minio
[2026-01-27T01:30:01.861+0000] {task_command.py:426} INFO - Running <TaskInstance: minio_to_snowflake_banking.download_minio scheduled__2026-01-27T01:29:00+00:00 [running]> on host bac6151482a5
[2026-01-27T01:30:01.912+0000] {taskinstance.py:2648} INFO - Exporting env vars: AIRFLOW_CTX_DAG_OWNER='***' AIRFLOW_CTX_DAG_ID='minio_to_snowflake_banking' AIRFLOW_CTX_TASK_ID='download_minio' AIRFLOW_CTX_EXECUTION_DATE='2026-01-27T01:29:00+00:00' AIRFLOW_CTX_TRY_NUMBER='1' AIRFLOW_CTX_DAG_RUN_ID='scheduled__2026-01-27T01:29:00+00:00'
[2026-01-27T01:30:01.912+0000] {taskinstance.py:430} INFO - ::endgroup::
[2026-01-27T01:30:02.187+0000] {logging_mixin.py:188} INFO - Downloaded customers/date=2026-01-26/customers_144103576074.parquet -> /tmp/minio_downloads/customers_144103576074.parquet
[2026-01-27T01:30:02.191+0000] {logging_mixin.py:188} INFO - Downloaded customers/date=2026-01-26/customers_144227218931.parquet -> /tmp/minio_downloads/customers_144227218931.parquet
[2026-01-27T01:30:02.193+0000] {logging_mixin.py:188} INFO - Downloaded customers/date=2026-01-26/customers_182509845138.parquet -> /tmp/minio_downloads/customers_182509845138.parquet
[2026-01-27T01:30:02.196+0000] {logging_mixin.py:188} INFO - Downloaded customers/date=2026-01-26/customers_185216126542.parquet -> /tmp/minio_downloads/customers_185216126542.parquet
[2026-01-27T01:30:02.200+0000] {logging_mixin.py:188} INFO - Downloaded customers/date=2026-01-26/customers_192313648895.parquet -> /tmp/minio_downloads/customers_192313648895.parquet
[2026-01-27T01:30:02.203+0000] {logging_mixin.py:188} INFO - Downloaded customers/date=2026-01-26/customers_192324367953.parquet -> /tmp/minio_downloads/customers_192324367953.parquet
[2026-01-27T01:30:02.206+0000] {logging_mixin.py:188} INFO - Downloaded customers/date=2026-01-26/customers_192445544451.parquet -> /tmp/minio_downloads/customers_192445544451.parquet
[2026-01-27T01:30:02.208+0000] {logging_mixin.py:188} INFO - Downloaded customers/date=2026-01-26/customers_192523795761.parquet -> /tmp/minio_downloads/customers_192523795761.parquet
[2026-01-27T01:30:02.212+0000] {logging_mixin.py:188} INFO - Downloaded customers/date=2026-01-26/customers_192534635947.parquet -> /tmp/minio_downloads/customers_192534635947.parquet
[2026-01-27T01:30:02.214+0000] {logging_mixin.py:188} INFO - Downloaded customers/date=2026-01-26/customers_192544882833.parquet -> /tmp/minio_downloads/customers_192544882833.parquet
[2026-01-27T01:30:02.217+0000] {logging_mixin.py:188} INFO - Downloaded customers/date=2026-01-26/customers_192549039267.parquet -> /tmp/minio_downloads/customers_192549039267.parquet
[2026-01-27T01:30:02.220+0000] {logging_mixin.py:188} INFO - Downloaded customers/date=2026-01-26/customers_192553094440.parquet -> /tmp/minio_downloads/customers_192553094440.parquet
[2026-01-27T01:30:02.223+0000] {logging_mixin.py:188} INFO - Downloaded customers/date=2026-01-26/customers_192559181148.parquet -> /tmp/minio_downloads/customers_192559181148.parquet
[2026-01-27T01:30:02.225+0000] {logging_mixin.py:188} INFO - Downloaded customers/date=2026-01-26/customers_192609880926.parquet -> /tmp/minio_downloads/customers_192609880926.parquet
[2026-01-27T01:30:02.235+0000] {logging_mixin.py:188} INFO - Downloaded accounts/date=2026-01-26/accounts_144103643994.parquet -> /tmp/minio_downloads/accounts_144103643994.parquet
[2026-01-27T01:30:02.238+0000] {logging_mixin.py:188} INFO - Downloaded accounts/date=2026-01-26/accounts_144103653564.parquet -> /tmp/minio_downloads/accounts_144103653564.parquet
[2026-01-27T01:30:02.241+0000] {logging_mixin.py:188} INFO - Downloaded accounts/date=2026-01-26/accounts_144223151465.parquet -> /tmp/minio_downloads/accounts_144223151465.parquet
[2026-01-27T01:30:02.243+0000] {logging_mixin.py:188} INFO - Downloaded accounts/date=2026-01-26/accounts_144227246704.parquet -> /tmp/minio_downloads/accounts_144227246704.parquet
[2026-01-27T01:30:02.246+0000] {logging_mixin.py:188} INFO - Downloaded accounts/date=2026-01-26/accounts_182505783461.parquet -> /tmp/minio_downloads/accounts_182505783461.parquet
[2026-01-27T01:30:02.248+0000] {logging_mixin.py:188} INFO - Downloaded accounts/date=2026-01-26/accounts_182509835534.parquet -> /tmp/minio_downloads/accounts_182509835534.parquet
[2026-01-27T01:30:02.250+0000] {logging_mixin.py:188} INFO - Downloaded accounts/date=2026-01-26/accounts_185211951102.parquet -> /tmp/minio_downloads/accounts_185211951102.parquet
[2026-01-27T01:30:02.253+0000] {logging_mixin.py:188} INFO - Downloaded accounts/date=2026-01-26/accounts_185216176088.parquet -> /tmp/minio_downloads/accounts_185216176088.parquet
[2026-01-27T01:30:02.255+0000] {logging_mixin.py:188} INFO - Downloaded accounts/date=2026-01-26/accounts_192310101946.parquet -> /tmp/minio_downloads/accounts_192310101946.parquet
[2026-01-27T01:30:02.258+0000] {logging_mixin.py:188} INFO - Downloaded accounts/date=2026-01-26/accounts_192313689393.parquet -> /tmp/minio_downloads/accounts_192313689393.parquet
[2026-01-27T01:30:02.260+0000] {logging_mixin.py:188} INFO - Downloaded accounts/date=2026-01-26/accounts_192320305010.parquet -> /tmp/minio_downloads/accounts_192320305010.parquet
[2026-01-27T01:30:02.262+0000] {logging_mixin.py:188} INFO - Downloaded accounts/date=2026-01-26/accounts_192324395547.parquet -> /tmp/minio_downloads/accounts_192324395547.parquet
[2026-01-27T01:30:02.265+0000] {logging_mixin.py:188} INFO - Downloaded accounts/date=2026-01-26/accounts_192441480250.parquet -> /tmp/minio_downloads/accounts_192441480250.parquet
[2026-01-27T01:30:02.267+0000] {logging_mixin.py:188} INFO - Downloaded accounts/date=2026-01-26/accounts_192445620078.parquet -> /tmp/minio_downloads/accounts_192445620078.parquet
[2026-01-27T01:30:02.270+0000] {logging_mixin.py:188} INFO - Downloaded accounts/date=2026-01-26/accounts_192523616219.parquet -> /tmp/minio_downloads/accounts_192523616219.parquet
[2026-01-27T01:30:02.273+0000] {logging_mixin.py:188} INFO - Downloaded accounts/date=2026-01-26/accounts_192523997918.parquet -> /tmp/minio_downloads/accounts_192523997918.parquet
[2026-01-27T01:30:02.276+0000] {logging_mixin.py:188} INFO - Downloaded accounts/date=2026-01-26/accounts_192524206696.parquet -> /tmp/minio_downloads/accounts_192524206696.parquet
[2026-01-27T01:30:02.278+0000] {logging_mixin.py:188} INFO - Downloaded accounts/date=2026-01-26/accounts_192542396098.parquet -> /tmp/minio_downloads/accounts_192542396098.parquet
[2026-01-27T01:30:02.281+0000] {logging_mixin.py:188} INFO - Downloaded accounts/date=2026-01-26/accounts_192544981225.parquet -> /tmp/minio_downloads/accounts_192544981225.parquet
[2026-01-27T01:30:02.284+0000] {logging_mixin.py:188} INFO - Downloaded accounts/date=2026-01-26/accounts_192547032657.parquet -> /tmp/minio_downloads/accounts_192547032657.parquet
[2026-01-27T01:30:02.286+0000] {logging_mixin.py:188} INFO - Downloaded accounts/date=2026-01-26/accounts_192549085973.parquet -> /tmp/minio_downloads/accounts_192549085973.parquet
[2026-01-27T01:30:02.289+0000] {logging_mixin.py:188} INFO - Downloaded accounts/date=2026-01-26/accounts_192553109967.parquet -> /tmp/minio_downloads/accounts_192553109967.parquet
[2026-01-27T01:30:02.291+0000] {logging_mixin.py:188} INFO - Downloaded accounts/date=2026-01-26/accounts_192555127526.parquet -> /tmp/minio_downloads/accounts_192555127526.parquet
[2026-01-27T01:30:02.294+0000] {logging_mixin.py:188} INFO - Downloaded accounts/date=2026-01-26/accounts_192559220011.parquet -> /tmp/minio_downloads/accounts_192559220011.parquet
[2026-01-27T01:30:02.296+0000] {logging_mixin.py:188} INFO - Downloaded accounts/date=2026-01-26/accounts_192605245152.parquet -> /tmp/minio_downloads/accounts_192605245152.parquet
[2026-01-27T01:30:02.298+0000] {logging_mixin.py:188} INFO - Downloaded accounts/date=2026-01-26/accounts_192609929824.parquet -> /tmp/minio_downloads/accounts_192609929824.parquet
[2026-01-27T01:30:02.319+0000] {logging_mixin.py:188} INFO - Downloaded transactions/date=2026-01-26/transactions_144103762925.parquet -> /tmp/minio_downloads/transactions_144103762925.parquet
[2026-01-27T01:30:02.322+0000] {logging_mixin.py:188} INFO - Downloaded transactions/date=2026-01-26/transactions_144103775606.parquet -> /tmp/minio_downloads/transactions_144103775606.parquet
[2026-01-27T01:30:02.325+0000] {logging_mixin.py:188} INFO - Downloaded transactions/date=2026-01-26/transactions_144103863430.parquet -> /tmp/minio_downloads/transactions_144103863430.parquet
[2026-01-27T01:30:02.328+0000] {logging_mixin.py:188} INFO - Downloaded transactions/date=2026-01-26/transactions_144103871284.parquet -> /tmp/minio_downloads/transactions_144103871284.parquet
[2026-01-27T01:30:02.331+0000] {logging_mixin.py:188} INFO - Downloaded transactions/date=2026-01-26/transactions_144103881590.parquet -> /tmp/minio_downloads/transactions_144103881590.parquet
[2026-01-27T01:30:02.333+0000] {logging_mixin.py:188} INFO - Downloaded transactions/date=2026-01-26/transactions_144219122553.parquet -> /tmp/minio_downloads/transactions_144219122553.parquet
[2026-01-27T01:30:02.335+0000] {logging_mixin.py:188} INFO - Downloaded transactions/date=2026-01-26/transactions_144220621553.parquet -> /tmp/minio_downloads/transactions_144220621553.parquet
[2026-01-27T01:30:02.338+0000] {logging_mixin.py:188} INFO - Downloaded transactions/date=2026-01-26/transactions_144223166901.parquet -> /tmp/minio_downloads/transactions_144223166901.parquet
[2026-01-27T01:30:02.340+0000] {logging_mixin.py:188} INFO - Downloaded transactions/date=2026-01-26/transactions_144225187405.parquet -> /tmp/minio_downloads/transactions_144225187405.parquet
[2026-01-27T01:30:02.342+0000] {logging_mixin.py:188} INFO - Downloaded transactions/date=2026-01-26/transactions_144227254007.parquet -> /tmp/minio_downloads/transactions_144227254007.parquet
[2026-01-27T01:30:02.345+0000] {logging_mixin.py:188} INFO - Downloaded transactions/date=2026-01-26/transactions_182502247603.parquet -> /tmp/minio_downloads/transactions_182502247603.parquet
[2026-01-27T01:30:02.347+0000] {logging_mixin.py:188} INFO - Downloaded transactions/date=2026-01-26/transactions_182503745994.parquet -> /tmp/minio_downloads/transactions_182503745994.parquet
[2026-01-27T01:30:02.349+0000] {logging_mixin.py:188} INFO - Downloaded transactions/date=2026-01-26/transactions_182505806158.parquet -> /tmp/minio_downloads/transactions_182505806158.parquet
[2026-01-27T01:30:02.352+0000] {logging_mixin.py:188} INFO - Downloaded transactions/date=2026-01-26/transactions_182507820889.parquet -> /tmp/minio_downloads/transactions_182507820889.parquet
[2026-01-27T01:30:02.354+0000] {logging_mixin.py:188} INFO - Downloaded transactions/date=2026-01-26/transactions_182509861044.parquet -> /tmp/minio_downloads/transactions_182509861044.parquet
[2026-01-27T01:30:02.358+0000] {logging_mixin.py:188} INFO - Downloaded transactions/date=2026-01-26/transactions_184131730922.parquet -> /tmp/minio_downloads/transactions_184131730922.parquet
[2026-01-27T01:30:02.360+0000] {logging_mixin.py:188} INFO - Downloaded transactions/date=2026-01-26/transactions_184132267556.parquet -> /tmp/minio_downloads/transactions_184132267556.parquet
[2026-01-27T01:30:02.363+0000] {logging_mixin.py:188} INFO - Downloaded transactions/date=2026-01-26/transactions_185212015172.parquet -> /tmp/minio_downloads/transactions_185212015172.parquet
[2026-01-27T01:30:02.365+0000] {logging_mixin.py:188} INFO - Downloaded transactions/date=2026-01-26/transactions_185214037206.parquet -> /tmp/minio_downloads/transactions_185214037206.parquet
[2026-01-27T01:30:02.368+0000] {logging_mixin.py:188} INFO - Downloaded transactions/date=2026-01-26/transactions_185216168765.parquet -> /tmp/minio_downloads/transactions_185216168765.parquet
[2026-01-27T01:30:02.370+0000] {logging_mixin.py:188} INFO - Downloaded transactions/date=2026-01-26/transactions_185218181017.parquet -> /tmp/minio_downloads/transactions_185218181017.parquet
[2026-01-27T01:30:02.372+0000] {logging_mixin.py:188} INFO - Downloaded transactions/date=2026-01-26/transactions_192308087511.parquet -> /tmp/minio_downloads/transactions_192308087511.parquet
[2026-01-27T01:30:02.376+0000] {logging_mixin.py:188} INFO - Downloaded transactions/date=2026-01-26/transactions_192310150822.parquet -> /tmp/minio_downloads/transactions_192310150822.parquet
[2026-01-27T01:30:02.378+0000] {logging_mixin.py:188} INFO - Downloaded transactions/date=2026-01-26/transactions_192311699324.parquet -> /tmp/minio_downloads/transactions_192311699324.parquet
[2026-01-27T01:30:02.381+0000] {logging_mixin.py:188} INFO - Downloaded transactions/date=2026-01-26/transactions_192313715075.parquet -> /tmp/minio_downloads/transactions_192313715075.parquet
[2026-01-27T01:30:02.384+0000] {logging_mixin.py:188} INFO - Downloaded transactions/date=2026-01-26/transactions_192315760528.parquet -> /tmp/minio_downloads/transactions_192315760528.parquet
[2026-01-27T01:30:02.386+0000] {logging_mixin.py:188} INFO - Downloaded transactions/date=2026-01-26/transactions_192318250248.parquet -> /tmp/minio_downloads/transactions_192318250248.parquet
[2026-01-27T01:30:02.388+0000] {logging_mixin.py:188} INFO - Downloaded transactions/date=2026-01-26/transactions_192320324724.parquet -> /tmp/minio_downloads/transactions_192320324724.parquet
[2026-01-27T01:30:02.391+0000] {logging_mixin.py:188} INFO - Downloaded transactions/date=2026-01-26/transactions_192322346912.parquet -> /tmp/minio_downloads/transactions_192322346912.parquet
[2026-01-27T01:30:02.393+0000] {logging_mixin.py:188} INFO - Downloaded transactions/date=2026-01-26/transactions_192324413523.parquet -> /tmp/minio_downloads/transactions_192324413523.parquet
[2026-01-27T01:30:02.395+0000] {logging_mixin.py:188} INFO - Downloaded transactions/date=2026-01-26/transactions_192326412538.parquet -> /tmp/minio_downloads/transactions_192326412538.parquet
[2026-01-27T01:30:02.397+0000] {logging_mixin.py:188} INFO - Downloaded transactions/date=2026-01-26/transactions_192439476775.parquet -> /tmp/minio_downloads/transactions_192439476775.parquet
[2026-01-27T01:30:02.400+0000] {logging_mixin.py:188} INFO - Downloaded transactions/date=2026-01-26/transactions_192441504549.parquet -> /tmp/minio_downloads/transactions_192441504549.parquet
[2026-01-27T01:30:02.402+0000] {logging_mixin.py:188} INFO - Downloaded transactions/date=2026-01-26/transactions_192443654902.parquet -> /tmp/minio_downloads/transactions_192443654902.parquet
[2026-01-27T01:30:02.404+0000] {logging_mixin.py:188} INFO - Downloaded transactions/date=2026-01-26/transactions_192445651224.parquet -> /tmp/minio_downloads/transactions_192445651224.parquet
[2026-01-27T01:30:02.407+0000] {logging_mixin.py:188} INFO - Downloaded transactions/date=2026-01-26/transactions_192447624664.parquet -> /tmp/minio_downloads/transactions_192447624664.parquet
[2026-01-27T01:30:02.409+0000] {logging_mixin.py:188} INFO - Downloaded transactions/date=2026-01-26/transactions_192523638154.parquet -> /tmp/minio_downloads/transactions_192523638154.parquet
[2026-01-27T01:30:02.412+0000] {logging_mixin.py:188} INFO - Downloaded transactions/date=2026-01-26/transactions_192523813254.parquet -> /tmp/minio_downloads/transactions_192523813254.parquet
[2026-01-27T01:30:02.414+0000] {logging_mixin.py:188} INFO - Downloaded transactions/date=2026-01-26/transactions_192524017367.parquet -> /tmp/minio_downloads/transactions_192524017367.parquet
[2026-01-27T01:30:02.416+0000] {logging_mixin.py:188} INFO - Downloaded transactions/date=2026-01-26/transactions_192524074016.parquet -> /tmp/minio_downloads/transactions_192524074016.parquet
[2026-01-27T01:30:02.419+0000] {logging_mixin.py:188} INFO - Downloaded transactions/date=2026-01-26/transactions_192524221737.parquet -> /tmp/minio_downloads/transactions_192524221737.parquet
[2026-01-27T01:30:02.421+0000] {logging_mixin.py:188} INFO - Downloaded transactions/date=2026-01-26/transactions_192524338441.parquet -> /tmp/minio_downloads/transactions_192524338441.parquet
[2026-01-27T01:30:02.423+0000] {logging_mixin.py:188} INFO - Downloaded transactions/date=2026-01-26/transactions_192524486049.parquet -> /tmp/minio_downloads/transactions_192524486049.parquet
[2026-01-27T01:30:02.426+0000] {logging_mixin.py:188} INFO - Downloaded transactions/date=2026-01-26/transactions_192524570165.parquet -> /tmp/minio_downloads/transactions_192524570165.parquet
[2026-01-27T01:30:02.428+0000] {logging_mixin.py:188} INFO - Downloaded transactions/date=2026-01-26/transactions_192542431388.parquet -> /tmp/minio_downloads/transactions_192542431388.parquet
[2026-01-27T01:30:02.430+0000] {logging_mixin.py:188} INFO - Downloaded transactions/date=2026-01-26/transactions_192542884813.parquet -> /tmp/minio_downloads/transactions_192542884813.parquet
[2026-01-27T01:30:02.433+0000] {logging_mixin.py:188} INFO - Downloaded transactions/date=2026-01-26/transactions_192544967429.parquet -> /tmp/minio_downloads/transactions_192544967429.parquet
[2026-01-27T01:30:02.435+0000] {logging_mixin.py:188} INFO - Downloaded transactions/date=2026-01-26/transactions_192545094208.parquet -> /tmp/minio_downloads/transactions_192545094208.parquet
[2026-01-27T01:30:02.438+0000] {logging_mixin.py:188} INFO - Downloaded transactions/date=2026-01-26/transactions_192546998789.parquet -> /tmp/minio_downloads/transactions_192546998789.parquet
[2026-01-27T01:30:02.441+0000] {logging_mixin.py:188} INFO - Downloaded transactions/date=2026-01-26/transactions_192547032892.parquet -> /tmp/minio_downloads/transactions_192547032892.parquet
[2026-01-27T01:30:02.443+0000] {logging_mixin.py:188} INFO - Downloaded transactions/date=2026-01-26/transactions_192549049974.parquet -> /tmp/minio_downloads/transactions_192549049974.parquet
[2026-01-27T01:30:02.447+0000] {logging_mixin.py:188} INFO - Downloaded transactions/date=2026-01-26/transactions_192549104917.parquet -> /tmp/minio_downloads/transactions_192549104917.parquet
[2026-01-27T01:30:02.449+0000] {logging_mixin.py:188} INFO - Downloaded transactions/date=2026-01-26/transactions_192551086967.parquet -> /tmp/minio_downloads/transactions_192551086967.parquet
[2026-01-27T01:30:02.451+0000] {logging_mixin.py:188} INFO - Downloaded transactions/date=2026-01-26/transactions_192551112340.parquet -> /tmp/minio_downloads/transactions_192551112340.parquet
[2026-01-27T01:30:02.454+0000] {logging_mixin.py:188} INFO - Downloaded transactions/date=2026-01-26/transactions_192553134776.parquet -> /tmp/minio_downloads/transactions_192553134776.parquet
[2026-01-27T01:30:02.456+0000] {logging_mixin.py:188} INFO - Downloaded transactions/date=2026-01-26/transactions_192555159678.parquet -> /tmp/minio_downloads/transactions_192555159678.parquet
[2026-01-27T01:30:02.458+0000] {logging_mixin.py:188} INFO - Downloaded transactions/date=2026-01-26/transactions_192557269820.parquet -> /tmp/minio_downloads/transactions_192557269820.parquet
[2026-01-27T01:30:02.460+0000] {logging_mixin.py:188} INFO - Downloaded transactions/date=2026-01-26/transactions_192559228824.parquet -> /tmp/minio_downloads/transactions_192559228824.parquet
[2026-01-27T01:30:02.463+0000] {logging_mixin.py:188} INFO - Downloaded transactions/date=2026-01-26/transactions_192601222669.parquet -> /tmp/minio_downloads/transactions_192601222669.parquet
[2026-01-27T01:30:02.466+0000] {logging_mixin.py:188} INFO - Downloaded transactions/date=2026-01-26/transactions_192603240304.parquet -> /tmp/minio_downloads/transactions_192603240304.parquet
[2026-01-27T01:30:02.468+0000] {logging_mixin.py:188} INFO - Downloaded transactions/date=2026-01-26/transactions_192605279573.parquet -> /tmp/minio_downloads/transactions_192605279573.parquet
[2026-01-27T01:30:02.470+0000] {logging_mixin.py:188} INFO - Downloaded transactions/date=2026-01-26/transactions_192607283615.parquet -> /tmp/minio_downloads/transactions_192607283615.parquet
[2026-01-27T01:30:02.473+0000] {logging_mixin.py:188} INFO - Downloaded transactions/date=2026-01-26/transactions_192609951269.parquet -> /tmp/minio_downloads/transactions_192609951269.parquet
[2026-01-27T01:30:02.475+0000] {logging_mixin.py:188} INFO - Downloaded transactions/date=2026-01-26/transactions_192612023806.parquet -> /tmp/minio_downloads/transactions_192612023806.parquet
[2026-01-27T01:30:02.476+0000] {python.py:237} INFO - Done. Returned value was: {'customers': ['/tmp/minio_downloads/customers_144103576074.parquet', '/tmp/minio_downloads/customers_144227218931.parquet', '/tmp/minio_downloads/customers_182509845138.parquet', '/tmp/minio_downloads/customers_185216126542.parquet', '/tmp/minio_downloads/customers_192313648895.parquet', '/tmp/minio_downloads/customers_192324367953.parquet', '/tmp/minio_downloads/customers_192445544451.parquet', '/tmp/minio_downloads/customers_192523795761.parquet', '/tmp/minio_downloads/customers_192534635947.parquet', '/tmp/minio_downloads/customers_192544882833.parquet', '/tmp/minio_downloads/customers_192549039267.parquet', '/tmp/minio_downloads/customers_192553094440.parquet', '/tmp/minio_downloads/customers_192559181148.parquet', '/tmp/minio_downloads/customers_192609880926.parquet'], 'accounts': ['/tmp/minio_downloads/accounts_144103643994.parquet', '/tmp/minio_downloads/accounts_144103653564.parquet', '/tmp/minio_downloads/accounts_144223151465.parquet', '/tmp/minio_downloads/accounts_144227246704.parquet', '/tmp/minio_downloads/accounts_182505783461.parquet', '/tmp/minio_downloads/accounts_182509835534.parquet', '/tmp/minio_downloads/accounts_185211951102.parquet', '/tmp/minio_downloads/accounts_185216176088.parquet', '/tmp/minio_downloads/accounts_192310101946.parquet', '/tmp/minio_downloads/accounts_192313689393.parquet', '/tmp/minio_downloads/accounts_192320305010.parquet', '/tmp/minio_downloads/accounts_192324395547.parquet', '/tmp/minio_downloads/accounts_192441480250.parquet', '/tmp/minio_downloads/accounts_192445620078.parquet', '/tmp/minio_downloads/accounts_192523616219.parquet', '/tmp/minio_downloads/accounts_192523997918.parquet', '/tmp/minio_downloads/accounts_192524206696.parquet', '/tmp/minio_downloads/accounts_192542396098.parquet', '/tmp/minio_downloads/accounts_192544981225.parquet', '/tmp/minio_downloads/accounts_192547032657.parquet', '/tmp/minio_downloads/accounts_192549085973.parquet', '/tmp/minio_downloads/accounts_192553109967.parquet', '/tmp/minio_downloads/accounts_192555127526.parquet', '/tmp/minio_downloads/accounts_192559220011.parquet', '/tmp/minio_downloads/accounts_192605245152.parquet', '/tmp/minio_downloads/accounts_192609929824.parquet'], 'transactions': ['/tmp/minio_downloads/transactions_144103762925.parquet', '/tmp/minio_downloads/transactions_144103775606.parquet', '/tmp/minio_downloads/transactions_144103863430.parquet', '/tmp/minio_downloads/transactions_144103871284.parquet', '/tmp/minio_downloads/transactions_144103881590.parquet', '/tmp/minio_downloads/transactions_144219122553.parquet', '/tmp/minio_downloads/transactions_144220621553.parquet', '/tmp/minio_downloads/transactions_144223166901.parquet', '/tmp/minio_downloads/transactions_144225187405.parquet', '/tmp/minio_downloads/transactions_144227254007.parquet', '/tmp/minio_downloads/transactions_182502247603.parquet', '/tmp/minio_downloads/transactions_182503745994.parquet', '/tmp/minio_downloads/transactions_182505806158.parquet', '/tmp/minio_downloads/transactions_182507820889.parquet', '/tmp/minio_downloads/transactions_182509861044.parquet', '/tmp/minio_downloads/transactions_184131730922.parquet', '/tmp/minio_downloads/transactions_184132267556.parquet', '/tmp/minio_downloads/transactions_185212015172.parquet', '/tmp/minio_downloads/transactions_185214037206.parquet', '/tmp/minio_downloads/transactions_185216168765.parquet', '/tmp/minio_downloads/transactions_185218181017.parquet', '/tmp/minio_downloads/transactions_192308087511.parquet', '/tmp/minio_downloads/transactions_192310150822.parquet', '/tmp/minio_downloads/transactions_192311699324.parquet', '/tmp/minio_downloads/transactions_192313715075.parquet', '/tmp/minio_downloads/transactions_192315760528.parquet', '/tmp/minio_downloads/transactions_192318250248.parquet', '/tmp/minio_downloads/transactions_192320324724.parquet', '/tmp/minio_downloads/transactions_192322346912.parquet', '/tmp/minio_downloads/transactions_192324413523.parquet', '/tmp/minio_downloads/transactions_192326412538.parquet', '/tmp/minio_downloads/transactions_192439476775.parquet', '/tmp/minio_downloads/transactions_192441504549.parquet', '/tmp/minio_downloads/transactions_192443654902.parquet', '/tmp/minio_downloads/transactions_192445651224.parquet', '/tmp/minio_downloads/transactions_192447624664.parquet', '/tmp/minio_downloads/transactions_192523638154.parquet', '/tmp/minio_downloads/transactions_192523813254.parquet', '/tmp/minio_downloads/transactions_192524017367.parquet', '/tmp/minio_downloads/transactions_192524074016.parquet', '/tmp/minio_downloads/transactions_192524221737.parquet', '/tmp/minio_downloads/transactions_192524338441.parquet', '/tmp/minio_downloads/transactions_192524486049.parquet', '/tmp/minio_downloads/transactions_192524570165.parquet', '/tmp/minio_downloads/transactions_192542431388.parquet', '/tmp/minio_downloads/transactions_192542884813.parquet', '/tmp/minio_downloads/transactions_192544967429.parquet', '/tmp/minio_downloads/transactions_192545094208.parquet', '/tmp/minio_downloads/transactions_192546998789.parquet', '/tmp/minio_downloads/transactions_192547032892.parquet', '/tmp/minio_downloads/transactions_192549049974.parquet', '/tmp/minio_downloads/transactions_192549104917.parquet', '/tmp/minio_downloads/transactions_192551086967.parquet', '/tmp/minio_downloads/transactions_192551112340.parquet', '/tmp/minio_downloads/transactions_192553134776.parquet', '/tmp/minio_downloads/transactions_192555159678.parquet', '/tmp/minio_downloads/transactions_192557269820.parquet', '/tmp/minio_downloads/transactions_192559228824.parquet', '/tmp/minio_downloads/transactions_192601222669.parquet', '/tmp/minio_downloads/transactions_192603240304.parquet', '/tmp/minio_downloads/transactions_192605279573.parquet', '/tmp/minio_downloads/transactions_192607283615.parquet', '/tmp/minio_downloads/transactions_192609951269.parquet', '/tmp/minio_downloads/transactions_192612023806.parquet']}
[2026-01-27T01:30:02.476+0000] {taskinstance.py:441} INFO - ::group::Post task execution logs
[2026-01-27T01:30:02.489+0000] {taskinstance.py:1206} INFO - Marking task as SUCCESS. dag_id=minio_to_snowflake_banking, task_id=download_minio, run_id=scheduled__2026-01-27T01:29:00+00:00, execution_date=20260127T012900, start_date=20260127T013001, end_date=20260127T013002
[2026-01-27T01:30:02.508+0000] {local_task_job_runner.py:243} INFO - Task exited with return code 0
[2026-01-27T01:30:02.519+0000] {taskinstance.py:3503} INFO - 1 downstream tasks scheduled from follow-on schedule check
[2026-01-27T01:30:02.519+0000] {local_task_job_runner.py:222} INFO - ::endgroup::
