[2026-01-26T22:12:05.017+0000] {local_task_job_runner.py:120} INFO - ::group::Pre task execution logs
[2026-01-26T22:12:05.033+0000] {taskinstance.py:2076} INFO - Dependencies all met for dep_context=non-requeueable deps ti=<TaskInstance: minio_to_snowflake_banking.load_snowflake scheduled__2026-01-26T22:11:00+00:00 [queued]>
[2026-01-26T22:12:05.036+0000] {taskinstance.py:2076} INFO - Dependencies all met for dep_context=requeueable deps ti=<TaskInstance: minio_to_snowflake_banking.load_snowflake scheduled__2026-01-26T22:11:00+00:00 [queued]>
[2026-01-26T22:12:05.037+0000] {taskinstance.py:2306} INFO - Starting attempt 1 of 2
[2026-01-26T22:12:05.041+0000] {taskinstance.py:2330} INFO - Executing <Task(PythonOperator): load_snowflake> on 2026-01-26 22:11:00+00:00
[2026-01-26T22:12:05.046+0000] {logging_mixin.py:188} WARNING - /home/***/.local/lib/python3.12/site-packages/***/task/task_runner/standard_task_runner.py:62 DeprecationWarning: This process (pid=589) is multi-threaded, use of fork() may lead to deadlocks in the child.
[2026-01-26T22:12:05.045+0000] {standard_task_runner.py:90} INFO - Running: ['***', 'tasks', 'run', 'minio_to_snowflake_banking', 'load_snowflake', 'scheduled__2026-01-26T22:11:00+00:00', '--job-id', '11', '--raw', '--subdir', 'DAGS_FOLDER/minio_to_snowflake_dag.py', '--cfg-path', '/tmp/tmpbvfrpj89']
[2026-01-26T22:12:05.047+0000] {standard_task_runner.py:91} INFO - Job 11: Subtask load_snowflake
[2026-01-26T22:12:05.046+0000] {standard_task_runner.py:64} INFO - Started process 596 to run task
[2026-01-26T22:12:05.070+0000] {task_command.py:426} INFO - Running <TaskInstance: minio_to_snowflake_banking.load_snowflake scheduled__2026-01-26T22:11:00+00:00 [running]> on host bac6151482a5
[2026-01-26T22:12:05.108+0000] {taskinstance.py:2648} INFO - Exporting env vars: AIRFLOW_CTX_DAG_OWNER='***' AIRFLOW_CTX_DAG_ID='minio_to_snowflake_banking' AIRFLOW_CTX_TASK_ID='load_snowflake' AIRFLOW_CTX_EXECUTION_DATE='2026-01-26T22:11:00+00:00' AIRFLOW_CTX_TRY_NUMBER='1' AIRFLOW_CTX_DAG_RUN_ID='scheduled__2026-01-26T22:11:00+00:00'
[2026-01-26T22:12:05.108+0000] {taskinstance.py:430} INFO - ::endgroup::
[2026-01-26T22:12:05.119+0000] {connection.py:611} INFO - Snowflake Connector for Python Version: 4.2.0, Python Version: 3.12.4, Platform: Linux-6.10.14-linuxkit-aarch64-with-glibc2.36
[2026-01-26T22:12:05.120+0000] {connection.py:1695} INFO - Connecting to GLOBAL Snowflake domain
[2026-01-26T22:12:06.524+0000] {logging_mixin.py:188} INFO - Uploaded /tmp/minio_downloads/customers_144103576074.parquet -> @customers stage
[2026-01-26T22:12:06.870+0000] {logging_mixin.py:188} INFO - Uploaded /tmp/minio_downloads/customers_144227218931.parquet -> @customers stage
[2026-01-26T22:12:07.542+0000] {logging_mixin.py:188} INFO - Data loaded into customers
[2026-01-26T22:12:07.912+0000] {logging_mixin.py:188} INFO - Uploaded /tmp/minio_downloads/accounts_144103643994.parquet -> @accounts stage
[2026-01-26T22:12:08.269+0000] {logging_mixin.py:188} INFO - Uploaded /tmp/minio_downloads/accounts_144103653564.parquet -> @accounts stage
[2026-01-26T22:12:08.625+0000] {logging_mixin.py:188} INFO - Uploaded /tmp/minio_downloads/accounts_144223151465.parquet -> @accounts stage
[2026-01-26T22:12:08.892+0000] {logging_mixin.py:188} INFO - Uploaded /tmp/minio_downloads/accounts_144227246704.parquet -> @accounts stage
[2026-01-26T22:12:09.847+0000] {logging_mixin.py:188} INFO - Data loaded into accounts
[2026-01-26T22:12:10.099+0000] {logging_mixin.py:188} INFO - Uploaded /tmp/minio_downloads/transactions_144103762925.parquet -> @transactions stage
[2026-01-26T22:12:10.351+0000] {logging_mixin.py:188} INFO - Uploaded /tmp/minio_downloads/transactions_144103775606.parquet -> @transactions stage
[2026-01-26T22:12:10.574+0000] {logging_mixin.py:188} INFO - Uploaded /tmp/minio_downloads/transactions_144103863430.parquet -> @transactions stage
[2026-01-26T22:12:10.819+0000] {logging_mixin.py:188} INFO - Uploaded /tmp/minio_downloads/transactions_144103871284.parquet -> @transactions stage
[2026-01-26T22:12:11.018+0000] {logging_mixin.py:188} INFO - Uploaded /tmp/minio_downloads/transactions_144103881590.parquet -> @transactions stage
[2026-01-26T22:12:11.173+0000] {logging_mixin.py:188} INFO - Uploaded /tmp/minio_downloads/transactions_144219122553.parquet -> @transactions stage
[2026-01-26T22:12:11.355+0000] {logging_mixin.py:188} INFO - Uploaded /tmp/minio_downloads/transactions_144220621553.parquet -> @transactions stage
[2026-01-26T22:12:11.536+0000] {logging_mixin.py:188} INFO - Uploaded /tmp/minio_downloads/transactions_144223166901.parquet -> @transactions stage
[2026-01-26T22:12:11.740+0000] {logging_mixin.py:188} INFO - Uploaded /tmp/minio_downloads/transactions_144225187405.parquet -> @transactions stage
[2026-01-26T22:12:11.948+0000] {logging_mixin.py:188} INFO - Uploaded /tmp/minio_downloads/transactions_144227254007.parquet -> @transactions stage
[2026-01-26T22:12:12.387+0000] {logging_mixin.py:188} INFO - Data loaded into transactions
[2026-01-26T22:12:12.532+0000] {python.py:237} INFO - Done. Returned value was: None
[2026-01-26T22:12:12.533+0000] {taskinstance.py:441} INFO - ::group::Post task execution logs
[2026-01-26T22:12:12.557+0000] {taskinstance.py:1206} INFO - Marking task as SUCCESS. dag_id=minio_to_snowflake_banking, task_id=load_snowflake, run_id=scheduled__2026-01-26T22:11:00+00:00, execution_date=20260126T221100, start_date=20260126T221205, end_date=20260126T221212
[2026-01-26T22:12:12.615+0000] {local_task_job_runner.py:243} INFO - Task exited with return code 0
[2026-01-26T22:12:12.646+0000] {taskinstance.py:3503} INFO - 0 downstream tasks scheduled from follow-on schedule check
[2026-01-26T22:12:12.651+0000] {local_task_job_runner.py:222} INFO - ::endgroup::
