[2026-01-27T22:20:04.207+0000] {local_task_job_runner.py:120} INFO - ::group::Pre task execution logs
[2026-01-27T22:20:04.219+0000] {taskinstance.py:2076} INFO - Dependencies all met for dep_context=non-requeueable deps ti=<TaskInstance: minio_to_snowflake_banking.load_snowflake scheduled__2026-01-27T22:19:00+00:00 [queued]>
[2026-01-27T22:20:04.223+0000] {taskinstance.py:2076} INFO - Dependencies all met for dep_context=requeueable deps ti=<TaskInstance: minio_to_snowflake_banking.load_snowflake scheduled__2026-01-27T22:19:00+00:00 [queued]>
[2026-01-27T22:20:04.223+0000] {taskinstance.py:2306} INFO - Starting attempt 1 of 2
[2026-01-27T22:20:04.228+0000] {taskinstance.py:2330} INFO - Executing <Task(PythonOperator): load_snowflake> on 2026-01-27 22:19:00+00:00
[2026-01-27T22:20:04.232+0000] {logging_mixin.py:188} WARNING - /home/***/.local/lib/python3.12/site-packages/***/task/task_runner/standard_task_runner.py:62 DeprecationWarning: This process (pid=2374) is multi-threaded, use of fork() may lead to deadlocks in the child.
[2026-01-27T22:20:04.232+0000] {standard_task_runner.py:90} INFO - Running: ['***', 'tasks', 'run', 'minio_to_snowflake_banking', 'load_snowflake', 'scheduled__2026-01-27T22:19:00+00:00', '--job-id', '1110', '--raw', '--subdir', 'DAGS_FOLDER/minio_to_snowflake_dag.py', '--cfg-path', '/tmp/tmpimjq0xjo']
[2026-01-27T22:20:04.233+0000] {standard_task_runner.py:64} INFO - Started process 2381 to run task
[2026-01-27T22:20:04.233+0000] {standard_task_runner.py:91} INFO - Job 1110: Subtask load_snowflake
[2026-01-27T22:20:04.256+0000] {task_command.py:426} INFO - Running <TaskInstance: minio_to_snowflake_banking.load_snowflake scheduled__2026-01-27T22:19:00+00:00 [running]> on host aa98137bd6c9
[2026-01-27T22:20:04.312+0000] {taskinstance.py:2648} INFO - Exporting env vars: AIRFLOW_CTX_DAG_OWNER='***' AIRFLOW_CTX_DAG_ID='minio_to_snowflake_banking' AIRFLOW_CTX_TASK_ID='load_snowflake' AIRFLOW_CTX_EXECUTION_DATE='2026-01-27T22:19:00+00:00' AIRFLOW_CTX_TRY_NUMBER='1' AIRFLOW_CTX_DAG_RUN_ID='scheduled__2026-01-27T22:19:00+00:00'
[2026-01-27T22:20:04.312+0000] {taskinstance.py:430} INFO - ::endgroup::
[2026-01-27T22:20:04.324+0000] {connection.py:611} INFO - Snowflake Connector for Python Version: 4.2.0, Python Version: 3.12.4, Platform: Linux-6.10.14-linuxkit-aarch64-with-glibc2.36
[2026-01-27T22:20:04.325+0000] {connection.py:1695} INFO - Connecting to GLOBAL Snowflake domain
[2026-01-27T22:20:06.443+0000] {logging_mixin.py:188} INFO - Uploaded /tmp/minio_downloads/customers_215036692531.parquet -> @customers stage
[2026-01-27T22:20:06.794+0000] {logging_mixin.py:188} INFO - Uploaded /tmp/minio_downloads/customers_215046805845.parquet -> @customers stage
[2026-01-27T22:20:07.157+0000] {logging_mixin.py:188} INFO - Uploaded /tmp/minio_downloads/customers_215056955161.parquet -> @customers stage
[2026-01-27T22:20:07.455+0000] {logging_mixin.py:188} INFO - Uploaded /tmp/minio_downloads/customers_231527933510.parquet -> @customers stage
[2026-01-27T22:20:07.802+0000] {logging_mixin.py:188} INFO - Uploaded /tmp/minio_downloads/customers_155849738636.parquet -> @customers stage
[2026-01-27T22:20:08.034+0000] {logging_mixin.py:188} INFO - Uploaded /tmp/minio_downloads/customers_155849882767.parquet -> @customers stage
[2026-01-27T22:20:08.528+0000] {logging_mixin.py:188} INFO - Data loaded into customers
[2026-01-27T22:20:08.839+0000] {logging_mixin.py:188} INFO - Uploaded /tmp/minio_downloads/accounts_215036748655.parquet -> @accounts stage
[2026-01-27T22:20:09.013+0000] {logging_mixin.py:188} INFO - Uploaded /tmp/minio_downloads/accounts_215042772494.parquet -> @accounts stage
[2026-01-27T22:20:09.276+0000] {logging_mixin.py:188} INFO - Uploaded /tmp/minio_downloads/accounts_215052938889.parquet -> @accounts stage
[2026-01-27T22:20:09.699+0000] {logging_mixin.py:188} INFO - Uploaded /tmp/minio_downloads/accounts_155849895108.parquet -> @accounts stage
[2026-01-27T22:20:10.054+0000] {logging_mixin.py:188} INFO - Uploaded /tmp/minio_downloads/accounts_155850399175.parquet -> @accounts stage
[2026-01-27T22:20:10.357+0000] {logging_mixin.py:188} INFO - Uploaded /tmp/minio_downloads/accounts_155900598297.parquet -> @accounts stage
[2026-01-27T22:20:10.901+0000] {logging_mixin.py:188} INFO - Data loaded into accounts
[2026-01-27T22:20:11.249+0000] {logging_mixin.py:188} INFO - Uploaded /tmp/minio_downloads/transactions_215036756342.parquet -> @transactions stage
[2026-01-27T22:20:11.539+0000] {logging_mixin.py:188} INFO - Uploaded /tmp/minio_downloads/transactions_215038694525.parquet -> @transactions stage
[2026-01-27T22:20:11.892+0000] {logging_mixin.py:188} INFO - Uploaded /tmp/minio_downloads/transactions_215040746814.parquet -> @transactions stage
[2026-01-27T22:20:12.177+0000] {logging_mixin.py:188} INFO - Uploaded /tmp/minio_downloads/transactions_215042801594.parquet -> @transactions stage
[2026-01-27T22:20:12.322+0000] {logging_mixin.py:188} INFO - Uploaded /tmp/minio_downloads/transactions_215044831571.parquet -> @transactions stage
[2026-01-27T22:20:12.487+0000] {logging_mixin.py:188} INFO - Uploaded /tmp/minio_downloads/transactions_215046920436.parquet -> @transactions stage
[2026-01-27T22:20:12.638+0000] {logging_mixin.py:188} INFO - Uploaded /tmp/minio_downloads/transactions_155850338118.parquet -> @transactions stage
[2026-01-27T22:20:12.780+0000] {logging_mixin.py:188} INFO - Uploaded /tmp/minio_downloads/transactions_155850425610.parquet -> @transactions stage
[2026-01-27T22:20:12.936+0000] {logging_mixin.py:188} INFO - Uploaded /tmp/minio_downloads/transactions_155850484961.parquet -> @transactions stage
[2026-01-27T22:20:13.143+0000] {logging_mixin.py:188} INFO - Uploaded /tmp/minio_downloads/transactions_155850517598.parquet -> @transactions stage
[2026-01-27T22:20:13.304+0000] {logging_mixin.py:188} INFO - Uploaded /tmp/minio_downloads/transactions_155850559668.parquet -> @transactions stage
[2026-01-27T22:20:13.460+0000] {logging_mixin.py:188} INFO - Uploaded /tmp/minio_downloads/transactions_155900640835.parquet -> @transactions stage
[2026-01-27T22:20:13.927+0000] {logging_mixin.py:188} INFO - Data loaded into transactions
[2026-01-27T22:20:14.075+0000] {python.py:237} INFO - Done. Returned value was: None
[2026-01-27T22:20:14.076+0000] {taskinstance.py:441} INFO - ::group::Post task execution logs
[2026-01-27T22:20:14.106+0000] {taskinstance.py:1206} INFO - Marking task as SUCCESS. dag_id=minio_to_snowflake_banking, task_id=load_snowflake, run_id=scheduled__2026-01-27T22:19:00+00:00, execution_date=20260127T221900, start_date=20260127T222004, end_date=20260127T222014
[2026-01-27T22:20:14.159+0000] {local_task_job_runner.py:243} INFO - Task exited with return code 0
[2026-01-27T22:20:14.187+0000] {taskinstance.py:3503} INFO - 0 downstream tasks scheduled from follow-on schedule check
[2026-01-27T22:20:14.189+0000] {local_task_job_runner.py:222} INFO - ::endgroup::
