[2026-01-27T18:48:19.227+0000] {local_task_job_runner.py:120} INFO - ::group::Pre task execution logs
[2026-01-27T18:48:19.242+0000] {taskinstance.py:2076} INFO - Dependencies all met for dep_context=non-requeueable deps ti=<TaskInstance: minio_to_snowflake_banking.load_snowflake scheduled__2026-01-27T18:32:00+00:00 [queued]>
[2026-01-27T18:48:19.245+0000] {taskinstance.py:2076} INFO - Dependencies all met for dep_context=requeueable deps ti=<TaskInstance: minio_to_snowflake_banking.load_snowflake scheduled__2026-01-27T18:32:00+00:00 [queued]>
[2026-01-27T18:48:19.245+0000] {taskinstance.py:2306} INFO - Starting attempt 2 of 2
[2026-01-27T18:48:19.250+0000] {taskinstance.py:2330} INFO - Executing <Task(PythonOperator): load_snowflake> on 2026-01-27 18:32:00+00:00
[2026-01-27T18:48:19.257+0000] {logging_mixin.py:188} WARNING - /home/***/.local/lib/python3.12/site-packages/***/task/task_runner/standard_task_runner.py:62 DeprecationWarning: This process (pid=24279) is multi-threaded, use of fork() may lead to deadlocks in the child.
[2026-01-27T18:48:19.255+0000] {standard_task_runner.py:90} INFO - Running: ['***', 'tasks', 'run', 'minio_to_snowflake_banking', 'load_snowflake', 'scheduled__2026-01-27T18:32:00+00:00', '--job-id', '690', '--raw', '--subdir', 'DAGS_FOLDER/minio_to_snowflake_dag.py', '--cfg-path', '/tmp/tmpki2etxqd']
[2026-01-27T18:48:19.257+0000] {standard_task_runner.py:91} INFO - Job 690: Subtask load_snowflake
[2026-01-27T18:48:19.257+0000] {standard_task_runner.py:64} INFO - Started process 24286 to run task
[2026-01-27T18:48:19.280+0000] {task_command.py:426} INFO - Running <TaskInstance: minio_to_snowflake_banking.load_snowflake scheduled__2026-01-27T18:32:00+00:00 [running]> on host f7e57c740e9e
[2026-01-27T18:48:19.313+0000] {taskinstance.py:2648} INFO - Exporting env vars: AIRFLOW_CTX_DAG_OWNER='***' AIRFLOW_CTX_DAG_ID='minio_to_snowflake_banking' AIRFLOW_CTX_TASK_ID='load_snowflake' AIRFLOW_CTX_EXECUTION_DATE='2026-01-27T18:32:00+00:00' AIRFLOW_CTX_TRY_NUMBER='2' AIRFLOW_CTX_DAG_RUN_ID='scheduled__2026-01-27T18:32:00+00:00'
[2026-01-27T18:48:19.314+0000] {taskinstance.py:430} INFO - ::endgroup::
[2026-01-27T18:48:19.323+0000] {connection.py:611} INFO - Snowflake Connector for Python Version: 4.2.0, Python Version: 3.12.4, Platform: Linux-6.10.14-linuxkit-aarch64-with-glibc2.36
[2026-01-27T18:48:19.324+0000] {connection.py:1695} INFO - Connecting to GLOBAL Snowflake domain
[2026-01-27T18:48:21.091+0000] {logging_mixin.py:188} INFO - Uploaded /tmp/minio_downloads/customers_215036692531.parquet -> @customers stage
[2026-01-27T18:48:21.227+0000] {logging_mixin.py:188} INFO - Uploaded /tmp/minio_downloads/customers_215046805845.parquet -> @customers stage
[2026-01-27T18:48:21.529+0000] {logging_mixin.py:188} INFO - Uploaded /tmp/minio_downloads/customers_215056955161.parquet -> @customers stage
[2026-01-27T18:48:22.872+0000] {logging_mixin.py:188} INFO - Uploaded /tmp/minio_downloads/customers_231527933510.parquet -> @customers stage
[2026-01-27T18:48:24.071+0000] {logging_mixin.py:188} INFO - Data loaded into customers
[2026-01-27T18:48:25.366+0000] {logging_mixin.py:188} INFO - Uploaded /tmp/minio_downloads/accounts_215036748655.parquet -> @accounts stage
[2026-01-27T18:48:25.615+0000] {logging_mixin.py:188} INFO - Uploaded /tmp/minio_downloads/accounts_215042772494.parquet -> @accounts stage
[2026-01-27T18:48:26.057+0000] {logging_mixin.py:188} INFO - Uploaded /tmp/minio_downloads/accounts_215052938889.parquet -> @accounts stage
[2026-01-27T18:48:26.576+0000] {logging_mixin.py:188} INFO - Data loaded into accounts
[2026-01-27T18:48:26.765+0000] {logging_mixin.py:188} INFO - Uploaded /tmp/minio_downloads/transactions_215036756342.parquet -> @transactions stage
[2026-01-27T18:48:27.009+0000] {logging_mixin.py:188} INFO - Uploaded /tmp/minio_downloads/transactions_215038694525.parquet -> @transactions stage
[2026-01-27T18:48:27.193+0000] {logging_mixin.py:188} INFO - Uploaded /tmp/minio_downloads/transactions_215040746814.parquet -> @transactions stage
[2026-01-27T18:48:27.384+0000] {logging_mixin.py:188} INFO - Uploaded /tmp/minio_downloads/transactions_215042801594.parquet -> @transactions stage
[2026-01-27T18:48:27.590+0000] {logging_mixin.py:188} INFO - Uploaded /tmp/minio_downloads/transactions_215044831571.parquet -> @transactions stage
[2026-01-27T18:48:27.796+0000] {logging_mixin.py:188} INFO - Uploaded /tmp/minio_downloads/transactions_215046920436.parquet -> @transactions stage
[2026-01-27T18:48:28.417+0000] {logging_mixin.py:188} INFO - Data loaded into transactions
[2026-01-27T18:48:28.568+0000] {python.py:237} INFO - Done. Returned value was: None
[2026-01-27T18:48:28.569+0000] {taskinstance.py:441} INFO - ::group::Post task execution logs
[2026-01-27T18:48:28.594+0000] {taskinstance.py:1206} INFO - Marking task as SUCCESS. dag_id=minio_to_snowflake_banking, task_id=load_snowflake, run_id=scheduled__2026-01-27T18:32:00+00:00, execution_date=20260127T183200, start_date=20260127T184819, end_date=20260127T184828
[2026-01-27T18:48:28.631+0000] {local_task_job_runner.py:243} INFO - Task exited with return code 0
[2026-01-27T18:48:28.646+0000] {taskinstance.py:3503} INFO - 0 downstream tasks scheduled from follow-on schedule check
[2026-01-27T18:48:28.647+0000] {local_task_job_runner.py:222} INFO - ::endgroup::
