[2026-01-27T23:40:06.396+0000] {local_task_job_runner.py:120} INFO - ::group::Pre task execution logs
[2026-01-27T23:40:06.417+0000] {taskinstance.py:2076} INFO - Dependencies all met for dep_context=non-requeueable deps ti=<TaskInstance: minio_to_snowflake_banking.load_snowflake scheduled__2026-01-27T23:39:00+00:00 [queued]>
[2026-01-27T23:40:06.422+0000] {taskinstance.py:2076} INFO - Dependencies all met for dep_context=requeueable deps ti=<TaskInstance: minio_to_snowflake_banking.load_snowflake scheduled__2026-01-27T23:39:00+00:00 [queued]>
[2026-01-27T23:40:06.423+0000] {taskinstance.py:2306} INFO - Starting attempt 1 of 2
[2026-01-27T23:40:06.429+0000] {taskinstance.py:2330} INFO - Executing <Task(PythonOperator): load_snowflake> on 2026-01-27 23:39:00+00:00
[2026-01-27T23:40:06.433+0000] {standard_task_runner.py:90} INFO - Running: ['***', 'tasks', 'run', 'minio_to_snowflake_banking', 'load_snowflake', 'scheduled__2026-01-27T23:39:00+00:00', '--job-id', '1232', '--raw', '--subdir', 'DAGS_FOLDER/minio_to_snowflake_dag.py', '--cfg-path', '/tmp/tmpoke58vwp']
[2026-01-27T23:40:06.434+0000] {logging_mixin.py:188} WARNING - /home/***/.local/lib/python3.12/site-packages/***/task/task_runner/standard_task_runner.py:62 DeprecationWarning: This process (pid=8641) is multi-threaded, use of fork() may lead to deadlocks in the child.
[2026-01-27T23:40:06.434+0000] {standard_task_runner.py:91} INFO - Job 1232: Subtask load_snowflake
[2026-01-27T23:40:06.434+0000] {standard_task_runner.py:64} INFO - Started process 8648 to run task
[2026-01-27T23:40:06.455+0000] {task_command.py:426} INFO - Running <TaskInstance: minio_to_snowflake_banking.load_snowflake scheduled__2026-01-27T23:39:00+00:00 [running]> on host aa98137bd6c9
[2026-01-27T23:40:06.490+0000] {taskinstance.py:2648} INFO - Exporting env vars: AIRFLOW_CTX_DAG_OWNER='***' AIRFLOW_CTX_DAG_ID='minio_to_snowflake_banking' AIRFLOW_CTX_TASK_ID='load_snowflake' AIRFLOW_CTX_EXECUTION_DATE='2026-01-27T23:39:00+00:00' AIRFLOW_CTX_TRY_NUMBER='1' AIRFLOW_CTX_DAG_RUN_ID='scheduled__2026-01-27T23:39:00+00:00'
[2026-01-27T23:40:06.491+0000] {taskinstance.py:430} INFO - ::endgroup::
[2026-01-27T23:40:06.504+0000] {connection.py:611} INFO - Snowflake Connector for Python Version: 4.2.0, Python Version: 3.12.4, Platform: Linux-6.10.14-linuxkit-aarch64-with-glibc2.36
[2026-01-27T23:40:06.507+0000] {connection.py:1695} INFO - Connecting to GLOBAL Snowflake domain
[2026-01-27T23:40:10.355+0000] {logging_mixin.py:188} INFO - Uploaded /tmp/minio_downloads/customers_215036692531.parquet -> @customers stage
[2026-01-27T23:40:10.874+0000] {logging_mixin.py:188} INFO - Uploaded /tmp/minio_downloads/customers_215046805845.parquet -> @customers stage
[2026-01-27T23:40:11.134+0000] {logging_mixin.py:188} INFO - Uploaded /tmp/minio_downloads/customers_215056955161.parquet -> @customers stage
[2026-01-27T23:40:11.372+0000] {logging_mixin.py:188} INFO - Uploaded /tmp/minio_downloads/customers_231527933510.parquet -> @customers stage
[2026-01-27T23:40:11.559+0000] {logging_mixin.py:188} INFO - Uploaded /tmp/minio_downloads/customers_155849738636.parquet -> @customers stage
[2026-01-27T23:40:11.763+0000] {logging_mixin.py:188} INFO - Uploaded /tmp/minio_downloads/customers_155849882767.parquet -> @customers stage
[2026-01-27T23:40:12.049+0000] {logging_mixin.py:188} INFO - Uploaded /tmp/minio_downloads/customers_174001095142.parquet -> @customers stage
[2026-01-27T23:40:13.526+0000] {logging_mixin.py:188} INFO - Data loaded into customers
[2026-01-27T23:40:13.726+0000] {logging_mixin.py:188} INFO - Uploaded /tmp/minio_downloads/accounts_215036748655.parquet -> @accounts stage
[2026-01-27T23:40:13.930+0000] {logging_mixin.py:188} INFO - Uploaded /tmp/minio_downloads/accounts_215042772494.parquet -> @accounts stage
[2026-01-27T23:40:14.137+0000] {logging_mixin.py:188} INFO - Uploaded /tmp/minio_downloads/accounts_215052938889.parquet -> @accounts stage
[2026-01-27T23:40:14.369+0000] {logging_mixin.py:188} INFO - Uploaded /tmp/minio_downloads/accounts_155849895108.parquet -> @accounts stage
[2026-01-27T23:40:14.550+0000] {logging_mixin.py:188} INFO - Uploaded /tmp/minio_downloads/accounts_155850399175.parquet -> @accounts stage
[2026-01-27T23:40:14.725+0000] {logging_mixin.py:188} INFO - Uploaded /tmp/minio_downloads/accounts_155900598297.parquet -> @accounts stage
[2026-01-27T23:40:14.964+0000] {logging_mixin.py:188} INFO - Uploaded /tmp/minio_downloads/accounts_174001243696.parquet -> @accounts stage
[2026-01-27T23:40:16.039+0000] {logging_mixin.py:188} INFO - Data loaded into accounts
[2026-01-27T23:40:16.434+0000] {logging_mixin.py:188} INFO - Uploaded /tmp/minio_downloads/transactions_215036756342.parquet -> @transactions stage
[2026-01-27T23:40:16.833+0000] {logging_mixin.py:188} INFO - Uploaded /tmp/minio_downloads/transactions_215038694525.parquet -> @transactions stage
[2026-01-27T23:40:17.181+0000] {logging_mixin.py:188} INFO - Uploaded /tmp/minio_downloads/transactions_215040746814.parquet -> @transactions stage
[2026-01-27T23:40:17.540+0000] {logging_mixin.py:188} INFO - Uploaded /tmp/minio_downloads/transactions_215042801594.parquet -> @transactions stage
[2026-01-27T23:40:17.983+0000] {logging_mixin.py:188} INFO - Uploaded /tmp/minio_downloads/transactions_215044831571.parquet -> @transactions stage
[2026-01-27T23:40:18.257+0000] {logging_mixin.py:188} INFO - Uploaded /tmp/minio_downloads/transactions_215046920436.parquet -> @transactions stage
[2026-01-27T23:40:18.594+0000] {logging_mixin.py:188} INFO - Uploaded /tmp/minio_downloads/transactions_155850338118.parquet -> @transactions stage
[2026-01-27T23:40:18.851+0000] {logging_mixin.py:188} INFO - Uploaded /tmp/minio_downloads/transactions_155850425610.parquet -> @transactions stage
[2026-01-27T23:40:19.102+0000] {logging_mixin.py:188} INFO - Uploaded /tmp/minio_downloads/transactions_155850484961.parquet -> @transactions stage
[2026-01-27T23:40:19.294+0000] {logging_mixin.py:188} INFO - Uploaded /tmp/minio_downloads/transactions_155850517598.parquet -> @transactions stage
[2026-01-27T23:40:19.496+0000] {logging_mixin.py:188} INFO - Uploaded /tmp/minio_downloads/transactions_155850559668.parquet -> @transactions stage
[2026-01-27T23:40:19.671+0000] {logging_mixin.py:188} INFO - Uploaded /tmp/minio_downloads/transactions_155900640835.parquet -> @transactions stage
[2026-01-27T23:40:19.916+0000] {logging_mixin.py:188} INFO - Uploaded /tmp/minio_downloads/transactions_174001255061.parquet -> @transactions stage
[2026-01-27T23:40:20.214+0000] {logging_mixin.py:188} INFO - Uploaded /tmp/minio_downloads/transactions_174003043256.parquet -> @transactions stage
[2026-01-27T23:40:21.694+0000] {logging_mixin.py:188} INFO - Data loaded into transactions
[2026-01-27T23:40:21.854+0000] {python.py:237} INFO - Done. Returned value was: None
[2026-01-27T23:40:21.855+0000] {taskinstance.py:441} INFO - ::group::Post task execution logs
[2026-01-27T23:40:21.878+0000] {taskinstance.py:1206} INFO - Marking task as SUCCESS. dag_id=minio_to_snowflake_banking, task_id=load_snowflake, run_id=scheduled__2026-01-27T23:39:00+00:00, execution_date=20260127T233900, start_date=20260127T234006, end_date=20260127T234021
[2026-01-27T23:40:21.909+0000] {local_task_job_runner.py:243} INFO - Task exited with return code 0
[2026-01-27T23:40:21.925+0000] {taskinstance.py:3503} INFO - 0 downstream tasks scheduled from follow-on schedule check
[2026-01-27T23:40:21.926+0000] {local_task_job_runner.py:222} INFO - ::endgroup::
