[2026-01-27T15:51:36.092+0000] {local_task_job_runner.py:120} INFO - ::group::Pre task execution logs
[2026-01-27T15:51:36.103+0000] {taskinstance.py:2076} INFO - Dependencies all met for dep_context=non-requeueable deps ti=<TaskInstance: minio_to_snowflake_banking.load_snowflake scheduled__2026-01-27T15:50:00+00:00 [queued]>
[2026-01-27T15:51:36.105+0000] {taskinstance.py:2076} INFO - Dependencies all met for dep_context=requeueable deps ti=<TaskInstance: minio_to_snowflake_banking.load_snowflake scheduled__2026-01-27T15:50:00+00:00 [queued]>
[2026-01-27T15:51:36.106+0000] {taskinstance.py:2306} INFO - Starting attempt 1 of 2
[2026-01-27T15:51:36.110+0000] {taskinstance.py:2330} INFO - Executing <Task(PythonOperator): load_snowflake> on 2026-01-27 15:50:00+00:00
[2026-01-27T15:51:36.114+0000] {logging_mixin.py:188} WARNING - /home/***/.local/lib/python3.12/site-packages/***/task/task_runner/standard_task_runner.py:62 DeprecationWarning: This process (pid=12714) is multi-threaded, use of fork() may lead to deadlocks in the child.
[2026-01-27T15:51:36.113+0000] {standard_task_runner.py:90} INFO - Running: ['***', 'tasks', 'run', 'minio_to_snowflake_banking', 'load_snowflake', 'scheduled__2026-01-27T15:50:00+00:00', '--job-id', '370', '--raw', '--subdir', 'DAGS_FOLDER/minio_to_snowflake_dag.py', '--cfg-path', '/tmp/tmpmn7r21q6']
[2026-01-27T15:51:36.114+0000] {standard_task_runner.py:91} INFO - Job 370: Subtask load_snowflake
[2026-01-27T15:51:36.114+0000] {standard_task_runner.py:64} INFO - Started process 12721 to run task
[2026-01-27T15:51:36.133+0000] {task_command.py:426} INFO - Running <TaskInstance: minio_to_snowflake_banking.load_snowflake scheduled__2026-01-27T15:50:00+00:00 [running]> on host f7e57c740e9e
[2026-01-27T15:51:36.163+0000] {taskinstance.py:2648} INFO - Exporting env vars: AIRFLOW_CTX_DAG_OWNER='***' AIRFLOW_CTX_DAG_ID='minio_to_snowflake_banking' AIRFLOW_CTX_TASK_ID='load_snowflake' AIRFLOW_CTX_EXECUTION_DATE='2026-01-27T15:50:00+00:00' AIRFLOW_CTX_TRY_NUMBER='1' AIRFLOW_CTX_DAG_RUN_ID='scheduled__2026-01-27T15:50:00+00:00'
[2026-01-27T15:51:36.163+0000] {taskinstance.py:430} INFO - ::endgroup::
[2026-01-27T15:51:36.171+0000] {connection.py:611} INFO - Snowflake Connector for Python Version: 4.2.0, Python Version: 3.12.4, Platform: Linux-6.10.14-linuxkit-aarch64-with-glibc2.36
[2026-01-27T15:51:36.172+0000] {connection.py:1695} INFO - Connecting to GLOBAL Snowflake domain
[2026-01-27T15:51:37.925+0000] {logging_mixin.py:188} INFO - Uploaded /tmp/minio_downloads/customers_215036692531.parquet -> @customers stage
[2026-01-27T15:51:38.351+0000] {logging_mixin.py:188} INFO - Uploaded /tmp/minio_downloads/customers_215046805845.parquet -> @customers stage
[2026-01-27T15:51:38.871+0000] {logging_mixin.py:188} INFO - Uploaded /tmp/minio_downloads/customers_215056955161.parquet -> @customers stage
[2026-01-27T15:51:39.200+0000] {logging_mixin.py:188} INFO - Uploaded /tmp/minio_downloads/customers_231527933510.parquet -> @customers stage
[2026-01-27T15:51:39.734+0000] {logging_mixin.py:188} INFO - Data loaded into customers
[2026-01-27T15:51:40.086+0000] {logging_mixin.py:188} INFO - Uploaded /tmp/minio_downloads/accounts_215036748655.parquet -> @accounts stage
[2026-01-27T15:51:40.560+0000] {logging_mixin.py:188} INFO - Uploaded /tmp/minio_downloads/accounts_215042772494.parquet -> @accounts stage
[2026-01-27T15:51:40.844+0000] {logging_mixin.py:188} INFO - Uploaded /tmp/minio_downloads/accounts_215052938889.parquet -> @accounts stage
[2026-01-27T15:51:41.623+0000] {logging_mixin.py:188} INFO - Data loaded into accounts
[2026-01-27T15:51:42.152+0000] {logging_mixin.py:188} INFO - Uploaded /tmp/minio_downloads/transactions_215036756342.parquet -> @transactions stage
[2026-01-27T15:51:42.739+0000] {logging_mixin.py:188} INFO - Uploaded /tmp/minio_downloads/transactions_215038694525.parquet -> @transactions stage
[2026-01-27T15:51:43.258+0000] {logging_mixin.py:188} INFO - Uploaded /tmp/minio_downloads/transactions_215040746814.parquet -> @transactions stage
[2026-01-27T15:51:43.781+0000] {logging_mixin.py:188} INFO - Uploaded /tmp/minio_downloads/transactions_215042801594.parquet -> @transactions stage
[2026-01-27T15:51:44.709+0000] {logging_mixin.py:188} INFO - Uploaded /tmp/minio_downloads/transactions_215044831571.parquet -> @transactions stage
[2026-01-27T15:51:44.883+0000] {logging_mixin.py:188} INFO - Uploaded /tmp/minio_downloads/transactions_215046920436.parquet -> @transactions stage
[2026-01-27T15:51:45.248+0000] {logging_mixin.py:188} INFO - Data loaded into transactions
[2026-01-27T15:51:46.260+0000] {python.py:237} INFO - Done. Returned value was: None
[2026-01-27T15:51:46.261+0000] {taskinstance.py:441} INFO - ::group::Post task execution logs
[2026-01-27T15:51:46.271+0000] {taskinstance.py:1206} INFO - Marking task as SUCCESS. dag_id=minio_to_snowflake_banking, task_id=load_snowflake, run_id=scheduled__2026-01-27T15:50:00+00:00, execution_date=20260127T155000, start_date=20260127T155136, end_date=20260127T155146
[2026-01-27T15:51:46.313+0000] {local_task_job_runner.py:243} INFO - Task exited with return code 0
[2026-01-27T15:51:46.323+0000] {taskinstance.py:3503} INFO - 0 downstream tasks scheduled from follow-on schedule check
[2026-01-27T15:51:46.323+0000] {local_task_job_runner.py:222} INFO - ::endgroup::
