[2026-01-27T01:35:05.246+0000] {local_task_job_runner.py:120} INFO - ::group::Pre task execution logs
[2026-01-27T01:35:05.260+0000] {taskinstance.py:2076} INFO - Dependencies all met for dep_context=non-requeueable deps ti=<TaskInstance: minio_to_snowflake_banking.load_snowflake scheduled__2026-01-27T01:34:00+00:00 [queued]>
[2026-01-27T01:35:05.262+0000] {taskinstance.py:2076} INFO - Dependencies all met for dep_context=requeueable deps ti=<TaskInstance: minio_to_snowflake_banking.load_snowflake scheduled__2026-01-27T01:34:00+00:00 [queued]>
[2026-01-27T01:35:05.263+0000] {taskinstance.py:2306} INFO - Starting attempt 1 of 2
[2026-01-27T01:35:05.268+0000] {taskinstance.py:2330} INFO - Executing <Task(PythonOperator): load_snowflake> on 2026-01-27 01:34:00+00:00
[2026-01-27T01:35:05.272+0000] {logging_mixin.py:188} WARNING - /home/***/.local/lib/python3.12/site-packages/***/task/task_runner/standard_task_runner.py:62 DeprecationWarning: This process (pid=14047) is multi-threaded, use of fork() may lead to deadlocks in the child.
[2026-01-27T01:35:05.272+0000] {standard_task_runner.py:90} INFO - Running: ['***', 'tasks', 'run', 'minio_to_snowflake_banking', 'load_snowflake', 'scheduled__2026-01-27T01:34:00+00:00', '--job-id', '173', '--raw', '--subdir', 'DAGS_FOLDER/minio_to_snowflake_dag.py', '--cfg-path', '/tmp/tmpn8sp91c5']
[2026-01-27T01:35:05.273+0000] {standard_task_runner.py:64} INFO - Started process 14059 to run task
[2026-01-27T01:35:05.273+0000] {standard_task_runner.py:91} INFO - Job 173: Subtask load_snowflake
[2026-01-27T01:35:05.295+0000] {task_command.py:426} INFO - Running <TaskInstance: minio_to_snowflake_banking.load_snowflake scheduled__2026-01-27T01:34:00+00:00 [running]> on host bac6151482a5
[2026-01-27T01:35:05.331+0000] {taskinstance.py:2648} INFO - Exporting env vars: AIRFLOW_CTX_DAG_OWNER='***' AIRFLOW_CTX_DAG_ID='minio_to_snowflake_banking' AIRFLOW_CTX_TASK_ID='load_snowflake' AIRFLOW_CTX_EXECUTION_DATE='2026-01-27T01:34:00+00:00' AIRFLOW_CTX_TRY_NUMBER='1' AIRFLOW_CTX_DAG_RUN_ID='scheduled__2026-01-27T01:34:00+00:00'
[2026-01-27T01:35:05.331+0000] {taskinstance.py:430} INFO - ::endgroup::
[2026-01-27T01:35:05.342+0000] {connection.py:611} INFO - Snowflake Connector for Python Version: 4.2.0, Python Version: 3.12.4, Platform: Linux-6.10.14-linuxkit-aarch64-with-glibc2.36
[2026-01-27T01:35:05.342+0000] {connection.py:1695} INFO - Connecting to GLOBAL Snowflake domain
[2026-01-27T01:35:09.380+0000] {logging_mixin.py:188} INFO - Uploaded /tmp/minio_downloads/customers_144103576074.parquet -> @customers stage
[2026-01-27T01:35:09.605+0000] {logging_mixin.py:188} INFO - Uploaded /tmp/minio_downloads/customers_144227218931.parquet -> @customers stage
[2026-01-27T01:35:09.806+0000] {logging_mixin.py:188} INFO - Uploaded /tmp/minio_downloads/customers_182509845138.parquet -> @customers stage
[2026-01-27T01:35:09.971+0000] {logging_mixin.py:188} INFO - Uploaded /tmp/minio_downloads/customers_185216126542.parquet -> @customers stage
[2026-01-27T01:35:10.165+0000] {logging_mixin.py:188} INFO - Uploaded /tmp/minio_downloads/customers_192313648895.parquet -> @customers stage
[2026-01-27T01:35:10.320+0000] {logging_mixin.py:188} INFO - Uploaded /tmp/minio_downloads/customers_192324367953.parquet -> @customers stage
[2026-01-27T01:35:10.532+0000] {logging_mixin.py:188} INFO - Uploaded /tmp/minio_downloads/customers_192445544451.parquet -> @customers stage
[2026-01-27T01:35:10.671+0000] {logging_mixin.py:188} INFO - Uploaded /tmp/minio_downloads/customers_192523795761.parquet -> @customers stage
[2026-01-27T01:35:10.823+0000] {logging_mixin.py:188} INFO - Uploaded /tmp/minio_downloads/customers_192534635947.parquet -> @customers stage
[2026-01-27T01:35:11.099+0000] {logging_mixin.py:188} INFO - Uploaded /tmp/minio_downloads/customers_192544882833.parquet -> @customers stage
[2026-01-27T01:35:11.301+0000] {logging_mixin.py:188} INFO - Uploaded /tmp/minio_downloads/customers_192549039267.parquet -> @customers stage
[2026-01-27T01:35:11.480+0000] {logging_mixin.py:188} INFO - Uploaded /tmp/minio_downloads/customers_192553094440.parquet -> @customers stage
[2026-01-27T01:35:11.622+0000] {logging_mixin.py:188} INFO - Uploaded /tmp/minio_downloads/customers_192559181148.parquet -> @customers stage
[2026-01-27T01:35:11.821+0000] {logging_mixin.py:188} INFO - Uploaded /tmp/minio_downloads/customers_192609880926.parquet -> @customers stage
[2026-01-27T01:35:12.680+0000] {logging_mixin.py:188} INFO - Data loaded into customers
[2026-01-27T01:35:12.883+0000] {logging_mixin.py:188} INFO - Uploaded /tmp/minio_downloads/accounts_144103643994.parquet -> @accounts stage
[2026-01-27T01:35:13.080+0000] {logging_mixin.py:188} INFO - Uploaded /tmp/minio_downloads/accounts_144103653564.parquet -> @accounts stage
[2026-01-27T01:35:13.264+0000] {logging_mixin.py:188} INFO - Uploaded /tmp/minio_downloads/accounts_144223151465.parquet -> @accounts stage
[2026-01-27T01:35:13.427+0000] {logging_mixin.py:188} INFO - Uploaded /tmp/minio_downloads/accounts_144227246704.parquet -> @accounts stage
[2026-01-27T01:35:13.630+0000] {logging_mixin.py:188} INFO - Uploaded /tmp/minio_downloads/accounts_182505783461.parquet -> @accounts stage
[2026-01-27T01:35:13.815+0000] {logging_mixin.py:188} INFO - Uploaded /tmp/minio_downloads/accounts_182509835534.parquet -> @accounts stage
[2026-01-27T01:35:13.978+0000] {logging_mixin.py:188} INFO - Uploaded /tmp/minio_downloads/accounts_185211951102.parquet -> @accounts stage
[2026-01-27T01:35:14.131+0000] {logging_mixin.py:188} INFO - Uploaded /tmp/minio_downloads/accounts_185216176088.parquet -> @accounts stage
[2026-01-27T01:35:14.281+0000] {logging_mixin.py:188} INFO - Uploaded /tmp/minio_downloads/accounts_192310101946.parquet -> @accounts stage
[2026-01-27T01:35:14.451+0000] {logging_mixin.py:188} INFO - Uploaded /tmp/minio_downloads/accounts_192313689393.parquet -> @accounts stage
[2026-01-27T01:35:14.628+0000] {logging_mixin.py:188} INFO - Uploaded /tmp/minio_downloads/accounts_192320305010.parquet -> @accounts stage
[2026-01-27T01:35:14.780+0000] {logging_mixin.py:188} INFO - Uploaded /tmp/minio_downloads/accounts_192324395547.parquet -> @accounts stage
[2026-01-27T01:35:14.975+0000] {logging_mixin.py:188} INFO - Uploaded /tmp/minio_downloads/accounts_192441480250.parquet -> @accounts stage
[2026-01-27T01:35:15.147+0000] {logging_mixin.py:188} INFO - Uploaded /tmp/minio_downloads/accounts_192445620078.parquet -> @accounts stage
[2026-01-27T01:35:15.328+0000] {logging_mixin.py:188} INFO - Uploaded /tmp/minio_downloads/accounts_192523616219.parquet -> @accounts stage
[2026-01-27T01:35:15.487+0000] {logging_mixin.py:188} INFO - Uploaded /tmp/minio_downloads/accounts_192523997918.parquet -> @accounts stage
[2026-01-27T01:35:15.630+0000] {logging_mixin.py:188} INFO - Uploaded /tmp/minio_downloads/accounts_192524206696.parquet -> @accounts stage
[2026-01-27T01:35:15.760+0000] {logging_mixin.py:188} INFO - Uploaded /tmp/minio_downloads/accounts_192542396098.parquet -> @accounts stage
[2026-01-27T01:35:15.894+0000] {logging_mixin.py:188} INFO - Uploaded /tmp/minio_downloads/accounts_192544981225.parquet -> @accounts stage
[2026-01-27T01:35:16.028+0000] {logging_mixin.py:188} INFO - Uploaded /tmp/minio_downloads/accounts_192547032657.parquet -> @accounts stage
[2026-01-27T01:35:16.162+0000] {logging_mixin.py:188} INFO - Uploaded /tmp/minio_downloads/accounts_192549085973.parquet -> @accounts stage
[2026-01-27T01:35:16.348+0000] {logging_mixin.py:188} INFO - Uploaded /tmp/minio_downloads/accounts_192553109967.parquet -> @accounts stage
[2026-01-27T01:35:16.512+0000] {logging_mixin.py:188} INFO - Uploaded /tmp/minio_downloads/accounts_192555127526.parquet -> @accounts stage
[2026-01-27T01:35:17.087+0000] {logging_mixin.py:188} INFO - Uploaded /tmp/minio_downloads/accounts_192559220011.parquet -> @accounts stage
[2026-01-27T01:35:17.398+0000] {logging_mixin.py:188} INFO - Uploaded /tmp/minio_downloads/accounts_192605245152.parquet -> @accounts stage
[2026-01-27T01:35:17.825+0000] {logging_mixin.py:188} INFO - Uploaded /tmp/minio_downloads/accounts_192609929824.parquet -> @accounts stage
[2026-01-27T01:35:19.071+0000] {logging_mixin.py:188} INFO - Data loaded into accounts
[2026-01-27T01:35:19.275+0000] {logging_mixin.py:188} INFO - Uploaded /tmp/minio_downloads/transactions_144103762925.parquet -> @transactions stage
[2026-01-27T01:35:19.452+0000] {logging_mixin.py:188} INFO - Uploaded /tmp/minio_downloads/transactions_144103775606.parquet -> @transactions stage
[2026-01-27T01:35:19.655+0000] {logging_mixin.py:188} INFO - Uploaded /tmp/minio_downloads/transactions_144103863430.parquet -> @transactions stage
[2026-01-27T01:35:19.817+0000] {logging_mixin.py:188} INFO - Uploaded /tmp/minio_downloads/transactions_144103871284.parquet -> @transactions stage
[2026-01-27T01:35:19.988+0000] {logging_mixin.py:188} INFO - Uploaded /tmp/minio_downloads/transactions_144103881590.parquet -> @transactions stage
[2026-01-27T01:35:20.120+0000] {logging_mixin.py:188} INFO - Uploaded /tmp/minio_downloads/transactions_144219122553.parquet -> @transactions stage
[2026-01-27T01:35:20.723+0000] {logging_mixin.py:188} INFO - Uploaded /tmp/minio_downloads/transactions_144220621553.parquet -> @transactions stage
[2026-01-27T01:35:21.049+0000] {logging_mixin.py:188} INFO - Uploaded /tmp/minio_downloads/transactions_144223166901.parquet -> @transactions stage
[2026-01-27T01:35:21.378+0000] {logging_mixin.py:188} INFO - Uploaded /tmp/minio_downloads/transactions_144225187405.parquet -> @transactions stage
[2026-01-27T01:35:21.703+0000] {logging_mixin.py:188} INFO - Uploaded /tmp/minio_downloads/transactions_144227254007.parquet -> @transactions stage
[2026-01-27T01:35:21.941+0000] {logging_mixin.py:188} INFO - Uploaded /tmp/minio_downloads/transactions_182502247603.parquet -> @transactions stage
[2026-01-27T01:35:22.293+0000] {logging_mixin.py:188} INFO - Uploaded /tmp/minio_downloads/transactions_182503745994.parquet -> @transactions stage
[2026-01-27T01:35:22.647+0000] {logging_mixin.py:188} INFO - Uploaded /tmp/minio_downloads/transactions_182505806158.parquet -> @transactions stage
[2026-01-27T01:35:23.006+0000] {logging_mixin.py:188} INFO - Uploaded /tmp/minio_downloads/transactions_182507820889.parquet -> @transactions stage
[2026-01-27T01:35:23.283+0000] {logging_mixin.py:188} INFO - Uploaded /tmp/minio_downloads/transactions_182509861044.parquet -> @transactions stage
[2026-01-27T01:35:23.638+0000] {logging_mixin.py:188} INFO - Uploaded /tmp/minio_downloads/transactions_184131730922.parquet -> @transactions stage
[2026-01-27T01:35:23.938+0000] {logging_mixin.py:188} INFO - Uploaded /tmp/minio_downloads/transactions_184132267556.parquet -> @transactions stage
[2026-01-27T01:35:24.309+0000] {logging_mixin.py:188} INFO - Uploaded /tmp/minio_downloads/transactions_185212015172.parquet -> @transactions stage
[2026-01-27T01:35:24.561+0000] {logging_mixin.py:188} INFO - Uploaded /tmp/minio_downloads/transactions_185214037206.parquet -> @transactions stage
[2026-01-27T01:35:24.713+0000] {logging_mixin.py:188} INFO - Uploaded /tmp/minio_downloads/transactions_185216168765.parquet -> @transactions stage
[2026-01-27T01:35:24.866+0000] {logging_mixin.py:188} INFO - Uploaded /tmp/minio_downloads/transactions_185218181017.parquet -> @transactions stage
[2026-01-27T01:35:25.102+0000] {logging_mixin.py:188} INFO - Uploaded /tmp/minio_downloads/transactions_192308087511.parquet -> @transactions stage
[2026-01-27T01:35:25.238+0000] {logging_mixin.py:188} INFO - Uploaded /tmp/minio_downloads/transactions_192310150822.parquet -> @transactions stage
[2026-01-27T01:35:25.390+0000] {logging_mixin.py:188} INFO - Uploaded /tmp/minio_downloads/transactions_192311699324.parquet -> @transactions stage
[2026-01-27T01:35:25.543+0000] {logging_mixin.py:188} INFO - Uploaded /tmp/minio_downloads/transactions_192313715075.parquet -> @transactions stage
[2026-01-27T01:35:25.691+0000] {logging_mixin.py:188} INFO - Uploaded /tmp/minio_downloads/transactions_192315760528.parquet -> @transactions stage
[2026-01-27T01:35:25.859+0000] {logging_mixin.py:188} INFO - Uploaded /tmp/minio_downloads/transactions_192318250248.parquet -> @transactions stage
[2026-01-27T01:35:26.029+0000] {logging_mixin.py:188} INFO - Uploaded /tmp/minio_downloads/transactions_192320324724.parquet -> @transactions stage
[2026-01-27T01:35:26.188+0000] {logging_mixin.py:188} INFO - Uploaded /tmp/minio_downloads/transactions_192322346912.parquet -> @transactions stage
[2026-01-27T01:35:26.382+0000] {logging_mixin.py:188} INFO - Uploaded /tmp/minio_downloads/transactions_192324413523.parquet -> @transactions stage
[2026-01-27T01:35:26.520+0000] {logging_mixin.py:188} INFO - Uploaded /tmp/minio_downloads/transactions_192326412538.parquet -> @transactions stage
[2026-01-27T01:35:26.663+0000] {logging_mixin.py:188} INFO - Uploaded /tmp/minio_downloads/transactions_192439476775.parquet -> @transactions stage
[2026-01-27T01:35:26.795+0000] {logging_mixin.py:188} INFO - Uploaded /tmp/minio_downloads/transactions_192441504549.parquet -> @transactions stage
[2026-01-27T01:35:26.938+0000] {logging_mixin.py:188} INFO - Uploaded /tmp/minio_downloads/transactions_192443654902.parquet -> @transactions stage
[2026-01-27T01:35:27.094+0000] {logging_mixin.py:188} INFO - Uploaded /tmp/minio_downloads/transactions_192445651224.parquet -> @transactions stage
[2026-01-27T01:35:27.273+0000] {logging_mixin.py:188} INFO - Uploaded /tmp/minio_downloads/transactions_192447624664.parquet -> @transactions stage
[2026-01-27T01:35:27.440+0000] {logging_mixin.py:188} INFO - Uploaded /tmp/minio_downloads/transactions_192523638154.parquet -> @transactions stage
[2026-01-27T01:35:27.574+0000] {logging_mixin.py:188} INFO - Uploaded /tmp/minio_downloads/transactions_192523813254.parquet -> @transactions stage
[2026-01-27T01:35:27.755+0000] {logging_mixin.py:188} INFO - Uploaded /tmp/minio_downloads/transactions_192524017367.parquet -> @transactions stage
[2026-01-27T01:35:27.957+0000] {logging_mixin.py:188} INFO - Uploaded /tmp/minio_downloads/transactions_192524074016.parquet -> @transactions stage
[2026-01-27T01:35:28.131+0000] {logging_mixin.py:188} INFO - Uploaded /tmp/minio_downloads/transactions_192524221737.parquet -> @transactions stage
[2026-01-27T01:35:28.273+0000] {logging_mixin.py:188} INFO - Uploaded /tmp/minio_downloads/transactions_192524338441.parquet -> @transactions stage
[2026-01-27T01:35:28.410+0000] {logging_mixin.py:188} INFO - Uploaded /tmp/minio_downloads/transactions_192524486049.parquet -> @transactions stage
[2026-01-27T01:35:28.599+0000] {logging_mixin.py:188} INFO - Uploaded /tmp/minio_downloads/transactions_192524570165.parquet -> @transactions stage
[2026-01-27T01:35:28.763+0000] {logging_mixin.py:188} INFO - Uploaded /tmp/minio_downloads/transactions_192542431388.parquet -> @transactions stage
[2026-01-27T01:35:28.929+0000] {logging_mixin.py:188} INFO - Uploaded /tmp/minio_downloads/transactions_192542884813.parquet -> @transactions stage
[2026-01-27T01:35:29.112+0000] {logging_mixin.py:188} INFO - Uploaded /tmp/minio_downloads/transactions_192544967429.parquet -> @transactions stage
[2026-01-27T01:35:29.252+0000] {logging_mixin.py:188} INFO - Uploaded /tmp/minio_downloads/transactions_192545094208.parquet -> @transactions stage
[2026-01-27T01:35:29.407+0000] {logging_mixin.py:188} INFO - Uploaded /tmp/minio_downloads/transactions_192546998789.parquet -> @transactions stage
[2026-01-27T01:35:29.639+0000] {logging_mixin.py:188} INFO - Uploaded /tmp/minio_downloads/transactions_192547032892.parquet -> @transactions stage
[2026-01-27T01:35:29.806+0000] {logging_mixin.py:188} INFO - Uploaded /tmp/minio_downloads/transactions_192549049974.parquet -> @transactions stage
[2026-01-27T01:35:29.952+0000] {logging_mixin.py:188} INFO - Uploaded /tmp/minio_downloads/transactions_192549104917.parquet -> @transactions stage
[2026-01-27T01:35:30.102+0000] {logging_mixin.py:188} INFO - Uploaded /tmp/minio_downloads/transactions_192551086967.parquet -> @transactions stage
[2026-01-27T01:35:30.286+0000] {logging_mixin.py:188} INFO - Uploaded /tmp/minio_downloads/transactions_192551112340.parquet -> @transactions stage
[2026-01-27T01:35:30.461+0000] {logging_mixin.py:188} INFO - Uploaded /tmp/minio_downloads/transactions_192553134776.parquet -> @transactions stage
[2026-01-27T01:35:30.606+0000] {logging_mixin.py:188} INFO - Uploaded /tmp/minio_downloads/transactions_192555159678.parquet -> @transactions stage
[2026-01-27T01:35:30.753+0000] {logging_mixin.py:188} INFO - Uploaded /tmp/minio_downloads/transactions_192557269820.parquet -> @transactions stage
[2026-01-27T01:35:30.903+0000] {logging_mixin.py:188} INFO - Uploaded /tmp/minio_downloads/transactions_192559228824.parquet -> @transactions stage
[2026-01-27T01:35:31.141+0000] {logging_mixin.py:188} INFO - Uploaded /tmp/minio_downloads/transactions_192601222669.parquet -> @transactions stage
[2026-01-27T01:35:31.294+0000] {logging_mixin.py:188} INFO - Uploaded /tmp/minio_downloads/transactions_192603240304.parquet -> @transactions stage
[2026-01-27T01:35:31.623+0000] {logging_mixin.py:188} INFO - Uploaded /tmp/minio_downloads/transactions_192605279573.parquet -> @transactions stage
[2026-01-27T01:35:31.784+0000] {logging_mixin.py:188} INFO - Uploaded /tmp/minio_downloads/transactions_192607283615.parquet -> @transactions stage
[2026-01-27T01:35:31.940+0000] {logging_mixin.py:188} INFO - Uploaded /tmp/minio_downloads/transactions_192609951269.parquet -> @transactions stage
[2026-01-27T01:35:32.104+0000] {logging_mixin.py:188} INFO - Uploaded /tmp/minio_downloads/transactions_192612023806.parquet -> @transactions stage
[2026-01-27T01:35:34.134+0000] {logging_mixin.py:188} INFO - Data loaded into transactions
[2026-01-27T01:35:34.261+0000] {python.py:237} INFO - Done. Returned value was: None
[2026-01-27T01:35:34.263+0000] {taskinstance.py:441} INFO - ::group::Post task execution logs
[2026-01-27T01:35:34.292+0000] {taskinstance.py:1206} INFO - Marking task as SUCCESS. dag_id=minio_to_snowflake_banking, task_id=load_snowflake, run_id=scheduled__2026-01-27T01:34:00+00:00, execution_date=20260127T013400, start_date=20260127T013505, end_date=20260127T013534
[2026-01-27T01:35:34.355+0000] {local_task_job_runner.py:243} INFO - Task exited with return code 0
[2026-01-27T01:35:34.374+0000] {taskinstance.py:3503} INFO - 0 downstream tasks scheduled from follow-on schedule check
[2026-01-27T01:35:34.374+0000] {local_task_job_runner.py:222} INFO - ::endgroup::
