[2026-01-27T22:24:27.371+0000] {local_task_job_runner.py:120} INFO - ::group::Pre task execution logs
[2026-01-27T22:24:27.382+0000] {taskinstance.py:2076} INFO - Dependencies all met for dep_context=non-requeueable deps ti=<TaskInstance: minio_to_snowflake_banking.download_minio scheduled__2026-01-27T22:23:00+00:00 [queued]>
[2026-01-27T22:24:27.384+0000] {taskinstance.py:2076} INFO - Dependencies all met for dep_context=requeueable deps ti=<TaskInstance: minio_to_snowflake_banking.download_minio scheduled__2026-01-27T22:23:00+00:00 [queued]>
[2026-01-27T22:24:27.384+0000] {taskinstance.py:2306} INFO - Starting attempt 1 of 2
[2026-01-27T22:24:27.388+0000] {taskinstance.py:2330} INFO - Executing <Task(PythonOperator): download_minio> on 2026-01-27 22:23:00+00:00
[2026-01-27T22:24:27.392+0000] {logging_mixin.py:188} WARNING - /home/***/.local/lib/python3.12/site-packages/***/task/task_runner/standard_task_runner.py:62 DeprecationWarning: This process (pid=2479) is multi-threaded, use of fork() may lead to deadlocks in the child.
[2026-01-27T22:24:27.391+0000] {standard_task_runner.py:90} INFO - Running: ['***', 'tasks', 'run', 'minio_to_snowflake_banking', 'download_minio', 'scheduled__2026-01-27T22:23:00+00:00', '--job-id', '1112', '--raw', '--subdir', 'DAGS_FOLDER/minio_to_snowflake_dag.py', '--cfg-path', '/tmp/tmpz4shdwgr']
[2026-01-27T22:24:27.392+0000] {standard_task_runner.py:64} INFO - Started process 2486 to run task
[2026-01-27T22:24:27.393+0000] {standard_task_runner.py:91} INFO - Job 1112: Subtask download_minio
[2026-01-27T22:24:27.412+0000] {task_command.py:426} INFO - Running <TaskInstance: minio_to_snowflake_banking.download_minio scheduled__2026-01-27T22:23:00+00:00 [running]> on host aa98137bd6c9
[2026-01-27T22:24:27.444+0000] {taskinstance.py:2648} INFO - Exporting env vars: AIRFLOW_CTX_DAG_OWNER='***' AIRFLOW_CTX_DAG_ID='minio_to_snowflake_banking' AIRFLOW_CTX_TASK_ID='download_minio' AIRFLOW_CTX_EXECUTION_DATE='2026-01-27T22:23:00+00:00' AIRFLOW_CTX_TRY_NUMBER='1' AIRFLOW_CTX_DAG_RUN_ID='scheduled__2026-01-27T22:23:00+00:00'
[2026-01-27T22:24:27.445+0000] {taskinstance.py:430} INFO - ::endgroup::
[2026-01-27T22:24:27.569+0000] {logging_mixin.py:188} INFO - Downloaded customers/date=2026-01-26/customers_215036692531.parquet -> /tmp/minio_downloads/customers_215036692531.parquet
[2026-01-27T22:24:27.572+0000] {logging_mixin.py:188} INFO - Downloaded customers/date=2026-01-26/customers_215046805845.parquet -> /tmp/minio_downloads/customers_215046805845.parquet
[2026-01-27T22:24:27.575+0000] {logging_mixin.py:188} INFO - Downloaded customers/date=2026-01-26/customers_215056955161.parquet -> /tmp/minio_downloads/customers_215056955161.parquet
[2026-01-27T22:24:27.577+0000] {logging_mixin.py:188} INFO - Downloaded customers/date=2026-01-26/customers_231527933510.parquet -> /tmp/minio_downloads/customers_231527933510.parquet
[2026-01-27T22:24:27.580+0000] {logging_mixin.py:188} INFO - Downloaded customers/date=2026-01-27/customers_155849738636.parquet -> /tmp/minio_downloads/customers_155849738636.parquet
[2026-01-27T22:24:27.582+0000] {logging_mixin.py:188} INFO - Downloaded customers/date=2026-01-27/customers_155849882767.parquet -> /tmp/minio_downloads/customers_155849882767.parquet
[2026-01-27T22:24:27.588+0000] {logging_mixin.py:188} INFO - Downloaded accounts/date=2026-01-26/accounts_215036748655.parquet -> /tmp/minio_downloads/accounts_215036748655.parquet
[2026-01-27T22:24:27.590+0000] {logging_mixin.py:188} INFO - Downloaded accounts/date=2026-01-26/accounts_215042772494.parquet -> /tmp/minio_downloads/accounts_215042772494.parquet
[2026-01-27T22:24:27.593+0000] {logging_mixin.py:188} INFO - Downloaded accounts/date=2026-01-26/accounts_215052938889.parquet -> /tmp/minio_downloads/accounts_215052938889.parquet
[2026-01-27T22:24:27.595+0000] {logging_mixin.py:188} INFO - Downloaded accounts/date=2026-01-27/accounts_155849895108.parquet -> /tmp/minio_downloads/accounts_155849895108.parquet
[2026-01-27T22:24:27.597+0000] {logging_mixin.py:188} INFO - Downloaded accounts/date=2026-01-27/accounts_155850399175.parquet -> /tmp/minio_downloads/accounts_155850399175.parquet
[2026-01-27T22:24:27.600+0000] {logging_mixin.py:188} INFO - Downloaded accounts/date=2026-01-27/accounts_155900598297.parquet -> /tmp/minio_downloads/accounts_155900598297.parquet
[2026-01-27T22:24:27.608+0000] {logging_mixin.py:188} INFO - Downloaded transactions/date=2026-01-26/transactions_215036756342.parquet -> /tmp/minio_downloads/transactions_215036756342.parquet
[2026-01-27T22:24:27.610+0000] {logging_mixin.py:188} INFO - Downloaded transactions/date=2026-01-26/transactions_215038694525.parquet -> /tmp/minio_downloads/transactions_215038694525.parquet
[2026-01-27T22:24:27.612+0000] {logging_mixin.py:188} INFO - Downloaded transactions/date=2026-01-26/transactions_215040746814.parquet -> /tmp/minio_downloads/transactions_215040746814.parquet
[2026-01-27T22:24:27.614+0000] {logging_mixin.py:188} INFO - Downloaded transactions/date=2026-01-26/transactions_215042801594.parquet -> /tmp/minio_downloads/transactions_215042801594.parquet
[2026-01-27T22:24:27.617+0000] {logging_mixin.py:188} INFO - Downloaded transactions/date=2026-01-26/transactions_215044831571.parquet -> /tmp/minio_downloads/transactions_215044831571.parquet
[2026-01-27T22:24:27.620+0000] {logging_mixin.py:188} INFO - Downloaded transactions/date=2026-01-26/transactions_215046920436.parquet -> /tmp/minio_downloads/transactions_215046920436.parquet
[2026-01-27T22:24:27.622+0000] {logging_mixin.py:188} INFO - Downloaded transactions/date=2026-01-27/transactions_155850338118.parquet -> /tmp/minio_downloads/transactions_155850338118.parquet
[2026-01-27T22:24:27.625+0000] {logging_mixin.py:188} INFO - Downloaded transactions/date=2026-01-27/transactions_155850425610.parquet -> /tmp/minio_downloads/transactions_155850425610.parquet
[2026-01-27T22:24:27.627+0000] {logging_mixin.py:188} INFO - Downloaded transactions/date=2026-01-27/transactions_155850484961.parquet -> /tmp/minio_downloads/transactions_155850484961.parquet
[2026-01-27T22:24:27.630+0000] {logging_mixin.py:188} INFO - Downloaded transactions/date=2026-01-27/transactions_155850517598.parquet -> /tmp/minio_downloads/transactions_155850517598.parquet
[2026-01-27T22:24:27.632+0000] {logging_mixin.py:188} INFO - Downloaded transactions/date=2026-01-27/transactions_155850559668.parquet -> /tmp/minio_downloads/transactions_155850559668.parquet
[2026-01-27T22:24:27.634+0000] {logging_mixin.py:188} INFO - Downloaded transactions/date=2026-01-27/transactions_155900640835.parquet -> /tmp/minio_downloads/transactions_155900640835.parquet
[2026-01-27T22:24:27.634+0000] {python.py:237} INFO - Done. Returned value was: {'customers': ['/tmp/minio_downloads/customers_215036692531.parquet', '/tmp/minio_downloads/customers_215046805845.parquet', '/tmp/minio_downloads/customers_215056955161.parquet', '/tmp/minio_downloads/customers_231527933510.parquet', '/tmp/minio_downloads/customers_155849738636.parquet', '/tmp/minio_downloads/customers_155849882767.parquet'], 'accounts': ['/tmp/minio_downloads/accounts_215036748655.parquet', '/tmp/minio_downloads/accounts_215042772494.parquet', '/tmp/minio_downloads/accounts_215052938889.parquet', '/tmp/minio_downloads/accounts_155849895108.parquet', '/tmp/minio_downloads/accounts_155850399175.parquet', '/tmp/minio_downloads/accounts_155900598297.parquet'], 'transactions': ['/tmp/minio_downloads/transactions_215036756342.parquet', '/tmp/minio_downloads/transactions_215038694525.parquet', '/tmp/minio_downloads/transactions_215040746814.parquet', '/tmp/minio_downloads/transactions_215042801594.parquet', '/tmp/minio_downloads/transactions_215044831571.parquet', '/tmp/minio_downloads/transactions_215046920436.parquet', '/tmp/minio_downloads/transactions_155850338118.parquet', '/tmp/minio_downloads/transactions_155850425610.parquet', '/tmp/minio_downloads/transactions_155850484961.parquet', '/tmp/minio_downloads/transactions_155850517598.parquet', '/tmp/minio_downloads/transactions_155850559668.parquet', '/tmp/minio_downloads/transactions_155900640835.parquet']}
[2026-01-27T22:24:27.635+0000] {taskinstance.py:441} INFO - ::group::Post task execution logs
[2026-01-27T22:24:27.646+0000] {taskinstance.py:1206} INFO - Marking task as SUCCESS. dag_id=minio_to_snowflake_banking, task_id=download_minio, run_id=scheduled__2026-01-27T22:23:00+00:00, execution_date=20260127T222300, start_date=20260127T222427, end_date=20260127T222427
[2026-01-27T22:24:27.657+0000] {local_task_job_runner.py:243} INFO - Task exited with return code 0
[2026-01-27T22:24:27.667+0000] {taskinstance.py:3503} INFO - 1 downstream tasks scheduled from follow-on schedule check
[2026-01-27T22:24:27.668+0000] {local_task_job_runner.py:222} INFO - ::endgroup::
