[2026-01-27T16:29:04.254+0000] {local_task_job_runner.py:120} INFO - ::group::Pre task execution logs
[2026-01-27T16:29:04.265+0000] {taskinstance.py:2076} INFO - Dependencies all met for dep_context=non-requeueable deps ti=<TaskInstance: minio_to_snowflake_banking.load_snowflake scheduled__2026-01-27T16:28:00+00:00 [queued]>
[2026-01-27T16:29:04.267+0000] {taskinstance.py:2076} INFO - Dependencies all met for dep_context=requeueable deps ti=<TaskInstance: minio_to_snowflake_banking.load_snowflake scheduled__2026-01-27T16:28:00+00:00 [queued]>
[2026-01-27T16:29:04.268+0000] {taskinstance.py:2306} INFO - Starting attempt 1 of 2
[2026-01-27T16:29:04.271+0000] {taskinstance.py:2330} INFO - Executing <Task(PythonOperator): load_snowflake> on 2026-01-27 16:28:00+00:00
[2026-01-27T16:29:04.276+0000] {logging_mixin.py:188} WARNING - /home/***/.local/lib/python3.12/site-packages/***/task/task_runner/standard_task_runner.py:62 DeprecationWarning: This process (pid=15239) is multi-threaded, use of fork() may lead to deadlocks in the child.
[2026-01-27T16:29:04.276+0000] {standard_task_runner.py:64} INFO - Started process 15246 to run task
[2026-01-27T16:29:04.275+0000] {standard_task_runner.py:90} INFO - Running: ['***', 'tasks', 'run', 'minio_to_snowflake_banking', 'load_snowflake', 'scheduled__2026-01-27T16:28:00+00:00', '--job-id', '440', '--raw', '--subdir', 'DAGS_FOLDER/minio_to_snowflake_dag.py', '--cfg-path', '/tmp/tmp0n6o426q']
[2026-01-27T16:29:04.277+0000] {standard_task_runner.py:91} INFO - Job 440: Subtask load_snowflake
[2026-01-27T16:29:04.306+0000] {task_command.py:426} INFO - Running <TaskInstance: minio_to_snowflake_banking.load_snowflake scheduled__2026-01-27T16:28:00+00:00 [running]> on host f7e57c740e9e
[2026-01-27T16:29:04.357+0000] {taskinstance.py:2648} INFO - Exporting env vars: AIRFLOW_CTX_DAG_OWNER='***' AIRFLOW_CTX_DAG_ID='minio_to_snowflake_banking' AIRFLOW_CTX_TASK_ID='load_snowflake' AIRFLOW_CTX_EXECUTION_DATE='2026-01-27T16:28:00+00:00' AIRFLOW_CTX_TRY_NUMBER='1' AIRFLOW_CTX_DAG_RUN_ID='scheduled__2026-01-27T16:28:00+00:00'
[2026-01-27T16:29:04.357+0000] {taskinstance.py:430} INFO - ::endgroup::
[2026-01-27T16:29:04.373+0000] {connection.py:611} INFO - Snowflake Connector for Python Version: 4.2.0, Python Version: 3.12.4, Platform: Linux-6.10.14-linuxkit-aarch64-with-glibc2.36
[2026-01-27T16:29:04.373+0000] {connection.py:1695} INFO - Connecting to GLOBAL Snowflake domain
[2026-01-27T16:29:07.605+0000] {logging_mixin.py:188} INFO - Uploaded /tmp/minio_downloads/customers_215036692531.parquet -> @customers stage
[2026-01-27T16:29:08.016+0000] {logging_mixin.py:188} INFO - Uploaded /tmp/minio_downloads/customers_215046805845.parquet -> @customers stage
[2026-01-27T16:29:08.229+0000] {logging_mixin.py:188} INFO - Uploaded /tmp/minio_downloads/customers_215056955161.parquet -> @customers stage
[2026-01-27T16:29:08.425+0000] {logging_mixin.py:188} INFO - Uploaded /tmp/minio_downloads/customers_231527933510.parquet -> @customers stage
[2026-01-27T16:29:08.849+0000] {logging_mixin.py:188} INFO - Data loaded into customers
[2026-01-27T16:29:09.051+0000] {logging_mixin.py:188} INFO - Uploaded /tmp/minio_downloads/accounts_215036748655.parquet -> @accounts stage
[2026-01-27T16:29:09.272+0000] {logging_mixin.py:188} INFO - Uploaded /tmp/minio_downloads/accounts_215042772494.parquet -> @accounts stage
[2026-01-27T16:29:09.437+0000] {logging_mixin.py:188} INFO - Uploaded /tmp/minio_downloads/accounts_215052938889.parquet -> @accounts stage
[2026-01-27T16:29:09.871+0000] {logging_mixin.py:188} INFO - Data loaded into accounts
[2026-01-27T16:29:10.057+0000] {logging_mixin.py:188} INFO - Uploaded /tmp/minio_downloads/transactions_215036756342.parquet -> @transactions stage
[2026-01-27T16:29:10.246+0000] {logging_mixin.py:188} INFO - Uploaded /tmp/minio_downloads/transactions_215038694525.parquet -> @transactions stage
[2026-01-27T16:29:10.438+0000] {logging_mixin.py:188} INFO - Uploaded /tmp/minio_downloads/transactions_215040746814.parquet -> @transactions stage
[2026-01-27T16:29:10.654+0000] {logging_mixin.py:188} INFO - Uploaded /tmp/minio_downloads/transactions_215042801594.parquet -> @transactions stage
[2026-01-27T16:29:11.170+0000] {logging_mixin.py:188} INFO - Uploaded /tmp/minio_downloads/transactions_215044831571.parquet -> @transactions stage
[2026-01-27T16:29:11.413+0000] {logging_mixin.py:188} INFO - Uploaded /tmp/minio_downloads/transactions_215046920436.parquet -> @transactions stage
[2026-01-27T16:29:11.796+0000] {logging_mixin.py:188} INFO - Data loaded into transactions
[2026-01-27T16:29:12.416+0000] {python.py:237} INFO - Done. Returned value was: None
[2026-01-27T16:29:12.418+0000] {taskinstance.py:441} INFO - ::group::Post task execution logs
[2026-01-27T16:29:12.482+0000] {taskinstance.py:1206} INFO - Marking task as SUCCESS. dag_id=minio_to_snowflake_banking, task_id=load_snowflake, run_id=scheduled__2026-01-27T16:28:00+00:00, execution_date=20260127T162800, start_date=20260127T162904, end_date=20260127T162912
[2026-01-27T16:29:12.518+0000] {local_task_job_runner.py:243} INFO - Task exited with return code 0
[2026-01-27T16:29:12.537+0000] {taskinstance.py:3503} INFO - 0 downstream tasks scheduled from follow-on schedule check
[2026-01-27T16:29:12.538+0000] {local_task_job_runner.py:222} INFO - ::endgroup::
