[2026-01-27T23:41:02.644+0000] {local_task_job_runner.py:120} INFO - ::group::Pre task execution logs
[2026-01-27T23:41:02.664+0000] {taskinstance.py:2076} INFO - Dependencies all met for dep_context=non-requeueable deps ti=<TaskInstance: minio_to_snowflake_banking.download_minio scheduled__2026-01-27T23:40:00+00:00 [queued]>
[2026-01-27T23:41:02.667+0000] {taskinstance.py:2076} INFO - Dependencies all met for dep_context=requeueable deps ti=<TaskInstance: minio_to_snowflake_banking.download_minio scheduled__2026-01-27T23:40:00+00:00 [queued]>
[2026-01-27T23:41:02.667+0000] {taskinstance.py:2306} INFO - Starting attempt 1 of 2
[2026-01-27T23:41:02.671+0000] {taskinstance.py:2330} INFO - Executing <Task(PythonOperator): download_minio> on 2026-01-27 23:40:00+00:00
[2026-01-27T23:41:02.677+0000] {logging_mixin.py:188} WARNING - /home/***/.local/lib/python3.12/site-packages/***/task/task_runner/standard_task_runner.py:62 DeprecationWarning: This process (pid=8699) is multi-threaded, use of fork() may lead to deadlocks in the child.
[2026-01-27T23:41:02.676+0000] {standard_task_runner.py:90} INFO - Running: ['***', 'tasks', 'run', 'minio_to_snowflake_banking', 'download_minio', 'scheduled__2026-01-27T23:40:00+00:00', '--job-id', '1233', '--raw', '--subdir', 'DAGS_FOLDER/minio_to_snowflake_dag.py', '--cfg-path', '/tmp/tmp5an8e3qa']
[2026-01-27T23:41:02.678+0000] {standard_task_runner.py:64} INFO - Started process 8706 to run task
[2026-01-27T23:41:02.678+0000] {standard_task_runner.py:91} INFO - Job 1233: Subtask download_minio
[2026-01-27T23:41:02.705+0000] {task_command.py:426} INFO - Running <TaskInstance: minio_to_snowflake_banking.download_minio scheduled__2026-01-27T23:40:00+00:00 [running]> on host aa98137bd6c9
[2026-01-27T23:41:02.745+0000] {taskinstance.py:2648} INFO - Exporting env vars: AIRFLOW_CTX_DAG_OWNER='***' AIRFLOW_CTX_DAG_ID='minio_to_snowflake_banking' AIRFLOW_CTX_TASK_ID='download_minio' AIRFLOW_CTX_EXECUTION_DATE='2026-01-27T23:40:00+00:00' AIRFLOW_CTX_TRY_NUMBER='1' AIRFLOW_CTX_DAG_RUN_ID='scheduled__2026-01-27T23:40:00+00:00'
[2026-01-27T23:41:02.745+0000] {taskinstance.py:430} INFO - ::endgroup::
[2026-01-27T23:41:03.041+0000] {logging_mixin.py:188} INFO - Downloaded customers/date=2026-01-26/customers_215036692531.parquet -> /tmp/minio_downloads/customers_215036692531.parquet
[2026-01-27T23:41:03.047+0000] {logging_mixin.py:188} INFO - Downloaded customers/date=2026-01-26/customers_215046805845.parquet -> /tmp/minio_downloads/customers_215046805845.parquet
[2026-01-27T23:41:03.050+0000] {logging_mixin.py:188} INFO - Downloaded customers/date=2026-01-26/customers_215056955161.parquet -> /tmp/minio_downloads/customers_215056955161.parquet
[2026-01-27T23:41:03.053+0000] {logging_mixin.py:188} INFO - Downloaded customers/date=2026-01-26/customers_231527933510.parquet -> /tmp/minio_downloads/customers_231527933510.parquet
[2026-01-27T23:41:03.056+0000] {logging_mixin.py:188} INFO - Downloaded customers/date=2026-01-27/customers_155849738636.parquet -> /tmp/minio_downloads/customers_155849738636.parquet
[2026-01-27T23:41:03.059+0000] {logging_mixin.py:188} INFO - Downloaded customers/date=2026-01-27/customers_155849882767.parquet -> /tmp/minio_downloads/customers_155849882767.parquet
[2026-01-27T23:41:03.062+0000] {logging_mixin.py:188} INFO - Downloaded customers/date=2026-01-27/customers_174001095142.parquet -> /tmp/minio_downloads/customers_174001095142.parquet
[2026-01-27T23:41:03.065+0000] {logging_mixin.py:188} INFO - Downloaded customers/date=2026-01-27/customers_174011152580.parquet -> /tmp/minio_downloads/customers_174011152580.parquet
[2026-01-27T23:41:03.079+0000] {logging_mixin.py:188} INFO - Downloaded accounts/date=2026-01-26/accounts_215036748655.parquet -> /tmp/minio_downloads/accounts_215036748655.parquet
[2026-01-27T23:41:03.082+0000] {logging_mixin.py:188} INFO - Downloaded accounts/date=2026-01-26/accounts_215042772494.parquet -> /tmp/minio_downloads/accounts_215042772494.parquet
[2026-01-27T23:41:03.084+0000] {logging_mixin.py:188} INFO - Downloaded accounts/date=2026-01-26/accounts_215052938889.parquet -> /tmp/minio_downloads/accounts_215052938889.parquet
[2026-01-27T23:41:03.087+0000] {logging_mixin.py:188} INFO - Downloaded accounts/date=2026-01-27/accounts_155849895108.parquet -> /tmp/minio_downloads/accounts_155849895108.parquet
[2026-01-27T23:41:03.089+0000] {logging_mixin.py:188} INFO - Downloaded accounts/date=2026-01-27/accounts_155850399175.parquet -> /tmp/minio_downloads/accounts_155850399175.parquet
[2026-01-27T23:41:03.092+0000] {logging_mixin.py:188} INFO - Downloaded accounts/date=2026-01-27/accounts_155900598297.parquet -> /tmp/minio_downloads/accounts_155900598297.parquet
[2026-01-27T23:41:03.094+0000] {logging_mixin.py:188} INFO - Downloaded accounts/date=2026-01-27/accounts_174001243696.parquet -> /tmp/minio_downloads/accounts_174001243696.parquet
[2026-01-27T23:41:03.096+0000] {logging_mixin.py:188} INFO - Downloaded accounts/date=2026-01-27/accounts_174006554287.parquet -> /tmp/minio_downloads/accounts_174006554287.parquet
[2026-01-27T23:41:03.099+0000] {logging_mixin.py:188} INFO - Downloaded accounts/date=2026-01-27/accounts_174017196537.parquet -> /tmp/minio_downloads/accounts_174017196537.parquet
[2026-01-27T23:41:03.112+0000] {logging_mixin.py:188} INFO - Downloaded transactions/date=2026-01-26/transactions_215036756342.parquet -> /tmp/minio_downloads/transactions_215036756342.parquet
[2026-01-27T23:41:03.115+0000] {logging_mixin.py:188} INFO - Downloaded transactions/date=2026-01-26/transactions_215038694525.parquet -> /tmp/minio_downloads/transactions_215038694525.parquet
[2026-01-27T23:41:03.117+0000] {logging_mixin.py:188} INFO - Downloaded transactions/date=2026-01-26/transactions_215040746814.parquet -> /tmp/minio_downloads/transactions_215040746814.parquet
[2026-01-27T23:41:03.120+0000] {logging_mixin.py:188} INFO - Downloaded transactions/date=2026-01-26/transactions_215042801594.parquet -> /tmp/minio_downloads/transactions_215042801594.parquet
[2026-01-27T23:41:03.122+0000] {logging_mixin.py:188} INFO - Downloaded transactions/date=2026-01-26/transactions_215044831571.parquet -> /tmp/minio_downloads/transactions_215044831571.parquet
[2026-01-27T23:41:03.125+0000] {logging_mixin.py:188} INFO - Downloaded transactions/date=2026-01-26/transactions_215046920436.parquet -> /tmp/minio_downloads/transactions_215046920436.parquet
[2026-01-27T23:41:03.127+0000] {logging_mixin.py:188} INFO - Downloaded transactions/date=2026-01-27/transactions_155850338118.parquet -> /tmp/minio_downloads/transactions_155850338118.parquet
[2026-01-27T23:41:03.129+0000] {logging_mixin.py:188} INFO - Downloaded transactions/date=2026-01-27/transactions_155850425610.parquet -> /tmp/minio_downloads/transactions_155850425610.parquet
[2026-01-27T23:41:03.132+0000] {logging_mixin.py:188} INFO - Downloaded transactions/date=2026-01-27/transactions_155850484961.parquet -> /tmp/minio_downloads/transactions_155850484961.parquet
[2026-01-27T23:41:03.134+0000] {logging_mixin.py:188} INFO - Downloaded transactions/date=2026-01-27/transactions_155850517598.parquet -> /tmp/minio_downloads/transactions_155850517598.parquet
[2026-01-27T23:41:03.136+0000] {logging_mixin.py:188} INFO - Downloaded transactions/date=2026-01-27/transactions_155850559668.parquet -> /tmp/minio_downloads/transactions_155850559668.parquet
[2026-01-27T23:41:03.138+0000] {logging_mixin.py:188} INFO - Downloaded transactions/date=2026-01-27/transactions_155900640835.parquet -> /tmp/minio_downloads/transactions_155900640835.parquet
[2026-01-27T23:41:03.142+0000] {logging_mixin.py:188} INFO - Downloaded transactions/date=2026-01-27/transactions_174001255061.parquet -> /tmp/minio_downloads/transactions_174001255061.parquet
[2026-01-27T23:41:03.144+0000] {logging_mixin.py:188} INFO - Downloaded transactions/date=2026-01-27/transactions_174003043256.parquet -> /tmp/minio_downloads/transactions_174003043256.parquet
[2026-01-27T23:41:03.147+0000] {logging_mixin.py:188} INFO - Downloaded transactions/date=2026-01-27/transactions_174004537184.parquet -> /tmp/minio_downloads/transactions_174004537184.parquet
[2026-01-27T23:41:03.149+0000] {logging_mixin.py:188} INFO - Downloaded transactions/date=2026-01-27/transactions_174006634556.parquet -> /tmp/minio_downloads/transactions_174006634556.parquet
[2026-01-27T23:41:03.151+0000] {logging_mixin.py:188} INFO - Downloaded transactions/date=2026-01-27/transactions_174009125643.parquet -> /tmp/minio_downloads/transactions_174009125643.parquet
[2026-01-27T23:41:03.152+0000] {python.py:237} INFO - Done. Returned value was: {'customers': ['/tmp/minio_downloads/customers_215036692531.parquet', '/tmp/minio_downloads/customers_215046805845.parquet', '/tmp/minio_downloads/customers_215056955161.parquet', '/tmp/minio_downloads/customers_231527933510.parquet', '/tmp/minio_downloads/customers_155849738636.parquet', '/tmp/minio_downloads/customers_155849882767.parquet', '/tmp/minio_downloads/customers_174001095142.parquet', '/tmp/minio_downloads/customers_174011152580.parquet'], 'accounts': ['/tmp/minio_downloads/accounts_215036748655.parquet', '/tmp/minio_downloads/accounts_215042772494.parquet', '/tmp/minio_downloads/accounts_215052938889.parquet', '/tmp/minio_downloads/accounts_155849895108.parquet', '/tmp/minio_downloads/accounts_155850399175.parquet', '/tmp/minio_downloads/accounts_155900598297.parquet', '/tmp/minio_downloads/accounts_174001243696.parquet', '/tmp/minio_downloads/accounts_174006554287.parquet', '/tmp/minio_downloads/accounts_174017196537.parquet'], 'transactions': ['/tmp/minio_downloads/transactions_215036756342.parquet', '/tmp/minio_downloads/transactions_215038694525.parquet', '/tmp/minio_downloads/transactions_215040746814.parquet', '/tmp/minio_downloads/transactions_215042801594.parquet', '/tmp/minio_downloads/transactions_215044831571.parquet', '/tmp/minio_downloads/transactions_215046920436.parquet', '/tmp/minio_downloads/transactions_155850338118.parquet', '/tmp/minio_downloads/transactions_155850425610.parquet', '/tmp/minio_downloads/transactions_155850484961.parquet', '/tmp/minio_downloads/transactions_155850517598.parquet', '/tmp/minio_downloads/transactions_155850559668.parquet', '/tmp/minio_downloads/transactions_155900640835.parquet', '/tmp/minio_downloads/transactions_174001255061.parquet', '/tmp/minio_downloads/transactions_174003043256.parquet', '/tmp/minio_downloads/transactions_174004537184.parquet', '/tmp/minio_downloads/transactions_174006634556.parquet', '/tmp/minio_downloads/transactions_174009125643.parquet']}
[2026-01-27T23:41:03.153+0000] {taskinstance.py:441} INFO - ::group::Post task execution logs
[2026-01-27T23:41:03.183+0000] {taskinstance.py:1206} INFO - Marking task as SUCCESS. dag_id=minio_to_snowflake_banking, task_id=download_minio, run_id=scheduled__2026-01-27T23:40:00+00:00, execution_date=20260127T234000, start_date=20260127T234102, end_date=20260127T234103
[2026-01-27T23:41:03.227+0000] {local_task_job_runner.py:243} INFO - Task exited with return code 0
[2026-01-27T23:41:03.237+0000] {taskinstance.py:3503} INFO - 1 downstream tasks scheduled from follow-on schedule check
[2026-01-27T23:41:03.238+0000] {local_task_job_runner.py:222} INFO - ::endgroup::
