[2026-01-27T02:24:11.839+0000] {local_task_job_runner.py:120} INFO - ::group::Pre task execution logs
[2026-01-27T02:24:11.849+0000] {taskinstance.py:2076} INFO - Dependencies all met for dep_context=non-requeueable deps ti=<TaskInstance: minio_to_snowflake_banking.load_snowflake scheduled__2026-01-27T02:23:00+00:00 [queued]>
[2026-01-27T02:24:11.852+0000] {taskinstance.py:2076} INFO - Dependencies all met for dep_context=requeueable deps ti=<TaskInstance: minio_to_snowflake_banking.load_snowflake scheduled__2026-01-27T02:23:00+00:00 [queued]>
[2026-01-27T02:24:11.852+0000] {taskinstance.py:2306} INFO - Starting attempt 1 of 2
[2026-01-27T02:24:11.856+0000] {taskinstance.py:2330} INFO - Executing <Task(PythonOperator): load_snowflake> on 2026-01-27 02:23:00+00:00
[2026-01-27T02:24:11.860+0000] {logging_mixin.py:188} WARNING - /home/***/.local/lib/python3.12/site-packages/***/task/task_runner/standard_task_runner.py:62 DeprecationWarning: This process (pid=1852) is multi-threaded, use of fork() may lead to deadlocks in the child.
[2026-01-27T02:24:11.860+0000] {standard_task_runner.py:90} INFO - Running: ['***', 'tasks', 'run', 'minio_to_snowflake_banking', 'load_snowflake', 'scheduled__2026-01-27T02:23:00+00:00', '--job-id', '256', '--raw', '--subdir', 'DAGS_FOLDER/minio_to_snowflake_dag.py', '--cfg-path', '/tmp/tmpsq9s8j_f']
[2026-01-27T02:24:11.861+0000] {standard_task_runner.py:64} INFO - Started process 1859 to run task
[2026-01-27T02:24:11.861+0000] {standard_task_runner.py:91} INFO - Job 256: Subtask load_snowflake
[2026-01-27T02:24:11.879+0000] {task_command.py:426} INFO - Running <TaskInstance: minio_to_snowflake_banking.load_snowflake scheduled__2026-01-27T02:23:00+00:00 [running]> on host e566996476d9
[2026-01-27T02:24:11.912+0000] {taskinstance.py:2648} INFO - Exporting env vars: AIRFLOW_CTX_DAG_OWNER='***' AIRFLOW_CTX_DAG_ID='minio_to_snowflake_banking' AIRFLOW_CTX_TASK_ID='load_snowflake' AIRFLOW_CTX_EXECUTION_DATE='2026-01-27T02:23:00+00:00' AIRFLOW_CTX_TRY_NUMBER='1' AIRFLOW_CTX_DAG_RUN_ID='scheduled__2026-01-27T02:23:00+00:00'
[2026-01-27T02:24:11.912+0000] {taskinstance.py:430} INFO - ::endgroup::
[2026-01-27T02:24:11.921+0000] {connection.py:611} INFO - Snowflake Connector for Python Version: 4.2.0, Python Version: 3.12.4, Platform: Linux-6.10.14-linuxkit-aarch64-with-glibc2.36
[2026-01-27T02:24:11.921+0000] {connection.py:1695} INFO - Connecting to GLOBAL Snowflake domain
[2026-01-27T02:24:15.195+0000] {logging_mixin.py:188} INFO - Uploaded /tmp/minio_downloads/customers_195743096976.parquet -> @customers stage
[2026-01-27T02:24:15.466+0000] {logging_mixin.py:188} INFO - Uploaded /tmp/minio_downloads/customers_195753837058.parquet -> @customers stage
[2026-01-27T02:24:16.010+0000] {logging_mixin.py:188} INFO - Data loaded into customers
[2026-01-27T02:24:16.253+0000] {logging_mixin.py:188} INFO - Uploaded /tmp/minio_downloads/accounts_195743143348.parquet -> @accounts stage
[2026-01-27T02:24:16.468+0000] {logging_mixin.py:188} INFO - Uploaded /tmp/minio_downloads/accounts_195748712467.parquet -> @accounts stage
[2026-01-27T02:24:16.666+0000] {logging_mixin.py:188} INFO - Uploaded /tmp/minio_downloads/accounts_195758854697.parquet -> @accounts stage
[2026-01-27T02:24:17.178+0000] {logging_mixin.py:188} INFO - Data loaded into accounts
[2026-01-27T02:24:17.361+0000] {logging_mixin.py:188} INFO - Uploaded /tmp/minio_downloads/transactions_195743150534.parquet -> @transactions stage
[2026-01-27T02:24:17.536+0000] {logging_mixin.py:188} INFO - Uploaded /tmp/minio_downloads/transactions_195745131628.parquet -> @transactions stage
[2026-01-27T02:24:17.720+0000] {logging_mixin.py:188} INFO - Uploaded /tmp/minio_downloads/transactions_195747184746.parquet -> @transactions stage
[2026-01-27T02:24:17.915+0000] {logging_mixin.py:188} INFO - Uploaded /tmp/minio_downloads/transactions_195748747291.parquet -> @transactions stage
[2026-01-27T02:24:18.065+0000] {logging_mixin.py:188} INFO - Uploaded /tmp/minio_downloads/transactions_195750828298.parquet -> @transactions stage
[2026-01-27T02:24:18.676+0000] {logging_mixin.py:188} INFO - Data loaded into transactions
[2026-01-27T02:24:18.800+0000] {python.py:237} INFO - Done. Returned value was: None
[2026-01-27T02:24:18.802+0000] {taskinstance.py:441} INFO - ::group::Post task execution logs
[2026-01-27T02:24:18.820+0000] {taskinstance.py:1206} INFO - Marking task as SUCCESS. dag_id=minio_to_snowflake_banking, task_id=load_snowflake, run_id=scheduled__2026-01-27T02:23:00+00:00, execution_date=20260127T022300, start_date=20260127T022411, end_date=20260127T022418
[2026-01-27T02:24:18.843+0000] {local_task_job_runner.py:243} INFO - Task exited with return code 0
[2026-01-27T02:24:18.855+0000] {taskinstance.py:3503} INFO - 0 downstream tasks scheduled from follow-on schedule check
[2026-01-27T02:24:18.856+0000] {local_task_job_runner.py:222} INFO - ::endgroup::
