[2026-01-27T23:33:04.550+0000] {local_task_job_runner.py:120} INFO - ::group::Pre task execution logs
[2026-01-27T23:33:04.563+0000] {taskinstance.py:2076} INFO - Dependencies all met for dep_context=non-requeueable deps ti=<TaskInstance: minio_to_snowflake_banking.load_snowflake scheduled__2026-01-27T23:32:00+00:00 [queued]>
[2026-01-27T23:33:04.566+0000] {taskinstance.py:2076} INFO - Dependencies all met for dep_context=requeueable deps ti=<TaskInstance: minio_to_snowflake_banking.load_snowflake scheduled__2026-01-27T23:32:00+00:00 [queued]>
[2026-01-27T23:33:04.566+0000] {taskinstance.py:2306} INFO - Starting attempt 1 of 2
[2026-01-27T23:33:04.570+0000] {taskinstance.py:2330} INFO - Executing <Task(PythonOperator): load_snowflake> on 2026-01-27 23:32:00+00:00
[2026-01-27T23:33:04.574+0000] {logging_mixin.py:188} WARNING - /home/***/.local/lib/python3.12/site-packages/***/task/task_runner/standard_task_runner.py:62 DeprecationWarning: This process (pid=7891) is multi-threaded, use of fork() may lead to deadlocks in the child.
[2026-01-27T23:33:04.574+0000] {standard_task_runner.py:90} INFO - Running: ['***', 'tasks', 'run', 'minio_to_snowflake_banking', 'load_snowflake', 'scheduled__2026-01-27T23:32:00+00:00', '--job-id', '1218', '--raw', '--subdir', 'DAGS_FOLDER/minio_to_snowflake_dag.py', '--cfg-path', '/tmp/tmpc958yipm']
[2026-01-27T23:33:04.575+0000] {standard_task_runner.py:91} INFO - Job 1218: Subtask load_snowflake
[2026-01-27T23:33:04.575+0000] {standard_task_runner.py:64} INFO - Started process 7898 to run task
[2026-01-27T23:33:04.594+0000] {task_command.py:426} INFO - Running <TaskInstance: minio_to_snowflake_banking.load_snowflake scheduled__2026-01-27T23:32:00+00:00 [running]> on host aa98137bd6c9
[2026-01-27T23:33:04.626+0000] {taskinstance.py:2648} INFO - Exporting env vars: AIRFLOW_CTX_DAG_OWNER='***' AIRFLOW_CTX_DAG_ID='minio_to_snowflake_banking' AIRFLOW_CTX_TASK_ID='load_snowflake' AIRFLOW_CTX_EXECUTION_DATE='2026-01-27T23:32:00+00:00' AIRFLOW_CTX_TRY_NUMBER='1' AIRFLOW_CTX_DAG_RUN_ID='scheduled__2026-01-27T23:32:00+00:00'
[2026-01-27T23:33:04.627+0000] {taskinstance.py:430} INFO - ::endgroup::
[2026-01-27T23:33:04.636+0000] {connection.py:611} INFO - Snowflake Connector for Python Version: 4.2.0, Python Version: 3.12.4, Platform: Linux-6.10.14-linuxkit-aarch64-with-glibc2.36
[2026-01-27T23:33:04.637+0000] {connection.py:1695} INFO - Connecting to GLOBAL Snowflake domain
[2026-01-27T23:33:08.258+0000] {logging_mixin.py:188} INFO - Uploaded /tmp/minio_downloads/customers_215036692531.parquet -> @customers stage
[2026-01-27T23:33:08.456+0000] {logging_mixin.py:188} INFO - Uploaded /tmp/minio_downloads/customers_215046805845.parquet -> @customers stage
[2026-01-27T23:33:08.654+0000] {logging_mixin.py:188} INFO - Uploaded /tmp/minio_downloads/customers_215056955161.parquet -> @customers stage
[2026-01-27T23:33:08.876+0000] {logging_mixin.py:188} INFO - Uploaded /tmp/minio_downloads/customers_231527933510.parquet -> @customers stage
[2026-01-27T23:33:09.064+0000] {logging_mixin.py:188} INFO - Uploaded /tmp/minio_downloads/customers_155849738636.parquet -> @customers stage
[2026-01-27T23:33:09.267+0000] {logging_mixin.py:188} INFO - Uploaded /tmp/minio_downloads/customers_155849882767.parquet -> @customers stage
[2026-01-27T23:33:09.834+0000] {logging_mixin.py:188} INFO - Data loaded into customers
[2026-01-27T23:33:10.029+0000] {logging_mixin.py:188} INFO - Uploaded /tmp/minio_downloads/accounts_215036748655.parquet -> @accounts stage
[2026-01-27T23:33:10.218+0000] {logging_mixin.py:188} INFO - Uploaded /tmp/minio_downloads/accounts_215042772494.parquet -> @accounts stage
[2026-01-27T23:33:10.393+0000] {logging_mixin.py:188} INFO - Uploaded /tmp/minio_downloads/accounts_215052938889.parquet -> @accounts stage
[2026-01-27T23:33:10.660+0000] {logging_mixin.py:188} INFO - Uploaded /tmp/minio_downloads/accounts_155849895108.parquet -> @accounts stage
[2026-01-27T23:33:10.840+0000] {logging_mixin.py:188} INFO - Uploaded /tmp/minio_downloads/accounts_155850399175.parquet -> @accounts stage
[2026-01-27T23:33:11.078+0000] {logging_mixin.py:188} INFO - Uploaded /tmp/minio_downloads/accounts_155900598297.parquet -> @accounts stage
[2026-01-27T23:33:11.522+0000] {logging_mixin.py:188} INFO - Data loaded into accounts
[2026-01-27T23:33:11.724+0000] {logging_mixin.py:188} INFO - Uploaded /tmp/minio_downloads/transactions_215036756342.parquet -> @transactions stage
[2026-01-27T23:33:11.921+0000] {logging_mixin.py:188} INFO - Uploaded /tmp/minio_downloads/transactions_215038694525.parquet -> @transactions stage
[2026-01-27T23:33:12.095+0000] {logging_mixin.py:188} INFO - Uploaded /tmp/minio_downloads/transactions_215040746814.parquet -> @transactions stage
[2026-01-27T23:33:12.285+0000] {logging_mixin.py:188} INFO - Uploaded /tmp/minio_downloads/transactions_215042801594.parquet -> @transactions stage
[2026-01-27T23:33:12.448+0000] {logging_mixin.py:188} INFO - Uploaded /tmp/minio_downloads/transactions_215044831571.parquet -> @transactions stage
[2026-01-27T23:33:12.621+0000] {logging_mixin.py:188} INFO - Uploaded /tmp/minio_downloads/transactions_215046920436.parquet -> @transactions stage
[2026-01-27T23:33:12.764+0000] {logging_mixin.py:188} INFO - Uploaded /tmp/minio_downloads/transactions_155850338118.parquet -> @transactions stage
[2026-01-27T23:33:12.960+0000] {logging_mixin.py:188} INFO - Uploaded /tmp/minio_downloads/transactions_155850425610.parquet -> @transactions stage
[2026-01-27T23:33:13.139+0000] {logging_mixin.py:188} INFO - Uploaded /tmp/minio_downloads/transactions_155850484961.parquet -> @transactions stage
[2026-01-27T23:33:13.317+0000] {logging_mixin.py:188} INFO - Uploaded /tmp/minio_downloads/transactions_155850517598.parquet -> @transactions stage
[2026-01-27T23:33:13.467+0000] {logging_mixin.py:188} INFO - Uploaded /tmp/minio_downloads/transactions_155850559668.parquet -> @transactions stage
[2026-01-27T23:33:13.684+0000] {logging_mixin.py:188} INFO - Uploaded /tmp/minio_downloads/transactions_155900640835.parquet -> @transactions stage
[2026-01-27T23:33:14.090+0000] {logging_mixin.py:188} INFO - Data loaded into transactions
[2026-01-27T23:33:14.194+0000] {python.py:237} INFO - Done. Returned value was: None
[2026-01-27T23:33:14.195+0000] {taskinstance.py:441} INFO - ::group::Post task execution logs
[2026-01-27T23:33:14.213+0000] {taskinstance.py:1206} INFO - Marking task as SUCCESS. dag_id=minio_to_snowflake_banking, task_id=load_snowflake, run_id=scheduled__2026-01-27T23:32:00+00:00, execution_date=20260127T233200, start_date=20260127T233304, end_date=20260127T233314
[2026-01-27T23:33:14.265+0000] {local_task_job_runner.py:243} INFO - Task exited with return code 0
[2026-01-27T23:33:14.278+0000] {taskinstance.py:3503} INFO - 0 downstream tasks scheduled from follow-on schedule check
[2026-01-27T23:33:14.279+0000] {local_task_job_runner.py:222} INFO - ::endgroup::
