[2026-01-27T01:27:36.171+0000] {local_task_job_runner.py:120} INFO - ::group::Pre task execution logs
[2026-01-27T01:27:36.194+0000] {taskinstance.py:2076} INFO - Dependencies all met for dep_context=non-requeueable deps ti=<TaskInstance: minio_to_snowflake_banking.download_minio manual__2026-01-27T01:27:14.102281+00:00 [queued]>
[2026-01-27T01:27:36.198+0000] {taskinstance.py:2076} INFO - Dependencies all met for dep_context=requeueable deps ti=<TaskInstance: minio_to_snowflake_banking.download_minio manual__2026-01-27T01:27:14.102281+00:00 [queued]>
[2026-01-27T01:27:36.198+0000] {taskinstance.py:2306} INFO - Starting attempt 1 of 2
[2026-01-27T01:27:36.204+0000] {taskinstance.py:2330} INFO - Executing <Task(PythonOperator): download_minio> on 2026-01-27 01:27:14.102281+00:00
[2026-01-27T01:27:36.210+0000] {logging_mixin.py:188} WARNING - /home/***/.local/lib/python3.12/site-packages/***/task/task_runner/standard_task_runner.py:62 DeprecationWarning: This process (pid=11089) is multi-threaded, use of fork() may lead to deadlocks in the child.
[2026-01-27T01:27:36.208+0000] {standard_task_runner.py:90} INFO - Running: ['***', 'tasks', 'run', 'minio_to_snowflake_banking', 'download_minio', 'manual__2026-01-27T01:27:14.102281+00:00', '--job-id', '156', '--raw', '--subdir', 'DAGS_FOLDER/minio_to_snowflake_dag.py', '--cfg-path', '/tmp/tmpsh9hzdg1']
[2026-01-27T01:27:36.212+0000] {standard_task_runner.py:64} INFO - Started process 11096 to run task
[2026-01-27T01:27:36.212+0000] {standard_task_runner.py:91} INFO - Job 156: Subtask download_minio
[2026-01-27T01:27:36.241+0000] {task_command.py:426} INFO - Running <TaskInstance: minio_to_snowflake_banking.download_minio manual__2026-01-27T01:27:14.102281+00:00 [running]> on host bac6151482a5
[2026-01-27T01:27:36.275+0000] {taskinstance.py:2648} INFO - Exporting env vars: AIRFLOW_CTX_DAG_OWNER='***' AIRFLOW_CTX_DAG_ID='minio_to_snowflake_banking' AIRFLOW_CTX_TASK_ID='download_minio' AIRFLOW_CTX_EXECUTION_DATE='2026-01-27T01:27:14.102281+00:00' AIRFLOW_CTX_TRY_NUMBER='1' AIRFLOW_CTX_DAG_RUN_ID='manual__2026-01-27T01:27:14.102281+00:00'
[2026-01-27T01:27:36.276+0000] {taskinstance.py:430} INFO - ::endgroup::
[2026-01-27T01:27:36.484+0000] {logging_mixin.py:188} INFO - Downloaded customers/date=2026-01-26/customers_144103576074.parquet -> /tmp/minio_downloads/customers_144103576074.parquet
[2026-01-27T01:27:36.487+0000] {logging_mixin.py:188} INFO - Downloaded customers/date=2026-01-26/customers_144227218931.parquet -> /tmp/minio_downloads/customers_144227218931.parquet
[2026-01-27T01:27:36.490+0000] {logging_mixin.py:188} INFO - Downloaded customers/date=2026-01-26/customers_182509845138.parquet -> /tmp/minio_downloads/customers_182509845138.parquet
[2026-01-27T01:27:36.492+0000] {logging_mixin.py:188} INFO - Downloaded customers/date=2026-01-26/customers_185216126542.parquet -> /tmp/minio_downloads/customers_185216126542.parquet
[2026-01-27T01:27:36.495+0000] {logging_mixin.py:188} INFO - Downloaded customers/date=2026-01-26/customers_192313648895.parquet -> /tmp/minio_downloads/customers_192313648895.parquet
[2026-01-27T01:27:36.497+0000] {logging_mixin.py:188} INFO - Downloaded customers/date=2026-01-26/customers_192324367953.parquet -> /tmp/minio_downloads/customers_192324367953.parquet
[2026-01-27T01:27:36.501+0000] {logging_mixin.py:188} INFO - Downloaded customers/date=2026-01-26/customers_192445544451.parquet -> /tmp/minio_downloads/customers_192445544451.parquet
[2026-01-27T01:27:36.503+0000] {logging_mixin.py:188} INFO - Downloaded customers/date=2026-01-26/customers_192523795761.parquet -> /tmp/minio_downloads/customers_192523795761.parquet
[2026-01-27T01:27:36.506+0000] {logging_mixin.py:188} INFO - Downloaded customers/date=2026-01-26/customers_192534635947.parquet -> /tmp/minio_downloads/customers_192534635947.parquet
[2026-01-27T01:27:36.508+0000] {logging_mixin.py:188} INFO - Downloaded customers/date=2026-01-26/customers_192544882833.parquet -> /tmp/minio_downloads/customers_192544882833.parquet
[2026-01-27T01:27:36.511+0000] {logging_mixin.py:188} INFO - Downloaded customers/date=2026-01-26/customers_192549039267.parquet -> /tmp/minio_downloads/customers_192549039267.parquet
[2026-01-27T01:27:36.513+0000] {logging_mixin.py:188} INFO - Downloaded customers/date=2026-01-26/customers_192553094440.parquet -> /tmp/minio_downloads/customers_192553094440.parquet
[2026-01-27T01:27:36.515+0000] {logging_mixin.py:188} INFO - Downloaded customers/date=2026-01-26/customers_192559181148.parquet -> /tmp/minio_downloads/customers_192559181148.parquet
[2026-01-27T01:27:36.518+0000] {logging_mixin.py:188} INFO - Downloaded customers/date=2026-01-26/customers_192609880926.parquet -> /tmp/minio_downloads/customers_192609880926.parquet
[2026-01-27T01:27:36.528+0000] {logging_mixin.py:188} INFO - Downloaded accounts/date=2026-01-26/accounts_144103643994.parquet -> /tmp/minio_downloads/accounts_144103643994.parquet
[2026-01-27T01:27:36.531+0000] {logging_mixin.py:188} INFO - Downloaded accounts/date=2026-01-26/accounts_144103653564.parquet -> /tmp/minio_downloads/accounts_144103653564.parquet
[2026-01-27T01:27:36.533+0000] {logging_mixin.py:188} INFO - Downloaded accounts/date=2026-01-26/accounts_144223151465.parquet -> /tmp/minio_downloads/accounts_144223151465.parquet
[2026-01-27T01:27:36.536+0000] {logging_mixin.py:188} INFO - Downloaded accounts/date=2026-01-26/accounts_144227246704.parquet -> /tmp/minio_downloads/accounts_144227246704.parquet
[2026-01-27T01:27:36.538+0000] {logging_mixin.py:188} INFO - Downloaded accounts/date=2026-01-26/accounts_182505783461.parquet -> /tmp/minio_downloads/accounts_182505783461.parquet
[2026-01-27T01:27:36.541+0000] {logging_mixin.py:188} INFO - Downloaded accounts/date=2026-01-26/accounts_182509835534.parquet -> /tmp/minio_downloads/accounts_182509835534.parquet
[2026-01-27T01:27:36.543+0000] {logging_mixin.py:188} INFO - Downloaded accounts/date=2026-01-26/accounts_185211951102.parquet -> /tmp/minio_downloads/accounts_185211951102.parquet
[2026-01-27T01:27:36.545+0000] {logging_mixin.py:188} INFO - Downloaded accounts/date=2026-01-26/accounts_185216176088.parquet -> /tmp/minio_downloads/accounts_185216176088.parquet
[2026-01-27T01:27:36.548+0000] {logging_mixin.py:188} INFO - Downloaded accounts/date=2026-01-26/accounts_192310101946.parquet -> /tmp/minio_downloads/accounts_192310101946.parquet
[2026-01-27T01:27:36.550+0000] {logging_mixin.py:188} INFO - Downloaded accounts/date=2026-01-26/accounts_192313689393.parquet -> /tmp/minio_downloads/accounts_192313689393.parquet
[2026-01-27T01:27:36.552+0000] {logging_mixin.py:188} INFO - Downloaded accounts/date=2026-01-26/accounts_192320305010.parquet -> /tmp/minio_downloads/accounts_192320305010.parquet
[2026-01-27T01:27:36.554+0000] {logging_mixin.py:188} INFO - Downloaded accounts/date=2026-01-26/accounts_192324395547.parquet -> /tmp/minio_downloads/accounts_192324395547.parquet
[2026-01-27T01:27:36.558+0000] {logging_mixin.py:188} INFO - Downloaded accounts/date=2026-01-26/accounts_192441480250.parquet -> /tmp/minio_downloads/accounts_192441480250.parquet
[2026-01-27T01:27:36.560+0000] {logging_mixin.py:188} INFO - Downloaded accounts/date=2026-01-26/accounts_192445620078.parquet -> /tmp/minio_downloads/accounts_192445620078.parquet
[2026-01-27T01:27:36.563+0000] {logging_mixin.py:188} INFO - Downloaded accounts/date=2026-01-26/accounts_192523616219.parquet -> /tmp/minio_downloads/accounts_192523616219.parquet
[2026-01-27T01:27:36.565+0000] {logging_mixin.py:188} INFO - Downloaded accounts/date=2026-01-26/accounts_192523997918.parquet -> /tmp/minio_downloads/accounts_192523997918.parquet
[2026-01-27T01:27:36.568+0000] {logging_mixin.py:188} INFO - Downloaded accounts/date=2026-01-26/accounts_192524206696.parquet -> /tmp/minio_downloads/accounts_192524206696.parquet
[2026-01-27T01:27:36.570+0000] {logging_mixin.py:188} INFO - Downloaded accounts/date=2026-01-26/accounts_192542396098.parquet -> /tmp/minio_downloads/accounts_192542396098.parquet
[2026-01-27T01:27:36.572+0000] {logging_mixin.py:188} INFO - Downloaded accounts/date=2026-01-26/accounts_192544981225.parquet -> /tmp/minio_downloads/accounts_192544981225.parquet
[2026-01-27T01:27:36.575+0000] {logging_mixin.py:188} INFO - Downloaded accounts/date=2026-01-26/accounts_192547032657.parquet -> /tmp/minio_downloads/accounts_192547032657.parquet
[2026-01-27T01:27:36.577+0000] {logging_mixin.py:188} INFO - Downloaded accounts/date=2026-01-26/accounts_192549085973.parquet -> /tmp/minio_downloads/accounts_192549085973.parquet
[2026-01-27T01:27:36.580+0000] {logging_mixin.py:188} INFO - Downloaded accounts/date=2026-01-26/accounts_192553109967.parquet -> /tmp/minio_downloads/accounts_192553109967.parquet
[2026-01-27T01:27:36.582+0000] {logging_mixin.py:188} INFO - Downloaded accounts/date=2026-01-26/accounts_192555127526.parquet -> /tmp/minio_downloads/accounts_192555127526.parquet
[2026-01-27T01:27:36.585+0000] {logging_mixin.py:188} INFO - Downloaded accounts/date=2026-01-26/accounts_192559220011.parquet -> /tmp/minio_downloads/accounts_192559220011.parquet
[2026-01-27T01:27:36.587+0000] {logging_mixin.py:188} INFO - Downloaded accounts/date=2026-01-26/accounts_192605245152.parquet -> /tmp/minio_downloads/accounts_192605245152.parquet
[2026-01-27T01:27:36.589+0000] {logging_mixin.py:188} INFO - Downloaded accounts/date=2026-01-26/accounts_192609929824.parquet -> /tmp/minio_downloads/accounts_192609929824.parquet
[2026-01-27T01:27:36.604+0000] {logging_mixin.py:188} INFO - Downloaded transactions/date=2026-01-26/transactions_144103762925.parquet -> /tmp/minio_downloads/transactions_144103762925.parquet
[2026-01-27T01:27:36.606+0000] {logging_mixin.py:188} INFO - Downloaded transactions/date=2026-01-26/transactions_144103775606.parquet -> /tmp/minio_downloads/transactions_144103775606.parquet
[2026-01-27T01:27:36.609+0000] {logging_mixin.py:188} INFO - Downloaded transactions/date=2026-01-26/transactions_144103863430.parquet -> /tmp/minio_downloads/transactions_144103863430.parquet
[2026-01-27T01:27:36.611+0000] {logging_mixin.py:188} INFO - Downloaded transactions/date=2026-01-26/transactions_144103871284.parquet -> /tmp/minio_downloads/transactions_144103871284.parquet
[2026-01-27T01:27:36.614+0000] {logging_mixin.py:188} INFO - Downloaded transactions/date=2026-01-26/transactions_144103881590.parquet -> /tmp/minio_downloads/transactions_144103881590.parquet
[2026-01-27T01:27:36.616+0000] {logging_mixin.py:188} INFO - Downloaded transactions/date=2026-01-26/transactions_144219122553.parquet -> /tmp/minio_downloads/transactions_144219122553.parquet
[2026-01-27T01:27:36.618+0000] {logging_mixin.py:188} INFO - Downloaded transactions/date=2026-01-26/transactions_144220621553.parquet -> /tmp/minio_downloads/transactions_144220621553.parquet
[2026-01-27T01:27:36.621+0000] {logging_mixin.py:188} INFO - Downloaded transactions/date=2026-01-26/transactions_144223166901.parquet -> /tmp/minio_downloads/transactions_144223166901.parquet
[2026-01-27T01:27:36.623+0000] {logging_mixin.py:188} INFO - Downloaded transactions/date=2026-01-26/transactions_144225187405.parquet -> /tmp/minio_downloads/transactions_144225187405.parquet
[2026-01-27T01:27:36.625+0000] {logging_mixin.py:188} INFO - Downloaded transactions/date=2026-01-26/transactions_144227254007.parquet -> /tmp/minio_downloads/transactions_144227254007.parquet
[2026-01-27T01:27:36.628+0000] {logging_mixin.py:188} INFO - Downloaded transactions/date=2026-01-26/transactions_182502247603.parquet -> /tmp/minio_downloads/transactions_182502247603.parquet
[2026-01-27T01:27:36.631+0000] {logging_mixin.py:188} INFO - Downloaded transactions/date=2026-01-26/transactions_182503745994.parquet -> /tmp/minio_downloads/transactions_182503745994.parquet
[2026-01-27T01:27:36.633+0000] {logging_mixin.py:188} INFO - Downloaded transactions/date=2026-01-26/transactions_182505806158.parquet -> /tmp/minio_downloads/transactions_182505806158.parquet
[2026-01-27T01:27:36.636+0000] {logging_mixin.py:188} INFO - Downloaded transactions/date=2026-01-26/transactions_182507820889.parquet -> /tmp/minio_downloads/transactions_182507820889.parquet
[2026-01-27T01:27:36.640+0000] {logging_mixin.py:188} INFO - Downloaded transactions/date=2026-01-26/transactions_182509861044.parquet -> /tmp/minio_downloads/transactions_182509861044.parquet
[2026-01-27T01:27:36.643+0000] {logging_mixin.py:188} INFO - Downloaded transactions/date=2026-01-26/transactions_184131730922.parquet -> /tmp/minio_downloads/transactions_184131730922.parquet
[2026-01-27T01:27:36.645+0000] {logging_mixin.py:188} INFO - Downloaded transactions/date=2026-01-26/transactions_184132267556.parquet -> /tmp/minio_downloads/transactions_184132267556.parquet
[2026-01-27T01:27:36.647+0000] {logging_mixin.py:188} INFO - Downloaded transactions/date=2026-01-26/transactions_185212015172.parquet -> /tmp/minio_downloads/transactions_185212015172.parquet
[2026-01-27T01:27:36.650+0000] {logging_mixin.py:188} INFO - Downloaded transactions/date=2026-01-26/transactions_185214037206.parquet -> /tmp/minio_downloads/transactions_185214037206.parquet
[2026-01-27T01:27:36.652+0000] {logging_mixin.py:188} INFO - Downloaded transactions/date=2026-01-26/transactions_185216168765.parquet -> /tmp/minio_downloads/transactions_185216168765.parquet
[2026-01-27T01:27:36.654+0000] {logging_mixin.py:188} INFO - Downloaded transactions/date=2026-01-26/transactions_185218181017.parquet -> /tmp/minio_downloads/transactions_185218181017.parquet
[2026-01-27T01:27:36.656+0000] {logging_mixin.py:188} INFO - Downloaded transactions/date=2026-01-26/transactions_192308087511.parquet -> /tmp/minio_downloads/transactions_192308087511.parquet
[2026-01-27T01:27:36.659+0000] {logging_mixin.py:188} INFO - Downloaded transactions/date=2026-01-26/transactions_192310150822.parquet -> /tmp/minio_downloads/transactions_192310150822.parquet
[2026-01-27T01:27:36.661+0000] {logging_mixin.py:188} INFO - Downloaded transactions/date=2026-01-26/transactions_192311699324.parquet -> /tmp/minio_downloads/transactions_192311699324.parquet
[2026-01-27T01:27:36.663+0000] {logging_mixin.py:188} INFO - Downloaded transactions/date=2026-01-26/transactions_192313715075.parquet -> /tmp/minio_downloads/transactions_192313715075.parquet
[2026-01-27T01:27:36.665+0000] {logging_mixin.py:188} INFO - Downloaded transactions/date=2026-01-26/transactions_192315760528.parquet -> /tmp/minio_downloads/transactions_192315760528.parquet
[2026-01-27T01:27:36.668+0000] {logging_mixin.py:188} INFO - Downloaded transactions/date=2026-01-26/transactions_192318250248.parquet -> /tmp/minio_downloads/transactions_192318250248.parquet
[2026-01-27T01:27:36.670+0000] {logging_mixin.py:188} INFO - Downloaded transactions/date=2026-01-26/transactions_192320324724.parquet -> /tmp/minio_downloads/transactions_192320324724.parquet
[2026-01-27T01:27:36.672+0000] {logging_mixin.py:188} INFO - Downloaded transactions/date=2026-01-26/transactions_192322346912.parquet -> /tmp/minio_downloads/transactions_192322346912.parquet
[2026-01-27T01:27:36.675+0000] {logging_mixin.py:188} INFO - Downloaded transactions/date=2026-01-26/transactions_192324413523.parquet -> /tmp/minio_downloads/transactions_192324413523.parquet
[2026-01-27T01:27:36.677+0000] {logging_mixin.py:188} INFO - Downloaded transactions/date=2026-01-26/transactions_192326412538.parquet -> /tmp/minio_downloads/transactions_192326412538.parquet
[2026-01-27T01:27:36.679+0000] {logging_mixin.py:188} INFO - Downloaded transactions/date=2026-01-26/transactions_192439476775.parquet -> /tmp/minio_downloads/transactions_192439476775.parquet
[2026-01-27T01:27:36.682+0000] {logging_mixin.py:188} INFO - Downloaded transactions/date=2026-01-26/transactions_192441504549.parquet -> /tmp/minio_downloads/transactions_192441504549.parquet
[2026-01-27T01:27:36.684+0000] {logging_mixin.py:188} INFO - Downloaded transactions/date=2026-01-26/transactions_192443654902.parquet -> /tmp/minio_downloads/transactions_192443654902.parquet
[2026-01-27T01:27:36.690+0000] {logging_mixin.py:188} INFO - Downloaded transactions/date=2026-01-26/transactions_192445651224.parquet -> /tmp/minio_downloads/transactions_192445651224.parquet
[2026-01-27T01:27:36.693+0000] {logging_mixin.py:188} INFO - Downloaded transactions/date=2026-01-26/transactions_192447624664.parquet -> /tmp/minio_downloads/transactions_192447624664.parquet
[2026-01-27T01:27:36.696+0000] {logging_mixin.py:188} INFO - Downloaded transactions/date=2026-01-26/transactions_192523638154.parquet -> /tmp/minio_downloads/transactions_192523638154.parquet
[2026-01-27T01:27:36.698+0000] {logging_mixin.py:188} INFO - Downloaded transactions/date=2026-01-26/transactions_192523813254.parquet -> /tmp/minio_downloads/transactions_192523813254.parquet
[2026-01-27T01:27:36.700+0000] {logging_mixin.py:188} INFO - Downloaded transactions/date=2026-01-26/transactions_192524017367.parquet -> /tmp/minio_downloads/transactions_192524017367.parquet
[2026-01-27T01:27:36.703+0000] {logging_mixin.py:188} INFO - Downloaded transactions/date=2026-01-26/transactions_192524074016.parquet -> /tmp/minio_downloads/transactions_192524074016.parquet
[2026-01-27T01:27:36.705+0000] {logging_mixin.py:188} INFO - Downloaded transactions/date=2026-01-26/transactions_192524221737.parquet -> /tmp/minio_downloads/transactions_192524221737.parquet
[2026-01-27T01:27:36.707+0000] {logging_mixin.py:188} INFO - Downloaded transactions/date=2026-01-26/transactions_192524338441.parquet -> /tmp/minio_downloads/transactions_192524338441.parquet
[2026-01-27T01:27:36.710+0000] {logging_mixin.py:188} INFO - Downloaded transactions/date=2026-01-26/transactions_192524486049.parquet -> /tmp/minio_downloads/transactions_192524486049.parquet
[2026-01-27T01:27:36.713+0000] {logging_mixin.py:188} INFO - Downloaded transactions/date=2026-01-26/transactions_192524570165.parquet -> /tmp/minio_downloads/transactions_192524570165.parquet
[2026-01-27T01:27:36.715+0000] {logging_mixin.py:188} INFO - Downloaded transactions/date=2026-01-26/transactions_192542431388.parquet -> /tmp/minio_downloads/transactions_192542431388.parquet
[2026-01-27T01:27:36.717+0000] {logging_mixin.py:188} INFO - Downloaded transactions/date=2026-01-26/transactions_192542884813.parquet -> /tmp/minio_downloads/transactions_192542884813.parquet
[2026-01-27T01:27:36.719+0000] {logging_mixin.py:188} INFO - Downloaded transactions/date=2026-01-26/transactions_192544967429.parquet -> /tmp/minio_downloads/transactions_192544967429.parquet
[2026-01-27T01:27:36.722+0000] {logging_mixin.py:188} INFO - Downloaded transactions/date=2026-01-26/transactions_192545094208.parquet -> /tmp/minio_downloads/transactions_192545094208.parquet
[2026-01-27T01:27:36.724+0000] {logging_mixin.py:188} INFO - Downloaded transactions/date=2026-01-26/transactions_192546998789.parquet -> /tmp/minio_downloads/transactions_192546998789.parquet
[2026-01-27T01:27:36.727+0000] {logging_mixin.py:188} INFO - Downloaded transactions/date=2026-01-26/transactions_192547032892.parquet -> /tmp/minio_downloads/transactions_192547032892.parquet
[2026-01-27T01:27:36.729+0000] {logging_mixin.py:188} INFO - Downloaded transactions/date=2026-01-26/transactions_192549049974.parquet -> /tmp/minio_downloads/transactions_192549049974.parquet
[2026-01-27T01:27:36.731+0000] {logging_mixin.py:188} INFO - Downloaded transactions/date=2026-01-26/transactions_192549104917.parquet -> /tmp/minio_downloads/transactions_192549104917.parquet
[2026-01-27T01:27:36.733+0000] {logging_mixin.py:188} INFO - Downloaded transactions/date=2026-01-26/transactions_192551086967.parquet -> /tmp/minio_downloads/transactions_192551086967.parquet
[2026-01-27T01:27:36.735+0000] {logging_mixin.py:188} INFO - Downloaded transactions/date=2026-01-26/transactions_192551112340.parquet -> /tmp/minio_downloads/transactions_192551112340.parquet
[2026-01-27T01:27:36.738+0000] {logging_mixin.py:188} INFO - Downloaded transactions/date=2026-01-26/transactions_192553134776.parquet -> /tmp/minio_downloads/transactions_192553134776.parquet
[2026-01-27T01:27:36.740+0000] {logging_mixin.py:188} INFO - Downloaded transactions/date=2026-01-26/transactions_192555159678.parquet -> /tmp/minio_downloads/transactions_192555159678.parquet
[2026-01-27T01:27:36.743+0000] {logging_mixin.py:188} INFO - Downloaded transactions/date=2026-01-26/transactions_192557269820.parquet -> /tmp/minio_downloads/transactions_192557269820.parquet
[2026-01-27T01:27:36.745+0000] {logging_mixin.py:188} INFO - Downloaded transactions/date=2026-01-26/transactions_192559228824.parquet -> /tmp/minio_downloads/transactions_192559228824.parquet
[2026-01-27T01:27:36.747+0000] {logging_mixin.py:188} INFO - Downloaded transactions/date=2026-01-26/transactions_192601222669.parquet -> /tmp/minio_downloads/transactions_192601222669.parquet
[2026-01-27T01:27:36.750+0000] {logging_mixin.py:188} INFO - Downloaded transactions/date=2026-01-26/transactions_192603240304.parquet -> /tmp/minio_downloads/transactions_192603240304.parquet
[2026-01-27T01:27:36.752+0000] {logging_mixin.py:188} INFO - Downloaded transactions/date=2026-01-26/transactions_192605279573.parquet -> /tmp/minio_downloads/transactions_192605279573.parquet
[2026-01-27T01:27:36.754+0000] {logging_mixin.py:188} INFO - Downloaded transactions/date=2026-01-26/transactions_192607283615.parquet -> /tmp/minio_downloads/transactions_192607283615.parquet
[2026-01-27T01:27:36.756+0000] {logging_mixin.py:188} INFO - Downloaded transactions/date=2026-01-26/transactions_192609951269.parquet -> /tmp/minio_downloads/transactions_192609951269.parquet
[2026-01-27T01:27:36.759+0000] {logging_mixin.py:188} INFO - Downloaded transactions/date=2026-01-26/transactions_192612023806.parquet -> /tmp/minio_downloads/transactions_192612023806.parquet
[2026-01-27T01:27:36.759+0000] {python.py:237} INFO - Done. Returned value was: {'customers': ['/tmp/minio_downloads/customers_144103576074.parquet', '/tmp/minio_downloads/customers_144227218931.parquet', '/tmp/minio_downloads/customers_182509845138.parquet', '/tmp/minio_downloads/customers_185216126542.parquet', '/tmp/minio_downloads/customers_192313648895.parquet', '/tmp/minio_downloads/customers_192324367953.parquet', '/tmp/minio_downloads/customers_192445544451.parquet', '/tmp/minio_downloads/customers_192523795761.parquet', '/tmp/minio_downloads/customers_192534635947.parquet', '/tmp/minio_downloads/customers_192544882833.parquet', '/tmp/minio_downloads/customers_192549039267.parquet', '/tmp/minio_downloads/customers_192553094440.parquet', '/tmp/minio_downloads/customers_192559181148.parquet', '/tmp/minio_downloads/customers_192609880926.parquet'], 'accounts': ['/tmp/minio_downloads/accounts_144103643994.parquet', '/tmp/minio_downloads/accounts_144103653564.parquet', '/tmp/minio_downloads/accounts_144223151465.parquet', '/tmp/minio_downloads/accounts_144227246704.parquet', '/tmp/minio_downloads/accounts_182505783461.parquet', '/tmp/minio_downloads/accounts_182509835534.parquet', '/tmp/minio_downloads/accounts_185211951102.parquet', '/tmp/minio_downloads/accounts_185216176088.parquet', '/tmp/minio_downloads/accounts_192310101946.parquet', '/tmp/minio_downloads/accounts_192313689393.parquet', '/tmp/minio_downloads/accounts_192320305010.parquet', '/tmp/minio_downloads/accounts_192324395547.parquet', '/tmp/minio_downloads/accounts_192441480250.parquet', '/tmp/minio_downloads/accounts_192445620078.parquet', '/tmp/minio_downloads/accounts_192523616219.parquet', '/tmp/minio_downloads/accounts_192523997918.parquet', '/tmp/minio_downloads/accounts_192524206696.parquet', '/tmp/minio_downloads/accounts_192542396098.parquet', '/tmp/minio_downloads/accounts_192544981225.parquet', '/tmp/minio_downloads/accounts_192547032657.parquet', '/tmp/minio_downloads/accounts_192549085973.parquet', '/tmp/minio_downloads/accounts_192553109967.parquet', '/tmp/minio_downloads/accounts_192555127526.parquet', '/tmp/minio_downloads/accounts_192559220011.parquet', '/tmp/minio_downloads/accounts_192605245152.parquet', '/tmp/minio_downloads/accounts_192609929824.parquet'], 'transactions': ['/tmp/minio_downloads/transactions_144103762925.parquet', '/tmp/minio_downloads/transactions_144103775606.parquet', '/tmp/minio_downloads/transactions_144103863430.parquet', '/tmp/minio_downloads/transactions_144103871284.parquet', '/tmp/minio_downloads/transactions_144103881590.parquet', '/tmp/minio_downloads/transactions_144219122553.parquet', '/tmp/minio_downloads/transactions_144220621553.parquet', '/tmp/minio_downloads/transactions_144223166901.parquet', '/tmp/minio_downloads/transactions_144225187405.parquet', '/tmp/minio_downloads/transactions_144227254007.parquet', '/tmp/minio_downloads/transactions_182502247603.parquet', '/tmp/minio_downloads/transactions_182503745994.parquet', '/tmp/minio_downloads/transactions_182505806158.parquet', '/tmp/minio_downloads/transactions_182507820889.parquet', '/tmp/minio_downloads/transactions_182509861044.parquet', '/tmp/minio_downloads/transactions_184131730922.parquet', '/tmp/minio_downloads/transactions_184132267556.parquet', '/tmp/minio_downloads/transactions_185212015172.parquet', '/tmp/minio_downloads/transactions_185214037206.parquet', '/tmp/minio_downloads/transactions_185216168765.parquet', '/tmp/minio_downloads/transactions_185218181017.parquet', '/tmp/minio_downloads/transactions_192308087511.parquet', '/tmp/minio_downloads/transactions_192310150822.parquet', '/tmp/minio_downloads/transactions_192311699324.parquet', '/tmp/minio_downloads/transactions_192313715075.parquet', '/tmp/minio_downloads/transactions_192315760528.parquet', '/tmp/minio_downloads/transactions_192318250248.parquet', '/tmp/minio_downloads/transactions_192320324724.parquet', '/tmp/minio_downloads/transactions_192322346912.parquet', '/tmp/minio_downloads/transactions_192324413523.parquet', '/tmp/minio_downloads/transactions_192326412538.parquet', '/tmp/minio_downloads/transactions_192439476775.parquet', '/tmp/minio_downloads/transactions_192441504549.parquet', '/tmp/minio_downloads/transactions_192443654902.parquet', '/tmp/minio_downloads/transactions_192445651224.parquet', '/tmp/minio_downloads/transactions_192447624664.parquet', '/tmp/minio_downloads/transactions_192523638154.parquet', '/tmp/minio_downloads/transactions_192523813254.parquet', '/tmp/minio_downloads/transactions_192524017367.parquet', '/tmp/minio_downloads/transactions_192524074016.parquet', '/tmp/minio_downloads/transactions_192524221737.parquet', '/tmp/minio_downloads/transactions_192524338441.parquet', '/tmp/minio_downloads/transactions_192524486049.parquet', '/tmp/minio_downloads/transactions_192524570165.parquet', '/tmp/minio_downloads/transactions_192542431388.parquet', '/tmp/minio_downloads/transactions_192542884813.parquet', '/tmp/minio_downloads/transactions_192544967429.parquet', '/tmp/minio_downloads/transactions_192545094208.parquet', '/tmp/minio_downloads/transactions_192546998789.parquet', '/tmp/minio_downloads/transactions_192547032892.parquet', '/tmp/minio_downloads/transactions_192549049974.parquet', '/tmp/minio_downloads/transactions_192549104917.parquet', '/tmp/minio_downloads/transactions_192551086967.parquet', '/tmp/minio_downloads/transactions_192551112340.parquet', '/tmp/minio_downloads/transactions_192553134776.parquet', '/tmp/minio_downloads/transactions_192555159678.parquet', '/tmp/minio_downloads/transactions_192557269820.parquet', '/tmp/minio_downloads/transactions_192559228824.parquet', '/tmp/minio_downloads/transactions_192601222669.parquet', '/tmp/minio_downloads/transactions_192603240304.parquet', '/tmp/minio_downloads/transactions_192605279573.parquet', '/tmp/minio_downloads/transactions_192607283615.parquet', '/tmp/minio_downloads/transactions_192609951269.parquet', '/tmp/minio_downloads/transactions_192612023806.parquet']}
[2026-01-27T01:27:36.759+0000] {taskinstance.py:441} INFO - ::group::Post task execution logs
[2026-01-27T01:27:36.770+0000] {taskinstance.py:1206} INFO - Marking task as SUCCESS. dag_id=minio_to_snowflake_banking, task_id=download_minio, run_id=manual__2026-01-27T01:27:14.102281+00:00, execution_date=20260127T012714, start_date=20260127T012736, end_date=20260127T012736
[2026-01-27T01:27:36.803+0000] {local_task_job_runner.py:243} INFO - Task exited with return code 0
[2026-01-27T01:27:36.813+0000] {taskinstance.py:3503} INFO - 1 downstream tasks scheduled from follow-on schedule check
[2026-01-27T01:27:36.814+0000] {local_task_job_runner.py:222} INFO - ::endgroup::
