[2026-01-27T02:22:50.733+0000] {local_task_job_runner.py:120} INFO - ::group::Pre task execution logs
[2026-01-27T02:22:50.748+0000] {taskinstance.py:2076} INFO - Dependencies all met for dep_context=non-requeueable deps ti=<TaskInstance: SCD2_snapshots.dbt_run_marts scheduled__2026-01-26T00:00:00+00:00 [queued]>
[2026-01-27T02:22:50.750+0000] {taskinstance.py:2076} INFO - Dependencies all met for dep_context=requeueable deps ti=<TaskInstance: SCD2_snapshots.dbt_run_marts scheduled__2026-01-26T00:00:00+00:00 [queued]>
[2026-01-27T02:22:50.750+0000] {taskinstance.py:2306} INFO - Starting attempt 1 of 2
[2026-01-27T02:22:50.757+0000] {taskinstance.py:2330} INFO - Executing <Task(BashOperator): dbt_run_marts> on 2026-01-26 00:00:00+00:00
[2026-01-27T02:22:50.758+0000] {standard_task_runner.py:64} INFO - Started process 1716 to run task
[2026-01-27T02:22:50.760+0000] {standard_task_runner.py:90} INFO - Running: ['***', 'tasks', 'run', 'SCD2_snapshots', 'dbt_run_marts', 'scheduled__2026-01-26T00:00:00+00:00', '--job-id', '251', '--raw', '--subdir', 'DAGS_FOLDER/scd_snapshots.py', '--cfg-path', '/tmp/tmpbpgah28x']
[2026-01-27T02:22:50.760+0000] {standard_task_runner.py:91} INFO - Job 251: Subtask dbt_run_marts
[2026-01-27T02:22:50.781+0000] {task_command.py:426} INFO - Running <TaskInstance: SCD2_snapshots.dbt_run_marts scheduled__2026-01-26T00:00:00+00:00 [running]> on host e566996476d9
[2026-01-27T02:22:50.815+0000] {taskinstance.py:2648} INFO - Exporting env vars: AIRFLOW_CTX_DAG_OWNER='***' AIRFLOW_CTX_DAG_ID='SCD2_snapshots' AIRFLOW_CTX_TASK_ID='dbt_run_marts' AIRFLOW_CTX_EXECUTION_DATE='2026-01-26T00:00:00+00:00' AIRFLOW_CTX_TRY_NUMBER='1' AIRFLOW_CTX_DAG_RUN_ID='scheduled__2026-01-26T00:00:00+00:00'
[2026-01-27T02:22:50.815+0000] {taskinstance.py:430} INFO - ::endgroup::
[2026-01-27T02:22:50.821+0000] {subprocess.py:63} INFO - Tmp dir root location: /tmp
[2026-01-27T02:22:50.821+0000] {subprocess.py:75} INFO - Running command: ['/usr/bin/bash', '-c', '\n        cd /opt/***/banking_dbt &&\n        dbt run --select marts --profiles-dir /home/***/.dbt\n        ']
[2026-01-27T02:22:50.825+0000] {subprocess.py:86} INFO - Output:
[2026-01-27T02:22:51.873+0000] {subprocess.py:93} INFO - [0m02:22:51  Running with dbt=1.11.2
[2026-01-27T02:22:52.262+0000] {subprocess.py:93} INFO - [0m02:22:52  Registered adapter: snowflake=1.11.1
[2026-01-27T02:22:52.472+0000] {subprocess.py:93} INFO - [0m02:22:52  Found 8 models, 2 snapshots, 4 data tests, 3 sources, 522 macros
[2026-01-27T02:22:52.473+0000] {subprocess.py:93} INFO - [0m02:22:52
[2026-01-27T02:22:52.473+0000] {subprocess.py:93} INFO - [0m02:22:52  Concurrency: 4 threads (target='dev')
[2026-01-27T02:22:52.474+0000] {subprocess.py:93} INFO - [0m02:22:52
[2026-01-27T02:22:54.357+0000] {subprocess.py:93} INFO - [0m02:22:54  1 of 3 START sql table model analytics.dim_accounts ............................ [RUN]
[2026-01-27T02:22:54.360+0000] {subprocess.py:93} INFO - [0m02:22:54  2 of 3 START sql table model analytics.dim_customers ........................... [RUN]
[2026-01-27T02:22:54.360+0000] {subprocess.py:93} INFO - [0m02:22:54  3 of 3 START sql incremental model analytics.fact_transactions ................. [RUN]
[2026-01-27T02:22:55.398+0000] {subprocess.py:93} INFO - [0m02:22:55  2 of 3 OK created sql table model analytics.dim_customers ...................... [[32mSUCCESS 1[0m in 1.04s]
[2026-01-27T02:22:55.855+0000] {subprocess.py:93} INFO - [0m02:22:55  1 of 3 OK created sql table model analytics.dim_accounts ....................... [[32mSUCCESS 1[0m in 1.49s]
[2026-01-27T02:22:57.089+0000] {subprocess.py:93} INFO - [0m02:22:57  3 of 3 ERROR creating sql incremental model analytics.fact_transactions ........ [[31mERROR[0m in 2.73s]
[2026-01-27T02:22:57.466+0000] {subprocess.py:93} INFO - [0m02:22:57
[2026-01-27T02:22:57.468+0000] {subprocess.py:93} INFO - [0m02:22:57  Finished running 1 incremental model, 2 table models in 0 hours 0 minutes and 4.99 seconds (4.99s).
[2026-01-27T02:22:57.513+0000] {subprocess.py:93} INFO - [0m02:22:57
[2026-01-27T02:22:57.514+0000] {subprocess.py:93} INFO - [0m02:22:57  [31mCompleted with 1 error, 0 partial successes, and 0 warnings:[0m
[2026-01-27T02:22:57.514+0000] {subprocess.py:93} INFO - [0m02:22:57
[2026-01-27T02:22:57.515+0000] {subprocess.py:93} INFO - [0m02:22:57  [31mFailure in model fact_transactions (models/marts/facts/fact_transactions.sql)[0m
[2026-01-27T02:22:57.515+0000] {subprocess.py:93} INFO - [0m02:22:57    Database Error in model fact_transactions (models/marts/facts/fact_transactions.sql)
[2026-01-27T02:22:57.516+0000] {subprocess.py:93} INFO -   100090 (42P18): Duplicate row detected during DML action
[2026-01-27T02:22:57.517+0000] {subprocess.py:93} INFO -   Row Values: [redacted]
[2026-01-27T02:22:57.517+0000] {subprocess.py:93} INFO -   compiled code at target/run/banking_dbt/models/marts/facts/fact_transactions.sql
[2026-01-27T02:22:57.518+0000] {subprocess.py:93} INFO - [0m02:22:57
[2026-01-27T02:22:57.518+0000] {subprocess.py:93} INFO - [0m02:22:57    compiled code at target/compiled/banking_dbt/models/marts/facts/fact_transactions.sql
[2026-01-27T02:22:57.518+0000] {subprocess.py:93} INFO - [0m02:22:57
[2026-01-27T02:22:57.518+0000] {subprocess.py:93} INFO - [0m02:22:57  Done. PASS=2 WARN=0 ERROR=1 SKIP=0 NO-OP=0 TOTAL=3
[2026-01-27T02:22:58.182+0000] {subprocess.py:97} INFO - Command exited with return code 1
[2026-01-27T02:22:58.183+0000] {taskinstance.py:441} INFO - ::group::Post task execution logs
[2026-01-27T02:22:58.208+0000] {taskinstance.py:2905} ERROR - Task failed with exception
Traceback (most recent call last):
  File "/home/airflow/.local/lib/python3.12/site-packages/airflow/models/taskinstance.py", line 465, in _execute_task
    result = _execute_callable(context=context, **execute_callable_kwargs)
             ^^^^^^^^^^^^^^^^^^^^^^^^^^^^^^^^^^^^^^^^^^^^^^^^^^^^^^^^^^^^^
  File "/home/airflow/.local/lib/python3.12/site-packages/airflow/models/taskinstance.py", line 432, in _execute_callable
    return execute_callable(context=context, **execute_callable_kwargs)
           ^^^^^^^^^^^^^^^^^^^^^^^^^^^^^^^^^^^^^^^^^^^^^^^^^^^^^^^^^^^^
  File "/home/airflow/.local/lib/python3.12/site-packages/airflow/models/baseoperator.py", line 401, in wrapper
    return func(self, *args, **kwargs)
           ^^^^^^^^^^^^^^^^^^^^^^^^^^^
  File "/home/airflow/.local/lib/python3.12/site-packages/airflow/operators/bash.py", line 243, in execute
    raise AirflowException(
airflow.exceptions.AirflowException: Bash command failed. The command returned a non-zero exit code 1.
[2026-01-27T02:22:58.213+0000] {taskinstance.py:1206} INFO - Marking task as UP_FOR_RETRY. dag_id=SCD2_snapshots, task_id=dbt_run_marts, run_id=scheduled__2026-01-26T00:00:00+00:00, execution_date=20260126T000000, start_date=20260127T022250, end_date=20260127T022258
[2026-01-27T02:22:58.225+0000] {standard_task_runner.py:110} ERROR - Failed to execute job 251 for task dbt_run_marts (Bash command failed. The command returned a non-zero exit code 1.; 1716)
[2026-01-27T02:22:58.263+0000] {local_task_job_runner.py:243} INFO - Task exited with return code 1
[2026-01-27T02:22:58.277+0000] {taskinstance.py:3503} INFO - 0 downstream tasks scheduled from follow-on schedule check
[2026-01-27T02:22:58.278+0000] {local_task_job_runner.py:222} INFO - ::endgroup::
[2026-01-27T23:24:49.500+0000] {local_task_job_runner.py:120} INFO - ::group::Pre task execution logs
[2026-01-27T23:24:49.516+0000] {taskinstance.py:2076} INFO - Dependencies all met for dep_context=non-requeueable deps ti=<TaskInstance: SCD2_snapshots.dbt_run_marts scheduled__2026-01-26T00:00:00+00:00 [queued]>
[2026-01-27T23:24:49.519+0000] {taskinstance.py:2076} INFO - Dependencies all met for dep_context=requeueable deps ti=<TaskInstance: SCD2_snapshots.dbt_run_marts scheduled__2026-01-26T00:00:00+00:00 [queued]>
[2026-01-27T23:24:49.519+0000] {taskinstance.py:2306} INFO - Starting attempt 1 of 2
[2026-01-27T23:24:49.523+0000] {taskinstance.py:2330} INFO - Executing <Task(BashOperator): dbt_run_marts> on 2026-01-26 00:00:00+00:00
[2026-01-27T23:24:49.525+0000] {standard_task_runner.py:64} INFO - Started process 6949 to run task
[2026-01-27T23:24:49.527+0000] {standard_task_runner.py:90} INFO - Running: ['***', 'tasks', 'run', 'SCD2_snapshots', 'dbt_run_marts', 'scheduled__2026-01-26T00:00:00+00:00', '--job-id', '1199', '--raw', '--subdir', 'DAGS_FOLDER/scd_snapshots.py', '--cfg-path', '/tmp/tmprra342km']
[2026-01-27T23:24:49.527+0000] {standard_task_runner.py:91} INFO - Job 1199: Subtask dbt_run_marts
[2026-01-27T23:24:49.550+0000] {task_command.py:426} INFO - Running <TaskInstance: SCD2_snapshots.dbt_run_marts scheduled__2026-01-26T00:00:00+00:00 [running]> on host aa98137bd6c9
[2026-01-27T23:24:49.584+0000] {taskinstance.py:2648} INFO - Exporting env vars: AIRFLOW_CTX_DAG_OWNER='***' AIRFLOW_CTX_DAG_ID='SCD2_snapshots' AIRFLOW_CTX_TASK_ID='dbt_run_marts' AIRFLOW_CTX_EXECUTION_DATE='2026-01-26T00:00:00+00:00' AIRFLOW_CTX_TRY_NUMBER='1' AIRFLOW_CTX_DAG_RUN_ID='scheduled__2026-01-26T00:00:00+00:00'
[2026-01-27T23:24:49.585+0000] {taskinstance.py:430} INFO - ::endgroup::
[2026-01-27T23:24:49.592+0000] {subprocess.py:63} INFO - Tmp dir root location: /tmp
[2026-01-27T23:24:49.593+0000] {subprocess.py:75} INFO - Running command: ['/usr/bin/bash', '-c', '\n        cd /opt/***/banking_dbt &&\n        dbt run --select marts --profiles-dir /home/***/.dbt\n        ']
[2026-01-27T23:24:49.596+0000] {subprocess.py:86} INFO - Output:
[2026-01-27T23:24:50.826+0000] {subprocess.py:93} INFO - [0m23:24:50  Running with dbt=1.11.2
[2026-01-27T23:24:51.545+0000] {subprocess.py:93} INFO - [0m23:24:51  Registered adapter: snowflake=1.11.1
[2026-01-27T23:24:51.854+0000] {subprocess.py:93} INFO - [0m23:24:51  Found 8 models, 2 snapshots, 4 data tests, 3 sources, 522 macros
[2026-01-27T23:24:51.855+0000] {subprocess.py:93} INFO - [0m23:24:51
[2026-01-27T23:24:51.856+0000] {subprocess.py:93} INFO - [0m23:24:51  Concurrency: 4 threads (target='dev')
[2026-01-27T23:24:51.856+0000] {subprocess.py:93} INFO - [0m23:24:51
[2026-01-27T23:24:53.479+0000] {subprocess.py:93} INFO - [0m23:24:53  1 of 3 START sql table model analytics.dim_accounts ............................ [RUN]
[2026-01-27T23:24:53.480+0000] {subprocess.py:93} INFO - [0m23:24:53  2 of 3 START sql table model analytics.dim_customers ........................... [RUN]
[2026-01-27T23:24:53.481+0000] {subprocess.py:93} INFO - [0m23:24:53  3 of 3 START sql incremental model analytics.fact_transactions ................. [RUN]
[2026-01-27T23:24:53.670+0000] {subprocess.py:93} INFO - [0m23:24:53  2 of 3 ERROR creating sql table model analytics.dim_customers .................. [[31mERROR[0m in 0.19s]
[2026-01-27T23:24:53.678+0000] {subprocess.py:93} INFO - [0m23:24:53  1 of 3 ERROR creating sql table model analytics.dim_accounts ................... [[31mERROR[0m in 0.20s]
[2026-01-27T23:24:56.217+0000] {subprocess.py:93} INFO - [0m23:24:56  3 of 3 OK created sql incremental model analytics.fact_transactions ............ [[32mSUCCESS 600[0m in 2.73s]
[2026-01-27T23:24:56.672+0000] {subprocess.py:93} INFO - [0m23:24:56
[2026-01-27T23:24:56.672+0000] {subprocess.py:93} INFO - [0m23:24:56  Finished running 1 incremental model, 2 table models in 0 hours 0 minutes and 4.82 seconds (4.82s).
[2026-01-27T23:24:56.700+0000] {subprocess.py:93} INFO - [0m23:24:56
[2026-01-27T23:24:56.700+0000] {subprocess.py:93} INFO - [0m23:24:56  [31mCompleted with 2 errors, 0 partial successes, and 0 warnings:[0m
[2026-01-27T23:24:56.701+0000] {subprocess.py:93} INFO - [0m23:24:56
[2026-01-27T23:24:56.701+0000] {subprocess.py:93} INFO - [0m23:24:56  [31mFailure in model dim_customers (models/marts/dimensions/dim_customers.sql)[0m
[2026-01-27T23:24:56.701+0000] {subprocess.py:93} INFO - [0m23:24:56    Database Error in model dim_customers (models/marts/dimensions/dim_customers.sql)
[2026-01-27T23:24:56.702+0000] {subprocess.py:93} INFO -   003001 (42501): SQL access control error:
[2026-01-27T23:24:56.702+0000] {subprocess.py:93} INFO -   Insufficient privileges to operate on schema 'ANALYTICS'.
[2026-01-27T23:24:56.702+0000] {subprocess.py:93} INFO -   compiled code at target/run/banking_dbt/models/marts/dimensions/dim_customers.sql
[2026-01-27T23:24:56.702+0000] {subprocess.py:93} INFO - [0m23:24:56
[2026-01-27T23:24:56.702+0000] {subprocess.py:93} INFO - [0m23:24:56    compiled code at target/compiled/banking_dbt/models/marts/dimensions/dim_customers.sql
[2026-01-27T23:24:56.702+0000] {subprocess.py:93} INFO - [0m23:24:56
[2026-01-27T23:24:56.703+0000] {subprocess.py:93} INFO - [0m23:24:56  [31mFailure in model dim_accounts (models/marts/dimensions/dim_accounts.sql)[0m
[2026-01-27T23:24:56.703+0000] {subprocess.py:93} INFO - [0m23:24:56    Database Error in model dim_accounts (models/marts/dimensions/dim_accounts.sql)
[2026-01-27T23:24:56.703+0000] {subprocess.py:93} INFO -   003001 (42501): SQL access control error:
[2026-01-27T23:24:56.703+0000] {subprocess.py:93} INFO -   Insufficient privileges to operate on schema 'ANALYTICS'.
[2026-01-27T23:24:56.703+0000] {subprocess.py:93} INFO -   compiled code at target/run/banking_dbt/models/marts/dimensions/dim_accounts.sql
[2026-01-27T23:24:56.703+0000] {subprocess.py:93} INFO - [0m23:24:56
[2026-01-27T23:24:56.703+0000] {subprocess.py:93} INFO - [0m23:24:56    compiled code at target/compiled/banking_dbt/models/marts/dimensions/dim_accounts.sql
[2026-01-27T23:24:56.703+0000] {subprocess.py:93} INFO - [0m23:24:56
[2026-01-27T23:24:56.704+0000] {subprocess.py:93} INFO - [0m23:24:56  Done. PASS=1 WARN=0 ERROR=2 SKIP=0 NO-OP=0 TOTAL=3
[2026-01-27T23:24:57.296+0000] {subprocess.py:97} INFO - Command exited with return code 1
[2026-01-27T23:24:57.297+0000] {taskinstance.py:441} INFO - ::group::Post task execution logs
[2026-01-27T23:24:57.320+0000] {taskinstance.py:2905} ERROR - Task failed with exception
Traceback (most recent call last):
  File "/home/airflow/.local/lib/python3.12/site-packages/airflow/models/taskinstance.py", line 465, in _execute_task
    result = _execute_callable(context=context, **execute_callable_kwargs)
             ^^^^^^^^^^^^^^^^^^^^^^^^^^^^^^^^^^^^^^^^^^^^^^^^^^^^^^^^^^^^^
  File "/home/airflow/.local/lib/python3.12/site-packages/airflow/models/taskinstance.py", line 432, in _execute_callable
    return execute_callable(context=context, **execute_callable_kwargs)
           ^^^^^^^^^^^^^^^^^^^^^^^^^^^^^^^^^^^^^^^^^^^^^^^^^^^^^^^^^^^^
  File "/home/airflow/.local/lib/python3.12/site-packages/airflow/models/baseoperator.py", line 401, in wrapper
    return func(self, *args, **kwargs)
           ^^^^^^^^^^^^^^^^^^^^^^^^^^^
  File "/home/airflow/.local/lib/python3.12/site-packages/airflow/operators/bash.py", line 243, in execute
    raise AirflowException(
airflow.exceptions.AirflowException: Bash command failed. The command returned a non-zero exit code 1.
[2026-01-27T23:24:57.327+0000] {taskinstance.py:1206} INFO - Marking task as UP_FOR_RETRY. dag_id=SCD2_snapshots, task_id=dbt_run_marts, run_id=scheduled__2026-01-26T00:00:00+00:00, execution_date=20260126T000000, start_date=20260127T232449, end_date=20260127T232457
[2026-01-27T23:24:57.358+0000] {standard_task_runner.py:110} ERROR - Failed to execute job 1199 for task dbt_run_marts (Bash command failed. The command returned a non-zero exit code 1.; 6949)
[2026-01-27T23:24:57.379+0000] {local_task_job_runner.py:243} INFO - Task exited with return code 1
[2026-01-27T23:24:57.393+0000] {taskinstance.py:3503} INFO - 0 downstream tasks scheduled from follow-on schedule check
[2026-01-27T23:24:57.394+0000] {local_task_job_runner.py:222} INFO - ::endgroup::
