[2026-01-27T21:59:05.144+0000] {local_task_job_runner.py:120} INFO - ::group::Pre task execution logs
[2026-01-27T21:59:05.158+0000] {taskinstance.py:2076} INFO - Dependencies all met for dep_context=non-requeueable deps ti=<TaskInstance: minio_to_snowflake_banking.load_snowflake scheduled__2026-01-27T21:58:00+00:00 [queued]>
[2026-01-27T21:59:05.160+0000] {taskinstance.py:2076} INFO - Dependencies all met for dep_context=requeueable deps ti=<TaskInstance: minio_to_snowflake_banking.load_snowflake scheduled__2026-01-27T21:58:00+00:00 [queued]>
[2026-01-27T21:59:05.161+0000] {taskinstance.py:2306} INFO - Starting attempt 1 of 2
[2026-01-27T21:59:05.166+0000] {taskinstance.py:2330} INFO - Executing <Task(PythonOperator): load_snowflake> on 2026-01-27 21:58:00+00:00
[2026-01-27T21:59:05.171+0000] {standard_task_runner.py:90} INFO - Running: ['***', 'tasks', 'run', 'minio_to_snowflake_banking', 'load_snowflake', 'scheduled__2026-01-27T21:58:00+00:00', '--job-id', '1068', '--raw', '--subdir', 'DAGS_FOLDER/minio_to_snowflake_dag.py', '--cfg-path', '/tmp/tmpdqjan4_b']
[2026-01-27T21:59:05.172+0000] {logging_mixin.py:188} WARNING - /home/***/.local/lib/python3.12/site-packages/***/task/task_runner/standard_task_runner.py:62 DeprecationWarning: This process (pid=149) is multi-threaded, use of fork() may lead to deadlocks in the child.
[2026-01-27T21:59:05.173+0000] {standard_task_runner.py:91} INFO - Job 1068: Subtask load_snowflake
[2026-01-27T21:59:05.173+0000] {standard_task_runner.py:64} INFO - Started process 156 to run task
[2026-01-27T21:59:05.195+0000] {task_command.py:426} INFO - Running <TaskInstance: minio_to_snowflake_banking.load_snowflake scheduled__2026-01-27T21:58:00+00:00 [running]> on host aa98137bd6c9
[2026-01-27T21:59:05.232+0000] {taskinstance.py:2648} INFO - Exporting env vars: AIRFLOW_CTX_DAG_OWNER='***' AIRFLOW_CTX_DAG_ID='minio_to_snowflake_banking' AIRFLOW_CTX_TASK_ID='load_snowflake' AIRFLOW_CTX_EXECUTION_DATE='2026-01-27T21:58:00+00:00' AIRFLOW_CTX_TRY_NUMBER='1' AIRFLOW_CTX_DAG_RUN_ID='scheduled__2026-01-27T21:58:00+00:00'
[2026-01-27T21:59:05.232+0000] {taskinstance.py:430} INFO - ::endgroup::
[2026-01-27T21:59:05.244+0000] {connection.py:611} INFO - Snowflake Connector for Python Version: 4.2.0, Python Version: 3.12.4, Platform: Linux-6.10.14-linuxkit-aarch64-with-glibc2.36
[2026-01-27T21:59:05.244+0000] {connection.py:1695} INFO - Connecting to GLOBAL Snowflake domain
[2026-01-27T21:59:09.331+0000] {logging_mixin.py:188} INFO - Uploaded /tmp/minio_downloads/customers_215036692531.parquet -> @customers stage
[2026-01-27T21:59:09.579+0000] {logging_mixin.py:188} INFO - Uploaded /tmp/minio_downloads/customers_215046805845.parquet -> @customers stage
[2026-01-27T21:59:09.749+0000] {logging_mixin.py:188} INFO - Uploaded /tmp/minio_downloads/customers_215056955161.parquet -> @customers stage
[2026-01-27T21:59:09.889+0000] {logging_mixin.py:188} INFO - Uploaded /tmp/minio_downloads/customers_231527933510.parquet -> @customers stage
[2026-01-27T21:59:10.116+0000] {logging_mixin.py:188} INFO - Uploaded /tmp/minio_downloads/customers_155849738636.parquet -> @customers stage
[2026-01-27T21:59:10.320+0000] {logging_mixin.py:188} INFO - Uploaded /tmp/minio_downloads/customers_155849882767.parquet -> @customers stage
[2026-01-27T21:59:11.182+0000] {logging_mixin.py:188} INFO - Data loaded into customers
[2026-01-27T21:59:11.352+0000] {logging_mixin.py:188} INFO - Uploaded /tmp/minio_downloads/accounts_215036748655.parquet -> @accounts stage
[2026-01-27T21:59:11.525+0000] {logging_mixin.py:188} INFO - Uploaded /tmp/minio_downloads/accounts_215042772494.parquet -> @accounts stage
[2026-01-27T21:59:11.683+0000] {logging_mixin.py:188} INFO - Uploaded /tmp/minio_downloads/accounts_215052938889.parquet -> @accounts stage
[2026-01-27T21:59:11.928+0000] {logging_mixin.py:188} INFO - Uploaded /tmp/minio_downloads/accounts_155849895108.parquet -> @accounts stage
[2026-01-27T21:59:12.133+0000] {logging_mixin.py:188} INFO - Uploaded /tmp/minio_downloads/accounts_155850399175.parquet -> @accounts stage
[2026-01-27T21:59:12.369+0000] {logging_mixin.py:188} INFO - Uploaded /tmp/minio_downloads/accounts_155900598297.parquet -> @accounts stage
[2026-01-27T21:59:13.181+0000] {logging_mixin.py:188} INFO - Data loaded into accounts
[2026-01-27T21:59:13.401+0000] {logging_mixin.py:188} INFO - Uploaded /tmp/minio_downloads/transactions_215036756342.parquet -> @transactions stage
[2026-01-27T21:59:13.581+0000] {logging_mixin.py:188} INFO - Uploaded /tmp/minio_downloads/transactions_215038694525.parquet -> @transactions stage
[2026-01-27T21:59:13.767+0000] {logging_mixin.py:188} INFO - Uploaded /tmp/minio_downloads/transactions_215040746814.parquet -> @transactions stage
[2026-01-27T21:59:13.938+0000] {logging_mixin.py:188} INFO - Uploaded /tmp/minio_downloads/transactions_215042801594.parquet -> @transactions stage
[2026-01-27T21:59:14.121+0000] {logging_mixin.py:188} INFO - Uploaded /tmp/minio_downloads/transactions_215044831571.parquet -> @transactions stage
[2026-01-27T21:59:14.345+0000] {logging_mixin.py:188} INFO - Uploaded /tmp/minio_downloads/transactions_215046920436.parquet -> @transactions stage
[2026-01-27T21:59:14.561+0000] {logging_mixin.py:188} INFO - Uploaded /tmp/minio_downloads/transactions_155850338118.parquet -> @transactions stage
[2026-01-27T21:59:14.950+0000] {logging_mixin.py:188} INFO - Uploaded /tmp/minio_downloads/transactions_155850425610.parquet -> @transactions stage
[2026-01-27T21:59:15.166+0000] {logging_mixin.py:188} INFO - Uploaded /tmp/minio_downloads/transactions_155850484961.parquet -> @transactions stage
[2026-01-27T21:59:15.394+0000] {logging_mixin.py:188} INFO - Uploaded /tmp/minio_downloads/transactions_155850517598.parquet -> @transactions stage
[2026-01-27T21:59:15.599+0000] {logging_mixin.py:188} INFO - Uploaded /tmp/minio_downloads/transactions_155850559668.parquet -> @transactions stage
[2026-01-27T21:59:15.829+0000] {logging_mixin.py:188} INFO - Uploaded /tmp/minio_downloads/transactions_155900640835.parquet -> @transactions stage
[2026-01-27T21:59:16.607+0000] {logging_mixin.py:188} INFO - Data loaded into transactions
[2026-01-27T21:59:16.725+0000] {python.py:237} INFO - Done. Returned value was: None
[2026-01-27T21:59:16.726+0000] {taskinstance.py:441} INFO - ::group::Post task execution logs
[2026-01-27T21:59:16.742+0000] {taskinstance.py:1206} INFO - Marking task as SUCCESS. dag_id=minio_to_snowflake_banking, task_id=load_snowflake, run_id=scheduled__2026-01-27T21:58:00+00:00, execution_date=20260127T215800, start_date=20260127T215905, end_date=20260127T215916
[2026-01-27T21:59:16.814+0000] {local_task_job_runner.py:243} INFO - Task exited with return code 0
[2026-01-27T21:59:16.834+0000] {taskinstance.py:3503} INFO - 0 downstream tasks scheduled from follow-on schedule check
[2026-01-27T21:59:16.835+0000] {local_task_job_runner.py:222} INFO - ::endgroup::
