[2026-01-27T02:52:03.286+0000] {local_task_job_runner.py:120} INFO - ::group::Pre task execution logs
[2026-01-27T02:52:03.300+0000] {taskinstance.py:2076} INFO - Dependencies all met for dep_context=non-requeueable deps ti=<TaskInstance: minio_to_snowflake_banking.download_minio scheduled__2026-01-27T02:51:00+00:00 [queued]>
[2026-01-27T02:52:03.302+0000] {taskinstance.py:2076} INFO - Dependencies all met for dep_context=requeueable deps ti=<TaskInstance: minio_to_snowflake_banking.download_minio scheduled__2026-01-27T02:51:00+00:00 [queued]>
[2026-01-27T02:52:03.302+0000] {taskinstance.py:2306} INFO - Starting attempt 1 of 2
[2026-01-27T02:52:03.306+0000] {taskinstance.py:2330} INFO - Executing <Task(PythonOperator): download_minio> on 2026-01-27 02:51:00+00:00
[2026-01-27T02:52:03.310+0000] {logging_mixin.py:188} WARNING - /home/***/.local/lib/python3.12/site-packages/***/task/task_runner/standard_task_runner.py:62 DeprecationWarning: This process (pid=3674) is multi-threaded, use of fork() may lead to deadlocks in the child.
[2026-01-27T02:52:03.310+0000] {standard_task_runner.py:90} INFO - Running: ['***', 'tasks', 'run', 'minio_to_snowflake_banking', 'download_minio', 'scheduled__2026-01-27T02:51:00+00:00', '--job-id', '314', '--raw', '--subdir', 'DAGS_FOLDER/minio_to_snowflake_dag.py', '--cfg-path', '/tmp/tmpluvq2c6z']
[2026-01-27T02:52:03.311+0000] {standard_task_runner.py:64} INFO - Started process 3681 to run task
[2026-01-27T02:52:03.311+0000] {standard_task_runner.py:91} INFO - Job 314: Subtask download_minio
[2026-01-27T02:52:03.331+0000] {task_command.py:426} INFO - Running <TaskInstance: minio_to_snowflake_banking.download_minio scheduled__2026-01-27T02:51:00+00:00 [running]> on host e566996476d9
[2026-01-27T02:52:03.365+0000] {taskinstance.py:2648} INFO - Exporting env vars: AIRFLOW_CTX_DAG_OWNER='***' AIRFLOW_CTX_DAG_ID='minio_to_snowflake_banking' AIRFLOW_CTX_TASK_ID='download_minio' AIRFLOW_CTX_EXECUTION_DATE='2026-01-27T02:51:00+00:00' AIRFLOW_CTX_TRY_NUMBER='1' AIRFLOW_CTX_DAG_RUN_ID='scheduled__2026-01-27T02:51:00+00:00'
[2026-01-27T02:52:03.365+0000] {taskinstance.py:430} INFO - ::endgroup::
[2026-01-27T02:52:03.546+0000] {logging_mixin.py:188} INFO - Downloaded customers/date=2026-01-26/customers_195743096976.parquet -> /tmp/minio_downloads/customers_195743096976.parquet
[2026-01-27T02:52:03.549+0000] {logging_mixin.py:188} INFO - Downloaded customers/date=2026-01-26/customers_195753837058.parquet -> /tmp/minio_downloads/customers_195753837058.parquet
[2026-01-27T02:52:03.553+0000] {logging_mixin.py:188} INFO - Downloaded accounts/date=2026-01-26/accounts_195743143348.parquet -> /tmp/minio_downloads/accounts_195743143348.parquet
[2026-01-27T02:52:03.556+0000] {logging_mixin.py:188} INFO - Downloaded accounts/date=2026-01-26/accounts_195748712467.parquet -> /tmp/minio_downloads/accounts_195748712467.parquet
[2026-01-27T02:52:03.558+0000] {logging_mixin.py:188} INFO - Downloaded accounts/date=2026-01-26/accounts_195758854697.parquet -> /tmp/minio_downloads/accounts_195758854697.parquet
[2026-01-27T02:52:03.563+0000] {logging_mixin.py:188} INFO - Downloaded transactions/date=2026-01-26/transactions_195743150534.parquet -> /tmp/minio_downloads/transactions_195743150534.parquet
[2026-01-27T02:52:03.566+0000] {logging_mixin.py:188} INFO - Downloaded transactions/date=2026-01-26/transactions_195745131628.parquet -> /tmp/minio_downloads/transactions_195745131628.parquet
[2026-01-27T02:52:03.568+0000] {logging_mixin.py:188} INFO - Downloaded transactions/date=2026-01-26/transactions_195747184746.parquet -> /tmp/minio_downloads/transactions_195747184746.parquet
[2026-01-27T02:52:03.571+0000] {logging_mixin.py:188} INFO - Downloaded transactions/date=2026-01-26/transactions_195748747291.parquet -> /tmp/minio_downloads/transactions_195748747291.parquet
[2026-01-27T02:52:03.574+0000] {logging_mixin.py:188} INFO - Downloaded transactions/date=2026-01-26/transactions_195750828298.parquet -> /tmp/minio_downloads/transactions_195750828298.parquet
[2026-01-27T02:52:03.574+0000] {python.py:237} INFO - Done. Returned value was: {'customers': ['/tmp/minio_downloads/customers_195743096976.parquet', '/tmp/minio_downloads/customers_195753837058.parquet'], 'accounts': ['/tmp/minio_downloads/accounts_195743143348.parquet', '/tmp/minio_downloads/accounts_195748712467.parquet', '/tmp/minio_downloads/accounts_195758854697.parquet'], 'transactions': ['/tmp/minio_downloads/transactions_195743150534.parquet', '/tmp/minio_downloads/transactions_195745131628.parquet', '/tmp/minio_downloads/transactions_195747184746.parquet', '/tmp/minio_downloads/transactions_195748747291.parquet', '/tmp/minio_downloads/transactions_195750828298.parquet']}
[2026-01-27T02:52:03.575+0000] {taskinstance.py:441} INFO - ::group::Post task execution logs
[2026-01-27T02:52:03.584+0000] {taskinstance.py:1206} INFO - Marking task as SUCCESS. dag_id=minio_to_snowflake_banking, task_id=download_minio, run_id=scheduled__2026-01-27T02:51:00+00:00, execution_date=20260127T025100, start_date=20260127T025203, end_date=20260127T025203
[2026-01-27T02:52:03.615+0000] {local_task_job_runner.py:243} INFO - Task exited with return code 0
[2026-01-27T02:52:03.624+0000] {taskinstance.py:3503} INFO - 1 downstream tasks scheduled from follow-on schedule check
[2026-01-27T02:52:03.625+0000] {local_task_job_runner.py:222} INFO - ::endgroup::
