[2026-01-27T16:19:04.049+0000] {local_task_job_runner.py:120} INFO - ::group::Pre task execution logs
[2026-01-27T16:19:04.065+0000] {taskinstance.py:2076} INFO - Dependencies all met for dep_context=non-requeueable deps ti=<TaskInstance: minio_to_snowflake_banking.load_snowflake scheduled__2026-01-27T16:18:00+00:00 [queued]>
[2026-01-27T16:19:04.068+0000] {taskinstance.py:2076} INFO - Dependencies all met for dep_context=requeueable deps ti=<TaskInstance: minio_to_snowflake_banking.load_snowflake scheduled__2026-01-27T16:18:00+00:00 [queued]>
[2026-01-27T16:19:04.068+0000] {taskinstance.py:2306} INFO - Starting attempt 1 of 2
[2026-01-27T16:19:04.074+0000] {taskinstance.py:2330} INFO - Executing <Task(PythonOperator): load_snowflake> on 2026-01-27 16:18:00+00:00
[2026-01-27T16:19:04.085+0000] {logging_mixin.py:188} WARNING - /home/***/.local/lib/python3.12/site-packages/***/task/task_runner/standard_task_runner.py:62 DeprecationWarning: This process (pid=14515) is multi-threaded, use of fork() may lead to deadlocks in the child.
[2026-01-27T16:19:04.084+0000] {standard_task_runner.py:90} INFO - Running: ['***', 'tasks', 'run', 'minio_to_snowflake_banking', 'load_snowflake', 'scheduled__2026-01-27T16:18:00+00:00', '--job-id', '420', '--raw', '--subdir', 'DAGS_FOLDER/minio_to_snowflake_dag.py', '--cfg-path', '/tmp/tmp07p6t_ro']
[2026-01-27T16:19:04.086+0000] {standard_task_runner.py:91} INFO - Job 420: Subtask load_snowflake
[2026-01-27T16:19:04.086+0000] {standard_task_runner.py:64} INFO - Started process 14522 to run task
[2026-01-27T16:19:04.116+0000] {task_command.py:426} INFO - Running <TaskInstance: minio_to_snowflake_banking.load_snowflake scheduled__2026-01-27T16:18:00+00:00 [running]> on host f7e57c740e9e
[2026-01-27T16:19:04.164+0000] {taskinstance.py:2648} INFO - Exporting env vars: AIRFLOW_CTX_DAG_OWNER='***' AIRFLOW_CTX_DAG_ID='minio_to_snowflake_banking' AIRFLOW_CTX_TASK_ID='load_snowflake' AIRFLOW_CTX_EXECUTION_DATE='2026-01-27T16:18:00+00:00' AIRFLOW_CTX_TRY_NUMBER='1' AIRFLOW_CTX_DAG_RUN_ID='scheduled__2026-01-27T16:18:00+00:00'
[2026-01-27T16:19:04.165+0000] {taskinstance.py:430} INFO - ::endgroup::
[2026-01-27T16:19:04.175+0000] {connection.py:611} INFO - Snowflake Connector for Python Version: 4.2.0, Python Version: 3.12.4, Platform: Linux-6.10.14-linuxkit-aarch64-with-glibc2.36
[2026-01-27T16:19:04.175+0000] {connection.py:1695} INFO - Connecting to GLOBAL Snowflake domain
[2026-01-27T16:19:07.615+0000] {logging_mixin.py:188} INFO - Uploaded /tmp/minio_downloads/customers_215036692531.parquet -> @customers stage
[2026-01-27T16:19:07.842+0000] {logging_mixin.py:188} INFO - Uploaded /tmp/minio_downloads/customers_215046805845.parquet -> @customers stage
[2026-01-27T16:19:08.073+0000] {logging_mixin.py:188} INFO - Uploaded /tmp/minio_downloads/customers_215056955161.parquet -> @customers stage
[2026-01-27T16:19:08.248+0000] {logging_mixin.py:188} INFO - Uploaded /tmp/minio_downloads/customers_231527933510.parquet -> @customers stage
[2026-01-27T16:19:08.684+0000] {logging_mixin.py:188} INFO - Data loaded into customers
[2026-01-27T16:19:08.868+0000] {logging_mixin.py:188} INFO - Uploaded /tmp/minio_downloads/accounts_215036748655.parquet -> @accounts stage
[2026-01-27T16:19:09.102+0000] {logging_mixin.py:188} INFO - Uploaded /tmp/minio_downloads/accounts_215042772494.parquet -> @accounts stage
[2026-01-27T16:19:09.279+0000] {logging_mixin.py:188} INFO - Uploaded /tmp/minio_downloads/accounts_215052938889.parquet -> @accounts stage
[2026-01-27T16:19:09.695+0000] {logging_mixin.py:188} INFO - Data loaded into accounts
[2026-01-27T16:19:10.185+0000] {logging_mixin.py:188} INFO - Uploaded /tmp/minio_downloads/transactions_215036756342.parquet -> @transactions stage
[2026-01-27T16:19:10.372+0000] {logging_mixin.py:188} INFO - Uploaded /tmp/minio_downloads/transactions_215038694525.parquet -> @transactions stage
[2026-01-27T16:19:10.565+0000] {logging_mixin.py:188} INFO - Uploaded /tmp/minio_downloads/transactions_215040746814.parquet -> @transactions stage
[2026-01-27T16:19:10.754+0000] {logging_mixin.py:188} INFO - Uploaded /tmp/minio_downloads/transactions_215042801594.parquet -> @transactions stage
[2026-01-27T16:19:10.971+0000] {logging_mixin.py:188} INFO - Uploaded /tmp/minio_downloads/transactions_215044831571.parquet -> @transactions stage
[2026-01-27T16:19:11.162+0000] {logging_mixin.py:188} INFO - Uploaded /tmp/minio_downloads/transactions_215046920436.parquet -> @transactions stage
[2026-01-27T16:19:11.551+0000] {logging_mixin.py:188} INFO - Data loaded into transactions
[2026-01-27T16:19:11.678+0000] {python.py:237} INFO - Done. Returned value was: None
[2026-01-27T16:19:11.681+0000] {taskinstance.py:441} INFO - ::group::Post task execution logs
[2026-01-27T16:19:11.710+0000] {taskinstance.py:1206} INFO - Marking task as SUCCESS. dag_id=minio_to_snowflake_banking, task_id=load_snowflake, run_id=scheduled__2026-01-27T16:18:00+00:00, execution_date=20260127T161800, start_date=20260127T161904, end_date=20260127T161911
[2026-01-27T16:19:11.747+0000] {local_task_job_runner.py:243} INFO - Task exited with return code 0
[2026-01-27T16:19:11.768+0000] {taskinstance.py:3503} INFO - 0 downstream tasks scheduled from follow-on schedule check
[2026-01-27T16:19:11.769+0000] {local_task_job_runner.py:222} INFO - ::endgroup::
