[2026-01-27T01:48:05.364+0000] {local_task_job_runner.py:120} INFO - ::group::Pre task execution logs
[2026-01-27T01:48:05.379+0000] {taskinstance.py:2076} INFO - Dependencies all met for dep_context=non-requeueable deps ti=<TaskInstance: minio_to_snowflake_banking.load_snowflake scheduled__2026-01-27T01:47:00+00:00 [queued]>
[2026-01-27T01:48:05.382+0000] {taskinstance.py:2076} INFO - Dependencies all met for dep_context=requeueable deps ti=<TaskInstance: minio_to_snowflake_banking.load_snowflake scheduled__2026-01-27T01:47:00+00:00 [queued]>
[2026-01-27T01:48:05.382+0000] {taskinstance.py:2306} INFO - Starting attempt 1 of 2
[2026-01-27T01:48:05.386+0000] {taskinstance.py:2330} INFO - Executing <Task(PythonOperator): load_snowflake> on 2026-01-27 01:47:00+00:00
[2026-01-27T01:48:05.394+0000] {logging_mixin.py:188} WARNING - /home/***/.local/lib/python3.12/site-packages/***/task/task_runner/standard_task_runner.py:62 DeprecationWarning: This process (pid=14688) is multi-threaded, use of fork() may lead to deadlocks in the child.
[2026-01-27T01:48:05.393+0000] {standard_task_runner.py:90} INFO - Running: ['***', 'tasks', 'run', 'minio_to_snowflake_banking', 'load_snowflake', 'scheduled__2026-01-27T01:47:00+00:00', '--job-id', '180', '--raw', '--subdir', 'DAGS_FOLDER/minio_to_snowflake_dag.py', '--cfg-path', '/tmp/tmpdoa72ooe']
[2026-01-27T01:48:05.395+0000] {standard_task_runner.py:64} INFO - Started process 14695 to run task
[2026-01-27T01:48:05.395+0000] {standard_task_runner.py:91} INFO - Job 180: Subtask load_snowflake
[2026-01-27T01:48:05.418+0000] {task_command.py:426} INFO - Running <TaskInstance: minio_to_snowflake_banking.load_snowflake scheduled__2026-01-27T01:47:00+00:00 [running]> on host bac6151482a5
[2026-01-27T01:48:05.460+0000] {taskinstance.py:2648} INFO - Exporting env vars: AIRFLOW_CTX_DAG_OWNER='***' AIRFLOW_CTX_DAG_ID='minio_to_snowflake_banking' AIRFLOW_CTX_TASK_ID='load_snowflake' AIRFLOW_CTX_EXECUTION_DATE='2026-01-27T01:47:00+00:00' AIRFLOW_CTX_TRY_NUMBER='1' AIRFLOW_CTX_DAG_RUN_ID='scheduled__2026-01-27T01:47:00+00:00'
[2026-01-27T01:48:05.461+0000] {taskinstance.py:430} INFO - ::endgroup::
[2026-01-27T01:48:05.473+0000] {connection.py:611} INFO - Snowflake Connector for Python Version: 4.2.0, Python Version: 3.12.4, Platform: Linux-6.10.14-linuxkit-aarch64-with-glibc2.36
[2026-01-27T01:48:05.474+0000] {connection.py:1695} INFO - Connecting to GLOBAL Snowflake domain
[2026-01-27T01:48:09.752+0000] {logging_mixin.py:188} INFO - Uploaded /tmp/minio_downloads/customers_194557533714.parquet -> @customers stage
[2026-01-27T01:48:09.938+0000] {logging_mixin.py:188} INFO - Uploaded /tmp/minio_downloads/customers_194607987530.parquet -> @customers stage
[2026-01-27T01:48:10.082+0000] {logging_mixin.py:188} INFO - Uploaded /tmp/minio_downloads/customers_194618085188.parquet -> @customers stage
[2026-01-27T01:48:10.852+0000] {logging_mixin.py:188} INFO - Data loaded into customers
[2026-01-27T01:48:11.040+0000] {logging_mixin.py:188} INFO - Uploaded /tmp/minio_downloads/accounts_194557581531.parquet -> @accounts stage
[2026-01-27T01:48:11.279+0000] {logging_mixin.py:188} INFO - Uploaded /tmp/minio_downloads/accounts_194603973913.parquet -> @accounts stage
[2026-01-27T01:48:11.463+0000] {logging_mixin.py:188} INFO - Uploaded /tmp/minio_downloads/accounts_194610037590.parquet -> @accounts stage
[2026-01-27T01:48:11.632+0000] {logging_mixin.py:188} INFO - Uploaded /tmp/minio_downloads/accounts_194620108412.parquet -> @accounts stage
[2026-01-27T01:48:12.032+0000] {logging_mixin.py:188} INFO - Data loaded into accounts
[2026-01-27T01:48:12.211+0000] {logging_mixin.py:188} INFO - Uploaded /tmp/minio_downloads/transactions_194557597337.parquet -> @transactions stage
[2026-01-27T01:48:12.409+0000] {logging_mixin.py:188} INFO - Uploaded /tmp/minio_downloads/transactions_194559436395.parquet -> @transactions stage
[2026-01-27T01:48:12.604+0000] {logging_mixin.py:188} INFO - Uploaded /tmp/minio_downloads/transactions_194601465199.parquet -> @transactions stage
[2026-01-27T01:48:12.777+0000] {logging_mixin.py:188} INFO - Uploaded /tmp/minio_downloads/transactions_194604005804.parquet -> @transactions stage
[2026-01-27T01:48:12.957+0000] {logging_mixin.py:188} INFO - Uploaded /tmp/minio_downloads/transactions_194606050200.parquet -> @transactions stage
[2026-01-27T01:48:13.120+0000] {logging_mixin.py:188} INFO - Uploaded /tmp/minio_downloads/transactions_194608049207.parquet -> @transactions stage
[2026-01-27T01:48:13.274+0000] {logging_mixin.py:188} INFO - Uploaded /tmp/minio_downloads/transactions_194610069144.parquet -> @transactions stage
[2026-01-27T01:48:13.726+0000] {logging_mixin.py:188} INFO - Data loaded into transactions
[2026-01-27T01:48:13.862+0000] {python.py:237} INFO - Done. Returned value was: None
[2026-01-27T01:48:13.863+0000] {taskinstance.py:441} INFO - ::group::Post task execution logs
[2026-01-27T01:48:13.885+0000] {taskinstance.py:1206} INFO - Marking task as SUCCESS. dag_id=minio_to_snowflake_banking, task_id=load_snowflake, run_id=scheduled__2026-01-27T01:47:00+00:00, execution_date=20260127T014700, start_date=20260127T014805, end_date=20260127T014813
[2026-01-27T01:48:13.938+0000] {local_task_job_runner.py:243} INFO - Task exited with return code 0
[2026-01-27T01:48:13.957+0000] {taskinstance.py:3503} INFO - 0 downstream tasks scheduled from follow-on schedule check
[2026-01-27T01:48:13.957+0000] {local_task_job_runner.py:222} INFO - ::endgroup::
