[2026-01-27T03:05:04.569+0000] {local_task_job_runner.py:120} INFO - ::group::Pre task execution logs
[2026-01-27T03:05:04.582+0000] {taskinstance.py:2076} INFO - Dependencies all met for dep_context=non-requeueable deps ti=<TaskInstance: minio_to_snowflake_banking.load_snowflake scheduled__2026-01-27T03:04:00+00:00 [queued]>
[2026-01-27T03:05:04.585+0000] {taskinstance.py:2076} INFO - Dependencies all met for dep_context=requeueable deps ti=<TaskInstance: minio_to_snowflake_banking.load_snowflake scheduled__2026-01-27T03:04:00+00:00 [queued]>
[2026-01-27T03:05:04.585+0000] {taskinstance.py:2306} INFO - Starting attempt 1 of 2
[2026-01-27T03:05:04.589+0000] {taskinstance.py:2330} INFO - Executing <Task(PythonOperator): load_snowflake> on 2026-01-27 03:04:00+00:00
[2026-01-27T03:05:04.592+0000] {standard_task_runner.py:90} INFO - Running: ['***', 'tasks', 'run', 'minio_to_snowflake_banking', 'load_snowflake', 'scheduled__2026-01-27T03:04:00+00:00', '--job-id', '341', '--raw', '--subdir', 'DAGS_FOLDER/minio_to_snowflake_dag.py', '--cfg-path', '/tmp/tmp8tv9xemi']
[2026-01-27T03:05:04.593+0000] {logging_mixin.py:188} WARNING - /home/***/.local/lib/python3.12/site-packages/***/task/task_runner/standard_task_runner.py:62 DeprecationWarning: This process (pid=4529) is multi-threaded, use of fork() may lead to deadlocks in the child.
[2026-01-27T03:05:04.593+0000] {standard_task_runner.py:91} INFO - Job 341: Subtask load_snowflake
[2026-01-27T03:05:04.593+0000] {standard_task_runner.py:64} INFO - Started process 4536 to run task
[2026-01-27T03:05:04.613+0000] {task_command.py:426} INFO - Running <TaskInstance: minio_to_snowflake_banking.load_snowflake scheduled__2026-01-27T03:04:00+00:00 [running]> on host e566996476d9
[2026-01-27T03:05:04.644+0000] {taskinstance.py:2648} INFO - Exporting env vars: AIRFLOW_CTX_DAG_OWNER='***' AIRFLOW_CTX_DAG_ID='minio_to_snowflake_banking' AIRFLOW_CTX_TASK_ID='load_snowflake' AIRFLOW_CTX_EXECUTION_DATE='2026-01-27T03:04:00+00:00' AIRFLOW_CTX_TRY_NUMBER='1' AIRFLOW_CTX_DAG_RUN_ID='scheduled__2026-01-27T03:04:00+00:00'
[2026-01-27T03:05:04.645+0000] {taskinstance.py:430} INFO - ::endgroup::
[2026-01-27T03:05:04.655+0000] {connection.py:611} INFO - Snowflake Connector for Python Version: 4.2.0, Python Version: 3.12.4, Platform: Linux-6.10.14-linuxkit-aarch64-with-glibc2.36
[2026-01-27T03:05:04.655+0000] {connection.py:1695} INFO - Connecting to GLOBAL Snowflake domain
[2026-01-27T03:05:08.985+0000] {logging_mixin.py:188} INFO - Uploaded /tmp/minio_downloads/customers_195743096976.parquet -> @customers stage
[2026-01-27T03:05:09.241+0000] {logging_mixin.py:188} INFO - Uploaded /tmp/minio_downloads/customers_195753837058.parquet -> @customers stage
[2026-01-27T03:05:09.751+0000] {logging_mixin.py:188} INFO - Data loaded into customers
[2026-01-27T03:05:09.933+0000] {logging_mixin.py:188} INFO - Uploaded /tmp/minio_downloads/accounts_195743143348.parquet -> @accounts stage
[2026-01-27T03:05:10.118+0000] {logging_mixin.py:188} INFO - Uploaded /tmp/minio_downloads/accounts_195748712467.parquet -> @accounts stage
[2026-01-27T03:05:10.325+0000] {logging_mixin.py:188} INFO - Uploaded /tmp/minio_downloads/accounts_195758854697.parquet -> @accounts stage
[2026-01-27T03:05:11.072+0000] {logging_mixin.py:188} INFO - Data loaded into accounts
[2026-01-27T03:05:11.298+0000] {logging_mixin.py:188} INFO - Uploaded /tmp/minio_downloads/transactions_195743150534.parquet -> @transactions stage
[2026-01-27T03:05:11.455+0000] {logging_mixin.py:188} INFO - Uploaded /tmp/minio_downloads/transactions_195745131628.parquet -> @transactions stage
[2026-01-27T03:05:11.641+0000] {logging_mixin.py:188} INFO - Uploaded /tmp/minio_downloads/transactions_195747184746.parquet -> @transactions stage
[2026-01-27T03:05:11.811+0000] {logging_mixin.py:188} INFO - Uploaded /tmp/minio_downloads/transactions_195748747291.parquet -> @transactions stage
[2026-01-27T03:05:11.985+0000] {logging_mixin.py:188} INFO - Uploaded /tmp/minio_downloads/transactions_195750828298.parquet -> @transactions stage
[2026-01-27T03:05:12.387+0000] {logging_mixin.py:188} INFO - Data loaded into transactions
[2026-01-27T03:05:12.543+0000] {python.py:237} INFO - Done. Returned value was: None
[2026-01-27T03:05:12.544+0000] {taskinstance.py:441} INFO - ::group::Post task execution logs
[2026-01-27T03:05:12.579+0000] {taskinstance.py:1206} INFO - Marking task as SUCCESS. dag_id=minio_to_snowflake_banking, task_id=load_snowflake, run_id=scheduled__2026-01-27T03:04:00+00:00, execution_date=20260127T030400, start_date=20260127T030504, end_date=20260127T030512
[2026-01-27T03:05:12.640+0000] {local_task_job_runner.py:243} INFO - Task exited with return code 0
[2026-01-27T03:05:12.658+0000] {taskinstance.py:3503} INFO - 0 downstream tasks scheduled from follow-on schedule check
[2026-01-27T03:05:12.659+0000] {local_task_job_runner.py:222} INFO - ::endgroup::
