[2026-01-27T16:22:04.219+0000] {local_task_job_runner.py:120} INFO - ::group::Pre task execution logs
[2026-01-27T16:22:04.231+0000] {taskinstance.py:2076} INFO - Dependencies all met for dep_context=non-requeueable deps ti=<TaskInstance: minio_to_snowflake_banking.load_snowflake scheduled__2026-01-27T16:21:00+00:00 [queued]>
[2026-01-27T16:22:04.234+0000] {taskinstance.py:2076} INFO - Dependencies all met for dep_context=requeueable deps ti=<TaskInstance: minio_to_snowflake_banking.load_snowflake scheduled__2026-01-27T16:21:00+00:00 [queued]>
[2026-01-27T16:22:04.234+0000] {taskinstance.py:2306} INFO - Starting attempt 1 of 2
[2026-01-27T16:22:04.238+0000] {taskinstance.py:2330} INFO - Executing <Task(PythonOperator): load_snowflake> on 2026-01-27 16:21:00+00:00
[2026-01-27T16:22:04.247+0000] {logging_mixin.py:188} WARNING - /home/***/.local/lib/python3.12/site-packages/***/task/task_runner/standard_task_runner.py:62 DeprecationWarning: This process (pid=14734) is multi-threaded, use of fork() may lead to deadlocks in the child.
[2026-01-27T16:22:04.247+0000] {standard_task_runner.py:64} INFO - Started process 14741 to run task
[2026-01-27T16:22:04.246+0000] {standard_task_runner.py:90} INFO - Running: ['***', 'tasks', 'run', 'minio_to_snowflake_banking', 'load_snowflake', 'scheduled__2026-01-27T16:21:00+00:00', '--job-id', '426', '--raw', '--subdir', 'DAGS_FOLDER/minio_to_snowflake_dag.py', '--cfg-path', '/tmp/tmp0yz_suk9']
[2026-01-27T16:22:04.248+0000] {standard_task_runner.py:91} INFO - Job 426: Subtask load_snowflake
[2026-01-27T16:22:04.270+0000] {task_command.py:426} INFO - Running <TaskInstance: minio_to_snowflake_banking.load_snowflake scheduled__2026-01-27T16:21:00+00:00 [running]> on host f7e57c740e9e
[2026-01-27T16:22:04.305+0000] {taskinstance.py:2648} INFO - Exporting env vars: AIRFLOW_CTX_DAG_OWNER='***' AIRFLOW_CTX_DAG_ID='minio_to_snowflake_banking' AIRFLOW_CTX_TASK_ID='load_snowflake' AIRFLOW_CTX_EXECUTION_DATE='2026-01-27T16:21:00+00:00' AIRFLOW_CTX_TRY_NUMBER='1' AIRFLOW_CTX_DAG_RUN_ID='scheduled__2026-01-27T16:21:00+00:00'
[2026-01-27T16:22:04.305+0000] {taskinstance.py:430} INFO - ::endgroup::
[2026-01-27T16:22:04.316+0000] {connection.py:611} INFO - Snowflake Connector for Python Version: 4.2.0, Python Version: 3.12.4, Platform: Linux-6.10.14-linuxkit-aarch64-with-glibc2.36
[2026-01-27T16:22:04.316+0000] {connection.py:1695} INFO - Connecting to GLOBAL Snowflake domain
[2026-01-27T16:22:07.876+0000] {logging_mixin.py:188} INFO - Uploaded /tmp/minio_downloads/customers_215036692531.parquet -> @customers stage
[2026-01-27T16:22:08.083+0000] {logging_mixin.py:188} INFO - Uploaded /tmp/minio_downloads/customers_215046805845.parquet -> @customers stage
[2026-01-27T16:22:08.292+0000] {logging_mixin.py:188} INFO - Uploaded /tmp/minio_downloads/customers_215056955161.parquet -> @customers stage
[2026-01-27T16:22:08.503+0000] {logging_mixin.py:188} INFO - Uploaded /tmp/minio_downloads/customers_231527933510.parquet -> @customers stage
[2026-01-27T16:22:09.109+0000] {logging_mixin.py:188} INFO - Data loaded into customers
[2026-01-27T16:22:09.357+0000] {logging_mixin.py:188} INFO - Uploaded /tmp/minio_downloads/accounts_215036748655.parquet -> @accounts stage
[2026-01-27T16:22:09.534+0000] {logging_mixin.py:188} INFO - Uploaded /tmp/minio_downloads/accounts_215042772494.parquet -> @accounts stage
[2026-01-27T16:22:09.732+0000] {logging_mixin.py:188} INFO - Uploaded /tmp/minio_downloads/accounts_215052938889.parquet -> @accounts stage
[2026-01-27T16:22:10.342+0000] {logging_mixin.py:188} INFO - Data loaded into accounts
[2026-01-27T16:22:10.530+0000] {logging_mixin.py:188} INFO - Uploaded /tmp/minio_downloads/transactions_215036756342.parquet -> @transactions stage
[2026-01-27T16:22:10.871+0000] {logging_mixin.py:188} INFO - Uploaded /tmp/minio_downloads/transactions_215038694525.parquet -> @transactions stage
[2026-01-27T16:22:11.049+0000] {logging_mixin.py:188} INFO - Uploaded /tmp/minio_downloads/transactions_215040746814.parquet -> @transactions stage
[2026-01-27T16:22:11.244+0000] {logging_mixin.py:188} INFO - Uploaded /tmp/minio_downloads/transactions_215042801594.parquet -> @transactions stage
[2026-01-27T16:22:11.386+0000] {logging_mixin.py:188} INFO - Uploaded /tmp/minio_downloads/transactions_215044831571.parquet -> @transactions stage
[2026-01-27T16:22:11.555+0000] {logging_mixin.py:188} INFO - Uploaded /tmp/minio_downloads/transactions_215046920436.parquet -> @transactions stage
[2026-01-27T16:22:12.053+0000] {logging_mixin.py:188} INFO - Data loaded into transactions
[2026-01-27T16:22:12.275+0000] {python.py:237} INFO - Done. Returned value was: None
[2026-01-27T16:22:12.280+0000] {taskinstance.py:441} INFO - ::group::Post task execution logs
[2026-01-27T16:22:12.365+0000] {taskinstance.py:1206} INFO - Marking task as SUCCESS. dag_id=minio_to_snowflake_banking, task_id=load_snowflake, run_id=scheduled__2026-01-27T16:21:00+00:00, execution_date=20260127T162100, start_date=20260127T162204, end_date=20260127T162212
[2026-01-27T16:22:12.434+0000] {local_task_job_runner.py:243} INFO - Task exited with return code 0
[2026-01-27T16:22:12.463+0000] {taskinstance.py:3503} INFO - 0 downstream tasks scheduled from follow-on schedule check
[2026-01-27T16:22:12.465+0000] {local_task_job_runner.py:222} INFO - ::endgroup::
