[2026-01-27T01:20:04.119+0000] {local_task_job_runner.py:120} INFO - ::group::Pre task execution logs
[2026-01-27T01:20:04.130+0000] {taskinstance.py:2076} INFO - Dependencies all met for dep_context=non-requeueable deps ti=<TaskInstance: minio_to_snowflake_banking.load_snowflake scheduled__2026-01-27T01:19:00+00:00 [queued]>
[2026-01-27T01:20:04.132+0000] {taskinstance.py:2076} INFO - Dependencies all met for dep_context=requeueable deps ti=<TaskInstance: minio_to_snowflake_banking.load_snowflake scheduled__2026-01-27T01:19:00+00:00 [queued]>
[2026-01-27T01:20:04.133+0000] {taskinstance.py:2306} INFO - Starting attempt 1 of 2
[2026-01-27T01:20:04.136+0000] {taskinstance.py:2330} INFO - Executing <Task(PythonOperator): load_snowflake> on 2026-01-27 01:19:00+00:00
[2026-01-27T01:20:04.141+0000] {logging_mixin.py:188} WARNING - /home/***/.local/lib/python3.12/site-packages/***/task/task_runner/standard_task_runner.py:62 DeprecationWarning: This process (pid=9527) is multi-threaded, use of fork() may lead to deadlocks in the child.
[2026-01-27T01:20:04.142+0000] {standard_task_runner.py:64} INFO - Started process 9534 to run task
[2026-01-27T01:20:04.143+0000] {standard_task_runner.py:90} INFO - Running: ['***', 'tasks', 'run', 'minio_to_snowflake_banking', 'load_snowflake', 'scheduled__2026-01-27T01:19:00+00:00', '--job-id', '141', '--raw', '--subdir', 'DAGS_FOLDER/minio_to_snowflake_dag.py', '--cfg-path', '/tmp/tmphiglkhsu']
[2026-01-27T01:20:04.147+0000] {standard_task_runner.py:91} INFO - Job 141: Subtask load_snowflake
[2026-01-27T01:20:04.170+0000] {task_command.py:426} INFO - Running <TaskInstance: minio_to_snowflake_banking.load_snowflake scheduled__2026-01-27T01:19:00+00:00 [running]> on host bac6151482a5
[2026-01-27T01:20:04.205+0000] {taskinstance.py:2648} INFO - Exporting env vars: AIRFLOW_CTX_DAG_OWNER='***' AIRFLOW_CTX_DAG_ID='minio_to_snowflake_banking' AIRFLOW_CTX_TASK_ID='load_snowflake' AIRFLOW_CTX_EXECUTION_DATE='2026-01-27T01:19:00+00:00' AIRFLOW_CTX_TRY_NUMBER='1' AIRFLOW_CTX_DAG_RUN_ID='scheduled__2026-01-27T01:19:00+00:00'
[2026-01-27T01:20:04.206+0000] {taskinstance.py:430} INFO - ::endgroup::
[2026-01-27T01:20:04.215+0000] {connection.py:611} INFO - Snowflake Connector for Python Version: 4.2.0, Python Version: 3.12.4, Platform: Linux-6.10.14-linuxkit-aarch64-with-glibc2.36
[2026-01-27T01:20:04.215+0000] {connection.py:1695} INFO - Connecting to GLOBAL Snowflake domain
[2026-01-27T01:20:07.489+0000] {logging_mixin.py:188} INFO - Uploaded /tmp/minio_downloads/customers_144103576074.parquet -> @customers stage
[2026-01-27T01:20:07.677+0000] {logging_mixin.py:188} INFO - Uploaded /tmp/minio_downloads/customers_144227218931.parquet -> @customers stage
[2026-01-27T01:20:07.887+0000] {logging_mixin.py:188} INFO - Uploaded /tmp/minio_downloads/customers_182509845138.parquet -> @customers stage
[2026-01-27T01:20:08.029+0000] {logging_mixin.py:188} INFO - Uploaded /tmp/minio_downloads/customers_185216126542.parquet -> @customers stage
[2026-01-27T01:20:08.529+0000] {logging_mixin.py:188} INFO - Data loaded into customers
[2026-01-27T01:20:08.722+0000] {logging_mixin.py:188} INFO - Uploaded /tmp/minio_downloads/accounts_144103643994.parquet -> @accounts stage
[2026-01-27T01:20:09.094+0000] {logging_mixin.py:188} INFO - Uploaded /tmp/minio_downloads/accounts_144103653564.parquet -> @accounts stage
[2026-01-27T01:20:09.456+0000] {logging_mixin.py:188} INFO - Uploaded /tmp/minio_downloads/accounts_144223151465.parquet -> @accounts stage
[2026-01-27T01:20:09.760+0000] {logging_mixin.py:188} INFO - Uploaded /tmp/minio_downloads/accounts_144227246704.parquet -> @accounts stage
[2026-01-27T01:20:10.037+0000] {logging_mixin.py:188} INFO - Uploaded /tmp/minio_downloads/accounts_182505783461.parquet -> @accounts stage
[2026-01-27T01:20:10.392+0000] {logging_mixin.py:188} INFO - Uploaded /tmp/minio_downloads/accounts_182509835534.parquet -> @accounts stage
[2026-01-27T01:20:10.749+0000] {logging_mixin.py:188} INFO - Uploaded /tmp/minio_downloads/accounts_185211951102.parquet -> @accounts stage
[2026-01-27T01:20:11.026+0000] {logging_mixin.py:188} INFO - Uploaded /tmp/minio_downloads/accounts_185216176088.parquet -> @accounts stage
[2026-01-27T01:20:11.413+0000] {logging_mixin.py:188} INFO - Data loaded into accounts
[2026-01-27T01:20:11.863+0000] {logging_mixin.py:188} INFO - Uploaded /tmp/minio_downloads/transactions_144103762925.parquet -> @transactions stage
[2026-01-27T01:20:12.116+0000] {logging_mixin.py:188} INFO - Uploaded /tmp/minio_downloads/transactions_144103775606.parquet -> @transactions stage
[2026-01-27T01:20:12.365+0000] {logging_mixin.py:188} INFO - Uploaded /tmp/minio_downloads/transactions_144103863430.parquet -> @transactions stage
[2026-01-27T01:20:12.590+0000] {logging_mixin.py:188} INFO - Uploaded /tmp/minio_downloads/transactions_144103871284.parquet -> @transactions stage
[2026-01-27T01:20:12.738+0000] {logging_mixin.py:188} INFO - Uploaded /tmp/minio_downloads/transactions_144103881590.parquet -> @transactions stage
[2026-01-27T01:20:12.933+0000] {logging_mixin.py:188} INFO - Uploaded /tmp/minio_downloads/transactions_144219122553.parquet -> @transactions stage
[2026-01-27T01:20:13.111+0000] {logging_mixin.py:188} INFO - Uploaded /tmp/minio_downloads/transactions_144220621553.parquet -> @transactions stage
[2026-01-27T01:20:13.326+0000] {logging_mixin.py:188} INFO - Uploaded /tmp/minio_downloads/transactions_144223166901.parquet -> @transactions stage
[2026-01-27T01:20:13.515+0000] {logging_mixin.py:188} INFO - Uploaded /tmp/minio_downloads/transactions_144225187405.parquet -> @transactions stage
[2026-01-27T01:20:13.665+0000] {logging_mixin.py:188} INFO - Uploaded /tmp/minio_downloads/transactions_144227254007.parquet -> @transactions stage
[2026-01-27T01:20:13.815+0000] {logging_mixin.py:188} INFO - Uploaded /tmp/minio_downloads/transactions_182502247603.parquet -> @transactions stage
[2026-01-27T01:20:13.966+0000] {logging_mixin.py:188} INFO - Uploaded /tmp/minio_downloads/transactions_182503745994.parquet -> @transactions stage
[2026-01-27T01:20:14.106+0000] {logging_mixin.py:188} INFO - Uploaded /tmp/minio_downloads/transactions_182505806158.parquet -> @transactions stage
[2026-01-27T01:20:14.296+0000] {logging_mixin.py:188} INFO - Uploaded /tmp/minio_downloads/transactions_182507820889.parquet -> @transactions stage
[2026-01-27T01:20:14.517+0000] {logging_mixin.py:188} INFO - Uploaded /tmp/minio_downloads/transactions_182509861044.parquet -> @transactions stage
[2026-01-27T01:20:14.672+0000] {logging_mixin.py:188} INFO - Uploaded /tmp/minio_downloads/transactions_184131730922.parquet -> @transactions stage
[2026-01-27T01:20:14.848+0000] {logging_mixin.py:188} INFO - Uploaded /tmp/minio_downloads/transactions_184132267556.parquet -> @transactions stage
[2026-01-27T01:20:15.012+0000] {logging_mixin.py:188} INFO - Uploaded /tmp/minio_downloads/transactions_185212015172.parquet -> @transactions stage
[2026-01-27T01:20:15.251+0000] {logging_mixin.py:188} INFO - Uploaded /tmp/minio_downloads/transactions_185214037206.parquet -> @transactions stage
[2026-01-27T01:20:15.432+0000] {logging_mixin.py:188} INFO - Uploaded /tmp/minio_downloads/transactions_185216168765.parquet -> @transactions stage
[2026-01-27T01:20:15.594+0000] {logging_mixin.py:188} INFO - Uploaded /tmp/minio_downloads/transactions_185218181017.parquet -> @transactions stage
[2026-01-27T01:20:15.993+0000] {logging_mixin.py:188} INFO - Data loaded into transactions
[2026-01-27T01:20:16.111+0000] {python.py:237} INFO - Done. Returned value was: None
[2026-01-27T01:20:16.112+0000] {taskinstance.py:441} INFO - ::group::Post task execution logs
[2026-01-27T01:20:16.134+0000] {taskinstance.py:1206} INFO - Marking task as SUCCESS. dag_id=minio_to_snowflake_banking, task_id=load_snowflake, run_id=scheduled__2026-01-27T01:19:00+00:00, execution_date=20260127T011900, start_date=20260127T012004, end_date=20260127T012016
[2026-01-27T01:20:16.178+0000] {local_task_job_runner.py:243} INFO - Task exited with return code 0
[2026-01-27T01:20:16.193+0000] {taskinstance.py:3503} INFO - 0 downstream tasks scheduled from follow-on schedule check
[2026-01-27T01:20:16.194+0000] {local_task_job_runner.py:222} INFO - ::endgroup::
