[2026-01-27T02:22:37.567+0000] {local_task_job_runner.py:120} INFO - ::group::Pre task execution logs
[2026-01-27T02:22:37.581+0000] {taskinstance.py:2076} INFO - Dependencies all met for dep_context=non-requeueable deps ti=<TaskInstance: SCD2_snapshots.dbt_snapshot scheduled__2026-01-26T00:00:00+00:00 [queued]>
[2026-01-27T02:22:37.584+0000] {taskinstance.py:2076} INFO - Dependencies all met for dep_context=requeueable deps ti=<TaskInstance: SCD2_snapshots.dbt_snapshot scheduled__2026-01-26T00:00:00+00:00 [queued]>
[2026-01-27T02:22:37.584+0000] {taskinstance.py:2306} INFO - Starting attempt 1 of 2
[2026-01-27T02:22:37.588+0000] {taskinstance.py:2330} INFO - Executing <Task(BashOperator): dbt_snapshot> on 2026-01-26 00:00:00+00:00
[2026-01-27T02:22:37.590+0000] {standard_task_runner.py:64} INFO - Started process 1685 to run task
[2026-01-27T02:22:37.591+0000] {standard_task_runner.py:90} INFO - Running: ['***', 'tasks', 'run', 'SCD2_snapshots', 'dbt_snapshot', 'scheduled__2026-01-26T00:00:00+00:00', '--job-id', '250', '--raw', '--subdir', 'DAGS_FOLDER/scd_snapshots.py', '--cfg-path', '/tmp/tmpvuin77uz']
[2026-01-27T02:22:37.592+0000] {standard_task_runner.py:91} INFO - Job 250: Subtask dbt_snapshot
[2026-01-27T02:22:37.614+0000] {task_command.py:426} INFO - Running <TaskInstance: SCD2_snapshots.dbt_snapshot scheduled__2026-01-26T00:00:00+00:00 [running]> on host e566996476d9
[2026-01-27T02:22:37.651+0000] {taskinstance.py:2648} INFO - Exporting env vars: AIRFLOW_CTX_DAG_OWNER='***' AIRFLOW_CTX_DAG_ID='SCD2_snapshots' AIRFLOW_CTX_TASK_ID='dbt_snapshot' AIRFLOW_CTX_EXECUTION_DATE='2026-01-26T00:00:00+00:00' AIRFLOW_CTX_TRY_NUMBER='1' AIRFLOW_CTX_DAG_RUN_ID='scheduled__2026-01-26T00:00:00+00:00'
[2026-01-27T02:22:37.652+0000] {taskinstance.py:430} INFO - ::endgroup::
[2026-01-27T02:22:37.657+0000] {subprocess.py:63} INFO - Tmp dir root location: /tmp
[2026-01-27T02:22:37.658+0000] {subprocess.py:75} INFO - Running command: ['/usr/bin/bash', '-c', '\n        cd /opt/***/banking_dbt &&\n        dbt snapshot --profiles-dir /home/***/.dbt\n        ']
[2026-01-27T02:22:37.661+0000] {subprocess.py:86} INFO - Output:
[2026-01-27T02:22:38.922+0000] {subprocess.py:93} INFO - [0m02:22:38  Running with dbt=1.11.2
[2026-01-27T02:22:39.588+0000] {subprocess.py:93} INFO - [0m02:22:39  Registered adapter: snowflake=1.11.1
[2026-01-27T02:22:39.703+0000] {subprocess.py:93} INFO - [0m02:22:39  Unable to do partial parsing because a project config has changed
[2026-01-27T02:22:40.553+0000] {subprocess.py:93} INFO - [0m02:22:40  Found 8 models, 2 snapshots, 4 data tests, 3 sources, 522 macros
[2026-01-27T02:22:40.554+0000] {subprocess.py:93} INFO - [0m02:22:40
[2026-01-27T02:22:40.555+0000] {subprocess.py:93} INFO - [0m02:22:40  Concurrency: 4 threads (target='dev')
[2026-01-27T02:22:40.555+0000] {subprocess.py:93} INFO - [0m02:22:40
[2026-01-27T02:22:43.245+0000] {subprocess.py:93} INFO - [0m02:22:43  1 of 2 START snapshot ANALYTICS.accounts_snapshot .............................. [RUN]
[2026-01-27T02:22:43.248+0000] {subprocess.py:93} INFO - [0m02:22:43  2 of 2 START snapshot ANALYTICS.customers_snapshot ............................. [RUN]
[2026-01-27T02:22:47.254+0000] {subprocess.py:93} INFO - [0m02:22:47  1 of 2 OK snapshotted ANALYTICS.accounts_snapshot .............................. [[32mSUCCESS 0[0m in 4.00s]
[2026-01-27T02:22:47.851+0000] {subprocess.py:93} INFO - [0m02:22:47  2 of 2 OK snapshotted ANALYTICS.customers_snapshot ............................. [[32mSUCCESS 0[0m in 4.60s]
[2026-01-27T02:22:48.181+0000] {subprocess.py:93} INFO - [0m02:22:48
[2026-01-27T02:22:48.182+0000] {subprocess.py:93} INFO - [0m02:22:48  Finished running 2 snapshots in 0 hours 0 minutes and 7.62 seconds (7.62s).
[2026-01-27T02:22:48.241+0000] {subprocess.py:93} INFO - [0m02:22:48
[2026-01-27T02:22:48.242+0000] {subprocess.py:93} INFO - [0m02:22:48  [32mCompleted successfully[0m
[2026-01-27T02:22:48.242+0000] {subprocess.py:93} INFO - [0m02:22:48
[2026-01-27T02:22:48.242+0000] {subprocess.py:93} INFO - [0m02:22:48  Done. PASS=2 WARN=0 ERROR=0 SKIP=0 NO-OP=0 TOTAL=2
[2026-01-27T02:22:48.974+0000] {subprocess.py:97} INFO - Command exited with return code 0
[2026-01-27T02:22:48.976+0000] {taskinstance.py:441} INFO - ::group::Post task execution logs
[2026-01-27T02:22:49.005+0000] {taskinstance.py:1206} INFO - Marking task as SUCCESS. dag_id=SCD2_snapshots, task_id=dbt_snapshot, run_id=scheduled__2026-01-26T00:00:00+00:00, execution_date=20260126T000000, start_date=20260127T022237, end_date=20260127T022249
[2026-01-27T02:22:49.058+0000] {local_task_job_runner.py:243} INFO - Task exited with return code 0
[2026-01-27T02:22:49.094+0000] {taskinstance.py:3503} INFO - 1 downstream tasks scheduled from follow-on schedule check
[2026-01-27T02:22:49.095+0000] {local_task_job_runner.py:222} INFO - ::endgroup::
[2026-01-27T23:24:33.832+0000] {local_task_job_runner.py:120} INFO - ::group::Pre task execution logs
[2026-01-27T23:24:33.869+0000] {taskinstance.py:2076} INFO - Dependencies all met for dep_context=non-requeueable deps ti=<TaskInstance: SCD2_snapshots.dbt_snapshot scheduled__2026-01-26T00:00:00+00:00 [queued]>
[2026-01-27T23:24:33.872+0000] {taskinstance.py:2076} INFO - Dependencies all met for dep_context=requeueable deps ti=<TaskInstance: SCD2_snapshots.dbt_snapshot scheduled__2026-01-26T00:00:00+00:00 [queued]>
[2026-01-27T23:24:33.873+0000] {taskinstance.py:2306} INFO - Starting attempt 1 of 2
[2026-01-27T23:24:33.887+0000] {taskinstance.py:2330} INFO - Executing <Task(BashOperator): dbt_snapshot> on 2026-01-26 00:00:00+00:00
[2026-01-27T23:24:33.889+0000] {standard_task_runner.py:64} INFO - Started process 6917 to run task
[2026-01-27T23:24:33.891+0000] {standard_task_runner.py:90} INFO - Running: ['***', 'tasks', 'run', 'SCD2_snapshots', 'dbt_snapshot', 'scheduled__2026-01-26T00:00:00+00:00', '--job-id', '1198', '--raw', '--subdir', 'DAGS_FOLDER/scd_snapshots.py', '--cfg-path', '/tmp/tmp2qpxr0xs']
[2026-01-27T23:24:33.894+0000] {standard_task_runner.py:91} INFO - Job 1198: Subtask dbt_snapshot
[2026-01-27T23:24:33.925+0000] {task_command.py:426} INFO - Running <TaskInstance: SCD2_snapshots.dbt_snapshot scheduled__2026-01-26T00:00:00+00:00 [running]> on host aa98137bd6c9
[2026-01-27T23:24:33.970+0000] {taskinstance.py:2648} INFO - Exporting env vars: AIRFLOW_CTX_DAG_OWNER='***' AIRFLOW_CTX_DAG_ID='SCD2_snapshots' AIRFLOW_CTX_TASK_ID='dbt_snapshot' AIRFLOW_CTX_EXECUTION_DATE='2026-01-26T00:00:00+00:00' AIRFLOW_CTX_TRY_NUMBER='1' AIRFLOW_CTX_DAG_RUN_ID='scheduled__2026-01-26T00:00:00+00:00'
[2026-01-27T23:24:33.970+0000] {taskinstance.py:430} INFO - ::endgroup::
[2026-01-27T23:24:34.004+0000] {subprocess.py:63} INFO - Tmp dir root location: /tmp
[2026-01-27T23:24:34.005+0000] {subprocess.py:75} INFO - Running command: ['/usr/bin/bash', '-c', '\n        cd /opt/***/banking_dbt &&\n        dbt snapshot --profiles-dir /home/***/.dbt\n        ']
[2026-01-27T23:24:34.011+0000] {subprocess.py:86} INFO - Output:
[2026-01-27T23:24:36.822+0000] {subprocess.py:93} INFO - [0m23:24:36  Running with dbt=1.11.2
[2026-01-27T23:24:38.041+0000] {subprocess.py:93} INFO - [0m23:24:38  Registered adapter: snowflake=1.11.1
[2026-01-27T23:24:38.195+0000] {subprocess.py:93} INFO - [0m23:24:38  Unable to do partial parsing because profile has changed
[2026-01-27T23:24:39.028+0000] {subprocess.py:93} INFO - [0m23:24:39  Found 8 models, 2 snapshots, 4 data tests, 3 sources, 522 macros
[2026-01-27T23:24:39.030+0000] {subprocess.py:93} INFO - [0m23:24:39
[2026-01-27T23:24:39.032+0000] {subprocess.py:93} INFO - [0m23:24:39  Concurrency: 4 threads (target='dev')
[2026-01-27T23:24:39.032+0000] {subprocess.py:93} INFO - [0m23:24:39
[2026-01-27T23:24:40.866+0000] {subprocess.py:93} INFO - [0m23:24:40  1 of 2 START snapshot ANALYTICS.accounts_snapshot .............................. [RUN]
[2026-01-27T23:24:40.869+0000] {subprocess.py:93} INFO - [0m23:24:40  2 of 2 START snapshot ANALYTICS.customers_snapshot ............................. [RUN]
[2026-01-27T23:24:44.994+0000] {subprocess.py:93} INFO - [0m23:24:44  1 of 2 OK snapshotted ANALYTICS.accounts_snapshot .............................. [[32mSUCCESS 0[0m in 4.10s]
[2026-01-27T23:24:45.034+0000] {subprocess.py:93} INFO - [0m23:24:45  2 of 2 OK snapshotted ANALYTICS.customers_snapshot ............................. [[32mSUCCESS 2[0m in 4.17s]
[2026-01-27T23:24:45.323+0000] {subprocess.py:93} INFO - [0m23:24:45
[2026-01-27T23:24:45.325+0000] {subprocess.py:93} INFO - [0m23:24:45  Finished running 2 snapshots in 0 hours 0 minutes and 6.29 seconds (6.29s).
[2026-01-27T23:24:45.401+0000] {subprocess.py:93} INFO - [0m23:24:45
[2026-01-27T23:24:45.402+0000] {subprocess.py:93} INFO - [0m23:24:45  [32mCompleted successfully[0m
[2026-01-27T23:24:45.402+0000] {subprocess.py:93} INFO - [0m23:24:45
[2026-01-27T23:24:45.402+0000] {subprocess.py:93} INFO - [0m23:24:45  Done. PASS=2 WARN=0 ERROR=0 SKIP=0 NO-OP=0 TOTAL=2
[2026-01-27T23:24:47.002+0000] {subprocess.py:97} INFO - Command exited with return code 0
[2026-01-27T23:24:47.006+0000] {taskinstance.py:441} INFO - ::group::Post task execution logs
[2026-01-27T23:24:47.069+0000] {taskinstance.py:1206} INFO - Marking task as SUCCESS. dag_id=SCD2_snapshots, task_id=dbt_snapshot, run_id=scheduled__2026-01-26T00:00:00+00:00, execution_date=20260126T000000, start_date=20260127T232433, end_date=20260127T232447
[2026-01-27T23:24:47.105+0000] {local_task_job_runner.py:243} INFO - Task exited with return code 0
[2026-01-27T23:24:47.139+0000] {taskinstance.py:3503} INFO - 1 downstream tasks scheduled from follow-on schedule check
[2026-01-27T23:24:47.140+0000] {local_task_job_runner.py:222} INFO - ::endgroup::
