[2026-01-27T23:33:02.406+0000] {local_task_job_runner.py:120} INFO - ::group::Pre task execution logs
[2026-01-27T23:33:02.419+0000] {taskinstance.py:2076} INFO - Dependencies all met for dep_context=non-requeueable deps ti=<TaskInstance: minio_to_snowflake_banking.download_minio scheduled__2026-01-27T23:32:00+00:00 [queued]>
[2026-01-27T23:33:02.421+0000] {taskinstance.py:2076} INFO - Dependencies all met for dep_context=requeueable deps ti=<TaskInstance: minio_to_snowflake_banking.download_minio scheduled__2026-01-27T23:32:00+00:00 [queued]>
[2026-01-27T23:33:02.422+0000] {taskinstance.py:2306} INFO - Starting attempt 1 of 2
[2026-01-27T23:33:02.426+0000] {taskinstance.py:2330} INFO - Executing <Task(PythonOperator): download_minio> on 2026-01-27 23:32:00+00:00
[2026-01-27T23:33:02.431+0000] {logging_mixin.py:188} WARNING - /home/***/.local/lib/python3.12/site-packages/***/task/task_runner/standard_task_runner.py:62 DeprecationWarning: This process (pid=7835) is multi-threaded, use of fork() may lead to deadlocks in the child.
[2026-01-27T23:33:02.430+0000] {standard_task_runner.py:90} INFO - Running: ['***', 'tasks', 'run', 'minio_to_snowflake_banking', 'download_minio', 'scheduled__2026-01-27T23:32:00+00:00', '--job-id', '1217', '--raw', '--subdir', 'DAGS_FOLDER/minio_to_snowflake_dag.py', '--cfg-path', '/tmp/tmpftrao9qx']
[2026-01-27T23:33:02.431+0000] {standard_task_runner.py:64} INFO - Started process 7842 to run task
[2026-01-27T23:33:02.432+0000] {standard_task_runner.py:91} INFO - Job 1217: Subtask download_minio
[2026-01-27T23:33:02.459+0000] {task_command.py:426} INFO - Running <TaskInstance: minio_to_snowflake_banking.download_minio scheduled__2026-01-27T23:32:00+00:00 [running]> on host aa98137bd6c9
[2026-01-27T23:33:02.496+0000] {taskinstance.py:2648} INFO - Exporting env vars: AIRFLOW_CTX_DAG_OWNER='***' AIRFLOW_CTX_DAG_ID='minio_to_snowflake_banking' AIRFLOW_CTX_TASK_ID='download_minio' AIRFLOW_CTX_EXECUTION_DATE='2026-01-27T23:32:00+00:00' AIRFLOW_CTX_TRY_NUMBER='1' AIRFLOW_CTX_DAG_RUN_ID='scheduled__2026-01-27T23:32:00+00:00'
[2026-01-27T23:33:02.496+0000] {taskinstance.py:430} INFO - ::endgroup::
[2026-01-27T23:33:02.683+0000] {logging_mixin.py:188} INFO - Downloaded customers/date=2026-01-26/customers_215036692531.parquet -> /tmp/minio_downloads/customers_215036692531.parquet
[2026-01-27T23:33:02.688+0000] {logging_mixin.py:188} INFO - Downloaded customers/date=2026-01-26/customers_215046805845.parquet -> /tmp/minio_downloads/customers_215046805845.parquet
[2026-01-27T23:33:02.690+0000] {logging_mixin.py:188} INFO - Downloaded customers/date=2026-01-26/customers_215056955161.parquet -> /tmp/minio_downloads/customers_215056955161.parquet
[2026-01-27T23:33:02.693+0000] {logging_mixin.py:188} INFO - Downloaded customers/date=2026-01-26/customers_231527933510.parquet -> /tmp/minio_downloads/customers_231527933510.parquet
[2026-01-27T23:33:02.696+0000] {logging_mixin.py:188} INFO - Downloaded customers/date=2026-01-27/customers_155849738636.parquet -> /tmp/minio_downloads/customers_155849738636.parquet
[2026-01-27T23:33:02.698+0000] {logging_mixin.py:188} INFO - Downloaded customers/date=2026-01-27/customers_155849882767.parquet -> /tmp/minio_downloads/customers_155849882767.parquet
[2026-01-27T23:33:02.707+0000] {logging_mixin.py:188} INFO - Downloaded accounts/date=2026-01-26/accounts_215036748655.parquet -> /tmp/minio_downloads/accounts_215036748655.parquet
[2026-01-27T23:33:02.710+0000] {logging_mixin.py:188} INFO - Downloaded accounts/date=2026-01-26/accounts_215042772494.parquet -> /tmp/minio_downloads/accounts_215042772494.parquet
[2026-01-27T23:33:02.713+0000] {logging_mixin.py:188} INFO - Downloaded accounts/date=2026-01-26/accounts_215052938889.parquet -> /tmp/minio_downloads/accounts_215052938889.parquet
[2026-01-27T23:33:02.716+0000] {logging_mixin.py:188} INFO - Downloaded accounts/date=2026-01-27/accounts_155849895108.parquet -> /tmp/minio_downloads/accounts_155849895108.parquet
[2026-01-27T23:33:02.718+0000] {logging_mixin.py:188} INFO - Downloaded accounts/date=2026-01-27/accounts_155850399175.parquet -> /tmp/minio_downloads/accounts_155850399175.parquet
[2026-01-27T23:33:02.722+0000] {logging_mixin.py:188} INFO - Downloaded accounts/date=2026-01-27/accounts_155900598297.parquet -> /tmp/minio_downloads/accounts_155900598297.parquet
[2026-01-27T23:33:02.732+0000] {logging_mixin.py:188} INFO - Downloaded transactions/date=2026-01-26/transactions_215036756342.parquet -> /tmp/minio_downloads/transactions_215036756342.parquet
[2026-01-27T23:33:02.735+0000] {logging_mixin.py:188} INFO - Downloaded transactions/date=2026-01-26/transactions_215038694525.parquet -> /tmp/minio_downloads/transactions_215038694525.parquet
[2026-01-27T23:33:02.737+0000] {logging_mixin.py:188} INFO - Downloaded transactions/date=2026-01-26/transactions_215040746814.parquet -> /tmp/minio_downloads/transactions_215040746814.parquet
[2026-01-27T23:33:02.740+0000] {logging_mixin.py:188} INFO - Downloaded transactions/date=2026-01-26/transactions_215042801594.parquet -> /tmp/minio_downloads/transactions_215042801594.parquet
[2026-01-27T23:33:02.743+0000] {logging_mixin.py:188} INFO - Downloaded transactions/date=2026-01-26/transactions_215044831571.parquet -> /tmp/minio_downloads/transactions_215044831571.parquet
[2026-01-27T23:33:02.746+0000] {logging_mixin.py:188} INFO - Downloaded transactions/date=2026-01-26/transactions_215046920436.parquet -> /tmp/minio_downloads/transactions_215046920436.parquet
[2026-01-27T23:33:02.749+0000] {logging_mixin.py:188} INFO - Downloaded transactions/date=2026-01-27/transactions_155850338118.parquet -> /tmp/minio_downloads/transactions_155850338118.parquet
[2026-01-27T23:33:02.751+0000] {logging_mixin.py:188} INFO - Downloaded transactions/date=2026-01-27/transactions_155850425610.parquet -> /tmp/minio_downloads/transactions_155850425610.parquet
[2026-01-27T23:33:02.754+0000] {logging_mixin.py:188} INFO - Downloaded transactions/date=2026-01-27/transactions_155850484961.parquet -> /tmp/minio_downloads/transactions_155850484961.parquet
[2026-01-27T23:33:02.757+0000] {logging_mixin.py:188} INFO - Downloaded transactions/date=2026-01-27/transactions_155850517598.parquet -> /tmp/minio_downloads/transactions_155850517598.parquet
[2026-01-27T23:33:02.759+0000] {logging_mixin.py:188} INFO - Downloaded transactions/date=2026-01-27/transactions_155850559668.parquet -> /tmp/minio_downloads/transactions_155850559668.parquet
[2026-01-27T23:33:02.761+0000] {logging_mixin.py:188} INFO - Downloaded transactions/date=2026-01-27/transactions_155900640835.parquet -> /tmp/minio_downloads/transactions_155900640835.parquet
[2026-01-27T23:33:02.762+0000] {python.py:237} INFO - Done. Returned value was: {'customers': ['/tmp/minio_downloads/customers_215036692531.parquet', '/tmp/minio_downloads/customers_215046805845.parquet', '/tmp/minio_downloads/customers_215056955161.parquet', '/tmp/minio_downloads/customers_231527933510.parquet', '/tmp/minio_downloads/customers_155849738636.parquet', '/tmp/minio_downloads/customers_155849882767.parquet'], 'accounts': ['/tmp/minio_downloads/accounts_215036748655.parquet', '/tmp/minio_downloads/accounts_215042772494.parquet', '/tmp/minio_downloads/accounts_215052938889.parquet', '/tmp/minio_downloads/accounts_155849895108.parquet', '/tmp/minio_downloads/accounts_155850399175.parquet', '/tmp/minio_downloads/accounts_155900598297.parquet'], 'transactions': ['/tmp/minio_downloads/transactions_215036756342.parquet', '/tmp/minio_downloads/transactions_215038694525.parquet', '/tmp/minio_downloads/transactions_215040746814.parquet', '/tmp/minio_downloads/transactions_215042801594.parquet', '/tmp/minio_downloads/transactions_215044831571.parquet', '/tmp/minio_downloads/transactions_215046920436.parquet', '/tmp/minio_downloads/transactions_155850338118.parquet', '/tmp/minio_downloads/transactions_155850425610.parquet', '/tmp/minio_downloads/transactions_155850484961.parquet', '/tmp/minio_downloads/transactions_155850517598.parquet', '/tmp/minio_downloads/transactions_155850559668.parquet', '/tmp/minio_downloads/transactions_155900640835.parquet']}
[2026-01-27T23:33:02.762+0000] {taskinstance.py:441} INFO - ::group::Post task execution logs
[2026-01-27T23:33:02.784+0000] {taskinstance.py:1206} INFO - Marking task as SUCCESS. dag_id=minio_to_snowflake_banking, task_id=download_minio, run_id=scheduled__2026-01-27T23:32:00+00:00, execution_date=20260127T233200, start_date=20260127T233302, end_date=20260127T233302
[2026-01-27T23:33:02.816+0000] {local_task_job_runner.py:243} INFO - Task exited with return code 0
[2026-01-27T23:33:02.825+0000] {taskinstance.py:3503} INFO - 1 downstream tasks scheduled from follow-on schedule check
[2026-01-27T23:33:02.825+0000] {local_task_job_runner.py:222} INFO - ::endgroup::
