[2026-01-27T01:34:02.176+0000] {local_task_job_runner.py:120} INFO - ::group::Pre task execution logs
[2026-01-27T01:34:02.190+0000] {taskinstance.py:2076} INFO - Dependencies all met for dep_context=non-requeueable deps ti=<TaskInstance: minio_to_snowflake_banking.download_minio scheduled__2026-01-27T01:33:00+00:00 [queued]>
[2026-01-27T01:34:02.192+0000] {taskinstance.py:2076} INFO - Dependencies all met for dep_context=requeueable deps ti=<TaskInstance: minio_to_snowflake_banking.download_minio scheduled__2026-01-27T01:33:00+00:00 [queued]>
[2026-01-27T01:34:02.192+0000] {taskinstance.py:2306} INFO - Starting attempt 1 of 2
[2026-01-27T01:34:02.197+0000] {taskinstance.py:2330} INFO - Executing <Task(PythonOperator): download_minio> on 2026-01-27 01:33:00+00:00
[2026-01-27T01:34:02.203+0000] {standard_task_runner.py:90} INFO - Running: ['***', 'tasks', 'run', 'minio_to_snowflake_banking', 'download_minio', 'scheduled__2026-01-27T01:33:00+00:00', '--job-id', '170', '--raw', '--subdir', 'DAGS_FOLDER/minio_to_snowflake_dag.py', '--cfg-path', '/tmp/tmptv1ccehr']
[2026-01-27T01:34:02.207+0000] {logging_mixin.py:188} WARNING - /home/***/.local/lib/python3.12/site-packages/***/task/task_runner/standard_task_runner.py:62 DeprecationWarning: This process (pid=13487) is multi-threaded, use of fork() may lead to deadlocks in the child.
[2026-01-27T01:34:02.207+0000] {standard_task_runner.py:91} INFO - Job 170: Subtask download_minio
[2026-01-27T01:34:02.207+0000] {standard_task_runner.py:64} INFO - Started process 13494 to run task
[2026-01-27T01:34:02.287+0000] {task_command.py:426} INFO - Running <TaskInstance: minio_to_snowflake_banking.download_minio scheduled__2026-01-27T01:33:00+00:00 [running]> on host bac6151482a5
[2026-01-27T01:34:02.347+0000] {taskinstance.py:2648} INFO - Exporting env vars: AIRFLOW_CTX_DAG_OWNER='***' AIRFLOW_CTX_DAG_ID='minio_to_snowflake_banking' AIRFLOW_CTX_TASK_ID='download_minio' AIRFLOW_CTX_EXECUTION_DATE='2026-01-27T01:33:00+00:00' AIRFLOW_CTX_TRY_NUMBER='1' AIRFLOW_CTX_DAG_RUN_ID='scheduled__2026-01-27T01:33:00+00:00'
[2026-01-27T01:34:02.348+0000] {taskinstance.py:430} INFO - ::endgroup::
[2026-01-27T01:34:02.663+0000] {logging_mixin.py:188} INFO - Downloaded customers/date=2026-01-26/customers_144103576074.parquet -> /tmp/minio_downloads/customers_144103576074.parquet
[2026-01-27T01:34:02.667+0000] {logging_mixin.py:188} INFO - Downloaded customers/date=2026-01-26/customers_144227218931.parquet -> /tmp/minio_downloads/customers_144227218931.parquet
[2026-01-27T01:34:02.670+0000] {logging_mixin.py:188} INFO - Downloaded customers/date=2026-01-26/customers_182509845138.parquet -> /tmp/minio_downloads/customers_182509845138.parquet
[2026-01-27T01:34:02.674+0000] {logging_mixin.py:188} INFO - Downloaded customers/date=2026-01-26/customers_185216126542.parquet -> /tmp/minio_downloads/customers_185216126542.parquet
[2026-01-27T01:34:02.678+0000] {logging_mixin.py:188} INFO - Downloaded customers/date=2026-01-26/customers_192313648895.parquet -> /tmp/minio_downloads/customers_192313648895.parquet
[2026-01-27T01:34:02.680+0000] {logging_mixin.py:188} INFO - Downloaded customers/date=2026-01-26/customers_192324367953.parquet -> /tmp/minio_downloads/customers_192324367953.parquet
[2026-01-27T01:34:02.684+0000] {logging_mixin.py:188} INFO - Downloaded customers/date=2026-01-26/customers_192445544451.parquet -> /tmp/minio_downloads/customers_192445544451.parquet
[2026-01-27T01:34:02.687+0000] {logging_mixin.py:188} INFO - Downloaded customers/date=2026-01-26/customers_192523795761.parquet -> /tmp/minio_downloads/customers_192523795761.parquet
[2026-01-27T01:34:02.690+0000] {logging_mixin.py:188} INFO - Downloaded customers/date=2026-01-26/customers_192534635947.parquet -> /tmp/minio_downloads/customers_192534635947.parquet
[2026-01-27T01:34:02.693+0000] {logging_mixin.py:188} INFO - Downloaded customers/date=2026-01-26/customers_192544882833.parquet -> /tmp/minio_downloads/customers_192544882833.parquet
[2026-01-27T01:34:02.703+0000] {logging_mixin.py:188} INFO - Downloaded customers/date=2026-01-26/customers_192549039267.parquet -> /tmp/minio_downloads/customers_192549039267.parquet
[2026-01-27T01:34:02.706+0000] {logging_mixin.py:188} INFO - Downloaded customers/date=2026-01-26/customers_192553094440.parquet -> /tmp/minio_downloads/customers_192553094440.parquet
[2026-01-27T01:34:02.709+0000] {logging_mixin.py:188} INFO - Downloaded customers/date=2026-01-26/customers_192559181148.parquet -> /tmp/minio_downloads/customers_192559181148.parquet
[2026-01-27T01:34:02.712+0000] {logging_mixin.py:188} INFO - Downloaded customers/date=2026-01-26/customers_192609880926.parquet -> /tmp/minio_downloads/customers_192609880926.parquet
[2026-01-27T01:34:02.722+0000] {logging_mixin.py:188} INFO - Downloaded accounts/date=2026-01-26/accounts_144103643994.parquet -> /tmp/minio_downloads/accounts_144103643994.parquet
[2026-01-27T01:34:02.725+0000] {logging_mixin.py:188} INFO - Downloaded accounts/date=2026-01-26/accounts_144103653564.parquet -> /tmp/minio_downloads/accounts_144103653564.parquet
[2026-01-27T01:34:02.728+0000] {logging_mixin.py:188} INFO - Downloaded accounts/date=2026-01-26/accounts_144223151465.parquet -> /tmp/minio_downloads/accounts_144223151465.parquet
[2026-01-27T01:34:02.732+0000] {logging_mixin.py:188} INFO - Downloaded accounts/date=2026-01-26/accounts_144227246704.parquet -> /tmp/minio_downloads/accounts_144227246704.parquet
[2026-01-27T01:34:02.734+0000] {logging_mixin.py:188} INFO - Downloaded accounts/date=2026-01-26/accounts_182505783461.parquet -> /tmp/minio_downloads/accounts_182505783461.parquet
[2026-01-27T01:34:02.741+0000] {logging_mixin.py:188} INFO - Downloaded accounts/date=2026-01-26/accounts_182509835534.parquet -> /tmp/minio_downloads/accounts_182509835534.parquet
[2026-01-27T01:34:02.744+0000] {logging_mixin.py:188} INFO - Downloaded accounts/date=2026-01-26/accounts_185211951102.parquet -> /tmp/minio_downloads/accounts_185211951102.parquet
[2026-01-27T01:34:02.748+0000] {logging_mixin.py:188} INFO - Downloaded accounts/date=2026-01-26/accounts_185216176088.parquet -> /tmp/minio_downloads/accounts_185216176088.parquet
[2026-01-27T01:34:02.751+0000] {logging_mixin.py:188} INFO - Downloaded accounts/date=2026-01-26/accounts_192310101946.parquet -> /tmp/minio_downloads/accounts_192310101946.parquet
[2026-01-27T01:34:02.754+0000] {logging_mixin.py:188} INFO - Downloaded accounts/date=2026-01-26/accounts_192313689393.parquet -> /tmp/minio_downloads/accounts_192313689393.parquet
[2026-01-27T01:34:02.758+0000] {logging_mixin.py:188} INFO - Downloaded accounts/date=2026-01-26/accounts_192320305010.parquet -> /tmp/minio_downloads/accounts_192320305010.parquet
[2026-01-27T01:34:02.762+0000] {logging_mixin.py:188} INFO - Downloaded accounts/date=2026-01-26/accounts_192324395547.parquet -> /tmp/minio_downloads/accounts_192324395547.parquet
[2026-01-27T01:34:02.766+0000] {logging_mixin.py:188} INFO - Downloaded accounts/date=2026-01-26/accounts_192441480250.parquet -> /tmp/minio_downloads/accounts_192441480250.parquet
[2026-01-27T01:34:02.770+0000] {logging_mixin.py:188} INFO - Downloaded accounts/date=2026-01-26/accounts_192445620078.parquet -> /tmp/minio_downloads/accounts_192445620078.parquet
[2026-01-27T01:34:02.779+0000] {logging_mixin.py:188} INFO - Downloaded accounts/date=2026-01-26/accounts_192523616219.parquet -> /tmp/minio_downloads/accounts_192523616219.parquet
[2026-01-27T01:34:02.788+0000] {logging_mixin.py:188} INFO - Downloaded accounts/date=2026-01-26/accounts_192523997918.parquet -> /tmp/minio_downloads/accounts_192523997918.parquet
[2026-01-27T01:34:02.791+0000] {logging_mixin.py:188} INFO - Downloaded accounts/date=2026-01-26/accounts_192524206696.parquet -> /tmp/minio_downloads/accounts_192524206696.parquet
[2026-01-27T01:34:02.794+0000] {logging_mixin.py:188} INFO - Downloaded accounts/date=2026-01-26/accounts_192542396098.parquet -> /tmp/minio_downloads/accounts_192542396098.parquet
[2026-01-27T01:34:02.797+0000] {logging_mixin.py:188} INFO - Downloaded accounts/date=2026-01-26/accounts_192544981225.parquet -> /tmp/minio_downloads/accounts_192544981225.parquet
[2026-01-27T01:34:02.800+0000] {logging_mixin.py:188} INFO - Downloaded accounts/date=2026-01-26/accounts_192547032657.parquet -> /tmp/minio_downloads/accounts_192547032657.parquet
[2026-01-27T01:34:02.803+0000] {logging_mixin.py:188} INFO - Downloaded accounts/date=2026-01-26/accounts_192549085973.parquet -> /tmp/minio_downloads/accounts_192549085973.parquet
[2026-01-27T01:34:02.805+0000] {logging_mixin.py:188} INFO - Downloaded accounts/date=2026-01-26/accounts_192553109967.parquet -> /tmp/minio_downloads/accounts_192553109967.parquet
[2026-01-27T01:34:02.809+0000] {logging_mixin.py:188} INFO - Downloaded accounts/date=2026-01-26/accounts_192555127526.parquet -> /tmp/minio_downloads/accounts_192555127526.parquet
[2026-01-27T01:34:02.812+0000] {logging_mixin.py:188} INFO - Downloaded accounts/date=2026-01-26/accounts_192559220011.parquet -> /tmp/minio_downloads/accounts_192559220011.parquet
[2026-01-27T01:34:02.816+0000] {logging_mixin.py:188} INFO - Downloaded accounts/date=2026-01-26/accounts_192605245152.parquet -> /tmp/minio_downloads/accounts_192605245152.parquet
[2026-01-27T01:34:02.819+0000] {logging_mixin.py:188} INFO - Downloaded accounts/date=2026-01-26/accounts_192609929824.parquet -> /tmp/minio_downloads/accounts_192609929824.parquet
[2026-01-27T01:34:02.835+0000] {logging_mixin.py:188} INFO - Downloaded transactions/date=2026-01-26/transactions_144103762925.parquet -> /tmp/minio_downloads/transactions_144103762925.parquet
[2026-01-27T01:34:02.838+0000] {logging_mixin.py:188} INFO - Downloaded transactions/date=2026-01-26/transactions_144103775606.parquet -> /tmp/minio_downloads/transactions_144103775606.parquet
[2026-01-27T01:34:02.843+0000] {logging_mixin.py:188} INFO - Downloaded transactions/date=2026-01-26/transactions_144103863430.parquet -> /tmp/minio_downloads/transactions_144103863430.parquet
[2026-01-27T01:34:02.846+0000] {logging_mixin.py:188} INFO - Downloaded transactions/date=2026-01-26/transactions_144103871284.parquet -> /tmp/minio_downloads/transactions_144103871284.parquet
[2026-01-27T01:34:02.848+0000] {logging_mixin.py:188} INFO - Downloaded transactions/date=2026-01-26/transactions_144103881590.parquet -> /tmp/minio_downloads/transactions_144103881590.parquet
[2026-01-27T01:34:02.850+0000] {logging_mixin.py:188} INFO - Downloaded transactions/date=2026-01-26/transactions_144219122553.parquet -> /tmp/minio_downloads/transactions_144219122553.parquet
[2026-01-27T01:34:02.853+0000] {logging_mixin.py:188} INFO - Downloaded transactions/date=2026-01-26/transactions_144220621553.parquet -> /tmp/minio_downloads/transactions_144220621553.parquet
[2026-01-27T01:34:02.856+0000] {logging_mixin.py:188} INFO - Downloaded transactions/date=2026-01-26/transactions_144223166901.parquet -> /tmp/minio_downloads/transactions_144223166901.parquet
[2026-01-27T01:34:02.858+0000] {logging_mixin.py:188} INFO - Downloaded transactions/date=2026-01-26/transactions_144225187405.parquet -> /tmp/minio_downloads/transactions_144225187405.parquet
[2026-01-27T01:34:02.861+0000] {logging_mixin.py:188} INFO - Downloaded transactions/date=2026-01-26/transactions_144227254007.parquet -> /tmp/minio_downloads/transactions_144227254007.parquet
[2026-01-27T01:34:02.864+0000] {logging_mixin.py:188} INFO - Downloaded transactions/date=2026-01-26/transactions_182502247603.parquet -> /tmp/minio_downloads/transactions_182502247603.parquet
[2026-01-27T01:34:02.869+0000] {logging_mixin.py:188} INFO - Downloaded transactions/date=2026-01-26/transactions_182503745994.parquet -> /tmp/minio_downloads/transactions_182503745994.parquet
[2026-01-27T01:34:02.872+0000] {logging_mixin.py:188} INFO - Downloaded transactions/date=2026-01-26/transactions_182505806158.parquet -> /tmp/minio_downloads/transactions_182505806158.parquet
[2026-01-27T01:34:02.876+0000] {logging_mixin.py:188} INFO - Downloaded transactions/date=2026-01-26/transactions_182507820889.parquet -> /tmp/minio_downloads/transactions_182507820889.parquet
[2026-01-27T01:34:02.879+0000] {logging_mixin.py:188} INFO - Downloaded transactions/date=2026-01-26/transactions_182509861044.parquet -> /tmp/minio_downloads/transactions_182509861044.parquet
[2026-01-27T01:34:02.882+0000] {logging_mixin.py:188} INFO - Downloaded transactions/date=2026-01-26/transactions_184131730922.parquet -> /tmp/minio_downloads/transactions_184131730922.parquet
[2026-01-27T01:34:02.885+0000] {logging_mixin.py:188} INFO - Downloaded transactions/date=2026-01-26/transactions_184132267556.parquet -> /tmp/minio_downloads/transactions_184132267556.parquet
[2026-01-27T01:34:02.888+0000] {logging_mixin.py:188} INFO - Downloaded transactions/date=2026-01-26/transactions_185212015172.parquet -> /tmp/minio_downloads/transactions_185212015172.parquet
[2026-01-27T01:34:02.891+0000] {logging_mixin.py:188} INFO - Downloaded transactions/date=2026-01-26/transactions_185214037206.parquet -> /tmp/minio_downloads/transactions_185214037206.parquet
[2026-01-27T01:34:02.894+0000] {logging_mixin.py:188} INFO - Downloaded transactions/date=2026-01-26/transactions_185216168765.parquet -> /tmp/minio_downloads/transactions_185216168765.parquet
[2026-01-27T01:34:02.896+0000] {logging_mixin.py:188} INFO - Downloaded transactions/date=2026-01-26/transactions_185218181017.parquet -> /tmp/minio_downloads/transactions_185218181017.parquet
[2026-01-27T01:34:02.901+0000] {logging_mixin.py:188} INFO - Downloaded transactions/date=2026-01-26/transactions_192308087511.parquet -> /tmp/minio_downloads/transactions_192308087511.parquet
[2026-01-27T01:34:02.903+0000] {logging_mixin.py:188} INFO - Downloaded transactions/date=2026-01-26/transactions_192310150822.parquet -> /tmp/minio_downloads/transactions_192310150822.parquet
[2026-01-27T01:34:02.906+0000] {logging_mixin.py:188} INFO - Downloaded transactions/date=2026-01-26/transactions_192311699324.parquet -> /tmp/minio_downloads/transactions_192311699324.parquet
[2026-01-27T01:34:02.909+0000] {logging_mixin.py:188} INFO - Downloaded transactions/date=2026-01-26/transactions_192313715075.parquet -> /tmp/minio_downloads/transactions_192313715075.parquet
[2026-01-27T01:34:02.912+0000] {logging_mixin.py:188} INFO - Downloaded transactions/date=2026-01-26/transactions_192315760528.parquet -> /tmp/minio_downloads/transactions_192315760528.parquet
[2026-01-27T01:34:02.915+0000] {logging_mixin.py:188} INFO - Downloaded transactions/date=2026-01-26/transactions_192318250248.parquet -> /tmp/minio_downloads/transactions_192318250248.parquet
[2026-01-27T01:34:02.918+0000] {logging_mixin.py:188} INFO - Downloaded transactions/date=2026-01-26/transactions_192320324724.parquet -> /tmp/minio_downloads/transactions_192320324724.parquet
[2026-01-27T01:34:02.922+0000] {logging_mixin.py:188} INFO - Downloaded transactions/date=2026-01-26/transactions_192322346912.parquet -> /tmp/minio_downloads/transactions_192322346912.parquet
[2026-01-27T01:34:02.926+0000] {logging_mixin.py:188} INFO - Downloaded transactions/date=2026-01-26/transactions_192324413523.parquet -> /tmp/minio_downloads/transactions_192324413523.parquet
[2026-01-27T01:34:02.929+0000] {logging_mixin.py:188} INFO - Downloaded transactions/date=2026-01-26/transactions_192326412538.parquet -> /tmp/minio_downloads/transactions_192326412538.parquet
[2026-01-27T01:34:02.931+0000] {logging_mixin.py:188} INFO - Downloaded transactions/date=2026-01-26/transactions_192439476775.parquet -> /tmp/minio_downloads/transactions_192439476775.parquet
[2026-01-27T01:34:02.934+0000] {logging_mixin.py:188} INFO - Downloaded transactions/date=2026-01-26/transactions_192441504549.parquet -> /tmp/minio_downloads/transactions_192441504549.parquet
[2026-01-27T01:34:02.937+0000] {logging_mixin.py:188} INFO - Downloaded transactions/date=2026-01-26/transactions_192443654902.parquet -> /tmp/minio_downloads/transactions_192443654902.parquet
[2026-01-27T01:34:02.939+0000] {logging_mixin.py:188} INFO - Downloaded transactions/date=2026-01-26/transactions_192445651224.parquet -> /tmp/minio_downloads/transactions_192445651224.parquet
[2026-01-27T01:34:02.942+0000] {logging_mixin.py:188} INFO - Downloaded transactions/date=2026-01-26/transactions_192447624664.parquet -> /tmp/minio_downloads/transactions_192447624664.parquet
[2026-01-27T01:34:02.945+0000] {logging_mixin.py:188} INFO - Downloaded transactions/date=2026-01-26/transactions_192523638154.parquet -> /tmp/minio_downloads/transactions_192523638154.parquet
[2026-01-27T01:34:02.947+0000] {logging_mixin.py:188} INFO - Downloaded transactions/date=2026-01-26/transactions_192523813254.parquet -> /tmp/minio_downloads/transactions_192523813254.parquet
[2026-01-27T01:34:02.949+0000] {logging_mixin.py:188} INFO - Downloaded transactions/date=2026-01-26/transactions_192524017367.parquet -> /tmp/minio_downloads/transactions_192524017367.parquet
[2026-01-27T01:34:02.952+0000] {logging_mixin.py:188} INFO - Downloaded transactions/date=2026-01-26/transactions_192524074016.parquet -> /tmp/minio_downloads/transactions_192524074016.parquet
[2026-01-27T01:34:02.955+0000] {logging_mixin.py:188} INFO - Downloaded transactions/date=2026-01-26/transactions_192524221737.parquet -> /tmp/minio_downloads/transactions_192524221737.parquet
[2026-01-27T01:34:02.957+0000] {logging_mixin.py:188} INFO - Downloaded transactions/date=2026-01-26/transactions_192524338441.parquet -> /tmp/minio_downloads/transactions_192524338441.parquet
[2026-01-27T01:34:02.959+0000] {logging_mixin.py:188} INFO - Downloaded transactions/date=2026-01-26/transactions_192524486049.parquet -> /tmp/minio_downloads/transactions_192524486049.parquet
[2026-01-27T01:34:02.962+0000] {logging_mixin.py:188} INFO - Downloaded transactions/date=2026-01-26/transactions_192524570165.parquet -> /tmp/minio_downloads/transactions_192524570165.parquet
[2026-01-27T01:34:02.965+0000] {logging_mixin.py:188} INFO - Downloaded transactions/date=2026-01-26/transactions_192542431388.parquet -> /tmp/minio_downloads/transactions_192542431388.parquet
[2026-01-27T01:34:02.968+0000] {logging_mixin.py:188} INFO - Downloaded transactions/date=2026-01-26/transactions_192542884813.parquet -> /tmp/minio_downloads/transactions_192542884813.parquet
[2026-01-27T01:34:02.971+0000] {logging_mixin.py:188} INFO - Downloaded transactions/date=2026-01-26/transactions_192544967429.parquet -> /tmp/minio_downloads/transactions_192544967429.parquet
[2026-01-27T01:34:02.974+0000] {logging_mixin.py:188} INFO - Downloaded transactions/date=2026-01-26/transactions_192545094208.parquet -> /tmp/minio_downloads/transactions_192545094208.parquet
[2026-01-27T01:34:02.981+0000] {logging_mixin.py:188} INFO - Downloaded transactions/date=2026-01-26/transactions_192546998789.parquet -> /tmp/minio_downloads/transactions_192546998789.parquet
[2026-01-27T01:34:02.984+0000] {logging_mixin.py:188} INFO - Downloaded transactions/date=2026-01-26/transactions_192547032892.parquet -> /tmp/minio_downloads/transactions_192547032892.parquet
[2026-01-27T01:34:02.986+0000] {logging_mixin.py:188} INFO - Downloaded transactions/date=2026-01-26/transactions_192549049974.parquet -> /tmp/minio_downloads/transactions_192549049974.parquet
[2026-01-27T01:34:02.988+0000] {logging_mixin.py:188} INFO - Downloaded transactions/date=2026-01-26/transactions_192549104917.parquet -> /tmp/minio_downloads/transactions_192549104917.parquet
[2026-01-27T01:34:02.991+0000] {logging_mixin.py:188} INFO - Downloaded transactions/date=2026-01-26/transactions_192551086967.parquet -> /tmp/minio_downloads/transactions_192551086967.parquet
[2026-01-27T01:34:02.993+0000] {logging_mixin.py:188} INFO - Downloaded transactions/date=2026-01-26/transactions_192551112340.parquet -> /tmp/minio_downloads/transactions_192551112340.parquet
[2026-01-27T01:34:02.995+0000] {logging_mixin.py:188} INFO - Downloaded transactions/date=2026-01-26/transactions_192553134776.parquet -> /tmp/minio_downloads/transactions_192553134776.parquet
[2026-01-27T01:34:03.000+0000] {logging_mixin.py:188} INFO - Downloaded transactions/date=2026-01-26/transactions_192555159678.parquet -> /tmp/minio_downloads/transactions_192555159678.parquet
[2026-01-27T01:34:03.002+0000] {logging_mixin.py:188} INFO - Downloaded transactions/date=2026-01-26/transactions_192557269820.parquet -> /tmp/minio_downloads/transactions_192557269820.parquet
[2026-01-27T01:34:03.004+0000] {logging_mixin.py:188} INFO - Downloaded transactions/date=2026-01-26/transactions_192559228824.parquet -> /tmp/minio_downloads/transactions_192559228824.parquet
[2026-01-27T01:34:03.007+0000] {logging_mixin.py:188} INFO - Downloaded transactions/date=2026-01-26/transactions_192601222669.parquet -> /tmp/minio_downloads/transactions_192601222669.parquet
[2026-01-27T01:34:03.009+0000] {logging_mixin.py:188} INFO - Downloaded transactions/date=2026-01-26/transactions_192603240304.parquet -> /tmp/minio_downloads/transactions_192603240304.parquet
[2026-01-27T01:34:03.011+0000] {logging_mixin.py:188} INFO - Downloaded transactions/date=2026-01-26/transactions_192605279573.parquet -> /tmp/minio_downloads/transactions_192605279573.parquet
[2026-01-27T01:34:03.014+0000] {logging_mixin.py:188} INFO - Downloaded transactions/date=2026-01-26/transactions_192607283615.parquet -> /tmp/minio_downloads/transactions_192607283615.parquet
[2026-01-27T01:34:03.016+0000] {logging_mixin.py:188} INFO - Downloaded transactions/date=2026-01-26/transactions_192609951269.parquet -> /tmp/minio_downloads/transactions_192609951269.parquet
[2026-01-27T01:34:03.018+0000] {logging_mixin.py:188} INFO - Downloaded transactions/date=2026-01-26/transactions_192612023806.parquet -> /tmp/minio_downloads/transactions_192612023806.parquet
[2026-01-27T01:34:03.019+0000] {python.py:237} INFO - Done. Returned value was: {'customers': ['/tmp/minio_downloads/customers_144103576074.parquet', '/tmp/minio_downloads/customers_144227218931.parquet', '/tmp/minio_downloads/customers_182509845138.parquet', '/tmp/minio_downloads/customers_185216126542.parquet', '/tmp/minio_downloads/customers_192313648895.parquet', '/tmp/minio_downloads/customers_192324367953.parquet', '/tmp/minio_downloads/customers_192445544451.parquet', '/tmp/minio_downloads/customers_192523795761.parquet', '/tmp/minio_downloads/customers_192534635947.parquet', '/tmp/minio_downloads/customers_192544882833.parquet', '/tmp/minio_downloads/customers_192549039267.parquet', '/tmp/minio_downloads/customers_192553094440.parquet', '/tmp/minio_downloads/customers_192559181148.parquet', '/tmp/minio_downloads/customers_192609880926.parquet'], 'accounts': ['/tmp/minio_downloads/accounts_144103643994.parquet', '/tmp/minio_downloads/accounts_144103653564.parquet', '/tmp/minio_downloads/accounts_144223151465.parquet', '/tmp/minio_downloads/accounts_144227246704.parquet', '/tmp/minio_downloads/accounts_182505783461.parquet', '/tmp/minio_downloads/accounts_182509835534.parquet', '/tmp/minio_downloads/accounts_185211951102.parquet', '/tmp/minio_downloads/accounts_185216176088.parquet', '/tmp/minio_downloads/accounts_192310101946.parquet', '/tmp/minio_downloads/accounts_192313689393.parquet', '/tmp/minio_downloads/accounts_192320305010.parquet', '/tmp/minio_downloads/accounts_192324395547.parquet', '/tmp/minio_downloads/accounts_192441480250.parquet', '/tmp/minio_downloads/accounts_192445620078.parquet', '/tmp/minio_downloads/accounts_192523616219.parquet', '/tmp/minio_downloads/accounts_192523997918.parquet', '/tmp/minio_downloads/accounts_192524206696.parquet', '/tmp/minio_downloads/accounts_192542396098.parquet', '/tmp/minio_downloads/accounts_192544981225.parquet', '/tmp/minio_downloads/accounts_192547032657.parquet', '/tmp/minio_downloads/accounts_192549085973.parquet', '/tmp/minio_downloads/accounts_192553109967.parquet', '/tmp/minio_downloads/accounts_192555127526.parquet', '/tmp/minio_downloads/accounts_192559220011.parquet', '/tmp/minio_downloads/accounts_192605245152.parquet', '/tmp/minio_downloads/accounts_192609929824.parquet'], 'transactions': ['/tmp/minio_downloads/transactions_144103762925.parquet', '/tmp/minio_downloads/transactions_144103775606.parquet', '/tmp/minio_downloads/transactions_144103863430.parquet', '/tmp/minio_downloads/transactions_144103871284.parquet', '/tmp/minio_downloads/transactions_144103881590.parquet', '/tmp/minio_downloads/transactions_144219122553.parquet', '/tmp/minio_downloads/transactions_144220621553.parquet', '/tmp/minio_downloads/transactions_144223166901.parquet', '/tmp/minio_downloads/transactions_144225187405.parquet', '/tmp/minio_downloads/transactions_144227254007.parquet', '/tmp/minio_downloads/transactions_182502247603.parquet', '/tmp/minio_downloads/transactions_182503745994.parquet', '/tmp/minio_downloads/transactions_182505806158.parquet', '/tmp/minio_downloads/transactions_182507820889.parquet', '/tmp/minio_downloads/transactions_182509861044.parquet', '/tmp/minio_downloads/transactions_184131730922.parquet', '/tmp/minio_downloads/transactions_184132267556.parquet', '/tmp/minio_downloads/transactions_185212015172.parquet', '/tmp/minio_downloads/transactions_185214037206.parquet', '/tmp/minio_downloads/transactions_185216168765.parquet', '/tmp/minio_downloads/transactions_185218181017.parquet', '/tmp/minio_downloads/transactions_192308087511.parquet', '/tmp/minio_downloads/transactions_192310150822.parquet', '/tmp/minio_downloads/transactions_192311699324.parquet', '/tmp/minio_downloads/transactions_192313715075.parquet', '/tmp/minio_downloads/transactions_192315760528.parquet', '/tmp/minio_downloads/transactions_192318250248.parquet', '/tmp/minio_downloads/transactions_192320324724.parquet', '/tmp/minio_downloads/transactions_192322346912.parquet', '/tmp/minio_downloads/transactions_192324413523.parquet', '/tmp/minio_downloads/transactions_192326412538.parquet', '/tmp/minio_downloads/transactions_192439476775.parquet', '/tmp/minio_downloads/transactions_192441504549.parquet', '/tmp/minio_downloads/transactions_192443654902.parquet', '/tmp/minio_downloads/transactions_192445651224.parquet', '/tmp/minio_downloads/transactions_192447624664.parquet', '/tmp/minio_downloads/transactions_192523638154.parquet', '/tmp/minio_downloads/transactions_192523813254.parquet', '/tmp/minio_downloads/transactions_192524017367.parquet', '/tmp/minio_downloads/transactions_192524074016.parquet', '/tmp/minio_downloads/transactions_192524221737.parquet', '/tmp/minio_downloads/transactions_192524338441.parquet', '/tmp/minio_downloads/transactions_192524486049.parquet', '/tmp/minio_downloads/transactions_192524570165.parquet', '/tmp/minio_downloads/transactions_192542431388.parquet', '/tmp/minio_downloads/transactions_192542884813.parquet', '/tmp/minio_downloads/transactions_192544967429.parquet', '/tmp/minio_downloads/transactions_192545094208.parquet', '/tmp/minio_downloads/transactions_192546998789.parquet', '/tmp/minio_downloads/transactions_192547032892.parquet', '/tmp/minio_downloads/transactions_192549049974.parquet', '/tmp/minio_downloads/transactions_192549104917.parquet', '/tmp/minio_downloads/transactions_192551086967.parquet', '/tmp/minio_downloads/transactions_192551112340.parquet', '/tmp/minio_downloads/transactions_192553134776.parquet', '/tmp/minio_downloads/transactions_192555159678.parquet', '/tmp/minio_downloads/transactions_192557269820.parquet', '/tmp/minio_downloads/transactions_192559228824.parquet', '/tmp/minio_downloads/transactions_192601222669.parquet', '/tmp/minio_downloads/transactions_192603240304.parquet', '/tmp/minio_downloads/transactions_192605279573.parquet', '/tmp/minio_downloads/transactions_192607283615.parquet', '/tmp/minio_downloads/transactions_192609951269.parquet', '/tmp/minio_downloads/transactions_192612023806.parquet']}
[2026-01-27T01:34:03.019+0000] {taskinstance.py:441} INFO - ::group::Post task execution logs
[2026-01-27T01:34:03.029+0000] {taskinstance.py:1206} INFO - Marking task as SUCCESS. dag_id=minio_to_snowflake_banking, task_id=download_minio, run_id=scheduled__2026-01-27T01:33:00+00:00, execution_date=20260127T013300, start_date=20260127T013402, end_date=20260127T013403
[2026-01-27T01:34:03.049+0000] {local_task_job_runner.py:243} INFO - Task exited with return code 0
[2026-01-27T01:34:03.059+0000] {taskinstance.py:3503} INFO - 1 downstream tasks scheduled from follow-on schedule check
[2026-01-27T01:34:03.059+0000] {local_task_job_runner.py:222} INFO - ::endgroup::
