[2026-01-27T01:51:05.855+0000] {local_task_job_runner.py:120} INFO - ::group::Pre task execution logs
[2026-01-27T01:51:05.869+0000] {taskinstance.py:2076} INFO - Dependencies all met for dep_context=non-requeueable deps ti=<TaskInstance: minio_to_snowflake_banking.load_snowflake scheduled__2026-01-27T01:50:00+00:00 [queued]>
[2026-01-27T01:51:05.872+0000] {taskinstance.py:2076} INFO - Dependencies all met for dep_context=requeueable deps ti=<TaskInstance: minio_to_snowflake_banking.load_snowflake scheduled__2026-01-27T01:50:00+00:00 [queued]>
[2026-01-27T01:51:05.872+0000] {taskinstance.py:2306} INFO - Starting attempt 1 of 2
[2026-01-27T01:51:05.876+0000] {taskinstance.py:2330} INFO - Executing <Task(PythonOperator): load_snowflake> on 2026-01-27 01:50:00+00:00
[2026-01-27T01:51:05.882+0000] {logging_mixin.py:188} WARNING - /home/***/.local/lib/python3.12/site-packages/***/task/task_runner/standard_task_runner.py:62 DeprecationWarning: This process (pid=14908) is multi-threaded, use of fork() may lead to deadlocks in the child.
[2026-01-27T01:51:05.881+0000] {standard_task_runner.py:90} INFO - Running: ['***', 'tasks', 'run', 'minio_to_snowflake_banking', 'load_snowflake', 'scheduled__2026-01-27T01:50:00+00:00', '--job-id', '186', '--raw', '--subdir', 'DAGS_FOLDER/minio_to_snowflake_dag.py', '--cfg-path', '/tmp/tmpg6pc780u']
[2026-01-27T01:51:05.883+0000] {standard_task_runner.py:64} INFO - Started process 14917 to run task
[2026-01-27T01:51:05.883+0000] {standard_task_runner.py:91} INFO - Job 186: Subtask load_snowflake
[2026-01-27T01:51:05.907+0000] {task_command.py:426} INFO - Running <TaskInstance: minio_to_snowflake_banking.load_snowflake scheduled__2026-01-27T01:50:00+00:00 [running]> on host bac6151482a5
[2026-01-27T01:51:05.941+0000] {taskinstance.py:2648} INFO - Exporting env vars: AIRFLOW_CTX_DAG_OWNER='***' AIRFLOW_CTX_DAG_ID='minio_to_snowflake_banking' AIRFLOW_CTX_TASK_ID='load_snowflake' AIRFLOW_CTX_EXECUTION_DATE='2026-01-27T01:50:00+00:00' AIRFLOW_CTX_TRY_NUMBER='1' AIRFLOW_CTX_DAG_RUN_ID='scheduled__2026-01-27T01:50:00+00:00'
[2026-01-27T01:51:05.941+0000] {taskinstance.py:430} INFO - ::endgroup::
[2026-01-27T01:51:05.953+0000] {connection.py:611} INFO - Snowflake Connector for Python Version: 4.2.0, Python Version: 3.12.4, Platform: Linux-6.10.14-linuxkit-aarch64-with-glibc2.36
[2026-01-27T01:51:05.953+0000] {connection.py:1695} INFO - Connecting to GLOBAL Snowflake domain
[2026-01-27T01:51:09.827+0000] {logging_mixin.py:188} INFO - Uploaded /tmp/minio_downloads/customers_194557533714.parquet -> @customers stage
[2026-01-27T01:51:09.999+0000] {logging_mixin.py:188} INFO - Uploaded /tmp/minio_downloads/customers_194607987530.parquet -> @customers stage
[2026-01-27T01:51:10.168+0000] {logging_mixin.py:188} INFO - Uploaded /tmp/minio_downloads/customers_194618085188.parquet -> @customers stage
[2026-01-27T01:51:10.674+0000] {logging_mixin.py:188} INFO - Data loaded into customers
[2026-01-27T01:51:10.859+0000] {logging_mixin.py:188} INFO - Uploaded /tmp/minio_downloads/accounts_194557581531.parquet -> @accounts stage
[2026-01-27T01:51:11.040+0000] {logging_mixin.py:188} INFO - Uploaded /tmp/minio_downloads/accounts_194603973913.parquet -> @accounts stage
[2026-01-27T01:51:11.207+0000] {logging_mixin.py:188} INFO - Uploaded /tmp/minio_downloads/accounts_194610037590.parquet -> @accounts stage
[2026-01-27T01:51:11.383+0000] {logging_mixin.py:188} INFO - Uploaded /tmp/minio_downloads/accounts_194620108412.parquet -> @accounts stage
[2026-01-27T01:51:11.759+0000] {logging_mixin.py:188} INFO - Data loaded into accounts
[2026-01-27T01:51:11.940+0000] {logging_mixin.py:188} INFO - Uploaded /tmp/minio_downloads/transactions_194557597337.parquet -> @transactions stage
[2026-01-27T01:51:12.106+0000] {logging_mixin.py:188} INFO - Uploaded /tmp/minio_downloads/transactions_194559436395.parquet -> @transactions stage
[2026-01-27T01:51:12.287+0000] {logging_mixin.py:188} INFO - Uploaded /tmp/minio_downloads/transactions_194601465199.parquet -> @transactions stage
[2026-01-27T01:51:12.452+0000] {logging_mixin.py:188} INFO - Uploaded /tmp/minio_downloads/transactions_194604005804.parquet -> @transactions stage
[2026-01-27T01:51:12.616+0000] {logging_mixin.py:188} INFO - Uploaded /tmp/minio_downloads/transactions_194606050200.parquet -> @transactions stage
[2026-01-27T01:51:12.755+0000] {logging_mixin.py:188} INFO - Uploaded /tmp/minio_downloads/transactions_194608049207.parquet -> @transactions stage
[2026-01-27T01:51:13.061+0000] {logging_mixin.py:188} INFO - Uploaded /tmp/minio_downloads/transactions_194610069144.parquet -> @transactions stage
[2026-01-27T01:51:13.545+0000] {logging_mixin.py:188} INFO - Data loaded into transactions
[2026-01-27T01:51:13.658+0000] {python.py:237} INFO - Done. Returned value was: None
[2026-01-27T01:51:13.659+0000] {taskinstance.py:441} INFO - ::group::Post task execution logs
[2026-01-27T01:51:13.682+0000] {taskinstance.py:1206} INFO - Marking task as SUCCESS. dag_id=minio_to_snowflake_banking, task_id=load_snowflake, run_id=scheduled__2026-01-27T01:50:00+00:00, execution_date=20260127T015000, start_date=20260127T015105, end_date=20260127T015113
[2026-01-27T01:51:13.719+0000] {local_task_job_runner.py:243} INFO - Task exited with return code 0
[2026-01-27T01:51:13.731+0000] {taskinstance.py:3503} INFO - 0 downstream tasks scheduled from follow-on schedule check
[2026-01-27T01:51:13.732+0000] {local_task_job_runner.py:222} INFO - ::endgroup::
