[2026-01-27T22:00:02.537+0000] {local_task_job_runner.py:120} INFO - ::group::Pre task execution logs
[2026-01-27T22:00:02.575+0000] {taskinstance.py:2076} INFO - Dependencies all met for dep_context=non-requeueable deps ti=<TaskInstance: minio_to_snowflake_banking.download_minio scheduled__2026-01-27T21:59:00+00:00 [queued]>
[2026-01-27T22:00:02.580+0000] {taskinstance.py:2076} INFO - Dependencies all met for dep_context=requeueable deps ti=<TaskInstance: minio_to_snowflake_banking.download_minio scheduled__2026-01-27T21:59:00+00:00 [queued]>
[2026-01-27T22:00:02.580+0000] {taskinstance.py:2306} INFO - Starting attempt 1 of 2
[2026-01-27T22:00:02.592+0000] {taskinstance.py:2330} INFO - Executing <Task(PythonOperator): download_minio> on 2026-01-27 21:59:00+00:00
[2026-01-27T22:00:02.613+0000] {logging_mixin.py:188} WARNING - /home/***/.local/lib/python3.12/site-packages/***/task/task_runner/standard_task_runner.py:62 DeprecationWarning: This process (pid=210) is multi-threaded, use of fork() may lead to deadlocks in the child.
[2026-01-27T22:00:02.614+0000] {standard_task_runner.py:64} INFO - Started process 217 to run task
[2026-01-27T22:00:02.612+0000] {standard_task_runner.py:90} INFO - Running: ['***', 'tasks', 'run', 'minio_to_snowflake_banking', 'download_minio', 'scheduled__2026-01-27T21:59:00+00:00', '--job-id', '1069', '--raw', '--subdir', 'DAGS_FOLDER/minio_to_snowflake_dag.py', '--cfg-path', '/tmp/tmp47ybtc1n']
[2026-01-27T22:00:02.614+0000] {standard_task_runner.py:91} INFO - Job 1069: Subtask download_minio
[2026-01-27T22:00:02.647+0000] {task_command.py:426} INFO - Running <TaskInstance: minio_to_snowflake_banking.download_minio scheduled__2026-01-27T21:59:00+00:00 [running]> on host aa98137bd6c9
[2026-01-27T22:00:02.685+0000] {taskinstance.py:2648} INFO - Exporting env vars: AIRFLOW_CTX_DAG_OWNER='***' AIRFLOW_CTX_DAG_ID='minio_to_snowflake_banking' AIRFLOW_CTX_TASK_ID='download_minio' AIRFLOW_CTX_EXECUTION_DATE='2026-01-27T21:59:00+00:00' AIRFLOW_CTX_TRY_NUMBER='1' AIRFLOW_CTX_DAG_RUN_ID='scheduled__2026-01-27T21:59:00+00:00'
[2026-01-27T22:00:02.685+0000] {taskinstance.py:430} INFO - ::endgroup::
[2026-01-27T22:00:02.844+0000] {logging_mixin.py:188} INFO - Downloaded customers/date=2026-01-26/customers_215036692531.parquet -> /tmp/minio_downloads/customers_215036692531.parquet
[2026-01-27T22:00:02.847+0000] {logging_mixin.py:188} INFO - Downloaded customers/date=2026-01-26/customers_215046805845.parquet -> /tmp/minio_downloads/customers_215046805845.parquet
[2026-01-27T22:00:02.850+0000] {logging_mixin.py:188} INFO - Downloaded customers/date=2026-01-26/customers_215056955161.parquet -> /tmp/minio_downloads/customers_215056955161.parquet
[2026-01-27T22:00:02.852+0000] {logging_mixin.py:188} INFO - Downloaded customers/date=2026-01-26/customers_231527933510.parquet -> /tmp/minio_downloads/customers_231527933510.parquet
[2026-01-27T22:00:02.855+0000] {logging_mixin.py:188} INFO - Downloaded customers/date=2026-01-27/customers_155849738636.parquet -> /tmp/minio_downloads/customers_155849738636.parquet
[2026-01-27T22:00:02.858+0000] {logging_mixin.py:188} INFO - Downloaded customers/date=2026-01-27/customers_155849882767.parquet -> /tmp/minio_downloads/customers_155849882767.parquet
[2026-01-27T22:00:02.864+0000] {logging_mixin.py:188} INFO - Downloaded accounts/date=2026-01-26/accounts_215036748655.parquet -> /tmp/minio_downloads/accounts_215036748655.parquet
[2026-01-27T22:00:02.867+0000] {logging_mixin.py:188} INFO - Downloaded accounts/date=2026-01-26/accounts_215042772494.parquet -> /tmp/minio_downloads/accounts_215042772494.parquet
[2026-01-27T22:00:02.872+0000] {logging_mixin.py:188} INFO - Downloaded accounts/date=2026-01-26/accounts_215052938889.parquet -> /tmp/minio_downloads/accounts_215052938889.parquet
[2026-01-27T22:00:02.874+0000] {logging_mixin.py:188} INFO - Downloaded accounts/date=2026-01-27/accounts_155849895108.parquet -> /tmp/minio_downloads/accounts_155849895108.parquet
[2026-01-27T22:00:02.877+0000] {logging_mixin.py:188} INFO - Downloaded accounts/date=2026-01-27/accounts_155850399175.parquet -> /tmp/minio_downloads/accounts_155850399175.parquet
[2026-01-27T22:00:02.880+0000] {logging_mixin.py:188} INFO - Downloaded accounts/date=2026-01-27/accounts_155900598297.parquet -> /tmp/minio_downloads/accounts_155900598297.parquet
[2026-01-27T22:00:02.888+0000] {logging_mixin.py:188} INFO - Downloaded transactions/date=2026-01-26/transactions_215036756342.parquet -> /tmp/minio_downloads/transactions_215036756342.parquet
[2026-01-27T22:00:02.891+0000] {logging_mixin.py:188} INFO - Downloaded transactions/date=2026-01-26/transactions_215038694525.parquet -> /tmp/minio_downloads/transactions_215038694525.parquet
[2026-01-27T22:00:02.893+0000] {logging_mixin.py:188} INFO - Downloaded transactions/date=2026-01-26/transactions_215040746814.parquet -> /tmp/minio_downloads/transactions_215040746814.parquet
[2026-01-27T22:00:02.896+0000] {logging_mixin.py:188} INFO - Downloaded transactions/date=2026-01-26/transactions_215042801594.parquet -> /tmp/minio_downloads/transactions_215042801594.parquet
[2026-01-27T22:00:02.899+0000] {logging_mixin.py:188} INFO - Downloaded transactions/date=2026-01-26/transactions_215044831571.parquet -> /tmp/minio_downloads/transactions_215044831571.parquet
[2026-01-27T22:00:02.901+0000] {logging_mixin.py:188} INFO - Downloaded transactions/date=2026-01-26/transactions_215046920436.parquet -> /tmp/minio_downloads/transactions_215046920436.parquet
[2026-01-27T22:00:02.904+0000] {logging_mixin.py:188} INFO - Downloaded transactions/date=2026-01-27/transactions_155850338118.parquet -> /tmp/minio_downloads/transactions_155850338118.parquet
[2026-01-27T22:00:02.906+0000] {logging_mixin.py:188} INFO - Downloaded transactions/date=2026-01-27/transactions_155850425610.parquet -> /tmp/minio_downloads/transactions_155850425610.parquet
[2026-01-27T22:00:02.909+0000] {logging_mixin.py:188} INFO - Downloaded transactions/date=2026-01-27/transactions_155850484961.parquet -> /tmp/minio_downloads/transactions_155850484961.parquet
[2026-01-27T22:00:02.911+0000] {logging_mixin.py:188} INFO - Downloaded transactions/date=2026-01-27/transactions_155850517598.parquet -> /tmp/minio_downloads/transactions_155850517598.parquet
[2026-01-27T22:00:02.913+0000] {logging_mixin.py:188} INFO - Downloaded transactions/date=2026-01-27/transactions_155850559668.parquet -> /tmp/minio_downloads/transactions_155850559668.parquet
[2026-01-27T22:00:02.916+0000] {logging_mixin.py:188} INFO - Downloaded transactions/date=2026-01-27/transactions_155900640835.parquet -> /tmp/minio_downloads/transactions_155900640835.parquet
[2026-01-27T22:00:02.916+0000] {python.py:237} INFO - Done. Returned value was: {'customers': ['/tmp/minio_downloads/customers_215036692531.parquet', '/tmp/minio_downloads/customers_215046805845.parquet', '/tmp/minio_downloads/customers_215056955161.parquet', '/tmp/minio_downloads/customers_231527933510.parquet', '/tmp/minio_downloads/customers_155849738636.parquet', '/tmp/minio_downloads/customers_155849882767.parquet'], 'accounts': ['/tmp/minio_downloads/accounts_215036748655.parquet', '/tmp/minio_downloads/accounts_215042772494.parquet', '/tmp/minio_downloads/accounts_215052938889.parquet', '/tmp/minio_downloads/accounts_155849895108.parquet', '/tmp/minio_downloads/accounts_155850399175.parquet', '/tmp/minio_downloads/accounts_155900598297.parquet'], 'transactions': ['/tmp/minio_downloads/transactions_215036756342.parquet', '/tmp/minio_downloads/transactions_215038694525.parquet', '/tmp/minio_downloads/transactions_215040746814.parquet', '/tmp/minio_downloads/transactions_215042801594.parquet', '/tmp/minio_downloads/transactions_215044831571.parquet', '/tmp/minio_downloads/transactions_215046920436.parquet', '/tmp/minio_downloads/transactions_155850338118.parquet', '/tmp/minio_downloads/transactions_155850425610.parquet', '/tmp/minio_downloads/transactions_155850484961.parquet', '/tmp/minio_downloads/transactions_155850517598.parquet', '/tmp/minio_downloads/transactions_155850559668.parquet', '/tmp/minio_downloads/transactions_155900640835.parquet']}
[2026-01-27T22:00:02.916+0000] {taskinstance.py:441} INFO - ::group::Post task execution logs
[2026-01-27T22:00:02.928+0000] {taskinstance.py:1206} INFO - Marking task as SUCCESS. dag_id=minio_to_snowflake_banking, task_id=download_minio, run_id=scheduled__2026-01-27T21:59:00+00:00, execution_date=20260127T215900, start_date=20260127T220002, end_date=20260127T220002
[2026-01-27T22:00:02.962+0000] {local_task_job_runner.py:243} INFO - Task exited with return code 0
[2026-01-27T22:00:02.972+0000] {taskinstance.py:3503} INFO - 1 downstream tasks scheduled from follow-on schedule check
[2026-01-27T22:00:02.972+0000] {local_task_job_runner.py:222} INFO - ::endgroup::
