[2026-01-27T01:54:04.592+0000] {local_task_job_runner.py:120} INFO - ::group::Pre task execution logs
[2026-01-27T01:54:04.607+0000] {taskinstance.py:2076} INFO - Dependencies all met for dep_context=non-requeueable deps ti=<TaskInstance: minio_to_snowflake_banking.load_snowflake scheduled__2026-01-27T01:53:00+00:00 [queued]>
[2026-01-27T01:54:04.609+0000] {taskinstance.py:2076} INFO - Dependencies all met for dep_context=requeueable deps ti=<TaskInstance: minio_to_snowflake_banking.load_snowflake scheduled__2026-01-27T01:53:00+00:00 [queued]>
[2026-01-27T01:54:04.609+0000] {taskinstance.py:2306} INFO - Starting attempt 1 of 2
[2026-01-27T01:54:04.613+0000] {taskinstance.py:2330} INFO - Executing <Task(PythonOperator): load_snowflake> on 2026-01-27 01:53:00+00:00
[2026-01-27T01:54:04.618+0000] {standard_task_runner.py:90} INFO - Running: ['***', 'tasks', 'run', 'minio_to_snowflake_banking', 'load_snowflake', 'scheduled__2026-01-27T01:53:00+00:00', '--job-id', '192', '--raw', '--subdir', 'DAGS_FOLDER/minio_to_snowflake_dag.py', '--cfg-path', '/tmp/tmpgh60nu7c']
[2026-01-27T01:54:04.619+0000] {standard_task_runner.py:91} INFO - Job 192: Subtask load_snowflake
[2026-01-27T01:54:04.618+0000] {logging_mixin.py:188} WARNING - /home/***/.local/lib/python3.12/site-packages/***/task/task_runner/standard_task_runner.py:62 DeprecationWarning: This process (pid=15099) is multi-threaded, use of fork() may lead to deadlocks in the child.
[2026-01-27T01:54:04.620+0000] {standard_task_runner.py:64} INFO - Started process 15106 to run task
[2026-01-27T01:54:04.638+0000] {task_command.py:426} INFO - Running <TaskInstance: minio_to_snowflake_banking.load_snowflake scheduled__2026-01-27T01:53:00+00:00 [running]> on host bac6151482a5
[2026-01-27T01:54:04.688+0000] {taskinstance.py:2648} INFO - Exporting env vars: AIRFLOW_CTX_DAG_OWNER='***' AIRFLOW_CTX_DAG_ID='minio_to_snowflake_banking' AIRFLOW_CTX_TASK_ID='load_snowflake' AIRFLOW_CTX_EXECUTION_DATE='2026-01-27T01:53:00+00:00' AIRFLOW_CTX_TRY_NUMBER='1' AIRFLOW_CTX_DAG_RUN_ID='scheduled__2026-01-27T01:53:00+00:00'
[2026-01-27T01:54:04.689+0000] {taskinstance.py:430} INFO - ::endgroup::
[2026-01-27T01:54:04.780+0000] {connection.py:611} INFO - Snowflake Connector for Python Version: 4.2.0, Python Version: 3.12.4, Platform: Linux-6.10.14-linuxkit-aarch64-with-glibc2.36
[2026-01-27T01:54:04.782+0000] {connection.py:1695} INFO - Connecting to GLOBAL Snowflake domain
[2026-01-27T01:54:08.430+0000] {logging_mixin.py:188} INFO - No files for customers, skipping.
[2026-01-27T01:54:08.431+0000] {logging_mixin.py:188} INFO - No files for accounts, skipping.
[2026-01-27T01:54:08.432+0000] {logging_mixin.py:188} INFO - No files for transactions, skipping.
[2026-01-27T01:54:08.754+0000] {python.py:237} INFO - Done. Returned value was: None
[2026-01-27T01:54:08.755+0000] {taskinstance.py:441} INFO - ::group::Post task execution logs
[2026-01-27T01:54:08.788+0000] {taskinstance.py:1206} INFO - Marking task as SUCCESS. dag_id=minio_to_snowflake_banking, task_id=load_snowflake, run_id=scheduled__2026-01-27T01:53:00+00:00, execution_date=20260127T015300, start_date=20260127T015404, end_date=20260127T015408
[2026-01-27T01:54:08.832+0000] {local_task_job_runner.py:243} INFO - Task exited with return code 0
[2026-01-27T01:54:08.965+0000] {taskinstance.py:3503} INFO - 0 downstream tasks scheduled from follow-on schedule check
[2026-01-27T01:54:08.968+0000] {local_task_job_runner.py:222} INFO - ::endgroup::
