[2026-01-27T21:18:03.620+0000] {local_task_job_runner.py:120} INFO - ::group::Pre task execution logs
[2026-01-27T21:18:03.632+0000] {taskinstance.py:2076} INFO - Dependencies all met for dep_context=non-requeueable deps ti=<TaskInstance: minio_to_snowflake_banking.load_snowflake scheduled__2026-01-27T21:17:00+00:00 [queued]>
[2026-01-27T21:18:03.635+0000] {taskinstance.py:2076} INFO - Dependencies all met for dep_context=requeueable deps ti=<TaskInstance: minio_to_snowflake_banking.load_snowflake scheduled__2026-01-27T21:17:00+00:00 [queued]>
[2026-01-27T21:18:03.635+0000] {taskinstance.py:2306} INFO - Starting attempt 1 of 2
[2026-01-27T21:18:03.639+0000] {taskinstance.py:2330} INFO - Executing <Task(PythonOperator): load_snowflake> on 2026-01-27 21:17:00+00:00
[2026-01-27T21:18:03.644+0000] {logging_mixin.py:188} WARNING - /home/***/.local/lib/python3.12/site-packages/***/task/task_runner/standard_task_runner.py:62 DeprecationWarning: This process (pid=35244) is multi-threaded, use of fork() may lead to deadlocks in the child.
[2026-01-27T21:18:03.643+0000] {standard_task_runner.py:90} INFO - Running: ['***', 'tasks', 'run', 'minio_to_snowflake_banking', 'load_snowflake', 'scheduled__2026-01-27T21:17:00+00:00', '--job-id', '993', '--raw', '--subdir', 'DAGS_FOLDER/minio_to_snowflake_dag.py', '--cfg-path', '/tmp/tmpsifjhnw7']
[2026-01-27T21:18:03.644+0000] {standard_task_runner.py:91} INFO - Job 993: Subtask load_snowflake
[2026-01-27T21:18:03.644+0000] {standard_task_runner.py:64} INFO - Started process 35251 to run task
[2026-01-27T21:18:03.667+0000] {task_command.py:426} INFO - Running <TaskInstance: minio_to_snowflake_banking.load_snowflake scheduled__2026-01-27T21:17:00+00:00 [running]> on host f7e57c740e9e
[2026-01-27T21:18:03.707+0000] {taskinstance.py:2648} INFO - Exporting env vars: AIRFLOW_CTX_DAG_OWNER='***' AIRFLOW_CTX_DAG_ID='minio_to_snowflake_banking' AIRFLOW_CTX_TASK_ID='load_snowflake' AIRFLOW_CTX_EXECUTION_DATE='2026-01-27T21:17:00+00:00' AIRFLOW_CTX_TRY_NUMBER='1' AIRFLOW_CTX_DAG_RUN_ID='scheduled__2026-01-27T21:17:00+00:00'
[2026-01-27T21:18:03.707+0000] {taskinstance.py:430} INFO - ::endgroup::
[2026-01-27T21:18:03.718+0000] {connection.py:611} INFO - Snowflake Connector for Python Version: 4.2.0, Python Version: 3.12.4, Platform: Linux-6.10.14-linuxkit-aarch64-with-glibc2.36
[2026-01-27T21:18:03.719+0000] {connection.py:1695} INFO - Connecting to GLOBAL Snowflake domain
[2026-01-27T21:18:07.473+0000] {logging_mixin.py:188} INFO - Uploaded /tmp/minio_downloads/customers_215036692531.parquet -> @customers stage
[2026-01-27T21:18:07.749+0000] {logging_mixin.py:188} INFO - Uploaded /tmp/minio_downloads/customers_215046805845.parquet -> @customers stage
[2026-01-27T21:18:08.043+0000] {logging_mixin.py:188} INFO - Uploaded /tmp/minio_downloads/customers_215056955161.parquet -> @customers stage
[2026-01-27T21:18:08.276+0000] {logging_mixin.py:188} INFO - Uploaded /tmp/minio_downloads/customers_231527933510.parquet -> @customers stage
[2026-01-27T21:18:08.732+0000] {logging_mixin.py:188} INFO - Data loaded into customers
[2026-01-27T21:18:08.955+0000] {logging_mixin.py:188} INFO - Uploaded /tmp/minio_downloads/accounts_215036748655.parquet -> @accounts stage
[2026-01-27T21:18:09.166+0000] {logging_mixin.py:188} INFO - Uploaded /tmp/minio_downloads/accounts_215042772494.parquet -> @accounts stage
[2026-01-27T21:18:09.476+0000] {logging_mixin.py:188} INFO - Uploaded /tmp/minio_downloads/accounts_215052938889.parquet -> @accounts stage
[2026-01-27T21:18:09.877+0000] {logging_mixin.py:188} INFO - Data loaded into accounts
[2026-01-27T21:18:10.123+0000] {logging_mixin.py:188} INFO - Uploaded /tmp/minio_downloads/transactions_215036756342.parquet -> @transactions stage
[2026-01-27T21:18:10.382+0000] {logging_mixin.py:188} INFO - Uploaded /tmp/minio_downloads/transactions_215038694525.parquet -> @transactions stage
[2026-01-27T21:18:10.644+0000] {logging_mixin.py:188} INFO - Uploaded /tmp/minio_downloads/transactions_215040746814.parquet -> @transactions stage
[2026-01-27T21:18:10.920+0000] {logging_mixin.py:188} INFO - Uploaded /tmp/minio_downloads/transactions_215042801594.parquet -> @transactions stage
[2026-01-27T21:18:11.155+0000] {logging_mixin.py:188} INFO - Uploaded /tmp/minio_downloads/transactions_215044831571.parquet -> @transactions stage
[2026-01-27T21:18:11.508+0000] {logging_mixin.py:188} INFO - Uploaded /tmp/minio_downloads/transactions_215046920436.parquet -> @transactions stage
[2026-01-27T21:18:12.007+0000] {logging_mixin.py:188} INFO - Data loaded into transactions
[2026-01-27T21:18:12.218+0000] {python.py:237} INFO - Done. Returned value was: None
[2026-01-27T21:18:12.220+0000] {taskinstance.py:441} INFO - ::group::Post task execution logs
[2026-01-27T21:18:12.242+0000] {taskinstance.py:1206} INFO - Marking task as SUCCESS. dag_id=minio_to_snowflake_banking, task_id=load_snowflake, run_id=scheduled__2026-01-27T21:17:00+00:00, execution_date=20260127T211700, start_date=20260127T211803, end_date=20260127T211812
[2026-01-27T21:18:12.295+0000] {local_task_job_runner.py:243} INFO - Task exited with return code 0
[2026-01-27T21:18:12.309+0000] {taskinstance.py:3503} INFO - 0 downstream tasks scheduled from follow-on schedule check
[2026-01-27T21:18:12.310+0000] {local_task_job_runner.py:222} INFO - ::endgroup::
